Log file open, 05/26/19 14:35:08
LogWindows: Failed to load 'aqProf.dll' (GetLastError=126)
LogWindows: File 'aqProf.dll' does not exist
LogWindows: Failed to load 'VtuneApi.dll' (GetLastError=126)
LogWindows: File 'VtuneApi.dll' does not exist
LogWindows: Failed to load 'VtuneApi32e.dll' (GetLastError=126)
LogWindows: File 'VtuneApi32e.dll' does not exist
LogConsoleResponse: Display: Failed to find resolution value strings in scalability ini. Falling back to default.
LogInit: Display: Running engine for game: finalproC
LogPakFile: Registered encryption key '00000000000000000000000000000000': 0 pak files mounted, 0 remain pending
LogPlatformFile: Not using cached read wrapper
LogTaskGraph: Started task graph with 5 named threads and 35 total threads with 3 sets of task threads.
LogStats: Stats thread started at 0.399285
LogD3D11RHI: Loaded GFSDK_Aftermath_Lib.x64.dll
LogWindows: Failed to load '../../../Engine/Binaries/ThirdParty/libsndfile/Win64/libsndfile-1.dll' (GetLastError=126)
LogWindows: File '../../../Engine/Binaries/ThirdParty/libsndfile/Win64/libsndfile-1.dll' does not exist
LogAudioMixer: Display: Failed to load Sound File dll
LogAudioEditor: Display: LibSoundFile failed to load. Importing audio will not work correctly.
LogICUInternationalization: ICU TimeZone Detection - Raw Offset: +8:00, Platform Override: ''
LogPluginManager: Mounting plugin Paper2D
LogPluginManager: Mounting plugin AISupport
LogPluginManager: Mounting plugin LightPropagationVolume
LogPluginManager: Mounting plugin ActorLayerUtilities
LogPluginManager: Mounting plugin AnimationSharing
LogPluginManager: Mounting plugin CLionSourceCodeAccess
LogPluginManager: Mounting plugin CodeLiteSourceCodeAccess
LogPluginManager: Mounting plugin GitSourceControl
LogPluginManager: Mounting plugin KDevelopSourceCodeAccess
LogPluginManager: Mounting plugin NullSourceCodeAccess
LogPluginManager: Mounting plugin PerforceSourceControl
LogPluginManager: Mounting plugin SubversionSourceControl
LogPluginManager: Mounting plugin UObjectPlugin
LogPluginManager: Mounting plugin VisualStudioCodeSourceCodeAccess
LogPluginManager: Mounting plugin VisualStudioSourceCodeAccess
LogPluginManager: Mounting plugin XCodeSourceCodeAccess
LogPluginManager: Mounting plugin AssetManagerEditor
LogPluginManager: Mounting plugin CryptoKeys
LogPluginManager: Mounting plugin DataValidation
LogPluginManager: Mounting plugin FacialAnimation
LogPluginManager: Mounting plugin GameplayTagsEditor
LogPluginManager: Mounting plugin MacGraphicsSwitching
LogPluginManager: Mounting plugin MaterialAnalyzer
LogPluginManager: Mounting plugin MobileLauncherProfileWizard
LogPluginManager: Mounting plugin PluginBrowser
LogPluginManager: Mounting plugin SpeedTreeImporter
LogPluginManager: Mounting plugin DatasmithContent
LogPluginManager: Mounting plugin VariantManagerContent
LogPluginManager: Mounting plugin AlembicImporter
LogPluginManager: Mounting plugin AppleImageUtils
LogPluginManager: Mounting plugin AppleVision
LogPluginManager: Mounting plugin BackChannel
LogPluginManager: Mounting plugin CharacterAI
LogPluginManager: Mounting plugin GeometryCache
LogPluginManager: Mounting plugin HTML5Networking
LogPluginManager: Mounting plugin ProxyLODPlugin
LogPluginManager: Mounting plugin SkeletalReduction
LogPluginManager: Mounting plugin MagicLeap
LogPluginManager: Mounting plugin MagicLeapMedia
LogPluginManager: Mounting plugin AndroidMedia
LogPluginManager: Mounting plugin AvfMedia
LogPluginManager: Mounting plugin ImgMedia
LogPluginManager: Mounting plugin LinearTimecode
LogPluginManager: Mounting plugin MediaCompositing
LogPluginManager: Mounting plugin MediaPlayerEditor
LogPluginManager: Mounting plugin WebMMedia
LogPluginManager: Mounting plugin WmfMedia
LogPluginManager: Mounting plugin TcpMessaging
LogPluginManager: Mounting plugin UdpMessaging
LogPluginManager: Mounting plugin ActorSequence
LogPluginManager: Mounting plugin LevelSequenceEditor
LogPluginManager: Mounting plugin MatineeToLevelSequence
LogPluginManager: Mounting plugin NetcodeUnitTest
LogPluginManager: Mounting plugin NUTUnrealEngine4
LogPluginManager: Mounting plugin OnlineSubsystemGooglePlay
LogPluginManager: Mounting plugin OnlineSubsystemIOS
LogPluginManager: Mounting plugin OnlineSubsystem
LogPluginManager: Mounting plugin OnlineSubsystemNull
LogPluginManager: Mounting plugin OnlineSubsystemUtils
LogPluginManager: Mounting plugin LauncherChunkInstaller
LogPluginManager: Mounting plugin AndroidDeviceProfileSelector
LogPluginManager: Mounting plugin AndroidMoviePlayer
LogPluginManager: Mounting plugin AndroidPermission
LogPluginManager: Mounting plugin AppleMoviePlayer
LogPluginManager: Mounting plugin ArchVisCharacter
LogPluginManager: Mounting plugin AudioCapture
LogPluginManager: Mounting plugin CableComponent
LogPluginManager: Mounting plugin CustomMeshComponent
LogPluginManager: Mounting plugin EditableMesh
LogPluginManager: Mounting plugin ExampleDeviceProfileSelector
LogPluginManager: Mounting plugin Firebase
LogPluginManager: Mounting plugin GoogleCloudMessaging
LogPluginManager: Mounting plugin IOSDeviceProfileSelector
LogPluginManager: Mounting plugin LinuxDeviceProfileSelector
LogPluginManager: Mounting plugin LocationServicesBPLibrary
LogPluginManager: Mounting plugin MobilePatchingUtils
LogPluginManager: Mounting plugin OculusVR
LogPluginManager: Mounting plugin PhysXVehicles
LogPluginManager: Mounting plugin ProceduralMeshComponent
LogPluginManager: Mounting plugin RuntimePhysXCooking
LogPluginManager: Mounting plugin SignificanceManager
LogPluginManager: Mounting plugin SteamVR
LogPluginManager: Mounting plugin WebMMoviePlayer
LogPluginManager: Mounting plugin WindowsMoviePlayer
LogInit: Using libcurl 7.55.1-DEV
LogInit:  - built for x86_64-pc-win32
LogInit:  - supports SSL with OpenSSL/1.1.1
LogInit:  - supports HTTP deflate (compression) using libz 1.2.8
LogInit:  - other features:
LogInit:      CURL_VERSION_SSL
LogInit:      CURL_VERSION_LIBZ
LogInit:      CURL_VERSION_IPV6
LogInit:      CURL_VERSION_ASYNCHDNS
LogInit:      CURL_VERSION_LARGEFILE
LogInit:      CURL_VERSION_IDN
LogInit:  CurlRequestOptions (configurable via config and command line):
LogInit:  - bVerifyPeer = true  - Libcurl will verify peer certificate
LogInit:  - bUseHttpProxy = false  - Libcurl will NOT use HTTP proxy
LogInit:  - bDontReuseConnections = false  - Libcurl will reuse connections
LogInit:  - MaxHostConnections = 16  - Libcurl will limit the number of connections to a host
LogInit:  - LocalHostAddr = Default
LogInit:  - BufferSize = 65536
LogInit: WinSock: version 1.1 (2.2), MaxSocks=32767, MaxUdp=65467
LogInit: Build: ++UE4+Release-4.22-CL-5660361
LogInit: Engine Version: 4.22.0-5660361+++UE4+Release-4.22
LogInit: Compatible Engine Version: 4.22.0-5660361+++UE4+Release-4.22
LogInit: Net CL: 5660361
LogInit: OS: Windows 10 (Release 1803) (), CPU: Intel(R) Core(TM) i7-8750H CPU @ 2.20GHz, GPU: Intel(R) UHD Graphics 630
LogInit: Compiled (64-bit): Mar 31 2019 02:05:09
LogInit: Compiled with Visual C++: 19.16.27025.01
LogInit: Build Configuration: Development
LogInit: Branch Name: ++UE4+Release-4.22
LogInit: Command Line: 
LogInit: Base Directory: D:/My_program/UE_4.22/Engine/Binaries/Win64/
LogInit: Installed Engine Build: 1
LogDevObjectVersion: Number of dev versions registered: 23
LogDevObjectVersion:   Dev-Blueprints (B0D832E4-1F89-4F0D-ACCF-7EB736FD4AA2): 10
LogDevObjectVersion:   Dev-Build (E1C64328-A22C-4D53-A36C-8E866417BD8C): 0
LogDevObjectVersion:   Dev-Core (375EC13C-06E4-48FB-B500-84F0262A717E): 3
LogDevObjectVersion:   Dev-Editor (E4B068ED-F494-42E9-A231-DA0B2E46BB41): 30
LogDevObjectVersion:   Dev-Framework (CFFC743F-43B0-4480-9391-14DF171D2073): 35
LogDevObjectVersion:   Dev-Mobile (B02B49B5-BB20-44E9-A304-32B752E40360): 2
LogDevObjectVersion:   Dev-Networking (A4E4105C-59A1-49B5-A7C5-40C4547EDFEE): 0
LogDevObjectVersion:   Dev-Online (39C831C9-5AE6-47DC-9A44-9C173E1C8E7C): 0
LogDevObjectVersion:   Dev-Physics (78F01B33-EBEA-4F98-B9B4-84EACCB95AA2): 0
LogDevObjectVersion:   Dev-Platform (6631380F-2D4D-43E0-8009-CF276956A95A): 0
LogDevObjectVersion:   Dev-Rendering (12F88B9F-8875-4AFC-A67C-D90C383ABD29): 28
LogDevObjectVersion:   Dev-Sequencer (7B5AE74C-D270-4C10-A958-57980B212A5A): 11
LogDevObjectVersion:   Dev-VR (D7296918-1DD6-4BDD-9DE2-64A83CC13884): 2
LogDevObjectVersion:   Dev-LoadTimes (C2A15278-BFE7-4AFE-6C17-90FF531DF755): 1
LogDevObjectVersion:   Private-Geometry (6EACA3D4-40EC-4CC1-B786-8BED09428FC5): 3
LogDevObjectVersion:   Dev-AnimPhys (29E575DD-E0A3-4627-9D10-D276232CDCEA): 17
LogDevObjectVersion:   Dev-Anim (AF43A65D-7FD3-4947-9873-3E8ED9C1BB05): 2
LogDevObjectVersion:   Dev-ReflectionCapture (6B266CEC-1EC7-4B8F-A30B-E4D90942FC07): 1
LogDevObjectVersion:   Dev-Automation (0DF73D61-A23F-47EA-B727-89E90C41499A): 1
LogDevObjectVersion:   FortniteMain (601D1886-AC64-4F84-AA16-D3DE0DEAC7D6): 25
LogDevObjectVersion:   Dev-Enterprise (9DFFBCD6-494F-0158-E221-12823C92A888): 6
LogDevObjectVersion:   Dev-Niagara (F2AED0AC-9AFE-416F-8664-AA7FFA26D6FC): 1
LogDevObjectVersion:   Dev-Destruction (174F1F0B-B4C6-45A5-B13F-2EE8D0FB917D): 2
LogInit: Presizing for max 16777216 objects, including 0 objects not considered by GC, pre-allocating 0 bytes for permanent pool.
LogInit: Object subsystem initialized
LogConfig: Setting CVar [[con.DebugEarlyDefault:1]]
LogConfig: Setting CVar [[r.setres:1280x720]]
[2019.05.26-06.35.09:223][  0]LogConfig: Setting CVar [[r.VSync:0]]
[2019.05.26-06.35.09:223][  0]LogConfig: Setting CVar [[r.RHICmdBypass:0]]
[2019.05.26-06.35.09:223][  0]LogConfig: Applying CVar settings from Section [/Script/Engine.RendererSettings] File [../../../finalproC/Saved/Config/Windows/Engine.ini]
[2019.05.26-06.35.09:223][  0]LogConfig: Setting CVar [[r.GPUCrashDebugging:0]]
[2019.05.26-06.35.09:223][  0]LogConfig: Applying CVar settings from Section [/Script/Engine.RendererOverrideSettings] File [../../../finalproC/Saved/Config/Windows/Engine.ini]
[2019.05.26-06.35.09:223][  0]LogConfig: Applying CVar settings from Section [/Script/Engine.StreamingSettings] File [../../../finalproC/Saved/Config/Windows/Engine.ini]
[2019.05.26-06.35.09:223][  0]LogConfig: Setting CVar [[s.MinBulkDataSizeForAsyncLoading:131072]]
[2019.05.26-06.35.09:223][  0]LogConfig: Setting CVar [[s.AsyncLoadingThreadEnabled:0]]
[2019.05.26-06.35.09:223][  0]LogConfig: Setting CVar [[s.EventDrivenLoaderEnabled:1]]
[2019.05.26-06.35.09:223][  0]LogConfig: Setting CVar [[s.WarnIfTimeLimitExceeded:0]]
[2019.05.26-06.35.09:223][  0]LogConfig: Setting CVar [[s.TimeLimitExceededMultiplier:1.5]]
[2019.05.26-06.35.09:223][  0]LogConfig: Setting CVar [[s.TimeLimitExceededMinTime:0.005]]
[2019.05.26-06.35.09:223][  0]LogConfig: Setting CVar [[s.UseBackgroundLevelStreaming:1]]
[2019.05.26-06.35.09:223][  0]LogConfig: Setting CVar [[s.PriorityAsyncLoadingExtraTime:15.0]]
[2019.05.26-06.35.09:223][  0]LogConfig: Setting CVar [[s.LevelStreamingActorsUpdateTimeLimit:5.0]]
[2019.05.26-06.35.09:223][  0]LogConfig: Setting CVar [[s.PriorityLevelStreamingActorsUpdateExtraTime:5.0]]
[2019.05.26-06.35.09:223][  0]LogConfig: Setting CVar [[s.LevelStreamingComponentsRegistrationGranularity:10]]
[2019.05.26-06.35.09:223][  0]LogConfig: Setting CVar [[s.UnregisterComponentsTimeLimit:1.0]]
[2019.05.26-06.35.09:223][  0]LogConfig: Setting CVar [[s.LevelStreamingComponentsUnregistrationGranularity:5]]
[2019.05.26-06.35.09:224][  0]LogConfig: Applying CVar settings from Section [/Script/Engine.GarbageCollectionSettings] File [../../../finalproC/Saved/Config/Windows/Engine.ini]
[2019.05.26-06.35.09:224][  0]LogConfig: Setting CVar [[gc.MaxObjectsNotConsideredByGC:1]]
[2019.05.26-06.35.09:224][  0]LogConfig: Setting CVar [[gc.SizeOfPermanentObjectPool:0]]
[2019.05.26-06.35.09:224][  0]LogConfig: Setting CVar [[gc.FlushStreamingOnGC:0]]
[2019.05.26-06.35.09:224][  0]LogConfig: Setting CVar [[gc.NumRetriesBeforeForcingGC:10]]
[2019.05.26-06.35.09:224][  0]LogConfig: Setting CVar [[gc.AllowParallelGC:1]]
[2019.05.26-06.35.09:224][  0]LogConfig: Setting CVar [[gc.TimeBetweenPurgingPendingKillObjects:61.1]]
[2019.05.26-06.35.09:224][  0]LogConfig: Setting CVar [[gc.MaxObjectsInEditor:16777216]]
[2019.05.26-06.35.09:224][  0]LogConfig: Setting CVar [[gc.IncrementalBeginDestroyEnabled:1]]
[2019.05.26-06.35.09:224][  0]LogConfig: Setting CVar [[gc.CreateGCClusters:1]]
[2019.05.26-06.35.09:224][  0]LogConfig: Setting CVar [[gc.MinGCClusterSize:5]]
[2019.05.26-06.35.09:224][  0]LogConfig: Setting CVar [[gc.ActorClusteringEnabled:0]]
[2019.05.26-06.35.09:224][  0]LogConfig: Setting CVar [[gc.BlueprintClusteringEnabled:0]]
[2019.05.26-06.35.09:224][  0]LogConfig: Setting CVar [[gc.UseDisregardForGCOnDedicatedServers:0]]
[2019.05.26-06.35.09:224][  0]LogConfig: Applying CVar settings from Section [/Script/Engine.NetworkSettings] File [../../../finalproC/Saved/Config/Windows/Engine.ini]
[2019.05.26-06.35.09:224][  0]LogConfig: Applying CVar settings from Section [/Script/UnrealEd.CookerSettings] File [../../../finalproC/Saved/Config/Windows/Engine.ini]
[2019.05.26-06.35.09:226][  0]LogConfig: Applying CVar settings from Section [ViewDistanceQuality@3] File [../../../finalproC/Saved/Config/Windows/Scalability.ini]
[2019.05.26-06.35.09:226][  0]LogConfig: Setting CVar [[r.SkeletalMeshLODBias:0]]
[2019.05.26-06.35.09:226][  0]LogConfig: Setting CVar [[r.ViewDistanceScale:1.0]]
[2019.05.26-06.35.09:226][  0]LogConfig: Applying CVar settings from Section [AntiAliasingQuality@3] File [../../../finalproC/Saved/Config/Windows/Scalability.ini]
[2019.05.26-06.35.09:226][  0]LogConfig: Setting CVar [[r.PostProcessAAQuality:4]]
[2019.05.26-06.35.09:226][  0]LogConfig: Applying CVar settings from Section [ShadowQuality@3] File [../../../finalproC/Saved/Config/Windows/Scalability.ini]
[2019.05.26-06.35.09:226][  0]LogConfig: Setting CVar [[r.LightFunctionQuality:1]]
[2019.05.26-06.35.09:226][  0]LogConfig: Setting CVar [[r.ShadowQuality:5]]
[2019.05.26-06.35.09:226][  0]LogConfig: Setting CVar [[r.Shadow.CSM.MaxCascades:10]]
[2019.05.26-06.35.09:226][  0]LogConfig: Setting CVar [[r.Shadow.MaxResolution:2048]]
[2019.05.26-06.35.09:226][  0]LogConfig: Setting CVar [[r.Shadow.MaxCSMResolution:2048]]
[2019.05.26-06.35.09:226][  0]LogConfig: Setting CVar [[r.Shadow.RadiusThreshold:0.01]]
[2019.05.26-06.35.09:226][  0]LogConfig: Setting CVar [[r.Shadow.DistanceScale:1.0]]
[2019.05.26-06.35.09:226][  0]LogConfig: Setting CVar [[r.Shadow.CSM.TransitionScale:1.0]]
[2019.05.26-06.35.09:226][  0]LogConfig: Setting CVar [[r.Shadow.PreShadowResolutionFactor:1.0]]
[2019.05.26-06.35.09:226][  0]LogConfig: Setting CVar [[r.DistanceFieldShadowing:1]]
[2019.05.26-06.35.09:226][  0]LogConfig: Setting CVar [[r.DistanceFieldAO:1]]
[2019.05.26-06.35.09:226][  0]LogConfig: Setting CVar [[r.AOQuality:2]]
[2019.05.26-06.35.09:226][  0]LogConfig: Setting CVar [[r.VolumetricFog:1]]
[2019.05.26-06.35.09:226][  0]LogConfig: Setting CVar [[r.VolumetricFog.GridPixelSize:8]]
[2019.05.26-06.35.09:226][  0]LogConfig: Setting CVar [[r.VolumetricFog.GridSizeZ:128]]
[2019.05.26-06.35.09:226][  0]LogConfig: Setting CVar [[r.VolumetricFog.HistoryMissSupersampleCount:4]]
[2019.05.26-06.35.09:226][  0]LogConfig: Setting CVar [[r.LightMaxDrawDistanceScale:1]]
[2019.05.26-06.35.09:226][  0]LogConfig: Setting CVar [[r.CapsuleShadows:1]]
[2019.05.26-06.35.09:226][  0]LogConfig: Applying CVar settings from Section [PostProcessQuality@3] File [../../../finalproC/Saved/Config/Windows/Scalability.ini]
[2019.05.26-06.35.09:226][  0]LogConfig: Setting CVar [[r.MotionBlurQuality:4]]
[2019.05.26-06.35.09:226][  0]LogConfig: Setting CVar [[r.AmbientOcclusionMipLevelFactor:0.4]]
[2019.05.26-06.35.09:226][  0]LogConfig: Setting CVar [[r.AmbientOcclusionMaxQuality:100]]
[2019.05.26-06.35.09:226][  0]LogConfig: Setting CVar [[r.AmbientOcclusionLevels:-1]]
[2019.05.26-06.35.09:226][  0]LogConfig: Setting CVar [[r.AmbientOcclusionRadiusScale:1.0]]
[2019.05.26-06.35.09:226][  0]LogConfig: Setting CVar [[r.DepthOfFieldQuality:2]]
[2019.05.26-06.35.09:226][  0]LogConfig: Setting CVar [[r.RenderTargetPoolMin:400]]
[2019.05.26-06.35.09:226][  0]LogConfig: Setting CVar [[r.LensFlareQuality:2]]
[2019.05.26-06.35.09:226][  0]LogConfig: Setting CVar [[r.SceneColorFringeQuality:1]]
[2019.05.26-06.35.09:226][  0]LogConfig: Setting CVar [[r.EyeAdaptationQuality:2]]
[2019.05.26-06.35.09:226][  0]LogConfig: Setting CVar [[r.BloomQuality:5]]
[2019.05.26-06.35.09:226][  0]LogConfig: Setting CVar [[r.FastBlurThreshold:100]]
[2019.05.26-06.35.09:226][  0]LogConfig: Setting CVar [[r.Upscale.Quality:3]]
[2019.05.26-06.35.09:226][  0]LogConfig: Setting CVar [[r.Tonemapper.GrainQuantization:1]]
[2019.05.26-06.35.09:226][  0]LogConfig: Setting CVar [[r.LightShaftQuality:1]]
[2019.05.26-06.35.09:226][  0]LogConfig: Setting CVar [[r.Filter.SizeScale:1]]
[2019.05.26-06.35.09:226][  0]LogConfig: Setting CVar [[r.Tonemapper.Quality:5]]
[2019.05.26-06.35.09:226][  0]LogConfig: Setting CVar [[r.DOF.Gather.AccumulatorQuality:1        ; higher gathering accumulator quality]]
[2019.05.26-06.35.09:226][  0]LogConfig: Setting CVar [[r.DOF.Gather.PostfilterMethod:1          ; Median3x3 postfilering method]]
[2019.05.26-06.35.09:226][  0]LogConfig: Setting CVar [[r.DOF.Gather.EnableBokehSettings:0       ; no bokeh simulation when gathering]]
[2019.05.26-06.35.09:226][  0]LogConfig: Setting CVar [[r.DOF.Gather.RingCount:4                 ; medium number of samples when gathering]]
[2019.05.26-06.35.09:226][  0]LogConfig: Setting CVar [[r.DOF.Scatter.ForegroundCompositing:1    ; additive foreground scattering]]
[2019.05.26-06.35.09:226][  0]LogConfig: Setting CVar [[r.DOF.Scatter.BackgroundCompositing:2    ; additive background scattering]]
[2019.05.26-06.35.09:226][  0]LogConfig: Setting CVar [[r.DOF.Scatter.EnableBokehSettings:1      ; bokeh simulation when scattering]]
[2019.05.26-06.35.09:226][  0]LogConfig: Setting CVar [[r.DOF.Scatter.MaxSpriteRatio:0.1         ; only a maximum of 10% of scattered bokeh]]
[2019.05.26-06.35.09:226][  0]LogConfig: Setting CVar [[r.DOF.Recombine.Quality:1                ; cheap slight out of focus]]
[2019.05.26-06.35.09:226][  0]LogConfig: Setting CVar [[r.DOF.Recombine.EnableBokehSettings:0    ; no bokeh simulation on slight out of focus]]
[2019.05.26-06.35.09:227][  0]LogConfig: Setting CVar [[r.DOF.TemporalAAQuality:1                ; more stable temporal accumulation]]
[2019.05.26-06.35.09:227][  0]LogConfig: Setting CVar [[r.DOF.Kernel.MaxForegroundRadius:0.025]]
[2019.05.26-06.35.09:227][  0]LogConfig: Setting CVar [[r.DOF.Kernel.MaxBackgroundRadius:0.025]]
[2019.05.26-06.35.09:227][  0]LogConfig: Applying CVar settings from Section [TextureQuality@3] File [../../../finalproC/Saved/Config/Windows/Scalability.ini]
[2019.05.26-06.35.09:227][  0]LogConfig: Setting CVar [[r.Streaming.MipBias:0]]
[2019.05.26-06.35.09:227][  0]LogConfig: Setting CVar [[r.Streaming.AmortizeCPUToGPUCopy:0]]
[2019.05.26-06.35.09:227][  0]LogConfig: Setting CVar [[r.Streaming.MaxNumTexturesToStreamPerFrame:0]]
[2019.05.26-06.35.09:227][  0]LogConfig: Setting CVar [[r.Streaming.Boost:1]]
[2019.05.26-06.35.09:227][  0]LogConfig: Setting CVar [[r.MaxAnisotropy:8]]
[2019.05.26-06.35.09:227][  0]LogConfig: Setting CVar [[r.Streaming.LimitPoolSizeToVRAM:0]]
[2019.05.26-06.35.09:227][  0]LogConfig: Setting CVar [[r.Streaming.PoolSize:1000]]
[2019.05.26-06.35.09:227][  0]LogConfig: Setting CVar [[r.Streaming.MaxEffectiveScreenSize:0]]
[2019.05.26-06.35.09:227][  0]LogConfig: Applying CVar settings from Section [EffectsQuality@3] File [../../../finalproC/Saved/Config/Windows/Scalability.ini]
[2019.05.26-06.35.09:227][  0]LogConfig: Setting CVar [[r.TranslucencyLightingVolumeDim:64]]
[2019.05.26-06.35.09:227][  0]LogConfig: Setting CVar [[r.RefractionQuality:2]]
[2019.05.26-06.35.09:227][  0]LogConfig: Setting CVar [[r.SSR.Quality:3]]
[2019.05.26-06.35.09:227][  0]LogConfig: Setting CVar [[r.SceneColorFormat:4]]
[2019.05.26-06.35.09:227][  0]LogConfig: Setting CVar [[r.DetailMode:2]]
[2019.05.26-06.35.09:227][  0]LogConfig: Setting CVar [[r.TranslucencyVolumeBlur:1]]
[2019.05.26-06.35.09:227][  0]LogConfig: Setting CVar [[r.MaterialQualityLevel:1 ; High quality]]
[2019.05.26-06.35.09:227][  0]LogConfig: Setting CVar [[r.SSS.Scale:1]]
[2019.05.26-06.35.09:227][  0]LogConfig: Setting CVar [[r.SSS.SampleSet:2]]
[2019.05.26-06.35.09:227][  0]LogConfig: Setting CVar [[r.SSS.Quality:1]]
[2019.05.26-06.35.09:227][  0]LogConfig: Setting CVar [[r.SSS.HalfRes:1]]
[2019.05.26-06.35.09:227][  0]LogConfig: Setting CVar [[r.EmitterSpawnRateScale:1.0]]
[2019.05.26-06.35.09:227][  0]LogConfig: Setting CVar [[r.ParticleLightQuality:2]]
[2019.05.26-06.35.09:227][  0]LogConfig: Applying CVar settings from Section [FoliageQuality@3] File [../../../finalproC/Saved/Config/Windows/Scalability.ini]
[2019.05.26-06.35.09:227][  0]LogConfig: Setting CVar [[foliage.DensityScale:1.0]]
[2019.05.26-06.35.09:227][  0]LogConfig: Setting CVar [[grass.DensityScale:1.0]]
[2019.05.26-06.35.09:227][  0]LogInit: Selected Device Profile: [Windows]
[2019.05.26-06.35.09:227][  0]LogInit: Applying CVar settings loaded from the selected device profile: [Windows]
[2019.05.26-06.35.09:267][  0]LogHAL: Display: Platform has ~ 8 GB [8442679296 / 8589934592 / 8], which maps to Default [LargestMinGB=32, LargerMinGB=12, DefaultMinGB=8, SmallerMinGB=6, SmallestMinGB=0)
[2019.05.26-06.35.09:267][  0]LogConfig: Setting CVar [[r.Vulkan.UseRealUBs:0		; Required until we fix HLR fall-out]]
[2019.05.26-06.35.09:267][  0]LogInit: Going up to parent DeviceProfile []
[2019.05.26-06.35.09:267][  0]LogConfig: Applying CVar settings from Section [ViewDistanceQuality@3] File [../../../finalproC/Saved/Config/Windows/Scalability.ini]
[2019.05.26-06.35.09:267][  0]LogConfig: Setting CVar [[r.SkeletalMeshLODBias:0]]
[2019.05.26-06.35.09:267][  0]LogConfig: Setting CVar [[r.ViewDistanceScale:1.0]]
[2019.05.26-06.35.09:267][  0]LogConfig: Applying CVar settings from Section [AntiAliasingQuality@3] File [../../../finalproC/Saved/Config/Windows/Scalability.ini]
[2019.05.26-06.35.09:267][  0]LogConfig: Setting CVar [[r.PostProcessAAQuality:4]]
[2019.05.26-06.35.09:267][  0]LogConfig: Applying CVar settings from Section [ShadowQuality@3] File [../../../finalproC/Saved/Config/Windows/Scalability.ini]
[2019.05.26-06.35.09:267][  0]LogConfig: Setting CVar [[r.LightFunctionQuality:1]]
[2019.05.26-06.35.09:267][  0]LogConfig: Setting CVar [[r.ShadowQuality:5]]
[2019.05.26-06.35.09:267][  0]LogConfig: Setting CVar [[r.Shadow.CSM.MaxCascades:10]]
[2019.05.26-06.35.09:267][  0]LogConfig: Setting CVar [[r.Shadow.MaxResolution:2048]]
[2019.05.26-06.35.09:267][  0]LogConfig: Setting CVar [[r.Shadow.MaxCSMResolution:2048]]
[2019.05.26-06.35.09:267][  0]LogConfig: Setting CVar [[r.Shadow.RadiusThreshold:0.01]]
[2019.05.26-06.35.09:267][  0]LogConfig: Setting CVar [[r.Shadow.DistanceScale:1.0]]
[2019.05.26-06.35.09:267][  0]LogConfig: Setting CVar [[r.Shadow.CSM.TransitionScale:1.0]]
[2019.05.26-06.35.09:267][  0]LogConfig: Setting CVar [[r.Shadow.PreShadowResolutionFactor:1.0]]
[2019.05.26-06.35.09:267][  0]LogConfig: Setting CVar [[r.DistanceFieldShadowing:1]]
[2019.05.26-06.35.09:267][  0]LogConfig: Setting CVar [[r.DistanceFieldAO:1]]
[2019.05.26-06.35.09:267][  0]LogConfig: Setting CVar [[r.AOQuality:2]]
[2019.05.26-06.35.09:267][  0]LogConfig: Setting CVar [[r.VolumetricFog:1]]
[2019.05.26-06.35.09:267][  0]LogConfig: Setting CVar [[r.VolumetricFog.GridPixelSize:8]]
[2019.05.26-06.35.09:267][  0]LogConfig: Setting CVar [[r.VolumetricFog.GridSizeZ:128]]
[2019.05.26-06.35.09:267][  0]LogConfig: Setting CVar [[r.VolumetricFog.HistoryMissSupersampleCount:4]]
[2019.05.26-06.35.09:267][  0]LogConfig: Setting CVar [[r.LightMaxDrawDistanceScale:1]]
[2019.05.26-06.35.09:267][  0]LogConfig: Setting CVar [[r.CapsuleShadows:1]]
[2019.05.26-06.35.09:267][  0]LogConfig: Applying CVar settings from Section [PostProcessQuality@3] File [../../../finalproC/Saved/Config/Windows/Scalability.ini]
[2019.05.26-06.35.09:267][  0]LogConfig: Setting CVar [[r.MotionBlurQuality:4]]
[2019.05.26-06.35.09:268][  0]LogConfig: Setting CVar [[r.AmbientOcclusionMipLevelFactor:0.4]]
[2019.05.26-06.35.09:268][  0]LogConfig: Setting CVar [[r.AmbientOcclusionMaxQuality:100]]
[2019.05.26-06.35.09:268][  0]LogConfig: Setting CVar [[r.AmbientOcclusionLevels:-1]]
[2019.05.26-06.35.09:268][  0]LogConfig: Setting CVar [[r.AmbientOcclusionRadiusScale:1.0]]
[2019.05.26-06.35.09:268][  0]LogConfig: Setting CVar [[r.DepthOfFieldQuality:2]]
[2019.05.26-06.35.09:268][  0]LogConfig: Setting CVar [[r.RenderTargetPoolMin:400]]
[2019.05.26-06.35.09:268][  0]LogConfig: Setting CVar [[r.LensFlareQuality:2]]
[2019.05.26-06.35.09:268][  0]LogConfig: Setting CVar [[r.SceneColorFringeQuality:1]]
[2019.05.26-06.35.09:268][  0]LogConfig: Setting CVar [[r.EyeAdaptationQuality:2]]
[2019.05.26-06.35.09:268][  0]LogConfig: Setting CVar [[r.BloomQuality:5]]
[2019.05.26-06.35.09:268][  0]LogConfig: Setting CVar [[r.FastBlurThreshold:100]]
[2019.05.26-06.35.09:268][  0]LogConfig: Setting CVar [[r.Upscale.Quality:3]]
[2019.05.26-06.35.09:268][  0]LogConfig: Setting CVar [[r.Tonemapper.GrainQuantization:1]]
[2019.05.26-06.35.09:268][  0]LogConfig: Setting CVar [[r.LightShaftQuality:1]]
[2019.05.26-06.35.09:268][  0]LogConfig: Setting CVar [[r.Filter.SizeScale:1]]
[2019.05.26-06.35.09:268][  0]LogConfig: Setting CVar [[r.Tonemapper.Quality:5]]
[2019.05.26-06.35.09:268][  0]LogConfig: Setting CVar [[r.DOF.Gather.AccumulatorQuality:1        ; higher gathering accumulator quality]]
[2019.05.26-06.35.09:268][  0]LogConfig: Setting CVar [[r.DOF.Gather.PostfilterMethod:1          ; Median3x3 postfilering method]]
[2019.05.26-06.35.09:268][  0]LogConfig: Setting CVar [[r.DOF.Gather.EnableBokehSettings:0       ; no bokeh simulation when gathering]]
[2019.05.26-06.35.09:268][  0]LogConfig: Setting CVar [[r.DOF.Gather.RingCount:4                 ; medium number of samples when gathering]]
[2019.05.26-06.35.09:268][  0]LogConfig: Setting CVar [[r.DOF.Scatter.ForegroundCompositing:1    ; additive foreground scattering]]
[2019.05.26-06.35.09:268][  0]LogConfig: Setting CVar [[r.DOF.Scatter.BackgroundCompositing:2    ; additive background scattering]]
[2019.05.26-06.35.09:268][  0]LogConfig: Setting CVar [[r.DOF.Scatter.EnableBokehSettings:1      ; bokeh simulation when scattering]]
[2019.05.26-06.35.09:268][  0]LogConfig: Setting CVar [[r.DOF.Scatter.MaxSpriteRatio:0.1         ; only a maximum of 10% of scattered bokeh]]
[2019.05.26-06.35.09:268][  0]LogConfig: Setting CVar [[r.DOF.Recombine.Quality:1                ; cheap slight out of focus]]
[2019.05.26-06.35.09:268][  0]LogConfig: Setting CVar [[r.DOF.Recombine.EnableBokehSettings:0    ; no bokeh simulation on slight out of focus]]
[2019.05.26-06.35.09:268][  0]LogConfig: Setting CVar [[r.DOF.TemporalAAQuality:1                ; more stable temporal accumulation]]
[2019.05.26-06.35.09:268][  0]LogConfig: Setting CVar [[r.DOF.Kernel.MaxForegroundRadius:0.025]]
[2019.05.26-06.35.09:268][  0]LogConfig: Setting CVar [[r.DOF.Kernel.MaxBackgroundRadius:0.025]]
[2019.05.26-06.35.09:268][  0]LogConfig: Applying CVar settings from Section [TextureQuality@3] File [../../../finalproC/Saved/Config/Windows/Scalability.ini]
[2019.05.26-06.35.09:268][  0]LogConfig: Setting CVar [[r.Streaming.MipBias:0]]
[2019.05.26-06.35.09:268][  0]LogConfig: Setting CVar [[r.Streaming.AmortizeCPUToGPUCopy:0]]
[2019.05.26-06.35.09:268][  0]LogConfig: Setting CVar [[r.Streaming.MaxNumTexturesToStreamPerFrame:0]]
[2019.05.26-06.35.09:268][  0]LogConfig: Setting CVar [[r.Streaming.Boost:1]]
[2019.05.26-06.35.09:268][  0]LogConfig: Setting CVar [[r.MaxAnisotropy:8]]
[2019.05.26-06.35.09:268][  0]LogConfig: Setting CVar [[r.Streaming.LimitPoolSizeToVRAM:0]]
[2019.05.26-06.35.09:268][  0]LogConfig: Setting CVar [[r.Streaming.PoolSize:1000]]
[2019.05.26-06.35.09:268][  0]LogConfig: Setting CVar [[r.Streaming.MaxEffectiveScreenSize:0]]
[2019.05.26-06.35.09:268][  0]LogConfig: Applying CVar settings from Section [EffectsQuality@3] File [../../../finalproC/Saved/Config/Windows/Scalability.ini]
[2019.05.26-06.35.09:268][  0]LogConfig: Setting CVar [[r.TranslucencyLightingVolumeDim:64]]
[2019.05.26-06.35.09:268][  0]LogConfig: Setting CVar [[r.RefractionQuality:2]]
[2019.05.26-06.35.09:268][  0]LogConfig: Setting CVar [[r.SSR.Quality:3]]
[2019.05.26-06.35.09:268][  0]LogConfig: Setting CVar [[r.SceneColorFormat:4]]
[2019.05.26-06.35.09:268][  0]LogConfig: Setting CVar [[r.DetailMode:2]]
[2019.05.26-06.35.09:268][  0]LogConfig: Setting CVar [[r.TranslucencyVolumeBlur:1]]
[2019.05.26-06.35.09:268][  0]LogConfig: Setting CVar [[r.MaterialQualityLevel:1 ; High quality]]
[2019.05.26-06.35.09:268][  0]LogConfig: Setting CVar [[r.SSS.Scale:1]]
[2019.05.26-06.35.09:268][  0]LogConfig: Setting CVar [[r.SSS.SampleSet:2]]
[2019.05.26-06.35.09:268][  0]LogConfig: Setting CVar [[r.SSS.Quality:1]]
[2019.05.26-06.35.09:268][  0]LogConfig: Setting CVar [[r.SSS.HalfRes:1]]
[2019.05.26-06.35.09:268][  0]LogConfig: Setting CVar [[r.EmitterSpawnRateScale:1.0]]
[2019.05.26-06.35.09:268][  0]LogConfig: Setting CVar [[r.ParticleLightQuality:2]]
[2019.05.26-06.35.09:268][  0]LogConfig: Applying CVar settings from Section [FoliageQuality@3] File [../../../finalproC/Saved/Config/Windows/Scalability.ini]
[2019.05.26-06.35.09:268][  0]LogConfig: Setting CVar [[foliage.DensityScale:1.0]]
[2019.05.26-06.35.09:268][  0]LogConfig: Setting CVar [[grass.DensityScale:1.0]]
[2019.05.26-06.35.09:268][  0]LogConfig: Applying CVar settings from Section [Startup] File [../../../Engine/Config/ConsoleVariables.ini]
[2019.05.26-06.35.09:268][  0]LogConfig: Setting CVar [[net.UseAdaptiveNetUpdateFrequency:0]]
[2019.05.26-06.35.09:268][  0]LogConfig: Setting CVar [[p.chaos.AllowCreatePhysxBodies:1]]
[2019.05.26-06.35.09:268][  0]LogConfig: Applying CVar settings from Section [ConsoleVariables] File [../../../finalproC/Saved/Config/Windows/Engine.ini]
[2019.05.26-06.35.09:268][  0]LogInit: Computer: DESKTOP-DKCFGT9
[2019.05.26-06.35.09:268][  0]LogInit: User: 97219
[2019.05.26-06.35.09:268][  0]LogInit: CPU Page size=4096, Cores=6
[2019.05.26-06.35.09:268][  0]LogInit: High frequency timer resolution =2.156254 MHz
[2019.05.26-06.35.09:269][  0]LogMemory: Memory total: Physical=7.9GB (8GB approx)
[2019.05.26-06.35.09:269][  0]LogMemory: Platform Memory Stats for Windows
[2019.05.26-06.35.09:269][  0]LogMemory: Process Physical Memory: 97.66 MB used, 97.66 MB peak
[2019.05.26-06.35.09:269][  0]LogMemory: Process Virtual Memory: 89.84 MB used, 89.84 MB peak
[2019.05.26-06.35.09:269][  0]LogMemory: Physical Memory: 6157.20 MB used,  1894.37 MB free, 8051.57 MB total
[2019.05.26-06.35.09:269][  0]LogMemory: Virtual Memory: 4675.71 MB used,  134213056.00 MB free, 134217728.00 MB total
[2019.05.26-06.35.09:287][  0]LogInit: Using OS detected language (zh-CN).
[2019.05.26-06.35.09:287][  0]LogInit: Using OS detected locale (zh-CN).
[2019.05.26-06.35.09:287][  0]LogTextLocalizationResource: LocRes '../../../Engine/Content/Localization/Editor/zh-Hans-CN/Editor.locres' could not be opened for reading!
[2019.05.26-06.35.09:287][  0]LogTextLocalizationResource: LocRes '../../../Engine/Content/Localization/EditorTutorials/zh-Hans-CN/EditorTutorials.locres' could not be opened for reading!
[2019.05.26-06.35.09:287][  0]LogTextLocalizationResource: LocRes '../../../Engine/Content/Localization/Keywords/zh-Hans-CN/Keywords.locres' could not be opened for reading!
[2019.05.26-06.35.09:287][  0]LogTextLocalizationResource: LocRes '../../../Engine/Content/Localization/Category/zh-Hans-CN/Category.locres' could not be opened for reading!
[2019.05.26-06.35.09:287][  0]LogTextLocalizationResource: LocRes '../../../Engine/Content/Localization/ToolTips/zh-Hans-CN/ToolTips.locres' could not be opened for reading!
[2019.05.26-06.35.09:287][  0]LogTextLocalizationResource: LocRes '../../../Engine/Content/Localization/PropertyNames/zh-Hans-CN/PropertyNames.locres' could not be opened for reading!
[2019.05.26-06.35.09:287][  0]LogTextLocalizationResource: LocRes '../../../Engine/Content/Localization/Engine/zh-Hans-CN/Engine.locres' could not be opened for reading!
[2019.05.26-06.35.09:287][  0]LogTextLocalizationResource: LocRes '../../../Engine/Plugins/Online/Android/OnlineSubsystemGooglePlay/Content/Localization/OnlineSubsystemGooglePlay/zh-Hans-CN/OnlineSubsystemGooglePlay.locres' could not be opened for reading!
[2019.05.26-06.35.09:287][  0]LogTextLocalizationResource: LocRes '../../../Engine/Plugins/Online/IOS/OnlineSubsystemIOS/Content/Localization/OnlineSubsystemIOS/zh-Hans-CN/OnlineSubsystemIOS.locres' could not be opened for reading!
[2019.05.26-06.35.09:288][  0]LogTextLocalizationResource: LocRes '../../../Engine/Plugins/Online/OnlineSubsystem/Content/Localization/OnlineSubsystem/zh-Hans-CN/OnlineSubsystem.locres' could not be opened for reading!
[2019.05.26-06.35.09:288][  0]LogTextLocalizationResource: LocRes '../../../Engine/Plugins/Online/OnlineSubsystemUtils/Content/Localization/OnlineSubsystemUtils/zh-Hans-CN/OnlineSubsystemUtils.locres' could not be opened for reading!
[2019.05.26-06.35.09:327][  0]LogTextLocalizationResource: LocRes '../../../Engine/Plugins/Online/Android/OnlineSubsystemGooglePlay/Content/Localization/OnlineSubsystemGooglePlay/zh-CN/OnlineSubsystemGooglePlay.locres' could not be opened for reading!
[2019.05.26-06.35.09:327][  0]LogTextLocalizationResource: LocRes '../../../Engine/Plugins/Online/IOS/OnlineSubsystemIOS/Content/Localization/OnlineSubsystemIOS/zh-CN/OnlineSubsystemIOS.locres' could not be opened for reading!
[2019.05.26-06.35.09:327][  0]LogTextLocalizationResource: LocRes '../../../Engine/Plugins/Online/OnlineSubsystem/Content/Localization/OnlineSubsystem/zh-CN/OnlineSubsystem.locres' could not be opened for reading!
[2019.05.26-06.35.09:327][  0]LogTextLocalizationResource: LocRes '../../../Engine/Plugins/Online/OnlineSubsystemUtils/Content/Localization/OnlineSubsystemUtils/zh-CN/OnlineSubsystemUtils.locres' could not be opened for reading!
[2019.05.26-06.35.09:327][  0]LogTextLocalizationResource: LocRes '../../../Engine/Content/Localization/Editor/zh-Hans/Editor.locres' could not be opened for reading!
[2019.05.26-06.35.09:327][  0]LogTextLocalizationResource: LocRes '../../../Engine/Content/Localization/EditorTutorials/zh-Hans/EditorTutorials.locres' could not be opened for reading!
[2019.05.26-06.35.09:327][  0]LogTextLocalizationResource: LocRes '../../../Engine/Content/Localization/Keywords/zh-Hans/Keywords.locres' could not be opened for reading!
[2019.05.26-06.35.09:327][  0]LogTextLocalizationResource: LocRes '../../../Engine/Content/Localization/Category/zh-Hans/Category.locres' could not be opened for reading!
[2019.05.26-06.35.09:327][  0]LogTextLocalizationResource: LocRes '../../../Engine/Content/Localization/ToolTips/zh-Hans/ToolTips.locres' could not be opened for reading!
[2019.05.26-06.35.09:328][  0]LogTextLocalizationResource: LocRes '../../../Engine/Content/Localization/PropertyNames/zh-Hans/PropertyNames.locres' could not be opened for reading!
[2019.05.26-06.35.09:328][  0]LogTextLocalizationResource: LocRes '../../../Engine/Content/Localization/Engine/zh-Hans/Engine.locres' could not be opened for reading!
[2019.05.26-06.35.09:328][  0]LogTextLocalizationResource: LocRes '../../../Engine/Content/Localization/Editor/zh/Editor.locres' could not be opened for reading!
[2019.05.26-06.35.09:328][  0]LogTextLocalizationResource: LocRes '../../../Engine/Content/Localization/EditorTutorials/zh/EditorTutorials.locres' could not be opened for reading!
[2019.05.26-06.35.09:328][  0]LogTextLocalizationResource: LocRes '../../../Engine/Content/Localization/Keywords/zh/Keywords.locres' could not be opened for reading!
[2019.05.26-06.35.09:328][  0]LogTextLocalizationResource: LocRes '../../../Engine/Content/Localization/Category/zh/Category.locres' could not be opened for reading!
[2019.05.26-06.35.09:328][  0]LogTextLocalizationResource: LocRes '../../../Engine/Content/Localization/ToolTips/zh/ToolTips.locres' could not be opened for reading!
[2019.05.26-06.35.09:328][  0]LogTextLocalizationResource: LocRes '../../../Engine/Content/Localization/PropertyNames/zh/PropertyNames.locres' could not be opened for reading!
[2019.05.26-06.35.09:328][  0]LogTextLocalizationResource: LocRes '../../../Engine/Content/Localization/Engine/zh/Engine.locres' could not be opened for reading!
[2019.05.26-06.35.09:328][  0]LogTextLocalizationResource: LocRes '../../../Engine/Plugins/Online/Android/OnlineSubsystemGooglePlay/Content/Localization/OnlineSubsystemGooglePlay/zh/OnlineSubsystemGooglePlay.locres' could not be opened for reading!
[2019.05.26-06.35.09:328][  0]LogTextLocalizationResource: LocRes '../../../Engine/Plugins/Online/IOS/OnlineSubsystemIOS/Content/Localization/OnlineSubsystemIOS/zh/OnlineSubsystemIOS.locres' could not be opened for reading!
[2019.05.26-06.35.09:328][  0]LogTextLocalizationResource: LocRes '../../../Engine/Plugins/Online/OnlineSubsystem/Content/Localization/OnlineSubsystem/zh/OnlineSubsystem.locres' could not be opened for reading!
[2019.05.26-06.35.09:328][  0]LogTextLocalizationResource: LocRes '../../../Engine/Plugins/Online/OnlineSubsystemUtils/Content/Localization/OnlineSubsystemUtils/zh/OnlineSubsystemUtils.locres' could not be opened for reading!
[2019.05.26-06.35.09:352][  0]LogInit: Setting process to per monitor DPI aware
[2019.05.26-06.35.09:373][  0]LogSlate: New Slate User Created.  User Index 0, Is Virtual User: 0
[2019.05.26-06.35.09:373][  0]LogSlate: Slate User Registered.  User Index 0, Is Virtual User: 0
[2019.05.26-06.35.09:519][  0]LogHMD: Failed to initialize OpenVR with code 110
[2019.05.26-06.35.09:519][  0]LogD3D11RHI: D3D11 adapters:
[2019.05.26-06.35.09:594][  0]LogD3D11RHI:    0. 'NVIDIA GeForce GTX 1050' (Feature Level 11_0)
[2019.05.26-06.35.09:594][  0]LogD3D11RHI:       4019/0/4025 MB DedicatedVideo/DedicatedSystem/SharedSystem, Outputs:1, VendorId:0x10de
[2019.05.26-06.35.09:607][  0]LogD3D11RHI:    1. 'Intel(R) UHD Graphics 630' (Feature Level 11_0)
[2019.05.26-06.35.09:607][  0]LogD3D11RHI:       128/0/4025 MB DedicatedVideo/DedicatedSystem/SharedSystem, Outputs:0, VendorId:0x8086
[2019.05.26-06.35.09:609][  0]LogD3D11RHI:    2. 'Microsoft Basic Render Driver' (Feature Level 11_0)
[2019.05.26-06.35.09:609][  0]LogD3D11RHI:       0/0/4025 MB DedicatedVideo/DedicatedSystem/SharedSystem, Outputs:0, VendorId:0x1414
[2019.05.26-06.35.09:609][  0]LogD3D11RHI: Chosen D3D11 Adapter: 0
[2019.05.26-06.35.09:636][  0]LogD3D11RHI: Creating new Direct3DDevice
[2019.05.26-06.35.09:636][  0]LogD3D11RHI:     GPU DeviceId: 0x1c8d (for the marketing name, search the web for "GPU Device Id")
[2019.05.26-06.35.09:636][  0]LogWindows: EnumDisplayDevices:
[2019.05.26-06.35.09:636][  0]LogWindows:    0. 'Intel(R) UHD Graphics 630' (P:1 D:1)
[2019.05.26-06.35.09:637][  0]LogWindows:    1. 'Intel(R) UHD Graphics 630' (P:0 D:0)
[2019.05.26-06.35.09:637][  0]LogWindows:    2. 'Intel(R) UHD Graphics 630' (P:0 D:0)
[2019.05.26-06.35.09:638][  0]LogWindows:    3. 'NVIDIA GeForce GTX 1050' (P:0 D:0)
[2019.05.26-06.35.09:638][  0]LogWindows: DebugString: PrimaryIsNotTheChoosenAdapter PrimaryIsNotTheChoosenAdapter PrimaryIsNotTheChoosenAdapter 
[2019.05.26-06.35.09:638][  0]LogD3D11RHI:     Adapter Name: NVIDIA GeForce GTX 1050
[2019.05.26-06.35.09:638][  0]LogD3D11RHI:   Driver Version: 398.36 (internal:24.21.13.9836, unified:398.36)
[2019.05.26-06.35.09:638][  0]LogD3D11RHI:      Driver Date: 6-24-2018
[2019.05.26-06.35.09:638][  0]LogRHI: Texture pool is 2813 MB (70% of 4019 MB)
[2019.05.26-06.35.09:680][  0]LogD3D11RHI: Async texture creation enabled
[2019.05.26-06.35.09:683][  0]LogRendererCore: FGlobalReadBuffer::InitRHI
[2019.05.26-06.35.09:683][  0]LogRendererCore: FGlobalReadBuffer::InitRHI
[2019.05.26-06.35.09:683][  0]LogRendererCore: FGlobalReadBuffer::InitRHI
[2019.05.26-06.35.09:697][  0]LogD3D11RHI: GPU Timing Frequency: 1000.000000 (Debug: 2 2)
[2019.05.26-06.35.09:942][  0]LogTemp: Display: Module 'AllDesktopTargetPlatform' loaded TargetPlatform 'AllDesktop'
[2019.05.26-06.35.09:952][  0]LogTemp: Display: Module 'MacClientTargetPlatform' loaded TargetPlatform 'MacClient'
[2019.05.26-06.35.09:962][  0]LogTemp: Display: Module 'MacNoEditorTargetPlatform' loaded TargetPlatform 'MacNoEditor'
[2019.05.26-06.35.09:973][  0]LogTemp: Display: Module 'MacServerTargetPlatform' loaded TargetPlatform 'MacServer'
[2019.05.26-06.35.09:984][  0]LogTemp: Display: Module 'MacTargetPlatform' loaded TargetPlatform 'Mac'
[2019.05.26-06.35.10:004][  0]LogTemp: Display: Module 'WindowsClientTargetPlatform' loaded TargetPlatform 'WindowsClient'
[2019.05.26-06.35.10:015][  0]LogTemp: Display: Module 'WindowsNoEditorTargetPlatform' loaded TargetPlatform 'WindowsNoEditor'
[2019.05.26-06.35.10:026][  0]LogTemp: Display: Module 'WindowsServerTargetPlatform' loaded TargetPlatform 'WindowsServer'
[2019.05.26-06.35.10:030][  0]LogTemp: Display: Module 'WindowsTargetPlatform' loaded TargetPlatform 'Windows'
[2019.05.26-06.35.10:094][  0]LogTemp: Display: Module 'AndroidTargetPlatform' loaded TargetPlatform 'Android'
[2019.05.26-06.35.10:094][  0]LogTemp: Display: Module 'AndroidTargetPlatform' loaded TargetPlatform 'Android_ASTC'
[2019.05.26-06.35.10:094][  0]LogTemp: Display: Module 'AndroidTargetPlatform' loaded TargetPlatform 'Android_ATC'
[2019.05.26-06.35.10:094][  0]LogTemp: Display: Module 'AndroidTargetPlatform' loaded TargetPlatform 'Android_DXT'
[2019.05.26-06.35.10:094][  0]LogTemp: Display: Module 'AndroidTargetPlatform' loaded TargetPlatform 'Android_ETC1'
[2019.05.26-06.35.10:094][  0]LogTemp: Display: Module 'AndroidTargetPlatform' loaded TargetPlatform 'Android_ETC1a'
[2019.05.26-06.35.10:094][  0]LogTemp: Display: Module 'AndroidTargetPlatform' loaded TargetPlatform 'Android_ETC2'
[2019.05.26-06.35.10:094][  0]LogTemp: Display: Module 'AndroidTargetPlatform' loaded TargetPlatform 'Android_PVRTC'
[2019.05.26-06.35.10:094][  0]LogTemp: Display: Module 'AndroidTargetPlatform' loaded TargetPlatform 'AndroidClient'
[2019.05.26-06.35.10:094][  0]LogTemp: Display: Module 'AndroidTargetPlatform' loaded TargetPlatform 'Android_ASTCClient'
[2019.05.26-06.35.10:094][  0]LogTemp: Display: Module 'AndroidTargetPlatform' loaded TargetPlatform 'Android_ATCClient'
[2019.05.26-06.35.10:094][  0]LogTemp: Display: Module 'AndroidTargetPlatform' loaded TargetPlatform 'Android_DXTClient'
[2019.05.26-06.35.10:094][  0]LogTemp: Display: Module 'AndroidTargetPlatform' loaded TargetPlatform 'Android_ETC1Client'
[2019.05.26-06.35.10:094][  0]LogTemp: Display: Module 'AndroidTargetPlatform' loaded TargetPlatform 'Android_ETC1aClient'
[2019.05.26-06.35.10:094][  0]LogTemp: Display: Module 'AndroidTargetPlatform' loaded TargetPlatform 'Android_ETC2Client'
[2019.05.26-06.35.10:094][  0]LogTemp: Display: Module 'AndroidTargetPlatform' loaded TargetPlatform 'Android_PVRTCClient'
[2019.05.26-06.35.10:094][  0]LogTemp: Display: Module 'AndroidTargetPlatform' loaded TargetPlatform 'Android_Multi'
[2019.05.26-06.35.10:094][  0]LogTemp: Display: Module 'AndroidTargetPlatform' loaded TargetPlatform 'Android_MultiClient'
[2019.05.26-06.35.10:095][  0]LogTemp: Display: Module 'HTML5TargetPlatform' loaded TargetPlatform 'HTML5'
[2019.05.26-06.35.10:139][  0]LogTemp: Display: Module 'IOSTargetPlatform' loaded TargetPlatform 'IOSClient'
[2019.05.26-06.35.10:139][  0]LogTemp: Display: Module 'IOSTargetPlatform' loaded TargetPlatform 'IOS'
[2019.05.26-06.35.10:160][  0]LogTemp: Display: Module 'TVOSTargetPlatform' loaded TargetPlatform 'TVOSClient'
[2019.05.26-06.35.10:160][  0]LogTemp: Display: Module 'TVOSTargetPlatform' loaded TargetPlatform 'TVOS'
[2019.05.26-06.35.10:170][  0]LogTemp: Display: Module 'LinuxClientTargetPlatform' loaded TargetPlatform 'LinuxClient'
[2019.05.26-06.35.10:179][  0]LogTemp: Display: Module 'LinuxNoEditorTargetPlatform' loaded TargetPlatform 'LinuxNoEditor'
[2019.05.26-06.35.10:189][  0]LogTemp: Display: Module 'LinuxServerTargetPlatform' loaded TargetPlatform 'LinuxServer'
[2019.05.26-06.35.10:200][  0]LogTemp: Display: Module 'LinuxTargetPlatform' loaded TargetPlatform 'Linux'
[2019.05.26-06.35.10:235][  0]LogTemp: Display: Module 'LuminTargetPlatform' loaded TargetPlatform 'Lumin'
[2019.05.26-06.35.10:235][  0]LogTemp: Display: Module 'LuminTargetPlatform' loaded TargetPlatform 'LuminClient'
[2019.05.26-06.35.10:235][  0]LogTargetPlatformManager: Display: Building Assets For Windows
[2019.05.26-06.35.10:241][  0]LogAudioDebug: Display: Lib vorbis DLL was dynamically loaded.
[2019.05.26-06.35.10:274][  0]LogShaderCompilers: Guid format shader working directory is 27 characters bigger than the processId version (../../../finalproC/Intermediate/Shaders/WorkingDirectory/14564/).
[2019.05.26-06.35.10:274][  0]LogShaderCompilers: Cleaned the shader compiler working directory 'C:/Users/97219/AppData/Local/Temp/UnrealShaderWorkingDir/0E4E52EA44C96D70A539C8B2BAAECF7D/'.
[2019.05.26-06.35.10:275][  0]LogXGEController: Cannot use XGE Controller as Incredibuild is not installed on this machine.
[2019.05.26-06.35.10:275][  0]LogShaderCompilers: Cannot use XGE Shader Compiler as Incredibuild is not installed on this machine.
[2019.05.26-06.35.10:275][  0]LogShaderCompilers: Display: Using Local Shader Compiler.
[2019.05.26-06.35.10:746][  0]LogDerivedDataCache: Display: Max Cache Size: 512 MB
[2019.05.26-06.35.10:806][  0]LogDerivedDataCache: Loaded boot cache 0.06s 71MB C:/Users/97219/AppData/Local/UnrealEngine/4.22/DerivedDataCache/Boot.ddc.
[2019.05.26-06.35.10:806][  0]LogDerivedDataCache: Display: Loaded Boot cache: C:/Users/97219/AppData/Local/UnrealEngine/4.22/DerivedDataCache/Boot.ddc
[2019.05.26-06.35.10:806][  0]LogDerivedDataCache: FDerivedDataBackendGraph:  Pak pak cache file ../../../finalproC/DerivedDataCache/DDC.ddp not found, will not use a pak cache.
[2019.05.26-06.35.10:806][  0]LogDerivedDataCache: Unable to find inner node Pak for hierarchical cache Hierarchy.
[2019.05.26-06.35.10:806][  0]LogDerivedDataCache: FDerivedDataBackendGraph:  CompressedPak pak cache file ../../../finalproC/DerivedDataCache/Compressed.ddp not found, will not use a pak cache.
[2019.05.26-06.35.10:806][  0]LogDerivedDataCache: Unable to find inner node CompressedPak for hierarchical cache Hierarchy.
[2019.05.26-06.35.10:817][  0]LogDerivedDataCache: Display: Pak cache opened for reading ../../../Engine/DerivedDataCache/Compressed.ddp.
[2019.05.26-06.35.10:817][  0]LogDerivedDataCache: FDerivedDataBackendGraph:  EnterprisePak pak cache file ../../../Enterprise/DerivedDataCache/Compressed.ddp not found, will not use a pak cache.
[2019.05.26-06.35.10:817][  0]LogDerivedDataCache: Unable to find inner node EnterprisePak for hierarchical cache Hierarchy.
[2019.05.26-06.35.10:829][  0]LogDerivedDataCache: Using Local data cache path C:/Users/97219/AppData/Local/UnrealEngine/Common/DerivedDataCache: Writable
[2019.05.26-06.35.10:829][  0]LogDerivedDataCache: Shared data cache path not found in *engine.ini, will not use an Shared cache.
[2019.05.26-06.35.10:829][  0]LogDerivedDataCache: Unable to find inner node Shared for hierarchical cache Hierarchy.
[2019.05.26-06.35.10:847][  0]LogMaterial: Verifying Global Shaders for PCD3D_SM5
[2019.05.26-06.35.10:848][  0]LogSlate: Using FreeType 2.6.0
[2019.05.26-06.35.10:849][  0]LogSlate: SlateFontServices - WITH_FREETYPE: 1, WITH_HARFBUZZ: 1
[2019.05.26-06.35.10:923][  0]LogAssetRegistry: FAssetRegistry took 0.0311 seconds to start up
[2019.05.26-06.35.11:175][  0]LogInit: Selected Device Profile: [Windows]
[2019.05.26-06.35.11:284][  0]LogMeshReduction: Using QuadricMeshReduction for automatic static mesh reduction
[2019.05.26-06.35.11:284][  0]LogMeshReduction: Using SimplygonMeshReduction for automatic skeletal mesh reduction
[2019.05.26-06.35.11:284][  0]LogMeshReduction: Using ProxyLODMeshReduction for automatic mesh merging
[2019.05.26-06.35.11:284][  0]LogMeshReduction: No distributed automatic mesh merging module available
[2019.05.26-06.35.11:284][  0]LogMeshMerging: No distributed automatic mesh merging module available
[2019.05.26-06.35.11:297][  0]LogNetVersion: finalproC 1.0.0, NetCL: 5660361, EngineNetVer: 10, GameNetVer: 0 (Checksum: 923406508)
[2019.05.26-06.35.12:031][  0]LogPackageLocalizationCache: Processed 10 localized package path(s) for 4 prioritized culture(s) in 0.254777 seconds
[2019.05.26-06.35.12:037][  0]LogUObjectArray: 42205 objects as part of root set at end of initial load.
[2019.05.26-06.35.12:037][  0]LogUObjectAllocator: 7325032 out of 0 bytes used by permanent object pool.
[2019.05.26-06.35.12:037][  0]LogUObjectArray: CloseDisregardForGC: 0/0 objects in disregard for GC pool
[2019.05.26-06.35.13:081][  0]LogTcpMessaging: Initializing TcpMessaging bridge
[2019.05.26-06.35.13:094][  0]LogUdpMessaging: Initializing bridge on interface 0.0.0.0:0 to multicast group 230.0.0.1:6666.
[2019.05.26-06.35.13:680][  0]SourceControl: 源码控制已禁用
[2019.05.26-06.35.13:680][  0]SourceControl: 源码控制已禁用
[2019.05.26-06.35.13:681][  0]SourceControl: 源码控制已禁用
[2019.05.26-06.35.13:682][  0]SourceControl: 源码控制已禁用
[2019.05.26-06.35.13:739][  0]LogAndroidPermission: UAndroidPermissionCallbackProxy::GetInstance
[2019.05.26-06.35.13:788][  0]LogOcInput: OculusInput pre-init called
[2019.05.26-06.35.14:356][  0]LogEngine: Initializing Engine...
[2019.05.26-06.35.14:357][  0]LogHMD: Failed to initialize OpenVR with code 110
[2019.05.26-06.35.14:357][  0]LogStats: UGameplayTagsManager::InitializeManager -  0.000 s
[2019.05.26-06.35.14:543][  0]LogInit: Initializing FReadOnlyCVARCache
[2019.05.26-06.35.14:553][  0]LogAIModule: Creating AISystem for world Untitled
[2019.05.26-06.35.14:625][  0]LogInit: XAudio2 using 'Speakers/Headphones (Realtek(R) Audio)' : 2 channels at 48 kHz using 32 bits per sample (channel mask 0x3)
[2019.05.26-06.35.14:699][  0]LogInit: FAudioDevice initialized.
[2019.05.26-06.35.14:700][  0]LogNetVersion: Set ProjectVersion to 1.0.0.0. Version Checksum will be recalculated on next use.
[2019.05.26-06.35.14:775][  0]LogDerivedDataCache: Saved boot cache 0.08s 71MB C:/Users/97219/AppData/Local/UnrealEngine/4.22/DerivedDataCache/Boot.ddc.
[2019.05.26-06.35.14:779][  0]LogInit: Texture streaming: Enabled
[2019.05.26-06.35.14:794][  0]LogEngineSessionManager: EngineSessionManager initialized
[2019.05.26-06.35.15:545][  0]LogInit: Transaction tracking system initialized
[2019.05.26-06.35.15:559][  0]BlueprintLog: New page: 编辑器加载
[2019.05.26-06.35.15:607][  0]LocalizationService: 本地化服务已禁用
[2019.05.26-06.35.15:877][  0]LogLinker: Warning: Asset '../../../finalproC/Content/TwinStickCPP/TwinStickOverview.uasset' has been saved with empty engine version. The asset will be loaded but may be incompatible.
[2019.05.26-06.35.17:150][  0]LogFileCache: Scanning file cache for directory 'D:/My_program/UE_4.22/finalproC/Content/' took 0.02s
[2019.05.26-06.35.17:150][  0]LogCook: Display: Max memory allowance for cook 16384mb min free memory 0mb
[2019.05.26-06.35.17:151][  0]LogCook: Display: Mobile HDR setting 1
[2019.05.26-06.35.17:284][  0]SourceControl: 源码控制已禁用
[2019.05.26-06.35.17:284][  0]Cmd: MAP LOAD FILE="../../../finalproC/Content/TwinStickCPP/Maps/TwinStickExampleMap.umap" TEMPLATE=0 SHOWPROGRESS=1 FEATURELEVEL=3
[2019.05.26-06.35.17:373][  0]LightingResults: New page: 光照构建
[2019.05.26-06.35.17:375][  0]MapCheck: New page: 地图检测
[2019.05.26-06.35.17:375][  0]LightingResults: New page: 光照构建
[2019.05.26-06.35.17:400][  0]LogUObjectHash: Compacting FUObjectHashTables data took   1.44ms
[2019.05.26-06.35.18:367][  0]LogAIModule: Creating AISystem for world TwinStickExampleMap
[2019.05.26-06.35.18:570][  0]LogEditorServer: Finished looking for orphan Actors (0.000 secs)
[2019.05.26-06.35.18:596][  0]LogUObjectHash: Compacting FUObjectHashTables data took   1.63ms
[2019.05.26-06.35.18:596][  0]Cmd: MAP CHECKDEP NOCLEARLOG
[2019.05.26-06.35.18:596][  0]MapCheck: 地图检测完成：0个错误，0 个警告，用时0.157毫秒完成。
[2019.05.26-06.35.18:596][  0]LogFileHelpers: Loading map 'TwinStickExampleMap' took 1.312
[2019.05.26-06.35.20:247][  0]LogSlate: Updating window title bar state: overlay mode, drag disabled, window buttons hidden, title bar hidden
[2019.05.26-06.35.20:320][  0]LogSlate: Updating window title bar state: overlay mode, drag disabled, window buttons hidden, title bar hidden
[2019.05.26-06.35.20:326][  0]LogSlate: Updating window title bar state: overlay mode, drag disabled, window buttons hidden, title bar hidden
[2019.05.26-06.35.20:333][  0]LogSlate: Updating window title bar state: overlay mode, drag disabled, window buttons hidden, title bar hidden
[2019.05.26-06.35.20:672][  0]LogCollectionManager: Loaded 0 collections in 0.000741 seconds
[2019.05.26-06.35.21:081][  0]LogFileCache: Scanning file cache for directory 'D:/My_program/UE_4.22/finalproC/Saved/Collections/' took 0.01s
[2019.05.26-06.35.21:081][  0]LogFileCache: Scanning file cache for directory 'D:/My_program/UE_4.22/finalproC/Content/Developers/97219/Collections/' took 0.00s
[2019.05.26-06.35.21:081][  0]LogFileCache: Scanning file cache for directory 'D:/My_program/UE_4.22/finalproC/Content/Collections/' took 0.00s
[2019.05.26-06.35.21:081][  0]LogCollectionManager: Rebuilt the GUID cache for 0 collections in 0.000000 seconds
[2019.05.26-06.35.21:094][  0]LogContentBrowser: Native class hierarchy populated in 0.0107 seconds. Added 2735 classes and 661 folders.
[2019.05.26-06.35.21:304][  0]LogContentBrowser: Native class hierarchy updated for 'WidgetCarousel' in 0.0003 seconds. Added 0 classes and 0 folders.
[2019.05.26-06.35.21:415][  0]LogPakFile: Registered encryption key '00000000000000000000000000000000': 0 pak files mounted, 0 remain pending
[2019.05.26-06.35.21:668][  0]LogPakFile: Registered encryption key '00000000000000000000000000000000': 0 pak files mounted, 0 remain pending
[2019.05.26-06.35.21:941][  0]LogPakFile: Registered encryption key '00000000000000000000000000000000': 0 pak files mounted, 0 remain pending
[2019.05.26-06.35.22:013][  0]LogPakFile: Registered encryption key '00000000000000000000000000000000': 0 pak files mounted, 0 remain pending
[2019.05.26-06.35.22:051][  0]LogPakFile: Registered encryption key '00000000000000000000000000000000': 0 pak files mounted, 0 remain pending
[2019.05.26-06.35.22:056][  0]LogPakFile: Registered encryption key '00000000000000000000000000000000': 0 pak files mounted, 0 remain pending
[2019.05.26-06.35.22:062][  0]LogPakFile: Registered encryption key '00000000000000000000000000000000': 0 pak files mounted, 0 remain pending
[2019.05.26-06.35.22:071][  0]LogPakFile: Registered encryption key '00000000000000000000000000000000': 0 pak files mounted, 0 remain pending
[2019.05.26-06.35.22:078][  0]LogPakFile: Registered encryption key '00000000000000000000000000000000': 0 pak files mounted, 0 remain pending
[2019.05.26-06.35.22:117][  0]LogPakFile: Registered encryption key '00000000000000000000000000000000': 0 pak files mounted, 0 remain pending
[2019.05.26-06.35.22:126][  0]LogPakFile: Registered encryption key '00000000000000000000000000000000': 0 pak files mounted, 0 remain pending
[2019.05.26-06.35.22:131][  0]LogPakFile: Registered encryption key '00000000000000000000000000000000': 0 pak files mounted, 0 remain pending
[2019.05.26-06.35.22:138][  0]LogPakFile: Registered encryption key '00000000000000000000000000000000': 0 pak files mounted, 0 remain pending
[2019.05.26-06.35.22:157][  0]LogPakFile: Registered encryption key '00000000000000000000000000000000': 0 pak files mounted, 0 remain pending
[2019.05.26-06.35.22:162][  0]LogPakFile: Registered encryption key '00000000000000000000000000000000': 0 pak files mounted, 0 remain pending
[2019.05.26-06.35.22:167][  0]LogPakFile: Registered encryption key '00000000000000000000000000000000': 0 pak files mounted, 0 remain pending
[2019.05.26-06.35.22:203][  0]LogPakFile: Registered encryption key '00000000000000000000000000000000': 0 pak files mounted, 0 remain pending
[2019.05.26-06.35.22:265][  0]LogPakFile: Registered encryption key '00000000000000000000000000000000': 0 pak files mounted, 0 remain pending
[2019.05.26-06.35.22:312][  0]LogPakFile: Registered encryption key '00000000000000000000000000000000': 0 pak files mounted, 0 remain pending
[2019.05.26-06.35.22:345][  0]LogPakFile: Registered encryption key '00000000000000000000000000000000': 0 pak files mounted, 0 remain pending
[2019.05.26-06.35.22:415][  0]LogPakFile: Registered encryption key '00000000000000000000000000000000': 0 pak files mounted, 0 remain pending
[2019.05.26-06.35.22:432][  0]LogPakFile: Registered encryption key '00000000000000000000000000000000': 0 pak files mounted, 0 remain pending
[2019.05.26-06.35.22:454][  0]LogPakFile: Registered encryption key '00000000000000000000000000000000': 0 pak files mounted, 0 remain pending
[2019.05.26-06.35.22:461][  0]LogPakFile: Registered encryption key '00000000000000000000000000000000': 0 pak files mounted, 0 remain pending
[2019.05.26-06.35.22:468][  0]LogPakFile: Registered encryption key '00000000000000000000000000000000': 0 pak files mounted, 0 remain pending
[2019.05.26-06.35.22:539][  0]LogPakFile: Registered encryption key '00000000000000000000000000000000': 0 pak files mounted, 0 remain pending
[2019.05.26-06.35.26:049][  0]LogContentBrowser: Native class hierarchy updated for 'AddContentDialog' in 0.0003 seconds. Added 0 classes and 0 folders.
[2019.05.26-06.35.26:114][  0]LogContentBrowser: Native class hierarchy updated for 'SceneOutliner' in 0.0003 seconds. Added 1 classes and 2 folders.
[2019.05.26-06.35.27:723][  0]LogSlate: Took 0.000172 seconds to synchronously load lazily loaded font '../../../Engine/Content/Slate/Fonts/Roboto-Regular.ttf' (155K)
[2019.05.26-06.35.27:734][  0]LogSlate: Took 0.002516 seconds to synchronously load lazily loaded font '../../../Engine/Content/Slate/Fonts/DroidSansFallback.ttf' (3848K)
[2019.05.26-06.35.29:000][  0]LogSlate: Took 0.000124 seconds to synchronously load lazily loaded font '../../../Engine/Content/Slate/Fonts/Roboto-Bold.ttf' (160K)
[2019.05.26-06.35.29:017][  0]LogSlate: Took 0.015471 seconds to synchronously load lazily loaded font '../../../Engine/Content/Editor/Slate/Fonts/FontAwesome.ttf' (139K)
[2019.05.26-06.35.29:947][  0]LogRenderer: Reallocating scene render targets to support 1160x488 Format 10 NumSamples 1 (Frame:1).
[2019.05.26-06.35.32:383][  0]LogContentBrowser: Native class hierarchy updated for 'HierarchicalLODOutliner' in 0.0003 seconds. Added 0 classes and 0 folders.
[2019.05.26-06.35.32:383][  0]LogLoad: (Engine Initialization) Total time: 25.88 seconds
[2019.05.26-06.35.32:383][  0]LogLoad: (Engine Initialization) Total Blueprint compile time: 0.00 seconds
[2019.05.26-06.35.32:849][  0]LogWindowsTextInputMethodSystem: Display: IME system now activated using TSF (微软拼音).
[2019.05.26-06.35.34:426][  0]LogContentStreaming: Texture pool size now 1000 MB
[2019.05.26-06.35.35:307][  1]LogSlate: Took 0.056462 seconds to synchronously load lazily loaded font '../../../Engine/Content/Slate/Fonts/Roboto-Light.ttf' (167K)
[2019.05.26-06.35.35:333][  2]LogAssetRegistry: Asset discovery search completed in 24.4326 seconds
[2019.05.26-06.35.35:334][  2]LogCollectionManager: Rebuilt the object cache for 0 collections in 0.000000 seconds (found 0 objects)
[2019.05.26-06.35.35:334][  2]LogCollectionManager: Fixed up redirectors for 0 collections in 0.000039 seconds (updated 0 objects)
[2019.05.26-06.37.23:866][720]LogSlate: FSceneViewport::OnFocusLost() reason 0
[2019.05.26-06.37.38:970][577]LogSlate: Took 0.000190 seconds to synchronously load lazily loaded font '../../../Engine/Content/Slate/Fonts/Roboto-Light.ttf' (167K)
[2019.05.26-06.37.38:991][577]LogAssetEditorManager: Opening Asset editor for Class /Script/finalproC.finalproCPawn
[2019.05.26-06.42.32:771][698]LogHttp: Warning: 0000022943601D00: HTTP request timed out after 180.00 seconds URL=https://datarouter.ol.epicgames.com/datarouter/api/v1/public/data?SessionID=%7B45BC2C59-41B0-FE2C-9EA8-C188BF16FB74%7D&AppID=UEEditor.Rocket.Release&AppVersion=4.22.0-5660361%2B%2B%2BUE4%2BRelease-4.22&UserID=650b7c81497c16e66da3ffabbab3788c%7C261b954ac9284c73b9e3eaa25985c37f%7C35d180fb-92ce-4f88-a91d-1f6601de1816&AppEnvironment=datacollector-binary&UploadType=eteventstream
[2019.05.26-06.42.32:771][698]LogHttp: Warning: 0000022943601D00: request failed, libcurl error: 0 (No error)
[2019.05.26-06.42.32:771][698]LogHttp: Warning: 0000022943601D00: libcurl info message cache 0 (Found bundle for host datarouter.ol.epicgames.com: 0x22913b63f70 [can pipeline])
[2019.05.26-06.42.32:771][698]LogHttp: Warning: 0000022943601D00: libcurl info message cache 1 (Re-using existing connection! (#0) with host datarouter.ol.epicgames.com)
[2019.05.26-06.42.32:771][698]LogHttp: Warning: 0000022943601D00: libcurl info message cache 2 (Connected to datarouter.ol.epicgames.com (54.86.3.71) port 443 (#0))
[2019.05.26-06.42.32:771][698]LogHttp: Warning: 0000022943601D00: libcurl info message cache 3 (We are completely uploaded and fine)
[2019.05.26-06.42.32:771][698]LogHttp: Warning: 0000022943601D00: libcurl info message cache 4 (Closing connection 0)
[2019.05.26-06.42.32:771][698]LogHttp: Warning: 0000022943601D00: libcurl info message cache 5 (TLSv1.2 (OUT), TLS alert, Client hello (1):)
[2019.05.26-06.42.32:771][698]LogHttp: Warning: Retry exhausted on https://datarouter.ol.epicgames.com/datarouter/api/v1/public/data?SessionID=%7B45BC2C59-41B0-FE2C-9EA8-C188BF16FB74%7D&AppID=UEEditor.Rocket.Release&AppVersion=4.22.0-5660361%2B%2B%2BUE4%2BRelease-4.22&UserID=650b7c81497c16e66da3ffabbab3788c%7C261b954ac9284c73b9e3eaa25985c37f%7C35d180fb-92ce-4f88-a91d-1f6601de1816&AppEnvironment=datacollector-binary&UploadType=eteventstream
[2019.05.26-06.43.57:451][471]LogAssetEditorManager: Opening Asset editor for Class /Script/finalproC.finalproCPawn
[2019.05.26-07.35.05:104][759]LogHttp: Warning: 00000229435FA840: request failed, libcurl error: 56 (Failure when receiving data from the peer)
[2019.05.26-07.35.05:143][759]LogHttp: Warning: 00000229435FA840: libcurl info message cache 0 (Found bundle for host datarouter.ol.epicgames.com: 0x22913b63f70 [can pipeline])
[2019.05.26-07.35.05:144][759]LogHttp: Warning: 00000229435FA840: libcurl info message cache 1 (Re-using existing connection! (#20) with host datarouter.ol.epicgames.com)
[2019.05.26-07.35.05:144][759]LogHttp: Warning: 00000229435FA840: libcurl info message cache 2 (Connected to datarouter.ol.epicgames.com (23.20.51.18) port 443 (#20))
[2019.05.26-07.35.05:144][759]LogHttp: Warning: 00000229435FA840: libcurl info message cache 3 (We are completely uploaded and fine)
[2019.05.26-07.35.05:144][759]LogHttp: Warning: 00000229435FA840: libcurl info message cache 4 (OpenSSL SSL_read: SSL_ERROR_SYSCALL, errno 10054)
[2019.05.26-07.35.05:144][759]LogHttp: Warning: 00000229435FA840: libcurl info message cache 5 (Connection died, retrying a fresh connect)
[2019.05.26-07.35.05:144][759]LogHttp: Warning: 00000229435FA840: libcurl info message cache 6 (necessary data rewind wasn't possible)
[2019.05.26-07.35.05:144][759]LogHttp: Warning: 00000229435FA840: libcurl info message cache 7 (Closing connection 20)
[2019.05.26-07.35.05:153][760]LogHttp: Warning: Retry exhausted on https://datarouter.ol.epicgames.com/datarouter/api/v1/public/data?SessionID=%7B45BC2C59-41B0-FE2C-9EA8-C188BF16FB74%7D&AppID=UEEditor.Rocket.Release&AppVersion=4.22.0-5660361%2B%2B%2BUE4%2BRelease-4.22&UserID=650b7c81497c16e66da3ffabbab3788c%7C261b954ac9284c73b9e3eaa25985c37f%7C35d180fb-92ce-4f88-a91d-1f6601de1816&AppEnvironment=datacollector-binary&UploadType=eteventstream
[2019.05.26-07.46.03:229][781]LogUObjectHash: Compacting FUObjectHashTables data took  43.36ms
[2019.05.26-07.46.04:367][781]LogSlate: Window 'finalproC - 虚幻编辑器' being destroyed
[2019.05.26-07.46.04:388][781]LogWindowsTextInputMethodSystem: Display: IME system now activated using TSF (微软拼音).
[2019.05.26-07.46.06:829][782]Cmd: QUIT_EDITOR
[2019.05.26-07.46.08:190][782]LogExit: Preparing to exit.
[2019.05.26-07.46.34:187][782]LogExit: Editor shut down
[2019.05.26-07.46.34:189][782]LogExit: Transaction tracking system shut down
[2019.05.26-07.46.54:024][782]LogExit: Object subsystem successfully closed.
[2019.05.26-07.46.54:919][782]LogShaderCompilers: Display: Shaders left to compile 0
[2019.05.26-07.46.54:945][782]LogD3D11RHI: Shutdown
[2019.05.26-07.46.54:945][782]LogD3D11RHI: CleanupD3DDevice
[2019.05.26-07.46.55:204][782]LogRendererCore: FGlobalReadBuffer::ReleaseRHI
[2019.05.26-07.46.55:204][782]LogRendererCore: FGlobalDynamicReadBuffer::Cleanup()
[2019.05.26-07.46.55:486][782]LogRendererCore: FGlobalReadBuffer::ReleaseRHI
[2019.05.26-07.46.55:486][782]LogRendererCore: FGlobalDynamicReadBuffer::Cleanup()
[2019.05.26-07.46.55:486][782]LogRendererCore: FGlobalReadBuffer::ReleaseRHI
[2019.05.26-07.46.55:486][782]LogRendererCore: FGlobalDynamicReadBuffer::Cleanup()
[2019.05.26-07.46.55:894][782]LogD3D11RHI: ~FD3D11DynamicRHI
[2019.05.26-07.47.07:642][782]LogModuleManager: Shutting down and abandoning module HierarchicalLODOutliner (644)
[2019.05.26-07.47.07:658][782]LogModuleManager: Shutting down and abandoning module SceneOutliner (642)
[2019.05.26-07.47.07:658][782]LogModuleManager: Shutting down and abandoning module AddContentDialog (640)
[2019.05.26-07.47.07:757][782]LogModuleManager: Shutting down and abandoning module WidgetCarousel (639)
[2019.05.26-07.47.07:757][782]LogModuleManager: Shutting down and abandoning module EditorWidgets (636)
[2019.05.26-07.47.07:757][782]LogModuleManager: Shutting down and abandoning module CollectionManager (634)
[2019.05.26-07.47.07:807][782]LogModuleManager: Shutting down and abandoning module StatsViewer (632)
[2019.05.26-07.47.07:854][782]LogModuleManager: Shutting down and abandoning module FoliageEdit (630)
[2019.05.26-07.47.07:908][782]LogModuleManager: Shutting down and abandoning module LandscapeEditor (628)
[2019.05.26-07.47.08:076][782]LogModuleManager: Shutting down and abandoning module MeshPaintMode (626)
[2019.05.26-07.47.08:103][782]LogModuleManager: Shutting down and abandoning module SceneDepthPickerMode (624)
[2019.05.26-07.47.08:103][782]LogModuleManager: Shutting down and abandoning module ActorPickerMode (622)
[2019.05.26-07.47.08:103][782]LogModuleManager: Shutting down and abandoning module GeometryMode (620)
[2019.05.26-07.47.08:103][782]LogModuleManager: Shutting down and abandoning module TextureAlignMode (618)
[2019.05.26-07.47.08:103][782]LogModuleManager: Shutting down and abandoning module BspMode (616)
[2019.05.26-07.47.08:122][782]LogModuleManager: Shutting down and abandoning module PIEPreviewDeviceProfileSelector (614)
[2019.05.26-07.47.08:212][782]LogModuleManager: Shutting down and abandoning module SequenceRecorderSections (612)
[2019.05.26-07.47.08:212][782]LogModuleManager: Shutting down and abandoning module AutomationWorker (610)
[2019.05.26-07.47.08:237][782]LogModuleManager: Shutting down and abandoning module OculusMR (608)
[2019.05.26-07.47.08:237][782]LogModuleManager: Shutting down and abandoning module AudioCaptureEditor (606)
[2019.05.26-07.47.08:260][782]LogModuleManager: Shutting down and abandoning module MatineeToLevelSequence (604)
[2019.05.26-07.47.08:390][782]LogModuleManager: Shutting down and abandoning module LevelSequenceEditor (602)
[2019.05.26-07.47.09:143][782]LogModuleManager: Shutting down and abandoning module PlacementMode (601)
[2019.05.26-07.47.09:143][782]LogModuleManager: Shutting down and abandoning module MaterialEditor (600)
[2019.05.26-07.47.10:273][782]LogModuleManager: Shutting down and abandoning module ActorSequenceEditor (596)
[2019.05.26-07.47.10:399][782]LogModuleManager: Shutting down and abandoning module WmfMediaFactory (594)
[2019.05.26-07.47.10:399][782]LogModuleManager: Shutting down and abandoning module WmfMediaEditor (592)
[2019.05.26-07.47.10:399][782]LogModuleManager: Shutting down and abandoning module WebMMediaFactory (590)
[2019.05.26-07.47.10:399][782]LogModuleManager: Shutting down and abandoning module WebMMediaEditor (588)
[2019.05.26-07.47.10:399][782]LogModuleManager: Shutting down and abandoning module WebMMedia (586)
[2019.05.26-07.47.10:432][782]LogModuleManager: Shutting down and abandoning module MediaPlayerEditor (584)
[2019.05.26-07.47.10:467][782]LogModuleManager: Shutting down and abandoning module MediaCompositingEditor (582)
[2019.05.26-07.47.10:730][782]LogModuleManager: Shutting down and abandoning module SequenceRecorder (581)
[2019.05.26-07.47.10:754][782]LogModuleManager: Shutting down and abandoning module OpenExrWrapper (578)
[2019.05.26-07.47.10:754][782]LogModuleManager: Shutting down and abandoning module ImgMediaFactory (576)
[2019.05.26-07.47.10:754][782]LogModuleManager: Shutting down and abandoning module ImgMediaEditor (574)
[2019.05.26-07.47.10:754][782]LogModuleManager: Shutting down and abandoning module AvfMediaFactory (572)
[2019.05.26-07.47.10:754][782]LogModuleManager: Shutting down and abandoning module AvfMediaEditor (570)
[2019.05.26-07.47.10:754][782]LogModuleManager: Shutting down and abandoning module AndroidMediaFactory (568)
[2019.05.26-07.47.10:754][782]LogModuleManager: Shutting down and abandoning module AndroidMediaEditor (566)
[2019.05.26-07.47.10:754][782]LogModuleManager: Shutting down and abandoning module MagicLeapCameraPreviewFactory (564)
[2019.05.26-07.47.10:754][782]LogModuleManager: Shutting down and abandoning module MagicLeapMediaCodecFactory (562)
[2019.05.26-07.47.10:754][782]LogModuleManager: Shutting down and abandoning module MagicLeapMediaFactory (560)
[2019.05.26-07.47.10:754][782]LogModuleManager: Shutting down and abandoning module MagicLeapMediaEditor (558)
[2019.05.26-07.47.10:754][782]LogModuleManager: Shutting down and abandoning module CharacterAI (556)
[2019.05.26-07.47.10:754][782]LogModuleManager: Shutting down and abandoning module SmartSnapping (554)
[2019.05.26-07.47.10:776][782]LogModuleManager: Shutting down and abandoning module SessionServices (552)
[2019.05.26-07.47.10:776][782]LogModuleManager: Shutting down and abandoning module MeshPaint (550)
[2019.05.26-07.47.10:879][782]LogModuleManager: Shutting down and abandoning module ViewportSnapping (548)
[2019.05.26-07.47.10:879][782]LogModuleManager: Shutting down and abandoning module ViewportInteraction (546)
[2019.05.26-07.47.11:085][782]LogModuleManager: Shutting down and abandoning module ClothPainter (544)
[2019.05.26-07.47.11:578][782]LogModuleManager: Shutting down and abandoning module SkeletalMeshEditor (543)
[2019.05.26-07.47.11:863][782]LogModuleManager: Shutting down and abandoning module LogVisualizer (540)
[2019.05.26-07.47.11:985][782]LogModuleManager: Shutting down and abandoning module IntroTutorials (538)
[2019.05.26-07.47.13:531][782]LogModuleManager: Shutting down and abandoning module GameProjectGeneration (537)
[2019.05.26-07.47.13:784][782]LogModuleManager: Shutting down and abandoning module LuminPlatformEditor (534)
[2019.05.26-07.47.13:784][782]LogModuleManager: Shutting down and abandoning module IOSPlatformEditor (532)
[2019.05.26-07.47.13:784][782]LogModuleManager: Shutting down and abandoning module HTML5PlatformEditor (530)
[2019.05.26-07.47.13:784][782]LogModuleManager: Shutting down and abandoning module AndroidPlatformEditor (528)
[2019.05.26-07.47.14:234][782]LogModuleManager: Shutting down and abandoning module AndroidDeviceDetection (527)
[2019.05.26-07.47.15:160][782]LogModuleManager: Shutting down and abandoning module WindowsPlatformEditor (524)
[2019.05.26-07.47.15:160][782]LogModuleManager: Shutting down and abandoning module LuminRuntimeSettings (522)
[2019.05.26-07.47.15:160][782]LogModuleManager: Shutting down and abandoning module IOSRuntimeSettings (520)
[2019.05.26-07.47.15:160][782]LogModuleManager: Shutting down and abandoning module AndroidRuntimeSettings (518)
[2019.05.26-07.47.15:160][782]LogModuleManager: Shutting down and abandoning module TimeManagementEditor (516)
[2019.05.26-07.47.15:160][782]LogModuleManager: Shutting down and abandoning module InputBindingEditor (514)
[2019.05.26-07.47.15:262][782]LogModuleManager: Shutting down and abandoning module MergeActors (512)
[2019.05.26-07.47.15:382][782]LogModuleManager: Shutting down and abandoning module LocalizationDashboard (510)
[2019.05.26-07.47.15:440][782]LogModuleManager: Shutting down and abandoning module LocalizationService (509)
[2019.05.26-07.47.15:467][782]LogModuleManager: Shutting down and abandoning module HardwareTargeting (506)
[2019.05.26-07.47.15:467][782]LogModuleManager: Shutting down and abandoning module DeviceProfileEditor (504)
[2019.05.26-07.47.15:674][782]LogModuleManager: Shutting down and abandoning module UndoHistory (502)
[2019.05.26-07.47.15:912][782]LogModuleManager: Shutting down and abandoning module XmlParser (500)
[2019.05.26-07.47.15:929][782]LogModuleManager: Shutting down and abandoning module Blutility (498)
[2019.05.26-07.47.15:932][782]LogModuleManager: Shutting down and abandoning module ProjectSettingsViewer (496)
[2019.05.26-07.47.15:932][782]LogModuleManager: Shutting down and abandoning module ProjectTargetPlatformEditor (495)
[2019.05.26-07.47.15:985][782]LogModuleManager: Shutting down and abandoning module EditorSettingsViewer (492)
[2019.05.26-07.47.15:985][782]LogModuleManager: Shutting down and abandoning module SettingsEditor (490)
[2019.05.26-07.47.16:230][782]LogModuleManager: Shutting down and abandoning module ProjectLauncher (488)
[2019.05.26-07.47.16:725][782]LogModuleManager: Shutting down and abandoning module SessionFrontend (486)
[2019.05.26-07.47.16:743][782]LogModuleManager: Shutting down and abandoning module ProfilerClient (484)
[2019.05.26-07.47.17:033][782]LogModuleManager: Shutting down and abandoning module DeviceManager (482)
[2019.05.26-07.47.17:227][782]LogModuleManager: Shutting down and abandoning module TargetDeviceServices (481)
[2019.05.26-07.47.17:274][782]LogModuleManager: Shutting down and abandoning module AutomationController (478)
[2019.05.26-07.47.17:301][782]LogModuleManager: Shutting down and abandoning module AutomationWindow (476)
[2019.05.26-07.47.17:501][782]LogModuleManager: Shutting down and abandoning module Layers (474)
[2019.05.26-07.47.18:643][782]LogModuleManager: Shutting down and abandoning module ComponentVisualizers (472)
[2019.05.26-07.47.18:643][782]LogModuleManager: Shutting down and abandoning module DetailCustomizations (470)
[2019.05.26-07.47.18:786][782]LogModuleManager: Shutting down and abandoning module PackagesDialog (468)
[2019.05.26-07.47.18:900][782]LogModuleManager: Shutting down and abandoning module AnimationBlueprintEditor (466)
[2019.05.26-07.47.19:232][782]LogModuleManager: Shutting down and abandoning module Persona (464)
[2019.05.26-07.47.19:395][782]LogModuleManager: Shutting down and abandoning module AdvancedPreviewScene (463)
[2019.05.26-07.47.19:396][782]LogModuleManager: Shutting down and abandoning module AnimGraph (461)
[2019.05.26-07.47.19:396][782]LogModuleManager: Shutting down and abandoning module Kismet (458)
[2019.05.26-07.47.19:506][782]LogModuleManager: Shutting down and abandoning module GraphEditor (456)
[2019.05.26-07.47.19:964][782]LogModuleManager: Shutting down and abandoning module ClassViewer (454)
[2019.05.26-07.47.19:964][782]LogModuleManager: Shutting down and abandoning module Toolbox (452)
[2019.05.26-07.47.19:964][782]LogModuleManager: Shutting down and abandoning module DesktopPlatform (451)
[2019.05.26-07.47.19:977][782]LogModuleManager: Shutting down and abandoning module ModuleUI (448)
[2019.05.26-07.47.20:058][782]LogModuleManager: Shutting down and abandoning module MovieSceneTools (446)
[2019.05.26-07.47.20:080][782]LogModuleManager: Shutting down and abandoning module OutputLog (444)
[2019.05.26-07.47.20:081][782]LogModuleManager: Shutting down and abandoning module GammaUI (442)
[2019.05.26-07.47.20:103][782]LogModuleManager: Shutting down and abandoning module Documentation (440)
[2019.05.26-07.47.20:103][782]LogModuleManager: Shutting down and abandoning module LiveCoding (438)
[2019.05.26-07.47.20:145][782]LogModuleManager: Shutting down and abandoning module LevelSequence (436)
[2019.05.26-07.47.20:145][782]LogModuleManager: Shutting down and abandoning module MovieSceneTracks (434)
[2019.05.26-07.47.20:153][782]LogModuleManager: Shutting down and abandoning module MovieScene (432)
[2019.05.26-07.47.20:177][782]LogModuleManager: Shutting down and abandoning module StreamingPauseRendering (430)
[2019.05.26-07.47.20:208][782]LogModuleManager: Shutting down and abandoning module LauncherPlatform (428)
[2019.05.26-07.47.20:209][782]LogModuleManager: Shutting down and abandoning module AnalyticsET (426)
[2019.05.26-07.47.20:209][782]LogModuleManager: Shutting down and abandoning module PortalServices (424)
[2019.05.26-07.47.20:209][782]LogModuleManager: Shutting down and abandoning module PortalRpc (422)
[2019.05.26-07.47.20:209][782]LogModuleManager: Shutting down and abandoning module MessagingRpc (420)
[2019.05.26-07.47.20:209][782]LogModuleManager: Shutting down and abandoning module AIModule (418)
[2019.05.26-07.47.20:286][782]LogModuleManager: Shutting down and abandoning module GameplayDebugger (417)
[2019.05.26-07.47.20:296][782]LogModuleManager: Shutting down and abandoning module AITestSuite (415)
[2019.05.26-07.47.20:297][782]LogModuleManager: Shutting down and abandoning module NavigationSystem (413)
[2019.05.26-07.47.20:315][782]LogModuleManager: Shutting down and abandoning module ImageWriteQueue (410)
[2019.05.26-07.47.20:320][782]LogModuleManager: Shutting down and abandoning module ProfilerService (408)
[2019.05.26-07.47.20:678][782]LogModuleManager: Shutting down and abandoning module TaskGraph (406)
[2019.05.26-07.47.20:712][782]LogModuleManager: Shutting down and abandoning module SteamVRController (404)
[2019.05.26-07.47.20:712][782]LogModuleManager: Shutting down and abandoning module ProceduralMeshComponentEditor (402)
[2019.05.26-07.47.20:729][782]LogModuleManager: Shutting down and abandoning module ProceduralMeshComponent (400)
[2019.05.26-07.47.20:745][782]LogModuleManager: Shutting down and abandoning module OculusEditor (398)
[2019.05.26-07.47.20:770][782]LogModuleManager: Shutting down and abandoning module OculusInput (396)
[2019.05.26-07.47.20:770][782]LogModuleManager: Shutting down and abandoning module MobilePatchingUtils (394)
[2019.05.26-07.47.20:770][782]LogModuleManager: Shutting down and abandoning module EditableMesh (392)
[2019.05.26-07.47.20:809][782]LogModuleManager: Shutting down and abandoning module CustomMeshComponent (390)
[2019.05.26-07.47.20:809][782]LogModuleManager: Shutting down and abandoning module CableComponent (388)
[2019.05.26-07.47.20:824][782]LogModuleManager: Shutting down and abandoning module AudioCapture (386)
[2019.05.26-07.47.20:824][782]LogModuleManager: Shutting down and abandoning module ArchVisCharacter (384)
[2019.05.26-07.47.20:824][782]LogModuleManager: Shutting down and abandoning module AndroidPermission (382)
[2019.05.26-07.47.20:824][782]LogModuleManager: Shutting down and abandoning module NUTUnrealEngine4 (380)
[2019.05.26-07.47.20:888][782]LogModuleManager: Shutting down and abandoning module NetcodeUnitTest (378)
[2019.05.26-07.47.21:184][782]LogModuleManager: Shutting down and abandoning module MediaCompositing (376)
[2019.05.26-07.47.21:184][782]LogModuleManager: Shutting down and abandoning module LinearTimecode (374)
[2019.05.26-07.47.21:184][782]LogModuleManager: Shutting down and abandoning module ImgMedia (372)
[2019.05.26-07.47.21:190][782]LogModuleManager: Shutting down and abandoning module MagicLeapHelperVulkan (370)
[2019.05.26-07.47.21:190][782]LogModuleManager: Shutting down and abandoning module MagicLeapHelperOpenGL (368)
[2019.05.26-07.47.21:213][782]LogModuleManager: Shutting down and abandoning module MagicLeapAudio (366)
[2019.05.26-07.47.21:250][782]LogModuleManager: Shutting down and abandoning module HTML5Networking (364)
[2019.05.26-07.47.21:250][782]LogModuleManager: Shutting down and abandoning module GeometryCacheTracks (362)
[2019.05.26-07.47.21:250][782]LogModuleManager: Shutting down and abandoning module GeometryCacheSequencer (360)
[2019.05.26-07.47.21:250][782]LogModuleManager: Shutting down and abandoning module BackChannel (358)
[2019.05.26-07.47.21:273][782]LogModuleManager: Shutting down and abandoning module AppleVision (356)
[2019.05.26-07.47.21:273][782]LogModuleManager: Shutting down and abandoning module AppleImageUtilsBlueprintSupport (354)
[2019.05.26-07.47.21:273][782]LogModuleManager: Shutting down and abandoning module AppleImageUtils (352)
[2019.05.26-07.47.21:273][782]LogModuleManager: Shutting down and abandoning module AlembicImporter (350)
[2019.05.26-07.47.21:273][782]LogModuleManager: Shutting down and abandoning module AlembicLibrary (349)
[2019.05.26-07.47.21:273][782]LogModuleManager: Shutting down and abandoning module GeometryCache (348)
[2019.05.26-07.47.21:273][782]LogModuleManager: Shutting down and abandoning module GeometryCacheEd (347)
[2019.05.26-07.47.21:273][782]LogModuleManager: Shutting down and abandoning module VariantManagerContent (342)
[2019.05.26-07.47.21:369][782]LogModuleManager: Shutting down and abandoning module DatasmithContentEditor (340)
[2019.05.26-07.47.21:454][782]LogModuleManager: Shutting down and abandoning module SpeedTreeImporter (338)
[2019.05.26-07.47.21:454][782]LogModuleManager: Shutting down and abandoning module PluginBrowser (336)
[2019.05.26-07.47.21:560][782]LogModuleManager: Shutting down and abandoning module MobileLauncherProfileWizard (334)
[2019.05.26-07.47.21:576][782]LogModuleManager: Shutting down and abandoning module MaterialAnalyzer (332)
[2019.05.26-07.47.21:665][782]LogModuleManager: Shutting down and abandoning module CryptoKeysOpenSSL (330)
[2019.05.26-07.47.21:665][782]LogModuleManager: Shutting down and abandoning module CryptoKeys (328)
[2019.05.26-07.47.21:665][782]LogModuleManager: Shutting down and abandoning module VisualStudioSourceCodeAccess (326)
[2019.05.26-07.47.21:665][782]LogModuleManager: Shutting down and abandoning module VisualStudioCodeSourceCodeAccess (324)
[2019.05.26-07.47.21:665][782]LogModuleManager: Shutting down and abandoning module UObjectPlugin (322)
[2019.05.26-07.47.21:665][782]LogModuleManager: Shutting down and abandoning module SubversionSourceControl (320)
[2019.05.26-07.47.21:739][782]LogModuleManager: Shutting down and abandoning module PerforceSourceControl (318)
[2019.05.26-07.47.21:868][782]LogModuleManager: Shutting down and abandoning module GitSourceControl (316)
[2019.05.26-07.47.21:886][782]LogModuleManager: Shutting down and abandoning module SourceControl (315)
[2019.05.26-07.47.21:935][782]LogModuleManager: Shutting down and abandoning module CLionSourceCodeAccess (312)
[2019.05.26-07.47.21:937][782]LogModuleManager: Shutting down and abandoning module AnimationSharingEd (310)
[2019.05.26-07.47.21:937][782]LogModuleManager: Shutting down and abandoning module ActorLayerUtilitiesEditor (308)
[2019.05.26-07.47.21:937][782]LogModuleManager: Shutting down and abandoning module ActorLayerUtilities (306)
[2019.05.26-07.47.21:937][782]LogModuleManager: Shutting down and abandoning module LightPropagationVolumeEditor (304)
[2019.05.26-07.47.21:965][782]LogModuleManager: Shutting down and abandoning module PaperTiledImporter (302)
[2019.05.26-07.47.21:965][782]LogModuleManager: Shutting down and abandoning module PaperSpriteSheetImporter (300)
[2019.05.26-07.47.21:988][782]LogModuleManager: Shutting down and abandoning module Paper2DEditor (298)
[2019.05.26-07.47.22:064][782]LogModuleManager: Shutting down and abandoning module finalproC (296)
[2019.05.26-07.47.22:064][782]LogModuleManager: Shutting down and abandoning module SignificanceManager (294)
[2019.05.26-07.47.22:064][782]LogModuleManager: Shutting down and abandoning module RuntimePhysXCooking (292)
[2019.05.26-07.47.22:064][782]LogModuleManager: Shutting down and abandoning module PhysXVehiclesEditor (290)
[2019.05.26-07.47.22:064][782]LogModuleManager: Shutting down and abandoning module PhysXVehicles (288)
[2019.05.26-07.47.22:064][782]LogModuleManager: Shutting down and abandoning module LocationServicesBPLibrary (286)
[2019.05.26-07.47.22:064][782]LogModuleManager: Shutting down and abandoning module ActorSequence (284)
[2019.05.26-07.47.22:064][782]LogModuleManager: Shutting down and abandoning module UdpMessaging (282)
[2019.05.26-07.47.22:165][782]LogModuleManager: Shutting down and abandoning module TcpMessaging (280)
[2019.05.26-07.47.22:457][782]LogModuleManager: Shutting down and abandoning module MagicLeapIdentity (278)
[2019.05.26-07.47.22:457][782]LogModuleManager: Shutting down and abandoning module MagicLeapSecureStorage (276)
[2019.05.26-07.47.22:457][782]LogModuleManager: Shutting down and abandoning module MagicLeapHandTracking (274)
[2019.05.26-07.47.22:496][782]LogModuleManager: Shutting down and abandoning module MagicLeapEyeTracker (272)
[2019.05.26-07.47.22:496][782]LogModuleManager: Shutting down and abandoning module MagicLeapController (270)
[2019.05.26-07.47.22:574][782]LogSlate: Slate User Destroyed.  User Index 0, Is Virtual User: 0
[2019.05.26-07.47.22:575][782]LogModuleManager: Shutting down and abandoning module MagicLeapAR (268)
[2019.05.26-07.47.22:575][782]LogModuleManager: Shutting down and abandoning module AugmentedReality (267)
[2019.05.26-07.47.22:575][782]LogModuleManager: Shutting down and abandoning module GameplayTagsEditor (264)
[2019.05.26-07.47.22:721][782]LogModuleManager: Shutting down and abandoning module FacialAnimationEditor (262)
[2019.05.26-07.47.22:749][782]LogModuleManager: Shutting down and abandoning module FacialAnimation (260)
[2019.05.26-07.47.22:749][782]LogModuleManager: Shutting down and abandoning module DataValidation (258)
[2019.05.26-07.47.22:757][782]LogModuleManager: Shutting down and abandoning module AssetManagerEditor (256)
[2019.05.26-07.47.22:796][782]LogModuleManager: Shutting down and abandoning module LevelEditor (255)
[2019.05.26-07.47.23:078][782]LogModuleManager: Shutting down and abandoning module PixelInspectorModule (254)
[2019.05.26-07.47.23:158][782]LogModuleManager: Shutting down and abandoning module CommonMenuExtensions (252)
[2019.05.26-07.47.23:182][782]LogModuleManager: Shutting down and abandoning module MainFrame (250)
[2019.05.26-07.47.23:184][782]LogModuleManager: Shutting down and abandoning module HotReload (249)
[2019.05.26-07.47.23:331][782]LogModuleManager: Shutting down and abandoning module ContentBrowser (245)
[2019.05.26-07.47.23:600][782]LogModuleManager: Shutting down and abandoning module TreeMap (243)
[2019.05.26-07.47.23:639][782]LogModuleManager: Shutting down and abandoning module AnimationSharing (240)
[2019.05.26-07.47.23:639][782]LogModuleManager: Shutting down and abandoning module LightPropagationVolumeRuntime (238)
[2019.05.26-07.47.23:639][782]LogModuleManager: Shutting down and abandoning module AISupportModule (236)
[2019.05.26-07.47.23:639][782]LogModuleManager: Shutting down and abandoning module Paper2D (234)
[2019.05.26-07.47.23:708][782]LogModuleManager: Shutting down and abandoning module WindowsMoviePlayer (232)
[2019.05.26-07.47.23:882][782]LogModuleManager: Shutting down and abandoning module WebMMoviePlayer (230)
[2019.05.26-07.47.23:900][782]LogModuleManager: Shutting down and abandoning module PacketHandler (228)
[2019.05.26-07.47.23:910][782]LogModuleManager: Shutting down and abandoning module ClothingSystemEditor (226)
[2019.05.26-07.47.23:910][782]LogModuleManager: Shutting down and abandoning module ClothingSystemRuntime (224)
[2019.05.26-07.47.23:944][782]LogModuleManager: Shutting down and abandoning module MediaAssets (222)
[2019.05.26-07.47.23:968][782]LogModuleManager: Shutting down and abandoning module Overlay (220)
[2019.05.26-07.47.23:968][782]LogModuleManager: Shutting down and abandoning module OverlayEditor (219)
[2019.05.26-07.47.23:968][782]LogModuleManager: Shutting down and abandoning module VREditor (216)
[2019.05.26-07.47.24:000][782]LogModuleManager: Shutting down and abandoning module StringTableEditor (214)
[2019.05.26-07.47.24:057][782]LogModuleManager: Shutting down and abandoning module GameplayTasksEditor (212)
[2019.05.26-07.47.24:057][782]LogModuleManager: Shutting down and abandoning module BehaviorTreeEditor (210)
[2019.05.26-07.47.24:211][782]LogModuleManager: Shutting down and abandoning module FunctionalTesting (208)
[2019.05.26-07.47.24:239][782]LogModuleManager: Shutting down and abandoning module CollisionAnalyzer (206)
[2019.05.26-07.47.24:346][782]LogModuleManager: Shutting down and abandoning module WorkspaceMenuStructure (205)
[2019.05.26-07.47.24:395][782]LogModuleManager: Shutting down and abandoning module UMG (202)
[2019.05.26-07.47.24:527][782]LogModuleManager: Shutting down and abandoning module UMGEditor (201)
[2019.05.26-07.47.25:113][782]LogModuleManager: Shutting down and abandoning module Sequencer (200)
[2019.05.26-07.47.25:384][782]LogModuleManager: Shutting down and abandoning module MessageLog (197)
[2019.05.26-07.47.25:582][782]LogModuleManager: Shutting down and abandoning module SlateReflector (192)
[2019.05.26-07.47.25:675][782]LogModuleManager: Shutting down and abandoning module Slate (190)
[2019.05.26-07.47.25:675][782]LogModuleManager: Shutting down and abandoning module EditorStyle (188)
[2019.05.26-07.47.25:690][782]LogModuleManager: Shutting down and abandoning module UnrealEd (186)
[2019.05.26-07.47.26:078][782]LogModuleManager: Shutting down and abandoning module MRMesh (184)
[2019.05.26-07.47.26:078][782]LogModuleManager: Shutting down and abandoning module SourceCodeAccess (182)
[2019.05.26-07.47.26:078][782]LogModuleManager: Shutting down and abandoning module HeadMountedDisplay (180)
[2019.05.26-07.47.26:250][782]LogModuleManager: Shutting down and abandoning module XAudio2 (178)
[2019.05.26-07.47.26:250][782]LogModuleManager: Shutting down and abandoning module Networking (176)
[2019.05.26-07.47.26:250][782]LogModuleManager: Shutting down and abandoning module Core (174)
[2019.05.26-07.47.26:250][782]LogModuleManager: Shutting down and abandoning module KismetCompiler (172)
[2019.05.26-07.47.26:250][782]LogModuleManager: Shutting down and abandoning module MeshUtilities (170)
[2019.05.26-07.47.26:250][782]LogModuleManager: Shutting down and abandoning module MeshMergeUtilities (169)
[2019.05.26-07.47.26:344][782]LogModuleManager: Shutting down and abandoning module MeshReductionInterface (168)
[2019.05.26-07.47.26:344][782]LogModuleManager: Shutting down and abandoning module SkeletalMeshReduction (167)
[2019.05.26-07.47.26:441][782]LogModuleManager: Shutting down and abandoning module ProxyLODMeshReduction (165)
[2019.05.26-07.47.26:805][782]LogModuleManager: Shutting down and abandoning module QuadricMeshReduction (163)
[2019.05.26-07.47.26:829][782]LogModuleManager: Shutting down and abandoning module MaterialBaking (159)
[2019.05.26-07.47.26:887][782]LogModuleManager: Shutting down and abandoning module DerivedDataCache (154)
[2019.05.26-07.47.26:975][782]LogDerivedDataCache: Shutdown
[2019.05.26-07.47.26:975][782]LogModuleManager: Shutting down and abandoning module XGEController (152)
[2019.05.26-07.47.27:399][782]LogModuleManager: Shutting down and abandoning module TargetPlatform (150)
[2019.05.26-07.47.27:804][782]LogModuleManager: Shutting down and abandoning module VulkanShaderFormat (149)
[2019.05.26-07.47.27:839][782]LogModuleManager: Shutting down and abandoning module ShaderFormatVectorVM (147)
[2019.05.26-07.47.27:921][782]LogModuleManager: Shutting down and abandoning module ShaderFormatOpenGL (145)
[2019.05.26-07.47.28:129][782]LogModuleManager: Shutting down and abandoning module ShaderFormatD3D (143)
[2019.05.26-07.47.28:232][782]LogModuleManager: Shutting down and abandoning module MetalShaderFormat (141)
[2019.05.26-07.47.28:486][782]LogModuleManager: Shutting down and abandoning module TextureFormatUncompressed (139)
[2019.05.26-07.47.28:540][782]LogModuleManager: Shutting down and abandoning module TextureFormatPVR (137)
[2019.05.26-07.47.28:540][782]LogModuleManager: Shutting down and abandoning module TextureFormatDXT (135)
[2019.05.26-07.47.28:636][782]LogModuleManager: Shutting down and abandoning module TextureFormatIntelISPCTexComp (133)
[2019.05.26-07.47.28:811][782]LogModuleManager: Shutting down and abandoning module TextureFormatASTC (131)
[2019.05.26-07.47.28:811][782]LogModuleManager: Shutting down and abandoning module ImageWrapper (130)
[2019.05.26-07.47.28:811][782]LogModuleManager: Shutting down and abandoning module TextureFormatAndroid (127)
[2019.05.26-07.47.28:811][782]LogModuleManager: Shutting down and abandoning module AudioFormatOpus (125)
[2019.05.26-07.47.29:268][782]LogModuleManager: Shutting down and abandoning module AudioFormatOgg (123)
[2019.05.26-07.47.29:268][782]LogModuleManager: Shutting down and abandoning module AudioFormatADPCM (121)
[2019.05.26-07.47.29:482][782]LogModuleManager: Shutting down and abandoning module LuminTargetPlatform (119)
[2019.05.26-07.47.29:969][782]LogModuleManager: Shutting down and abandoning module LinuxTargetPlatform (117)
[2019.05.26-07.47.29:970][782]LogModuleManager: Shutting down and abandoning module LinuxServerTargetPlatform (115)
[2019.05.26-07.47.30:028][782]LogModuleManager: Shutting down and abandoning module LinuxNoEditorTargetPlatform (113)
[2019.05.26-07.47.30:136][782]LogModuleManager: Shutting down and abandoning module LinuxClientTargetPlatform (111)
[2019.05.26-07.47.30:785][782]LogModuleManager: Shutting down and abandoning module TVOSTargetPlatform (109)
[2019.05.26-07.47.31:597][782]LogModuleManager: Shutting down and abandoning module Messaging (107)
[2019.05.26-07.47.31:597][782]LogModuleManager: Shutting down and abandoning module IOSTargetPlatform (105)
[2019.05.26-07.47.31:609][782]LogModuleManager: Shutting down and abandoning module HTML5TargetPlatform (103)
[2019.05.26-07.47.31:609][782]LogModuleManager: Shutting down and abandoning module AndroidTargetPlatform (101)
[2019.05.26-07.47.31:661][782]LogModuleManager: Shutting down and abandoning module WindowsTargetPlatform (99)
[2019.05.26-07.47.31:661][782]LogModuleManager: Shutting down and abandoning module WindowsServerTargetPlatform (97)
[2019.05.26-07.47.31:662][782]LogModuleManager: Shutting down and abandoning module WindowsNoEditorTargetPlatform (95)
[2019.05.26-07.47.31:662][782]LogModuleManager: Shutting down and abandoning module WindowsClientTargetPlatform (93)
[2019.05.26-07.47.31:662][782]LogModuleManager: Shutting down and abandoning module MacTargetPlatform (91)
[2019.05.26-07.47.31:662][782]LogModuleManager: Shutting down and abandoning module MacServerTargetPlatform (89)
[2019.05.26-07.47.31:662][782]LogModuleManager: Shutting down and abandoning module MacNoEditorTargetPlatform (87)
[2019.05.26-07.47.31:662][782]LogModuleManager: Shutting down and abandoning module MacClientTargetPlatform (85)
[2019.05.26-07.47.31:936][782]LogModuleManager: Shutting down and abandoning module AllDesktopTargetPlatform (83)
[2019.05.26-07.47.31:936][782]LogModuleManager: Shutting down and abandoning module InputCore (80)
[2019.05.26-07.47.31:937][782]LogModuleManager: Shutting down and abandoning module Settings (78)
[2019.05.26-07.47.31:939][782]LogModuleManager: Shutting down and abandoning module DirectoryWatcher (76)
[2019.05.26-07.47.31:953][782]LogModuleManager: Shutting down and abandoning module PhysXCooking (74)
[2019.05.26-07.47.31:953][782]LogModuleManager: Shutting down and abandoning module SteamVR (72)
[2019.05.26-07.47.32:357][782]LogHMD: Freeing OpenVRDLLHandle.
[2019.05.26-07.47.32:540][782]LogModuleManager: Shutting down and abandoning module OculusHMD (70)
[2019.05.26-07.47.32:595][782]LogModuleManager: Shutting down and abandoning module ExampleDeviceProfileSelector (68)
[2019.05.26-07.47.32:595][782]LogModuleManager: Shutting down and abandoning module LauncherChunkInstaller (66)
[2019.05.26-07.47.32:595][782]LogModuleManager: Shutting down and abandoning module OnlineBlueprintSupport (64)
[2019.05.26-07.47.32:595][782]LogModuleManager: Shutting down and abandoning module OnlineSubsystem (60)
[2019.05.26-07.47.33:512][782]LogModuleManager: Shutting down and abandoning module XMPP (55)
[2019.05.26-07.47.33:913][782]LogModuleManager: Shutting down and abandoning module WebSockets (54)
[2019.05.26-07.47.34:623][782]LogModuleManager: Shutting down and abandoning module HTTP (51)
[2019.05.26-07.47.34:623][782]LogHttp: Display: Http module shutting down, but needs to wait on 1 outstanding Http requests:
[2019.05.26-07.47.34:623][782]LogHttp: Display: 	verb=[POST] url=[https://datarouter.ol.epicgames.com/datarouter/api/v1/public/data?SessionID=%7B45BC2C59-41B0-FE2C-9EA8-C188BF16FB74%7D&AppID=UEEditor.Rocket.Release&AppVersion=4.22.0-5660361%2B%2B%2BUE4%2BRelease-4.22&UserID=650b7c81497c16e66da3ffabbab3788c%7C261b954ac9284c73b9e3eaa25985c37f%7C35d180fb-92ce-4f88-a91d-1f6601de1816&AppEnvironment=datacollector-binary&UploadType=eteventstream] status=Processing
[2019.05.26-07.47.34:654][782]LogModuleManager: Shutting down and abandoning module SSL (50)
[2019.05.26-07.47.34:658][782]LogModuleManager: Shutting down and abandoning module WmfMedia (46)
[2019.05.26-07.47.34:737][782]LogModuleManager: Shutting down and abandoning module Media (45)
[2019.05.26-07.47.34:743][782]LogModuleManager: Shutting down and abandoning module MagicLeap (42)
[2019.05.26-07.47.34:799][782]LogModuleManager: Shutting down and abandoning module DatasmithContent (40)
[2019.05.26-07.47.34:799][782]LogModuleManager: Shutting down and abandoning module AnimationModifiers (38)
[2019.05.26-07.47.34:839][782]LogModuleManager: Shutting down and abandoning module PropertyEditor (37)
[2019.05.26-07.47.34:979][782]LogModuleManager: Shutting down and abandoning module AudioEditor (34)
[2019.05.26-07.47.35:330][782]LogModuleManager: Shutting down and abandoning module TextureCompressor (32)
[2019.05.26-07.47.35:390][782]LogModuleManager: Shutting down and abandoning module RenderCore (30)
[2019.05.26-07.47.35:390][782]LogModuleManager: Shutting down and abandoning module Landscape (28)
[2019.05.26-07.47.35:434][782]LogModuleManager: Shutting down and abandoning module SlateRHIRenderer (26)
[2019.05.26-07.47.35:481][782]LogModuleManager: Shutting down and abandoning module OpenGLDrv (24)
[2019.05.26-07.47.35:535][782]LogModuleManager: Shutting down and abandoning module D3D11RHI (22)
[2019.05.26-07.47.35:535][782]LogModuleManager: Shutting down and abandoning module AnimGraphRuntime (20)
[2019.05.26-07.47.35:570][782]LogModuleManager: Shutting down and abandoning module Renderer (18)
[2019.05.26-07.47.35:668][782]LogModuleManager: Shutting down and abandoning module Engine (16)
[2019.05.26-07.47.35:668][782]LogModuleManager: Shutting down and abandoning module CoreUObject (14)
[2019.05.26-07.47.35:668][782]LogModuleManager: Shutting down and abandoning module NetworkFile (12)
[2019.05.26-07.47.35:682][782]LogModuleManager: Shutting down and abandoning module CookedIterativeFile (10)
[2019.05.26-07.47.35:682][782]LogModuleManager: Shutting down and abandoning module StreamingFile (8)
[2019.05.26-07.47.35:713][782]LogModuleManager: Shutting down and abandoning module SandboxFile (6)
[2019.05.26-07.47.35:713][782]LogModuleManager: Shutting down and abandoning module PakFile (4)
[2019.05.26-07.47.35:739][782]LogModuleManager: Shutting down and abandoning module RSA (3)
[2019.05.26-07.47.35:834][782]LogExit: Exiting.
[2019.05.26-07.47.35:992][782]Log file closed, 05/26/19 15:47:35
