Log file open, 06/14/19 23:02:07
LogWindows: Failed to load 'aqProf.dll' (GetLastError=126)
LogWindows: File 'aqProf.dll' does not exist
LogWindows: Failed to load 'VtuneApi.dll' (GetLastError=126)
LogWindows: File 'VtuneApi.dll' does not exist
LogWindows: Failed to load 'VtuneApi32e.dll' (GetLastError=126)
LogWindows: File 'VtuneApi32e.dll' does not exist
LogConsoleResponse: Display: Failed to find resolution value strings in scalability ini. Falling back to default.
LogInit: Display: Running engine for game: program3053
LogPakFile: Registered encryption key '00000000000000000000000000000000': 0 pak files mounted, 0 remain pending
LogPlatformFile: Not using cached read wrapper
LogTaskGraph: Started task graph with 5 named threads and 23 total threads with 3 sets of task threads.
LogStats: Stats thread started at 0.442878
LogD3D11RHI: Loaded GFSDK_Aftermath_Lib.x64.dll
LogICUInternationalization: ICU TimeZone Detection - Raw Offset: +8:00, Platform Override: ''
LogPluginManager: Mounting plugin Paper2D
LogPluginManager: Mounting plugin AISupport
LogPluginManager: Mounting plugin LightPropagationVolume
LogPluginManager: Mounting plugin ActorLayerUtilities
LogPluginManager: Mounting plugin AnimationSharing
LogPluginManager: Mounting plugin CLionSourceCodeAccess
LogPluginManager: Mounting plugin CodeLiteSourceCodeAccess
LogPluginManager: Mounting plugin GitSourceControl
LogPluginManager: Mounting plugin KDevelopSourceCodeAccess
LogPluginManager: Mounting plugin NullSourceCodeAccess
LogPluginManager: Mounting plugin PerforceSourceControl
LogPluginManager: Mounting plugin SubversionSourceControl
LogPluginManager: Mounting plugin UObjectPlugin
LogPluginManager: Mounting plugin VisualStudioCodeSourceCodeAccess
LogPluginManager: Mounting plugin VisualStudioSourceCodeAccess
LogPluginManager: Mounting plugin XCodeSourceCodeAccess
LogPluginManager: Mounting plugin AssetManagerEditor
LogPluginManager: Mounting plugin CryptoKeys
LogPluginManager: Mounting plugin DataValidation
LogPluginManager: Mounting plugin FacialAnimation
LogPluginManager: Mounting plugin GameplayTagsEditor
LogPluginManager: Mounting plugin MacGraphicsSwitching
LogPluginManager: Mounting plugin MaterialAnalyzer
LogPluginManager: Mounting plugin MobileLauncherProfileWizard
LogPluginManager: Mounting plugin PluginBrowser
LogPluginManager: Mounting plugin SpeedTreeImporter
LogPluginManager: Mounting plugin DatasmithContent
LogPluginManager: Mounting plugin VariantManagerContent
LogPluginManager: Mounting plugin AlembicImporter
LogPluginManager: Mounting plugin AppleImageUtils
LogPluginManager: Mounting plugin AppleVision
LogPluginManager: Mounting plugin BackChannel
LogPluginManager: Mounting plugin CharacterAI
LogPluginManager: Mounting plugin GeometryCache
LogPluginManager: Mounting plugin HTML5Networking
LogPluginManager: Mounting plugin ProxyLODPlugin
LogPluginManager: Mounting plugin SkeletalReduction
LogPluginManager: Mounting plugin MagicLeap
LogPluginManager: Mounting plugin MagicLeapMedia
LogPluginManager: Mounting plugin AndroidMedia
LogPluginManager: Mounting plugin AvfMedia
LogPluginManager: Mounting plugin ImgMedia
LogPluginManager: Mounting plugin LinearTimecode
LogPluginManager: Mounting plugin MediaCompositing
LogPluginManager: Mounting plugin MediaPlayerEditor
LogPluginManager: Mounting plugin WebMMedia
LogPluginManager: Mounting plugin WmfMedia
LogPluginManager: Mounting plugin TcpMessaging
LogPluginManager: Mounting plugin UdpMessaging
LogPluginManager: Mounting plugin ActorSequence
LogPluginManager: Mounting plugin LevelSequenceEditor
LogPluginManager: Mounting plugin MatineeToLevelSequence
LogPluginManager: Mounting plugin NetcodeUnitTest
LogPluginManager: Mounting plugin NUTUnrealEngine4
LogPluginManager: Mounting plugin OnlineSubsystemGooglePlay
LogPluginManager: Mounting plugin OnlineSubsystemIOS
LogPluginManager: Mounting plugin OnlineSubsystem
LogPluginManager: Mounting plugin OnlineSubsystemNull
LogPluginManager: Mounting plugin OnlineSubsystemUtils
LogPluginManager: Mounting plugin LauncherChunkInstaller
LogPluginManager: Mounting plugin AndroidDeviceProfileSelector
LogPluginManager: Mounting plugin AndroidMoviePlayer
LogPluginManager: Mounting plugin AndroidPermission
LogPluginManager: Mounting plugin AppleMoviePlayer
LogPluginManager: Mounting plugin ArchVisCharacter
LogPluginManager: Mounting plugin AudioCapture
LogPluginManager: Mounting plugin CableComponent
LogPluginManager: Mounting plugin CustomMeshComponent
LogPluginManager: Mounting plugin EditableMesh
LogPluginManager: Mounting plugin ExampleDeviceProfileSelector
LogPluginManager: Mounting plugin Firebase
LogPluginManager: Mounting plugin GoogleCloudMessaging
LogPluginManager: Mounting plugin IOSDeviceProfileSelector
LogPluginManager: Mounting plugin LinuxDeviceProfileSelector
LogPluginManager: Mounting plugin LocationServicesBPLibrary
LogPluginManager: Mounting plugin MobilePatchingUtils
LogPluginManager: Mounting plugin OculusVR
LogPluginManager: Mounting plugin PhysXVehicles
LogPluginManager: Mounting plugin ProceduralMeshComponent
LogPluginManager: Mounting plugin RuntimePhysXCooking
LogPluginManager: Mounting plugin SignificanceManager
LogPluginManager: Mounting plugin SteamVR
LogPluginManager: Mounting plugin WebMMoviePlayer
LogPluginManager: Mounting plugin WindowsMoviePlayer
LogInit: Using libcurl 7.55.1-DEV
LogInit:  - built for x86_64-pc-win32
LogInit:  - supports SSL with OpenSSL/1.1.1
LogInit:  - supports HTTP deflate (compression) using libz 1.2.8
LogInit:  - other features:
LogInit:      CURL_VERSION_SSL
LogInit:      CURL_VERSION_LIBZ
LogInit:      CURL_VERSION_IPV6
LogInit:      CURL_VERSION_ASYNCHDNS
LogInit:      CURL_VERSION_LARGEFILE
LogInit:      CURL_VERSION_IDN
LogInit:  CurlRequestOptions (configurable via config and command line):
LogInit:  - bVerifyPeer = true  - Libcurl will verify peer certificate
LogInit:  - bUseHttpProxy = false  - Libcurl will NOT use HTTP proxy
LogInit:  - bDontReuseConnections = false  - Libcurl will reuse connections
LogInit:  - MaxHostConnections = 16  - Libcurl will limit the number of connections to a host
LogInit:  - LocalHostAddr = Default
LogInit:  - BufferSize = 65536
LogInit: WinSock: version 1.1 (2.2), MaxSocks=32767, MaxUdp=65467
LogInit: Build: ++UE4+Release-4.22-CL-6574378
LogInit: Engine Version: 4.22.2-6574378+++UE4+Release-4.22
LogInit: Compatible Engine Version: 4.22.0-5660361+++UE4+Release-4.22
LogInit: Net CL: 5660361
LogInit: OS: Windows 10 (Release 1803) (), CPU: Intel(R) Core(TM) i5-8300H CPU @ 2.30GHz, GPU: Intel(R) UHD Graphics 630
LogInit: Compiled (64-bit): May 20 2019 09:54:56
LogInit: Compiled with Visual C++: 19.16.27025.01
LogInit: Build Configuration: DebugGame
LogInit: Branch Name: ++UE4+Release-4.22
LogInit: Command Line:  -skipcompile
LogInit: Base Directory: D:/Epic/UE_4.22/Engine/Binaries/Win64/
LogInit: Installed Engine Build: 1
LogDevObjectVersion: Number of dev versions registered: 23
LogDevObjectVersion:   Dev-Blueprints (B0D832E4-1F89-4F0D-ACCF-7EB736FD4AA2): 10
LogDevObjectVersion:   Dev-Build (E1C64328-A22C-4D53-A36C-8E866417BD8C): 0
LogDevObjectVersion:   Dev-Core (375EC13C-06E4-48FB-B500-84F0262A717E): 3
LogDevObjectVersion:   Dev-Editor (E4B068ED-F494-42E9-A231-DA0B2E46BB41): 30
LogDevObjectVersion:   Dev-Framework (CFFC743F-43B0-4480-9391-14DF171D2073): 35
LogDevObjectVersion:   Dev-Mobile (B02B49B5-BB20-44E9-A304-32B752E40360): 2
LogDevObjectVersion:   Dev-Networking (A4E4105C-59A1-49B5-A7C5-40C4547EDFEE): 0
LogDevObjectVersion:   Dev-Online (39C831C9-5AE6-47DC-9A44-9C173E1C8E7C): 0
LogDevObjectVersion:   Dev-Physics (78F01B33-EBEA-4F98-B9B4-84EACCB95AA2): 0
LogDevObjectVersion:   Dev-Platform (6631380F-2D4D-43E0-8009-CF276956A95A): 0
LogDevObjectVersion:   Dev-Rendering (12F88B9F-8875-4AFC-A67C-D90C383ABD29): 28
LogDevObjectVersion:   Dev-Sequencer (7B5AE74C-D270-4C10-A958-57980B212A5A): 11
LogDevObjectVersion:   Dev-VR (D7296918-1DD6-4BDD-9DE2-64A83CC13884): 2
LogDevObjectVersion:   Dev-LoadTimes (C2A15278-BFE7-4AFE-6C17-90FF531DF755): 1
LogDevObjectVersion:   Private-Geometry (6EACA3D4-40EC-4CC1-B786-8BED09428FC5): 3
LogDevObjectVersion:   Dev-AnimPhys (29E575DD-E0A3-4627-9D10-D276232CDCEA): 17
LogDevObjectVersion:   Dev-Anim (AF43A65D-7FD3-4947-9873-3E8ED9C1BB05): 2
LogDevObjectVersion:   Dev-ReflectionCapture (6B266CEC-1EC7-4B8F-A30B-E4D90942FC07): 1
LogDevObjectVersion:   Dev-Automation (0DF73D61-A23F-47EA-B727-89E90C41499A): 1
LogDevObjectVersion:   FortniteMain (601D1886-AC64-4F84-AA16-D3DE0DEAC7D6): 25
LogDevObjectVersion:   Dev-Enterprise (9DFFBCD6-494F-0158-E221-12823C92A888): 6
LogDevObjectVersion:   Dev-Niagara (F2AED0AC-9AFE-416F-8664-AA7FFA26D6FC): 1
LogDevObjectVersion:   Dev-Destruction (174F1F0B-B4C6-45A5-B13F-2EE8D0FB917D): 2
LogInit: Presizing for max 16777216 objects, including 0 objects not considered by GC, pre-allocating 0 bytes for permanent pool.
LogInit: Object subsystem initialized
LogConfig: Setting CVar [[con.DebugEarlyDefault:1]]
LogConfig: Setting CVar [[r.setres:1280x720]]
[2019.06.14-15.02.10:817][  0]LogConfig: Setting CVar [[r.VSync:0]]
[2019.06.14-15.02.10:817][  0]LogConfig: Setting CVar [[r.RHICmdBypass:0]]
[2019.06.14-15.02.10:817][  0]LogConfig: Applying CVar settings from Section [/Script/Engine.RendererSettings] File [../../../program3053_UE/program3053/Saved/Config/Windows/Engine.ini]
[2019.06.14-15.02.10:817][  0]LogConfig: Setting CVar [[r.GPUCrashDebugging:0]]
[2019.06.14-15.02.10:817][  0]LogConfig: Applying CVar settings from Section [/Script/Engine.RendererOverrideSettings] File [../../../program3053_UE/program3053/Saved/Config/Windows/Engine.ini]
[2019.06.14-15.02.10:817][  0]LogConfig: Applying CVar settings from Section [/Script/Engine.StreamingSettings] File [../../../program3053_UE/program3053/Saved/Config/Windows/Engine.ini]
[2019.06.14-15.02.10:818][  0]LogConfig: Setting CVar [[s.MinBulkDataSizeForAsyncLoading:131072]]
[2019.06.14-15.02.10:818][  0]LogConfig: Setting CVar [[s.AsyncLoadingThreadEnabled:0]]
[2019.06.14-15.02.10:818][  0]LogConfig: Setting CVar [[s.EventDrivenLoaderEnabled:1]]
[2019.06.14-15.02.10:818][  0]LogConfig: Setting CVar [[s.WarnIfTimeLimitExceeded:0]]
[2019.06.14-15.02.10:818][  0]LogConfig: Setting CVar [[s.TimeLimitExceededMultiplier:1.5]]
[2019.06.14-15.02.10:818][  0]LogConfig: Setting CVar [[s.TimeLimitExceededMinTime:0.005]]
[2019.06.14-15.02.10:818][  0]LogConfig: Setting CVar [[s.UseBackgroundLevelStreaming:1]]
[2019.06.14-15.02.10:818][  0]LogConfig: Setting CVar [[s.PriorityAsyncLoadingExtraTime:15.0]]
[2019.06.14-15.02.10:818][  0]LogConfig: Setting CVar [[s.LevelStreamingActorsUpdateTimeLimit:5.0]]
[2019.06.14-15.02.10:818][  0]LogConfig: Setting CVar [[s.PriorityLevelStreamingActorsUpdateExtraTime:5.0]]
[2019.06.14-15.02.10:818][  0]LogConfig: Setting CVar [[s.LevelStreamingComponentsRegistrationGranularity:10]]
[2019.06.14-15.02.10:818][  0]LogConfig: Setting CVar [[s.UnregisterComponentsTimeLimit:1.0]]
[2019.06.14-15.02.10:818][  0]LogConfig: Setting CVar [[s.LevelStreamingComponentsUnregistrationGranularity:5]]
[2019.06.14-15.02.10:818][  0]LogConfig: Applying CVar settings from Section [/Script/Engine.GarbageCollectionSettings] File [../../../program3053_UE/program3053/Saved/Config/Windows/Engine.ini]
[2019.06.14-15.02.10:818][  0]LogConfig: Setting CVar [[gc.MaxObjectsNotConsideredByGC:1]]
[2019.06.14-15.02.10:818][  0]LogConfig: Setting CVar [[gc.SizeOfPermanentObjectPool:0]]
[2019.06.14-15.02.10:819][  0]LogConfig: Setting CVar [[gc.FlushStreamingOnGC:0]]
[2019.06.14-15.02.10:819][  0]LogConfig: Setting CVar [[gc.NumRetriesBeforeForcingGC:10]]
[2019.06.14-15.02.10:819][  0]LogConfig: Setting CVar [[gc.AllowParallelGC:1]]
[2019.06.14-15.02.10:819][  0]LogConfig: Setting CVar [[gc.TimeBetweenPurgingPendingKillObjects:61.1]]
[2019.06.14-15.02.10:819][  0]LogConfig: Setting CVar [[gc.MaxObjectsInEditor:16777216]]
[2019.06.14-15.02.10:819][  0]LogConfig: Setting CVar [[gc.IncrementalBeginDestroyEnabled:1]]
[2019.06.14-15.02.10:819][  0]LogConfig: Setting CVar [[gc.CreateGCClusters:1]]
[2019.06.14-15.02.10:819][  0]LogConfig: Setting CVar [[gc.MinGCClusterSize:5]]
[2019.06.14-15.02.10:819][  0]LogConfig: Setting CVar [[gc.ActorClusteringEnabled:0]]
[2019.06.14-15.02.10:819][  0]LogConfig: Setting CVar [[gc.BlueprintClusteringEnabled:0]]
[2019.06.14-15.02.10:819][  0]LogConfig: Setting CVar [[gc.UseDisregardForGCOnDedicatedServers:0]]
[2019.06.14-15.02.10:819][  0]LogConfig: Applying CVar settings from Section [/Script/Engine.NetworkSettings] File [../../../program3053_UE/program3053/Saved/Config/Windows/Engine.ini]
[2019.06.14-15.02.10:819][  0]LogConfig: Applying CVar settings from Section [/Script/UnrealEd.CookerSettings] File [../../../program3053_UE/program3053/Saved/Config/Windows/Engine.ini]
[2019.06.14-15.02.10:829][  0]LogConfig: Applying CVar settings from Section [ViewDistanceQuality@3] File [../../../program3053_UE/program3053/Saved/Config/Windows/Scalability.ini]
[2019.06.14-15.02.10:829][  0]LogConfig: Setting CVar [[r.SkeletalMeshLODBias:0]]
[2019.06.14-15.02.10:829][  0]LogConfig: Setting CVar [[r.ViewDistanceScale:1.0]]
[2019.06.14-15.02.10:829][  0]LogConfig: Applying CVar settings from Section [AntiAliasingQuality@3] File [../../../program3053_UE/program3053/Saved/Config/Windows/Scalability.ini]
[2019.06.14-15.02.10:829][  0]LogConfig: Setting CVar [[r.PostProcessAAQuality:4]]
[2019.06.14-15.02.10:829][  0]LogConfig: Applying CVar settings from Section [ShadowQuality@3] File [../../../program3053_UE/program3053/Saved/Config/Windows/Scalability.ini]
[2019.06.14-15.02.10:829][  0]LogConfig: Setting CVar [[r.LightFunctionQuality:1]]
[2019.06.14-15.02.10:830][  0]LogConfig: Setting CVar [[r.ShadowQuality:5]]
[2019.06.14-15.02.10:830][  0]LogConfig: Setting CVar [[r.Shadow.CSM.MaxCascades:10]]
[2019.06.14-15.02.10:830][  0]LogConfig: Setting CVar [[r.Shadow.MaxResolution:2048]]
[2019.06.14-15.02.10:830][  0]LogConfig: Setting CVar [[r.Shadow.MaxCSMResolution:2048]]
[2019.06.14-15.02.10:830][  0]LogConfig: Setting CVar [[r.Shadow.RadiusThreshold:0.01]]
[2019.06.14-15.02.10:830][  0]LogConfig: Setting CVar [[r.Shadow.DistanceScale:1.0]]
[2019.06.14-15.02.10:830][  0]LogConfig: Setting CVar [[r.Shadow.CSM.TransitionScale:1.0]]
[2019.06.14-15.02.10:830][  0]LogConfig: Setting CVar [[r.Shadow.PreShadowResolutionFactor:1.0]]
[2019.06.14-15.02.10:830][  0]LogConfig: Setting CVar [[r.DistanceFieldShadowing:1]]
[2019.06.14-15.02.10:830][  0]LogConfig: Setting CVar [[r.DistanceFieldAO:1]]
[2019.06.14-15.02.10:830][  0]LogConfig: Setting CVar [[r.AOQuality:2]]
[2019.06.14-15.02.10:830][  0]LogConfig: Setting CVar [[r.VolumetricFog:1]]
[2019.06.14-15.02.10:830][  0]LogConfig: Setting CVar [[r.VolumetricFog.GridPixelSize:8]]
[2019.06.14-15.02.10:830][  0]LogConfig: Setting CVar [[r.VolumetricFog.GridSizeZ:128]]
[2019.06.14-15.02.10:830][  0]LogConfig: Setting CVar [[r.VolumetricFog.HistoryMissSupersampleCount:4]]
[2019.06.14-15.02.10:830][  0]LogConfig: Setting CVar [[r.LightMaxDrawDistanceScale:1]]
[2019.06.14-15.02.10:830][  0]LogConfig: Setting CVar [[r.CapsuleShadows:1]]
[2019.06.14-15.02.10:830][  0]LogConfig: Applying CVar settings from Section [PostProcessQuality@3] File [../../../program3053_UE/program3053/Saved/Config/Windows/Scalability.ini]
[2019.06.14-15.02.10:831][  0]LogConfig: Setting CVar [[r.MotionBlurQuality:4]]
[2019.06.14-15.02.10:831][  0]LogConfig: Setting CVar [[r.AmbientOcclusionMipLevelFactor:0.4]]
[2019.06.14-15.02.10:831][  0]LogConfig: Setting CVar [[r.AmbientOcclusionMaxQuality:100]]
[2019.06.14-15.02.10:831][  0]LogConfig: Setting CVar [[r.AmbientOcclusionLevels:-1]]
[2019.06.14-15.02.10:831][  0]LogConfig: Setting CVar [[r.AmbientOcclusionRadiusScale:1.0]]
[2019.06.14-15.02.10:831][  0]LogConfig: Setting CVar [[r.DepthOfFieldQuality:2]]
[2019.06.14-15.02.10:831][  0]LogConfig: Setting CVar [[r.RenderTargetPoolMin:400]]
[2019.06.14-15.02.10:831][  0]LogConfig: Setting CVar [[r.LensFlareQuality:2]]
[2019.06.14-15.02.10:831][  0]LogConfig: Setting CVar [[r.SceneColorFringeQuality:1]]
[2019.06.14-15.02.10:831][  0]LogConfig: Setting CVar [[r.EyeAdaptationQuality:2]]
[2019.06.14-15.02.10:831][  0]LogConfig: Setting CVar [[r.BloomQuality:5]]
[2019.06.14-15.02.10:831][  0]LogConfig: Setting CVar [[r.FastBlurThreshold:100]]
[2019.06.14-15.02.10:831][  0]LogConfig: Setting CVar [[r.Upscale.Quality:3]]
[2019.06.14-15.02.10:831][  0]LogConfig: Setting CVar [[r.Tonemapper.GrainQuantization:1]]
[2019.06.14-15.02.10:831][  0]LogConfig: Setting CVar [[r.LightShaftQuality:1]]
[2019.06.14-15.02.10:831][  0]LogConfig: Setting CVar [[r.Filter.SizeScale:1]]
[2019.06.14-15.02.10:831][  0]LogConfig: Setting CVar [[r.Tonemapper.Quality:5]]
[2019.06.14-15.02.10:831][  0]LogConfig: Setting CVar [[r.DOF.Gather.AccumulatorQuality:1        ; higher gathering accumulator quality]]
[2019.06.14-15.02.10:831][  0]LogConfig: Setting CVar [[r.DOF.Gather.PostfilterMethod:1          ; Median3x3 postfilering method]]
[2019.06.14-15.02.10:832][  0]LogConfig: Setting CVar [[r.DOF.Gather.EnableBokehSettings:0       ; no bokeh simulation when gathering]]
[2019.06.14-15.02.10:832][  0]LogConfig: Setting CVar [[r.DOF.Gather.RingCount:4                 ; medium number of samples when gathering]]
[2019.06.14-15.02.10:832][  0]LogConfig: Setting CVar [[r.DOF.Scatter.ForegroundCompositing:1    ; additive foreground scattering]]
[2019.06.14-15.02.10:832][  0]LogConfig: Setting CVar [[r.DOF.Scatter.BackgroundCompositing:2    ; additive background scattering]]
[2019.06.14-15.02.10:832][  0]LogConfig: Setting CVar [[r.DOF.Scatter.EnableBokehSettings:1      ; bokeh simulation when scattering]]
[2019.06.14-15.02.10:832][  0]LogConfig: Setting CVar [[r.DOF.Scatter.MaxSpriteRatio:0.1         ; only a maximum of 10% of scattered bokeh]]
[2019.06.14-15.02.10:832][  0]LogConfig: Setting CVar [[r.DOF.Recombine.Quality:1                ; cheap slight out of focus]]
[2019.06.14-15.02.10:832][  0]LogConfig: Setting CVar [[r.DOF.Recombine.EnableBokehSettings:0    ; no bokeh simulation on slight out of focus]]
[2019.06.14-15.02.10:832][  0]LogConfig: Setting CVar [[r.DOF.TemporalAAQuality:1                ; more stable temporal accumulation]]
[2019.06.14-15.02.10:832][  0]LogConfig: Setting CVar [[r.DOF.Kernel.MaxForegroundRadius:0.025]]
[2019.06.14-15.02.10:832][  0]LogConfig: Setting CVar [[r.DOF.Kernel.MaxBackgroundRadius:0.025]]
[2019.06.14-15.02.10:832][  0]LogConfig: Applying CVar settings from Section [TextureQuality@3] File [../../../program3053_UE/program3053/Saved/Config/Windows/Scalability.ini]
[2019.06.14-15.02.10:832][  0]LogConfig: Setting CVar [[r.Streaming.MipBias:0]]
[2019.06.14-15.02.10:833][  0]LogConfig: Setting CVar [[r.Streaming.AmortizeCPUToGPUCopy:0]]
[2019.06.14-15.02.10:833][  0]LogConfig: Setting CVar [[r.Streaming.MaxNumTexturesToStreamPerFrame:0]]
[2019.06.14-15.02.10:833][  0]LogConfig: Setting CVar [[r.Streaming.Boost:1]]
[2019.06.14-15.02.10:833][  0]LogConfig: Setting CVar [[r.MaxAnisotropy:8]]
[2019.06.14-15.02.10:833][  0]LogConfig: Setting CVar [[r.Streaming.LimitPoolSizeToVRAM:0]]
[2019.06.14-15.02.10:833][  0]LogConfig: Setting CVar [[r.Streaming.PoolSize:1000]]
[2019.06.14-15.02.10:833][  0]LogConfig: Setting CVar [[r.Streaming.MaxEffectiveScreenSize:0]]
[2019.06.14-15.02.10:833][  0]LogConfig: Applying CVar settings from Section [EffectsQuality@3] File [../../../program3053_UE/program3053/Saved/Config/Windows/Scalability.ini]
[2019.06.14-15.02.10:833][  0]LogConfig: Setting CVar [[r.TranslucencyLightingVolumeDim:64]]
[2019.06.14-15.02.10:833][  0]LogConfig: Setting CVar [[r.RefractionQuality:2]]
[2019.06.14-15.02.10:833][  0]LogConfig: Setting CVar [[r.SSR.Quality:3]]
[2019.06.14-15.02.10:833][  0]LogConfig: Setting CVar [[r.SceneColorFormat:4]]
[2019.06.14-15.02.10:833][  0]LogConfig: Setting CVar [[r.DetailMode:2]]
[2019.06.14-15.02.10:833][  0]LogConfig: Setting CVar [[r.TranslucencyVolumeBlur:1]]
[2019.06.14-15.02.10:833][  0]LogConfig: Setting CVar [[r.MaterialQualityLevel:1 ; High quality]]
[2019.06.14-15.02.10:833][  0]LogConfig: Setting CVar [[r.SSS.Scale:1]]
[2019.06.14-15.02.10:833][  0]LogConfig: Setting CVar [[r.SSS.SampleSet:2]]
[2019.06.14-15.02.10:833][  0]LogConfig: Setting CVar [[r.SSS.Quality:1]]
[2019.06.14-15.02.10:834][  0]LogConfig: Setting CVar [[r.SSS.HalfRes:1]]
[2019.06.14-15.02.10:834][  0]LogConfig: Setting CVar [[r.EmitterSpawnRateScale:1.0]]
[2019.06.14-15.02.10:834][  0]LogConfig: Setting CVar [[r.ParticleLightQuality:2]]
[2019.06.14-15.02.10:834][  0]LogConfig: Applying CVar settings from Section [FoliageQuality@3] File [../../../program3053_UE/program3053/Saved/Config/Windows/Scalability.ini]
[2019.06.14-15.02.10:834][  0]LogConfig: Setting CVar [[foliage.DensityScale:1.0]]
[2019.06.14-15.02.10:834][  0]LogConfig: Setting CVar [[grass.DensityScale:1.0]]
[2019.06.14-15.02.10:834][  0]LogInit: Selected Device Profile: [Windows]
[2019.06.14-15.02.10:834][  0]LogInit: Applying CVar settings loaded from the selected device profile: [Windows]
[2019.06.14-15.02.10:902][  0]LogHAL: Display: Platform has ~ 8 GB [8443830272 / 8589934592 / 8], which maps to Default [LargestMinGB=32, LargerMinGB=12, DefaultMinGB=8, SmallerMinGB=6, SmallestMinGB=0)
[2019.06.14-15.02.10:902][  0]LogConfig: Setting CVar [[r.Vulkan.UseRealUBs:0		; Required until we fix HLR fall-out]]
[2019.06.14-15.02.10:902][  0]LogInit: Going up to parent DeviceProfile []
[2019.06.14-15.02.10:903][  0]LogConfig: Applying CVar settings from Section [ViewDistanceQuality@3] File [../../../program3053_UE/program3053/Saved/Config/Windows/Scalability.ini]
[2019.06.14-15.02.10:903][  0]LogConfig: Setting CVar [[r.SkeletalMeshLODBias:0]]
[2019.06.14-15.02.10:903][  0]LogConfig: Setting CVar [[r.ViewDistanceScale:1.0]]
[2019.06.14-15.02.10:903][  0]LogConfig: Applying CVar settings from Section [AntiAliasingQuality@3] File [../../../program3053_UE/program3053/Saved/Config/Windows/Scalability.ini]
[2019.06.14-15.02.10:903][  0]LogConfig: Setting CVar [[r.PostProcessAAQuality:4]]
[2019.06.14-15.02.10:903][  0]LogConfig: Applying CVar settings from Section [ShadowQuality@3] File [../../../program3053_UE/program3053/Saved/Config/Windows/Scalability.ini]
[2019.06.14-15.02.10:903][  0]LogConfig: Setting CVar [[r.LightFunctionQuality:1]]
[2019.06.14-15.02.10:903][  0]LogConfig: Setting CVar [[r.ShadowQuality:5]]
[2019.06.14-15.02.10:903][  0]LogConfig: Setting CVar [[r.Shadow.CSM.MaxCascades:10]]
[2019.06.14-15.02.10:903][  0]LogConfig: Setting CVar [[r.Shadow.MaxResolution:2048]]
[2019.06.14-15.02.10:903][  0]LogConfig: Setting CVar [[r.Shadow.MaxCSMResolution:2048]]
[2019.06.14-15.02.10:903][  0]LogConfig: Setting CVar [[r.Shadow.RadiusThreshold:0.01]]
[2019.06.14-15.02.10:903][  0]LogConfig: Setting CVar [[r.Shadow.DistanceScale:1.0]]
[2019.06.14-15.02.10:904][  0]LogConfig: Setting CVar [[r.Shadow.CSM.TransitionScale:1.0]]
[2019.06.14-15.02.10:904][  0]LogConfig: Setting CVar [[r.Shadow.PreShadowResolutionFactor:1.0]]
[2019.06.14-15.02.10:904][  0]LogConfig: Setting CVar [[r.DistanceFieldShadowing:1]]
[2019.06.14-15.02.10:904][  0]LogConfig: Setting CVar [[r.DistanceFieldAO:1]]
[2019.06.14-15.02.10:904][  0]LogConfig: Setting CVar [[r.AOQuality:2]]
[2019.06.14-15.02.10:904][  0]LogConfig: Setting CVar [[r.VolumetricFog:1]]
[2019.06.14-15.02.10:904][  0]LogConfig: Setting CVar [[r.VolumetricFog.GridPixelSize:8]]
[2019.06.14-15.02.10:904][  0]LogConfig: Setting CVar [[r.VolumetricFog.GridSizeZ:128]]
[2019.06.14-15.02.10:904][  0]LogConfig: Setting CVar [[r.VolumetricFog.HistoryMissSupersampleCount:4]]
[2019.06.14-15.02.10:904][  0]LogConfig: Setting CVar [[r.LightMaxDrawDistanceScale:1]]
[2019.06.14-15.02.10:904][  0]LogConfig: Setting CVar [[r.CapsuleShadows:1]]
[2019.06.14-15.02.10:904][  0]LogConfig: Applying CVar settings from Section [PostProcessQuality@3] File [../../../program3053_UE/program3053/Saved/Config/Windows/Scalability.ini]
[2019.06.14-15.02.10:904][  0]LogConfig: Setting CVar [[r.MotionBlurQuality:4]]
[2019.06.14-15.02.10:904][  0]LogConfig: Setting CVar [[r.AmbientOcclusionMipLevelFactor:0.4]]
[2019.06.14-15.02.10:904][  0]LogConfig: Setting CVar [[r.AmbientOcclusionMaxQuality:100]]
[2019.06.14-15.02.10:904][  0]LogConfig: Setting CVar [[r.AmbientOcclusionLevels:-1]]
[2019.06.14-15.02.10:904][  0]LogConfig: Setting CVar [[r.AmbientOcclusionRadiusScale:1.0]]
[2019.06.14-15.02.10:904][  0]LogConfig: Setting CVar [[r.DepthOfFieldQuality:2]]
[2019.06.14-15.02.10:905][  0]LogConfig: Setting CVar [[r.RenderTargetPoolMin:400]]
[2019.06.14-15.02.10:905][  0]LogConfig: Setting CVar [[r.LensFlareQuality:2]]
[2019.06.14-15.02.10:905][  0]LogConfig: Setting CVar [[r.SceneColorFringeQuality:1]]
[2019.06.14-15.02.10:905][  0]LogConfig: Setting CVar [[r.EyeAdaptationQuality:2]]
[2019.06.14-15.02.10:905][  0]LogConfig: Setting CVar [[r.BloomQuality:5]]
[2019.06.14-15.02.10:905][  0]LogConfig: Setting CVar [[r.FastBlurThreshold:100]]
[2019.06.14-15.02.10:905][  0]LogConfig: Setting CVar [[r.Upscale.Quality:3]]
[2019.06.14-15.02.10:905][  0]LogConfig: Setting CVar [[r.Tonemapper.GrainQuantization:1]]
[2019.06.14-15.02.10:905][  0]LogConfig: Setting CVar [[r.LightShaftQuality:1]]
[2019.06.14-15.02.10:905][  0]LogConfig: Setting CVar [[r.Filter.SizeScale:1]]
[2019.06.14-15.02.10:905][  0]LogConfig: Setting CVar [[r.Tonemapper.Quality:5]]
[2019.06.14-15.02.10:905][  0]LogConfig: Setting CVar [[r.DOF.Gather.AccumulatorQuality:1        ; higher gathering accumulator quality]]
[2019.06.14-15.02.10:905][  0]LogConfig: Setting CVar [[r.DOF.Gather.PostfilterMethod:1          ; Median3x3 postfilering method]]
[2019.06.14-15.02.10:905][  0]LogConfig: Setting CVar [[r.DOF.Gather.EnableBokehSettings:0       ; no bokeh simulation when gathering]]
[2019.06.14-15.02.10:905][  0]LogConfig: Setting CVar [[r.DOF.Gather.RingCount:4                 ; medium number of samples when gathering]]
[2019.06.14-15.02.10:905][  0]LogConfig: Setting CVar [[r.DOF.Scatter.ForegroundCompositing:1    ; additive foreground scattering]]
[2019.06.14-15.02.10:905][  0]LogConfig: Setting CVar [[r.DOF.Scatter.BackgroundCompositing:2    ; additive background scattering]]
[2019.06.14-15.02.10:905][  0]LogConfig: Setting CVar [[r.DOF.Scatter.EnableBokehSettings:1      ; bokeh simulation when scattering]]
[2019.06.14-15.02.10:905][  0]LogConfig: Setting CVar [[r.DOF.Scatter.MaxSpriteRatio:0.1         ; only a maximum of 10% of scattered bokeh]]
[2019.06.14-15.02.10:906][  0]LogConfig: Setting CVar [[r.DOF.Recombine.Quality:1                ; cheap slight out of focus]]
[2019.06.14-15.02.10:906][  0]LogConfig: Setting CVar [[r.DOF.Recombine.EnableBokehSettings:0    ; no bokeh simulation on slight out of focus]]
[2019.06.14-15.02.10:906][  0]LogConfig: Setting CVar [[r.DOF.TemporalAAQuality:1                ; more stable temporal accumulation]]
[2019.06.14-15.02.10:906][  0]LogConfig: Setting CVar [[r.DOF.Kernel.MaxForegroundRadius:0.025]]
[2019.06.14-15.02.10:906][  0]LogConfig: Setting CVar [[r.DOF.Kernel.MaxBackgroundRadius:0.025]]
[2019.06.14-15.02.10:906][  0]LogConfig: Applying CVar settings from Section [TextureQuality@3] File [../../../program3053_UE/program3053/Saved/Config/Windows/Scalability.ini]
[2019.06.14-15.02.10:906][  0]LogConfig: Setting CVar [[r.Streaming.MipBias:0]]
[2019.06.14-15.02.10:906][  0]LogConfig: Setting CVar [[r.Streaming.AmortizeCPUToGPUCopy:0]]
[2019.06.14-15.02.10:906][  0]LogConfig: Setting CVar [[r.Streaming.MaxNumTexturesToStreamPerFrame:0]]
[2019.06.14-15.02.10:906][  0]LogConfig: Setting CVar [[r.Streaming.Boost:1]]
[2019.06.14-15.02.10:906][  0]LogConfig: Setting CVar [[r.MaxAnisotropy:8]]
[2019.06.14-15.02.10:906][  0]LogConfig: Setting CVar [[r.Streaming.LimitPoolSizeToVRAM:0]]
[2019.06.14-15.02.10:906][  0]LogConfig: Setting CVar [[r.Streaming.PoolSize:1000]]
[2019.06.14-15.02.10:906][  0]LogConfig: Setting CVar [[r.Streaming.MaxEffectiveScreenSize:0]]
[2019.06.14-15.02.10:906][  0]LogConfig: Applying CVar settings from Section [EffectsQuality@3] File [../../../program3053_UE/program3053/Saved/Config/Windows/Scalability.ini]
[2019.06.14-15.02.10:906][  0]LogConfig: Setting CVar [[r.TranslucencyLightingVolumeDim:64]]
[2019.06.14-15.02.10:906][  0]LogConfig: Setting CVar [[r.RefractionQuality:2]]
[2019.06.14-15.02.10:906][  0]LogConfig: Setting CVar [[r.SSR.Quality:3]]
[2019.06.14-15.02.10:906][  0]LogConfig: Setting CVar [[r.SceneColorFormat:4]]
[2019.06.14-15.02.10:906][  0]LogConfig: Setting CVar [[r.DetailMode:2]]
[2019.06.14-15.02.10:907][  0]LogConfig: Setting CVar [[r.TranslucencyVolumeBlur:1]]
[2019.06.14-15.02.10:907][  0]LogConfig: Setting CVar [[r.MaterialQualityLevel:1 ; High quality]]
[2019.06.14-15.02.10:907][  0]LogConfig: Setting CVar [[r.SSS.Scale:1]]
[2019.06.14-15.02.10:907][  0]LogConfig: Setting CVar [[r.SSS.SampleSet:2]]
[2019.06.14-15.02.10:907][  0]LogConfig: Setting CVar [[r.SSS.Quality:1]]
[2019.06.14-15.02.10:907][  0]LogConfig: Setting CVar [[r.SSS.HalfRes:1]]
[2019.06.14-15.02.10:907][  0]LogConfig: Setting CVar [[r.EmitterSpawnRateScale:1.0]]
[2019.06.14-15.02.10:907][  0]LogConfig: Setting CVar [[r.ParticleLightQuality:2]]
[2019.06.14-15.02.10:907][  0]LogConfig: Applying CVar settings from Section [FoliageQuality@3] File [../../../program3053_UE/program3053/Saved/Config/Windows/Scalability.ini]
[2019.06.14-15.02.10:907][  0]LogConfig: Setting CVar [[foliage.DensityScale:1.0]]
[2019.06.14-15.02.10:907][  0]LogConfig: Setting CVar [[grass.DensityScale:1.0]]
[2019.06.14-15.02.10:907][  0]LogConfig: Applying CVar settings from Section [Startup] File [../../../Engine/Config/ConsoleVariables.ini]
[2019.06.14-15.02.10:907][  0]LogConfig: Setting CVar [[net.UseAdaptiveNetUpdateFrequency:0]]
[2019.06.14-15.02.10:908][  0]LogConfig: Setting CVar [[p.chaos.AllowCreatePhysxBodies:1]]
[2019.06.14-15.02.10:908][  0]LogConfig: Applying CVar settings from Section [ConsoleVariables] File [../../../program3053_UE/program3053/Saved/Config/Windows/Engine.ini]
[2019.06.14-15.02.10:908][  0]LogInit: Computer: DESKTOP-JAV4KFL
[2019.06.14-15.02.10:908][  0]LogInit: User: 王传坤
[2019.06.14-15.02.10:908][  0]LogInit: CPU Page size=4096, Cores=4
[2019.06.14-15.02.10:908][  0]LogInit: High frequency timer resolution =2.250000 MHz
[2019.06.14-15.02.10:908][  0]LogMemory: Memory total: Physical=7.9GB (8GB approx)
[2019.06.14-15.02.10:908][  0]LogMemory: Platform Memory Stats for Windows
[2019.06.14-15.02.10:908][  0]LogMemory: Process Physical Memory: 98.78 MB used, 98.78 MB peak
[2019.06.14-15.02.10:908][  0]LogMemory: Process Virtual Memory: 91.41 MB used, 91.41 MB peak
[2019.06.14-15.02.10:908][  0]LogMemory: Physical Memory: 6658.75 MB used,  1393.91 MB free, 8052.66 MB total
[2019.06.14-15.02.10:908][  0]LogMemory: Virtual Memory: 4661.32 MB used,  134213064.00 MB free, 134217728.00 MB total
[2019.06.14-15.02.14:264][  0]LogInit: Using OS detected language (zh-CN).
[2019.06.14-15.02.14:264][  0]LogInit: Using OS detected locale (zh-CN).
[2019.06.14-15.02.14:265][  0]LogTextLocalizationResource: LocRes '../../../Engine/Content/Localization/Editor/zh-Hans-CN/Editor.locres' could not be opened for reading!
[2019.06.14-15.02.14:265][  0]LogTextLocalizationResource: LocRes '../../../Engine/Content/Localization/EditorTutorials/zh-Hans-CN/EditorTutorials.locres' could not be opened for reading!
[2019.06.14-15.02.14:266][  0]LogTextLocalizationResource: LocRes '../../../Engine/Content/Localization/Keywords/zh-Hans-CN/Keywords.locres' could not be opened for reading!
[2019.06.14-15.02.14:266][  0]LogTextLocalizationResource: LocRes '../../../Engine/Content/Localization/Category/zh-Hans-CN/Category.locres' could not be opened for reading!
[2019.06.14-15.02.14:299][  0]LogTextLocalizationResource: LocRes '../../../Engine/Content/Localization/ToolTips/zh-Hans-CN/ToolTips.locres' could not be opened for reading!
[2019.06.14-15.02.14:300][  0]LogTextLocalizationResource: LocRes '../../../Engine/Content/Localization/PropertyNames/zh-Hans-CN/PropertyNames.locres' could not be opened for reading!
[2019.06.14-15.02.14:300][  0]LogTextLocalizationResource: LocRes '../../../Engine/Content/Localization/Engine/zh-Hans-CN/Engine.locres' could not be opened for reading!
[2019.06.14-15.02.14:300][  0]LogTextLocalizationResource: LocRes '../../../Engine/Plugins/Online/Android/OnlineSubsystemGooglePlay/Content/Localization/OnlineSubsystemGooglePlay/zh-Hans-CN/OnlineSubsystemGooglePlay.locres' could not be opened for reading!
[2019.06.14-15.02.14:301][  0]LogTextLocalizationResource: LocRes '../../../Engine/Plugins/Online/IOS/OnlineSubsystemIOS/Content/Localization/OnlineSubsystemIOS/zh-Hans-CN/OnlineSubsystemIOS.locres' could not be opened for reading!
[2019.06.14-15.02.14:301][  0]LogTextLocalizationResource: LocRes '../../../Engine/Plugins/Online/OnlineSubsystem/Content/Localization/OnlineSubsystem/zh-Hans-CN/OnlineSubsystem.locres' could not be opened for reading!
[2019.06.14-15.02.14:301][  0]LogTextLocalizationResource: LocRes '../../../Engine/Plugins/Online/OnlineSubsystemUtils/Content/Localization/OnlineSubsystemUtils/zh-Hans-CN/OnlineSubsystemUtils.locres' could not be opened for reading!
[2019.06.14-15.02.16:316][  0]LogTextLocalizationResource: LocRes '../../../Engine/Plugins/Online/Android/OnlineSubsystemGooglePlay/Content/Localization/OnlineSubsystemGooglePlay/zh-CN/OnlineSubsystemGooglePlay.locres' could not be opened for reading!
[2019.06.14-15.02.16:317][  0]LogTextLocalizationResource: LocRes '../../../Engine/Plugins/Online/IOS/OnlineSubsystemIOS/Content/Localization/OnlineSubsystemIOS/zh-CN/OnlineSubsystemIOS.locres' could not be opened for reading!
[2019.06.14-15.02.16:317][  0]LogTextLocalizationResource: LocRes '../../../Engine/Plugins/Online/OnlineSubsystem/Content/Localization/OnlineSubsystem/zh-CN/OnlineSubsystem.locres' could not be opened for reading!
[2019.06.14-15.02.16:318][  0]LogTextLocalizationResource: LocRes '../../../Engine/Plugins/Online/OnlineSubsystemUtils/Content/Localization/OnlineSubsystemUtils/zh-CN/OnlineSubsystemUtils.locres' could not be opened for reading!
[2019.06.14-15.02.16:318][  0]LogTextLocalizationResource: LocRes '../../../Engine/Content/Localization/Editor/zh-Hans/Editor.locres' could not be opened for reading!
[2019.06.14-15.02.16:318][  0]LogTextLocalizationResource: LocRes '../../../Engine/Content/Localization/EditorTutorials/zh-Hans/EditorTutorials.locres' could not be opened for reading!
[2019.06.14-15.02.16:318][  0]LogTextLocalizationResource: LocRes '../../../Engine/Content/Localization/Keywords/zh-Hans/Keywords.locres' could not be opened for reading!
[2019.06.14-15.02.16:319][  0]LogTextLocalizationResource: LocRes '../../../Engine/Content/Localization/Category/zh-Hans/Category.locres' could not be opened for reading!
[2019.06.14-15.02.16:319][  0]LogTextLocalizationResource: LocRes '../../../Engine/Content/Localization/ToolTips/zh-Hans/ToolTips.locres' could not be opened for reading!
[2019.06.14-15.02.16:319][  0]LogTextLocalizationResource: LocRes '../../../Engine/Content/Localization/PropertyNames/zh-Hans/PropertyNames.locres' could not be opened for reading!
[2019.06.14-15.02.16:319][  0]LogTextLocalizationResource: LocRes '../../../Engine/Content/Localization/Engine/zh-Hans/Engine.locres' could not be opened for reading!
[2019.06.14-15.02.16:344][  0]LogTextLocalizationResource: LocRes '../../../Engine/Content/Localization/Editor/zh/Editor.locres' could not be opened for reading!
[2019.06.14-15.02.16:344][  0]LogTextLocalizationResource: LocRes '../../../Engine/Content/Localization/EditorTutorials/zh/EditorTutorials.locres' could not be opened for reading!
[2019.06.14-15.02.16:344][  0]LogTextLocalizationResource: LocRes '../../../Engine/Content/Localization/Keywords/zh/Keywords.locres' could not be opened for reading!
[2019.06.14-15.02.16:344][  0]LogTextLocalizationResource: LocRes '../../../Engine/Content/Localization/Category/zh/Category.locres' could not be opened for reading!
[2019.06.14-15.02.16:345][  0]LogTextLocalizationResource: LocRes '../../../Engine/Content/Localization/ToolTips/zh/ToolTips.locres' could not be opened for reading!
[2019.06.14-15.02.16:345][  0]LogTextLocalizationResource: LocRes '../../../Engine/Content/Localization/PropertyNames/zh/PropertyNames.locres' could not be opened for reading!
[2019.06.14-15.02.16:345][  0]LogTextLocalizationResource: LocRes '../../../Engine/Content/Localization/Engine/zh/Engine.locres' could not be opened for reading!
[2019.06.14-15.02.16:345][  0]LogTextLocalizationResource: LocRes '../../../Engine/Plugins/Online/Android/OnlineSubsystemGooglePlay/Content/Localization/OnlineSubsystemGooglePlay/zh/OnlineSubsystemGooglePlay.locres' could not be opened for reading!
[2019.06.14-15.02.16:346][  0]LogTextLocalizationResource: LocRes '../../../Engine/Plugins/Online/IOS/OnlineSubsystemIOS/Content/Localization/OnlineSubsystemIOS/zh/OnlineSubsystemIOS.locres' could not be opened for reading!
[2019.06.14-15.02.16:346][  0]LogTextLocalizationResource: LocRes '../../../Engine/Plugins/Online/OnlineSubsystem/Content/Localization/OnlineSubsystem/zh/OnlineSubsystem.locres' could not be opened for reading!
[2019.06.14-15.02.16:346][  0]LogTextLocalizationResource: LocRes '../../../Engine/Plugins/Online/OnlineSubsystemUtils/Content/Localization/OnlineSubsystemUtils/zh/OnlineSubsystemUtils.locres' could not be opened for reading!
[2019.06.14-15.02.16:369][  0]LogInit: Setting process to per monitor DPI aware
[2019.06.14-15.02.16:751][  0]LogSlate: New Slate User Created.  User Index 0, Is Virtual User: 0
[2019.06.14-15.02.16:751][  0]LogSlate: Slate User Registered.  User Index 0, Is Virtual User: 0
[2019.06.14-15.02.22:164][  0]LogHMD: Failed to initialize OpenVR with code 110
[2019.06.14-15.02.22:164][  0]LogD3D11RHI: D3D11 adapters:
[2019.06.14-15.02.22:684][  0]LogD3D11RHI:    0. 'NVIDIA GeForce GTX 1050 Ti' (Feature Level 11_0)
[2019.06.14-15.02.22:684][  0]LogD3D11RHI:       4018/0/4026 MB DedicatedVideo/DedicatedSystem/SharedSystem, Outputs:1, VendorId:0x10de
[2019.06.14-15.02.22:713][  0]LogD3D11RHI:    1. 'Intel(R) UHD Graphics 630' (Feature Level 11_0)
[2019.06.14-15.02.22:713][  0]LogD3D11RHI:       128/0/4026 MB DedicatedVideo/DedicatedSystem/SharedSystem, Outputs:0, VendorId:0x8086
[2019.06.14-15.02.22:727][  0]LogD3D11RHI:    2. 'Microsoft Basic Render Driver' (Feature Level 11_0)
[2019.06.14-15.02.22:727][  0]LogD3D11RHI:       0/0/4026 MB DedicatedVideo/DedicatedSystem/SharedSystem, Outputs:0, VendorId:0x1414
[2019.06.14-15.02.22:727][  0]LogD3D11RHI: Chosen D3D11 Adapter: 0
[2019.06.14-15.02.22:763][  0]LogD3D11RHI: Creating new Direct3DDevice
[2019.06.14-15.02.22:763][  0]LogD3D11RHI:     GPU DeviceId: 0x1c8c (for the marketing name, search the web for "GPU Device Id")
[2019.06.14-15.02.22:763][  0]LogWindows: EnumDisplayDevices:
[2019.06.14-15.02.22:763][  0]LogWindows:    0. 'Intel(R) UHD Graphics 630' (P:1 D:1)
[2019.06.14-15.02.22:764][  0]LogWindows:    1. 'Intel(R) UHD Graphics 630' (P:0 D:0)
[2019.06.14-15.02.22:764][  0]LogWindows:    2. 'Intel(R) UHD Graphics 630' (P:0 D:0)
[2019.06.14-15.02.22:765][  0]LogWindows:    3. 'NVIDIA GeForce GTX 1050 Ti' (P:0 D:0)
[2019.06.14-15.02.22:766][  0]LogWindows: DebugString: PrimaryIsNotTheChoosenAdapter PrimaryIsNotTheChoosenAdapter PrimaryIsNotTheChoosenAdapter 
[2019.06.14-15.02.22:766][  0]LogD3D11RHI:     Adapter Name: NVIDIA GeForce GTX 1050 Ti
[2019.06.14-15.02.22:766][  0]LogD3D11RHI:   Driver Version: 398.36 (internal:24.21.13.9836, unified:398.36)
[2019.06.14-15.02.22:766][  0]LogD3D11RHI:      Driver Date: 6-24-2018
[2019.06.14-15.02.22:766][  0]LogRHI: Texture pool is 2812 MB (70% of 4018 MB)
[2019.06.14-15.02.22:813][  0]LogD3D11RHI: Async texture creation enabled
[2019.06.14-15.02.22:817][  0]LogRendererCore: FGlobalReadBuffer::InitRHI
[2019.06.14-15.02.22:817][  0]LogRendererCore: FGlobalReadBuffer::InitRHI
[2019.06.14-15.02.22:817][  0]LogRendererCore: FGlobalReadBuffer::InitRHI
[2019.06.14-15.02.22:831][  0]LogD3D11RHI: GPU Timing Frequency: 1000.000000 (Debug: 2 2)
[2019.06.14-15.02.23:260][  0]LogTemp: Display: Module 'AllDesktopTargetPlatform' loaded TargetPlatform 'AllDesktop'
[2019.06.14-15.02.23:298][  0]LogTemp: Display: Module 'MacClientTargetPlatform' loaded TargetPlatform 'MacClient'
[2019.06.14-15.02.23:327][  0]LogTemp: Display: Module 'MacNoEditorTargetPlatform' loaded TargetPlatform 'MacNoEditor'
[2019.06.14-15.02.23:382][  0]LogTemp: Display: Module 'MacServerTargetPlatform' loaded TargetPlatform 'MacServer'
[2019.06.14-15.02.23:479][  0]LogTemp: Display: Module 'MacTargetPlatform' loaded TargetPlatform 'Mac'
[2019.06.14-15.02.23:544][  0]LogTemp: Display: Module 'WindowsClientTargetPlatform' loaded TargetPlatform 'WindowsClient'
[2019.06.14-15.02.23:559][  0]LogTemp: Display: Module 'WindowsNoEditorTargetPlatform' loaded TargetPlatform 'WindowsNoEditor'
[2019.06.14-15.02.23:574][  0]LogTemp: Display: Module 'WindowsServerTargetPlatform' loaded TargetPlatform 'WindowsServer'
[2019.06.14-15.02.23:618][  0]LogTemp: Display: Module 'WindowsTargetPlatform' loaded TargetPlatform 'Windows'
[2019.06.14-15.02.23:798][  0]LogTemp: Display: Module 'AndroidTargetPlatform' loaded TargetPlatform 'Android'
[2019.06.14-15.02.23:798][  0]LogTemp: Display: Module 'AndroidTargetPlatform' loaded TargetPlatform 'Android_ASTC'
[2019.06.14-15.02.23:798][  0]LogTemp: Display: Module 'AndroidTargetPlatform' loaded TargetPlatform 'Android_ATC'
[2019.06.14-15.02.23:798][  0]LogTemp: Display: Module 'AndroidTargetPlatform' loaded TargetPlatform 'Android_DXT'
[2019.06.14-15.02.23:798][  0]LogTemp: Display: Module 'AndroidTargetPlatform' loaded TargetPlatform 'Android_ETC1'
[2019.06.14-15.02.23:798][  0]LogTemp: Display: Module 'AndroidTargetPlatform' loaded TargetPlatform 'Android_ETC1a'
[2019.06.14-15.02.23:798][  0]LogTemp: Display: Module 'AndroidTargetPlatform' loaded TargetPlatform 'Android_ETC2'
[2019.06.14-15.02.23:798][  0]LogTemp: Display: Module 'AndroidTargetPlatform' loaded TargetPlatform 'Android_PVRTC'
[2019.06.14-15.02.23:798][  0]LogTemp: Display: Module 'AndroidTargetPlatform' loaded TargetPlatform 'AndroidClient'
[2019.06.14-15.02.23:798][  0]LogTemp: Display: Module 'AndroidTargetPlatform' loaded TargetPlatform 'Android_ASTCClient'
[2019.06.14-15.02.23:798][  0]LogTemp: Display: Module 'AndroidTargetPlatform' loaded TargetPlatform 'Android_ATCClient'
[2019.06.14-15.02.23:798][  0]LogTemp: Display: Module 'AndroidTargetPlatform' loaded TargetPlatform 'Android_DXTClient'
[2019.06.14-15.02.23:799][  0]LogTemp: Display: Module 'AndroidTargetPlatform' loaded TargetPlatform 'Android_ETC1Client'
[2019.06.14-15.02.23:799][  0]LogTemp: Display: Module 'AndroidTargetPlatform' loaded TargetPlatform 'Android_ETC1aClient'
[2019.06.14-15.02.23:799][  0]LogTemp: Display: Module 'AndroidTargetPlatform' loaded TargetPlatform 'Android_ETC2Client'
[2019.06.14-15.02.23:799][  0]LogTemp: Display: Module 'AndroidTargetPlatform' loaded TargetPlatform 'Android_PVRTCClient'
[2019.06.14-15.02.23:799][  0]LogTemp: Display: Module 'AndroidTargetPlatform' loaded TargetPlatform 'Android_Multi'
[2019.06.14-15.02.23:799][  0]LogTemp: Display: Module 'AndroidTargetPlatform' loaded TargetPlatform 'Android_MultiClient'
[2019.06.14-15.02.23:920][  0]LogTemp: Display: Module 'HTML5TargetPlatform' loaded TargetPlatform 'HTML5'
[2019.06.14-15.02.24:191][  0]LogTemp: Display: Module 'IOSTargetPlatform' loaded TargetPlatform 'IOSClient'
[2019.06.14-15.02.24:191][  0]LogTemp: Display: Module 'IOSTargetPlatform' loaded TargetPlatform 'IOS'
[2019.06.14-15.02.24:241][  0]LogTemp: Display: Module 'TVOSTargetPlatform' loaded TargetPlatform 'TVOSClient'
[2019.06.14-15.02.24:242][  0]LogTemp: Display: Module 'TVOSTargetPlatform' loaded TargetPlatform 'TVOS'
[2019.06.14-15.02.24:274][  0]LogTemp: Display: Module 'LinuxClientTargetPlatform' loaded TargetPlatform 'LinuxClient'
[2019.06.14-15.02.24:338][  0]LogTemp: Display: Module 'LinuxNoEditorTargetPlatform' loaded TargetPlatform 'LinuxNoEditor'
[2019.06.14-15.02.24:424][  0]LogTemp: Display: Module 'LinuxServerTargetPlatform' loaded TargetPlatform 'LinuxServer'
[2019.06.14-15.02.24:497][  0]LogTemp: Display: Module 'LinuxTargetPlatform' loaded TargetPlatform 'Linux'
[2019.06.14-15.02.24:621][  0]LogTemp: Display: Module 'LuminTargetPlatform' loaded TargetPlatform 'Lumin'
[2019.06.14-15.02.24:621][  0]LogTemp: Display: Module 'LuminTargetPlatform' loaded TargetPlatform 'LuminClient'
[2019.06.14-15.02.24:621][  0]LogTargetPlatformManager: Display: Building Assets For Windows
[2019.06.14-15.02.24:692][  0]LogAudioDebug: Display: Lib vorbis DLL was dynamically loaded.
[2019.06.14-15.02.25:691][  0]LogShaderCompilers: Guid format shader working directory is 10 characters bigger than the processId version (../../../program3053_UE/program3053/Intermediate/Shaders/WorkingDirectory/612/).
[2019.06.14-15.02.25:692][  0]LogShaderCompilers: Cleaned the shader compiler working directory 'C:/Users/王传坤/AppData/Local/Temp/UnrealShaderWorkingDir/1567B3EC476A8976F1D808B83D5A9602/'.
[2019.06.14-15.02.25:699][  0]LogXGEController: Cannot use XGE Controller as Incredibuild is not installed on this machine.
[2019.06.14-15.02.25:700][  0]LogShaderCompilers: Cannot use XGE Shader Compiler as Incredibuild is not installed on this machine.
[2019.06.14-15.02.25:700][  0]LogShaderCompilers: Display: Using Local Shader Compiler.
[2019.06.14-15.02.28:304][  0]LogDerivedDataCache: Display: Max Cache Size: 512 MB
[2019.06.14-15.02.28:512][  0]LogDerivedDataCache: Loaded boot cache 0.21s 72MB C:/Users/王传坤/AppData/Local/UnrealEngine/4.22/DerivedDataCache/Boot.ddc.
[2019.06.14-15.02.28:513][  0]LogDerivedDataCache: Display: Loaded Boot cache: C:/Users/王传坤/AppData/Local/UnrealEngine/4.22/DerivedDataCache/Boot.ddc
[2019.06.14-15.02.28:513][  0]LogDerivedDataCache: FDerivedDataBackendGraph:  Pak pak cache file ../../../program3053_UE/program3053/DerivedDataCache/DDC.ddp not found, will not use a pak cache.
[2019.06.14-15.02.28:513][  0]LogDerivedDataCache: Unable to find inner node Pak for hierarchical cache Hierarchy.
[2019.06.14-15.02.28:513][  0]LogDerivedDataCache: FDerivedDataBackendGraph:  CompressedPak pak cache file ../../../program3053_UE/program3053/DerivedDataCache/Compressed.ddp not found, will not use a pak cache.
[2019.06.14-15.02.28:513][  0]LogDerivedDataCache: Unable to find inner node CompressedPak for hierarchical cache Hierarchy.
[2019.06.14-15.02.28:539][  0]LogDerivedDataCache: Display: Pak cache opened for reading ../../../Engine/DerivedDataCache/Compressed.ddp.
[2019.06.14-15.02.28:539][  0]LogDerivedDataCache: FDerivedDataBackendGraph:  EnterprisePak pak cache file ../../../Enterprise/DerivedDataCache/Compressed.ddp not found, will not use a pak cache.
[2019.06.14-15.02.28:539][  0]LogDerivedDataCache: Unable to find inner node EnterprisePak for hierarchical cache Hierarchy.
[2019.06.14-15.02.28:553][  0]LogDerivedDataCache: Using Local data cache path C:/Users/王传坤/AppData/Local/UnrealEngine/Common/DerivedDataCache: Writable
[2019.06.14-15.02.28:553][  0]LogDerivedDataCache: Shared data cache path not found in *engine.ini, will not use an Shared cache.
[2019.06.14-15.02.28:553][  0]LogDerivedDataCache: Unable to find inner node Shared for hierarchical cache Hierarchy.
[2019.06.14-15.02.28:574][  0]LogMaterial: Verifying Global Shaders for PCD3D_SM5
[2019.06.14-15.02.28:576][  0]LogSlate: Using FreeType 2.6.0
[2019.06.14-15.02.28:609][  0]LogSlate: SlateFontServices - WITH_FREETYPE: 1, WITH_HARFBUZZ: 1
[2019.06.14-15.02.29:773][  0]LogAssetRegistry: FAssetRegistry took 0.0355 seconds to start up
[2019.06.14-15.02.30:453][  0]LogInit: Selected Device Profile: [Windows]
[2019.06.14-15.02.31:159][  0]LogMeshReduction: Using QuadricMeshReduction for automatic static mesh reduction
[2019.06.14-15.02.31:159][  0]LogMeshReduction: Using SimplygonMeshReduction for automatic skeletal mesh reduction
[2019.06.14-15.02.31:159][  0]LogMeshReduction: Using ProxyLODMeshReduction for automatic mesh merging
[2019.06.14-15.02.31:159][  0]LogMeshReduction: No distributed automatic mesh merging module available
[2019.06.14-15.02.31:159][  0]LogMeshMerging: No distributed automatic mesh merging module available
[2019.06.14-15.02.31:217][  0]LogNetVersion: program3053 1.0.0, NetCL: 5660361, EngineNetVer: 10, GameNetVer: 0 (Checksum: 2992420275)
[2019.06.14-15.02.32:271][  0]LogPackageLocalizationCache: Processed 10 localized package path(s) for 4 prioritized culture(s) in 0.189014 seconds
[2019.06.14-15.02.32:277][  0]LogUObjectArray: 42205 objects as part of root set at end of initial load.
[2019.06.14-15.02.32:277][  0]LogUObjectAllocator: 7325032 out of 0 bytes used by permanent object pool.
[2019.06.14-15.02.32:278][  0]LogUObjectArray: CloseDisregardForGC: 0/0 objects in disregard for GC pool
[2019.06.14-15.02.48:979][  0]LogTcpMessaging: Initializing TcpMessaging bridge
[2019.06.14-15.02.49:007][  0]LogUdpMessaging: Initializing bridge on interface 0.0.0.0:0 to multicast group 230.0.0.1:6666.
[2019.06.14-15.02.49:540][  0]SourceControl: 源码控制已禁用
[2019.06.14-15.02.49:540][  0]SourceControl: 源码控制已禁用
[2019.06.14-15.02.49:575][  0]SourceControl: 源码控制已禁用
[2019.06.14-15.02.49:591][  0]SourceControl: 源码控制已禁用
[2019.06.14-15.02.50:284][  0]LogAndroidPermission: UAndroidPermissionCallbackProxy::GetInstance
[2019.06.14-15.02.50:676][  0]LogOcInput: OculusInput pre-init called
[2019.06.14-15.02.51:609][  0]LogEngine: Initializing Engine...
[2019.06.14-15.02.51:611][  0]LogHMD: Failed to initialize OpenVR with code 110
[2019.06.14-15.02.51:612][  0]LogStats: UGameplayTagsManager::InitializeManager -  0.000 s
[2019.06.14-15.02.51:826][  0]LogInit: Initializing FReadOnlyCVARCache
[2019.06.14-15.02.51:982][  0]LogAIModule: Creating AISystem for world Untitled
[2019.06.14-15.02.52:002][  0]LogInit: XAudio2 using 'Speakers/Headphones (Realtek(R) Audio)' : 2 channels at 48 kHz using 32 bits per sample (channel mask 0x3)
[2019.06.14-15.02.52:096][  0]LogInit: FAudioDevice initialized.
[2019.06.14-15.02.52:096][  0]LogNetVersion: Set ProjectVersion to 1.0.0.0. Version Checksum will be recalculated on next use.
[2019.06.14-15.02.52:181][  0]LogDerivedDataCache: Saved boot cache 0.08s 72MB C:/Users/王传坤/AppData/Local/UnrealEngine/4.22/DerivedDataCache/Boot.ddc.
[2019.06.14-15.02.52:194][  0]LogInit: Texture streaming: Enabled
[2019.06.14-15.02.52:293][  0]LogEngineSessionManager: EngineSessionManager initialized
[2019.06.14-15.02.52:420][  0]LogInit: Transaction tracking system initialized
[2019.06.14-15.02.52:683][  0]BlueprintLog: New page: 编辑器加载
[2019.06.14-15.02.53:400][  0]LocalizationService: 本地化服务已禁用
[2019.06.14-15.02.53:850][  0]LogLinker: Warning: 无法找到文件 '/Game/TwinStickBP/TwinStickOverview'
[2019.06.14-15.02.53:850][  0]LogLinker: Warning: 无法找到文件 '/Game/TwinStickBP/TwinStickOverview'
[2019.06.14-15.02.53:850][  0]LogUObjectGlobals: Warning: 寻找对象 'Class /Game/TwinStickBP/TwinStickOverview.TwinStickOverview_C’ 失败
[2019.06.14-15.02.54:379][  0]LogCook: Display: Max memory allowance for cook 16384mb min free memory 0mb
[2019.06.14-15.02.54:380][  0]LogCook: Display: Mobile HDR setting 1
[2019.06.14-15.02.55:688][  0]SourceControl: 源码控制已禁用
[2019.06.14-15.02.55:688][  0]Cmd: MAP LOAD FILE="../../../program3053_UE/program3053/Content/TwinStickCPP/Maps/MainMenu.umap" TEMPLATE=0 SHOWPROGRESS=1 FEATURELEVEL=3
[2019.06.14-15.02.55:688][  0]LightingResults: New page: 光照构建
[2019.06.14-15.02.55:705][  0]MapCheck: New page: 地图检测
[2019.06.14-15.02.55:706][  0]LightingResults: New page: 光照构建
[2019.06.14-15.02.55:730][  0]LogUObjectHash: Compacting FUObjectHashTables data took   1.56ms
[2019.06.14-15.02.56:298][  0]LogAIModule: Creating AISystem for world MainMenu
[2019.06.14-15.02.56:325][  0]LogEditorServer: Finished looking for orphan Actors (0.000 secs)
[2019.06.14-15.02.56:350][  0]LogUObjectHash: Compacting FUObjectHashTables data took   1.84ms
[2019.06.14-15.02.56:350][  0]Cmd: MAP CHECKDEP NOCLEARLOG
[2019.06.14-15.02.56:351][  0]MapCheck: 地图检测完成：0个错误，0 个警告，用时0.275毫秒完成。
[2019.06.14-15.02.56:351][  0]LogFileHelpers: Loading map 'MainMenu' took 0.663
[2019.06.14-15.02.56:597][  0]LogSlate: Updating window title bar state: overlay mode, drag disabled, window buttons hidden, title bar hidden
[2019.06.14-15.02.56:603][  0]LogSlate: Updating window title bar state: overlay mode, drag disabled, window buttons hidden, title bar hidden
[2019.06.14-15.02.56:610][  0]LogSlate: Updating window title bar state: overlay mode, drag disabled, window buttons hidden, title bar hidden
[2019.06.14-15.02.56:616][  0]LogSlate: Updating window title bar state: overlay mode, drag disabled, window buttons hidden, title bar hidden
[2019.06.14-15.02.56:674][  0]LogCollectionManager: Loaded 0 collections in 0.000998 seconds
[2019.06.14-15.02.56:733][  0]LogFileCache: Scanning file cache for directory 'D:/Epic/UE_4.22/program3053_UE/program3053/Saved/Collections/' took 0.01s
[2019.06.14-15.02.56:733][  0]LogFileCache: Scanning file cache for directory 'D:/Epic/UE_4.22/program3053_UE/program3053/Content/Developers/王传坤/Collections/' took 0.01s
[2019.06.14-15.02.56:733][  0]LogFileCache: Scanning file cache for directory 'D:/Epic/UE_4.22/program3053_UE/program3053/Content/Collections/' took 0.01s
[2019.06.14-15.02.56:733][  0]LogCollectionManager: Rebuilt the GUID cache for 0 collections in 0.000000 seconds
[2019.06.14-15.02.56:741][  0]LogContentBrowser: Native class hierarchy populated in 0.0078 seconds. Added 2752 classes and 661 folders.
[2019.06.14-15.02.56:790][  0]LogContentBrowser: Native class hierarchy updated for 'WidgetCarousel' in 0.0007 seconds. Added 0 classes and 0 folders.
[2019.06.14-15.02.56:851][  0]LogPakFile: Registered encryption key '00000000000000000000000000000000': 0 pak files mounted, 0 remain pending
[2019.06.14-15.02.56:902][  0]LogPakFile: Registered encryption key '00000000000000000000000000000000': 0 pak files mounted, 0 remain pending
[2019.06.14-15.02.56:914][  0]LogPakFile: Registered encryption key '00000000000000000000000000000000': 0 pak files mounted, 0 remain pending
[2019.06.14-15.02.56:916][  0]LogPakFile: Registered encryption key '00000000000000000000000000000000': 0 pak files mounted, 0 remain pending
[2019.06.14-15.02.56:931][  0]LogPakFile: Registered encryption key '00000000000000000000000000000000': 0 pak files mounted, 0 remain pending
[2019.06.14-15.02.56:934][  0]LogPakFile: Registered encryption key '00000000000000000000000000000000': 0 pak files mounted, 0 remain pending
[2019.06.14-15.02.56:963][  0]LogPakFile: Registered encryption key '00000000000000000000000000000000': 0 pak files mounted, 0 remain pending
[2019.06.14-15.02.56:965][  0]LogPakFile: Registered encryption key '00000000000000000000000000000000': 0 pak files mounted, 0 remain pending
[2019.06.14-15.02.56:986][  0]LogPakFile: Registered encryption key '00000000000000000000000000000000': 0 pak files mounted, 0 remain pending
[2019.06.14-15.02.56:988][  0]LogPakFile: Registered encryption key '00000000000000000000000000000000': 0 pak files mounted, 0 remain pending
[2019.06.14-15.02.57:012][  0]LogPakFile: Registered encryption key '00000000000000000000000000000000': 0 pak files mounted, 0 remain pending
[2019.06.14-15.02.57:015][  0]LogPakFile: Registered encryption key '00000000000000000000000000000000': 0 pak files mounted, 0 remain pending
[2019.06.14-15.02.57:018][  0]LogPakFile: Registered encryption key '00000000000000000000000000000000': 0 pak files mounted, 0 remain pending
[2019.06.14-15.02.57:021][  0]LogPakFile: Registered encryption key '00000000000000000000000000000000': 0 pak files mounted, 0 remain pending
[2019.06.14-15.02.57:022][  0]LogPakFile: Registered encryption key '00000000000000000000000000000000': 0 pak files mounted, 0 remain pending
[2019.06.14-15.02.57:024][  0]LogPakFile: Registered encryption key '00000000000000000000000000000000': 0 pak files mounted, 0 remain pending
[2019.06.14-15.02.57:026][  0]LogPakFile: Registered encryption key '00000000000000000000000000000000': 0 pak files mounted, 0 remain pending
[2019.06.14-15.02.57:028][  0]LogPakFile: Registered encryption key '00000000000000000000000000000000': 0 pak files mounted, 0 remain pending
[2019.06.14-15.02.57:051][  0]LogPakFile: Registered encryption key '00000000000000000000000000000000': 0 pak files mounted, 0 remain pending
[2019.06.14-15.02.57:052][  0]LogPakFile: Registered encryption key '00000000000000000000000000000000': 0 pak files mounted, 0 remain pending
[2019.06.14-15.02.57:054][  0]LogPakFile: Registered encryption key '00000000000000000000000000000000': 0 pak files mounted, 0 remain pending
[2019.06.14-15.02.57:055][  0]LogPakFile: Registered encryption key '00000000000000000000000000000000': 0 pak files mounted, 0 remain pending
[2019.06.14-15.02.57:056][  0]LogPakFile: Registered encryption key '00000000000000000000000000000000': 0 pak files mounted, 0 remain pending
[2019.06.14-15.02.57:058][  0]LogPakFile: Registered encryption key '00000000000000000000000000000000': 0 pak files mounted, 0 remain pending
[2019.06.14-15.02.57:079][  0]LogPakFile: Registered encryption key '00000000000000000000000000000000': 0 pak files mounted, 0 remain pending
[2019.06.14-15.02.57:081][  0]LogPakFile: Registered encryption key '00000000000000000000000000000000': 0 pak files mounted, 0 remain pending
[2019.06.14-15.02.58:326][  0]LogContentBrowser: Native class hierarchy updated for 'AddContentDialog' in 0.0007 seconds. Added 0 classes and 0 folders.
[2019.06.14-15.02.58:354][  0]LogContentBrowser: Native class hierarchy updated for 'SceneOutliner' in 0.0004 seconds. Added 1 classes and 2 folders.
[2019.06.14-15.02.58:497][  0]LogSlate: Took 0.019253 seconds to synchronously load lazily loaded font '../../../Engine/Content/Slate/Fonts/Roboto-Regular.ttf' (155K)
[2019.06.14-15.02.58:569][  0]LogSlate: Took 0.070675 seconds to synchronously load lazily loaded font '../../../Engine/Content/Slate/Fonts/DroidSansFallback.ttf' (3848K)
[2019.06.14-15.02.58:599][  0]LogSlate: Took 0.029412 seconds to synchronously load lazily loaded font '../../../Engine/Content/Slate/Fonts/Roboto-Bold.ttf' (160K)
[2019.06.14-15.02.58:632][  0]LogSlate: Took 0.029107 seconds to synchronously load lazily loaded font '../../../Engine/Content/Editor/Slate/Fonts/FontAwesome.ttf' (139K)
[2019.06.14-15.02.58:687][  0]LogRenderer: Reallocating scene render targets to support 964x404 Format 10 NumSamples 1 (Frame:1).
[2019.06.14-15.02.58:870][  0]LogContentBrowser: Native class hierarchy updated for 'HierarchicalLODOutliner' in 0.0004 seconds. Added 0 classes and 0 folders.
[2019.06.14-15.02.58:871][  0]LogLoad: (Engine Initialization) Total time: 57.59 seconds
[2019.06.14-15.02.58:871][  0]LogLoad: (Engine Initialization) Total Blueprint compile time: 0.00 seconds
[2019.06.14-15.02.58:901][  0]LogWindowsTextInputMethodSystem: Display: IME system now activated using TSF (搜狗拼音输入法).
[2019.06.14-15.02.58:946][  0]LogAssetRegistry: Asset discovery search completed in 29.1980 seconds
[2019.06.14-15.02.58:948][  0]LogCollectionManager: Rebuilt the object cache for 0 collections in 0.000000 seconds (found 0 objects)
[2019.06.14-15.02.58:948][  0]LogCollectionManager: Fixed up redirectors for 0 collections in 0.000158 seconds (updated 0 objects)
[2019.06.14-15.02.58:949][  0]LogContentStreaming: Texture pool size now 1000 MB
[2019.06.14-15.02.58:972][  0]LogSlate: Took 0.000917 seconds to synchronously load lazily loaded font '../../../Engine/Content/Slate/Fonts/Roboto-Light.ttf' (167K)
[2019.06.14-15.03.07:504][319]LogSlate: FSceneViewport::OnFocusLost() reason 0
[2019.06.14-15.03.07:604][325]LogTemp: Repeating last play command: 选中的视口
[2019.06.14-15.03.07:620][325]LogBlueprintUserMessages: Early PlayInEditor Detection: Level '/Game/TwinStickCPP/Maps/MainMenu.MainMenu:PersistentLevel' has LevelScriptBlueprint '/Game/TwinStickCPP/Maps/MainMenu.MainMenu:PersistentLevel.MainMenu' with GeneratedClass '/Game/TwinStickCPP/Maps/MainMenu.MainMenu_C' with ClassGeneratedBy '/Game/TwinStickCPP/Maps/MainMenu.MainMenu:PersistentLevel.MainMenu'
[2019.06.14-15.03.07:620][325]LogPlayLevel: PlayLevel: No blueprints needed recompiling
[2019.06.14-15.03.07:620][325]PIE: New page: PIE会话: MainMenu (2019年6月15日 上午7:03:07)
[2019.06.14-15.03.07:635][325]LogPlayLevel: Creating play world package: /Game/TwinStickCPP/Maps/UEDPIE_0_MainMenu
[2019.06.14-15.03.07:638][325]LogPlayLevel: PIE: StaticDuplicateObject took: (0.002788s)
[2019.06.14-15.03.07:638][325]LogAIModule: Creating AISystem for world MainMenu
[2019.06.14-15.03.07:639][325]LogPlayLevel: PIE: World Init took: (0.000740s)
[2019.06.14-15.03.07:639][325]LogPlayLevel: PIE: Created PIE world by copying editor world from /Game/TwinStickCPP/Maps/MainMenu.MainMenu to /Game/TwinStickCPP/Maps/UEDPIE_0_MainMenu.MainMenu (0.004306s)
[2019.06.14-15.03.07:661][325]LogUObjectHash: Compacting FUObjectHashTables data took   0.93ms
[2019.06.14-15.03.07:667][325]LogInit: XAudio2 using 'Speakers/Headphones (Realtek(R) Audio)' : 2 channels at 48 kHz using 32 bits per sample (channel mask 0x3)
[2019.06.14-15.03.07:758][325]LogInit: FAudioDevice initialized.
[2019.06.14-15.03.07:809][325]LogLoad: Game class is 'BlueprintClassGameMode_C'
[2019.06.14-15.03.07:813][325]LogWorld: Bringing World /Game/TwinStickCPP/Maps/UEDPIE_0_MainMenu.MainMenu up for play (max tick rate 60) at 2019.06.14-23.03.07
[2019.06.14-15.03.07:813][325]LogWorld: Bringing up level for play took: 0.002289
[2019.06.14-15.03.08:235][325]LogContentBrowser: Native class hierarchy updated for 'MovieSceneCapture' in 0.0006 seconds. Added 20 classes and 0 folders.
[2019.06.14-15.03.08:237][325]LogScript: Warning: Script Msg: Attempted to access index 0 from array 'CallFunc_GetAllActorsOfClass_OutActors4' of length 0 in '/Game/TwinStickCPP/BlueprintClass/BlueprintClassGameMode.BlueprintClassGameMode_C:ExecuteUbergraph_BlueprintClassGameMode'!
[2019.06.14-15.03.08:237][325]LogBlueprintUserMessages: Warning: SetTimer passed a bad function (SpawnAI) or object (None)
[2019.06.14-15.03.08:237][325]LogScript: Warning: Script Msg: Attempted to access index 0 from array 'CallFunc_GetAllActorsOfClass_OutActors' of length 0 in '/Game/TwinStickCPP/BlueprintClass/BlueprintClassGameMode.BlueprintClassGameMode_C:ExecuteUbergraph_BlueprintClassGameMode'!
[2019.06.14-15.03.08:237][325]LogBlueprintUserMessages: Warning: SetTimer passed a bad function (spawnhpmiddle) or object (None)
[2019.06.14-15.03.08:237][325]LogScript: Warning: Script Msg: Attempted to access index 0 from array 'CallFunc_GetAllActorsOfClass_OutActors1' of length 0 in '/Game/TwinStickCPP/BlueprintClass/BlueprintClassGameMode.BlueprintClassGameMode_C:ExecuteUbergraph_BlueprintClassGameMode'!
[2019.06.14-15.03.08:238][325]LogBlueprintUserMessages: Warning: SetTimer passed a bad function (spawnhplittle) or object (None)
[2019.06.14-15.03.08:238][325]LogScript: Warning: Script Msg: Attempted to access index 0 from array 'CallFunc_GetAllActorsOfClass_OutActors2' of length 0 in '/Game/TwinStickCPP/BlueprintClass/BlueprintClassGameMode.BlueprintClassGameMode_C:ExecuteUbergraph_BlueprintClassGameMode'!
[2019.06.14-15.03.08:238][325]LogBlueprintUserMessages: Warning: SetTimer passed a bad function (spawnhplarge) or object (None)
[2019.06.14-15.03.08:238][325]LogScript: Warning: Script Msg: Attempted to access index 0 from array 'CallFunc_GetAllActorsOfClass_OutActors3' of length 0 in '/Game/TwinStickCPP/BlueprintClass/BlueprintClassGameMode.BlueprintClassGameMode_C:ExecuteUbergraph_BlueprintClassGameMode'!
[2019.06.14-15.03.08:238][325]LogBlueprintUserMessages: Warning: SetTimer passed a bad function (spawnexplittle) or object (None)
[2019.06.14-15.03.08:238][325]LogScript: Warning: Script Msg: Attempted to access index 0 from array 'CallFunc_GetAllActorsOfClass_OutActors5' of length 0 in '/Game/TwinStickCPP/BlueprintClass/BlueprintClassGameMode.BlueprintClassGameMode_C:ExecuteUbergraph_BlueprintClassGameMode'!
[2019.06.14-15.03.08:238][325]LogBlueprintUserMessages: Warning: SetTimer passed a bad function (spawnexpmiddle) or object (None)
[2019.06.14-15.03.08:238][325]LogScript: Warning: Script Msg: Attempted to access index 0 from array 'CallFunc_GetAllActorsOfClass_OutActors6' of length 0 in '/Game/TwinStickCPP/BlueprintClass/BlueprintClassGameMode.BlueprintClassGameMode_C:ExecuteUbergraph_BlueprintClassGameMode'!
[2019.06.14-15.03.08:238][325]LogBlueprintUserMessages: Warning: SetTimer passed a bad function (spawnexplarge) or object (None)
[2019.06.14-15.03.08:240][325]PIE: /Game/TwinStickCPP/Maps/UEDPIE_0_MainMenu的‘在编辑器中播放’的起始时间1.255
[2019.06.14-15.03.08:240][325]LogBlueprintUserMessages: Late PlayInEditor Detection: Level '/Game/TwinStickCPP/Maps/MainMenu.MainMenu:PersistentLevel' has LevelScriptBlueprint '/Game/TwinStickCPP/Maps/MainMenu.MainMenu:PersistentLevel.MainMenu' with GeneratedClass '/Game/TwinStickCPP/Maps/MainMenu.MainMenu_C' with ClassGeneratedBy '/Game/TwinStickCPP/Maps/MainMenu.MainMenu:PersistentLevel.MainMenu'
[2019.06.14-15.03.08:242][325]LogSlate: Warning: Legacy localized fallback font '../../../Engine/Content/Slate/Fonts/DroidSansFallback.ttf' was requested. Font: '/Engine/EngineFonts/Faces/RobotoRegular.RobotoRegular', Character: '光 (U+5149)'
Legacy localized fallback fonts were deprecated in 4.22 and will be removed in a future version!
Please update your composite fonts to use localized sub-font families: https://docs.unrealengine.com/en-US/Engine/UMG/UserGuide/Fonts/Overview
[2019.06.14-15.03.08:783][357]LogNet: Browse: /Game/TwinStickCPP/Maps/TwinStickExampleMap
[2019.06.14-15.03.08:784][357]LogLoad: LoadMap: /Game/TwinStickCPP/Maps/TwinStickExampleMap
[2019.06.14-15.03.08:808][357]LogUObjectHash: Compacting FUObjectHashTables data took   1.36ms
[2019.06.14-15.03.09:287][357]LogAIModule: Creating AISystem for world TwinStickExampleMap
[2019.06.14-15.03.09:287][357]LogLoad: Game class is 'BlueprintClassGameMode_C'
[2019.06.14-15.03.09:298][357]LogWorld: Bringing World /Game/TwinStickCPP/Maps/UEDPIE_0_TwinStickExampleMap.TwinStickExampleMap up for play (max tick rate 60) at 2019.06.14-23.03.09
[2019.06.14-15.03.09:299][357]LogWorld: Bringing up level for play took: 0.011019
[2019.06.14-15.03.09:304][357]LogLoad: Took 0.519769 seconds to LoadMap(/Game/TwinStickCPP/Maps/TwinStickExampleMap)
[2019.06.14-15.03.10:460][424]LogBlueprintUserMessages: Early EndPlayMap Detection: Level '/Game/TwinStickCPP/Maps/MainMenu.MainMenu:PersistentLevel' has LevelScriptBlueprint '/Game/TwinStickCPP/Maps/MainMenu.MainMenu:PersistentLevel.MainMenu' with GeneratedClass '/Game/TwinStickCPP/Maps/MainMenu.MainMenu_C' with ClassGeneratedBy '/Game/TwinStickCPP/Maps/MainMenu.MainMenu:PersistentLevel.MainMenu'
[2019.06.14-15.03.10:461][424]LogSlate: Updating window title bar state: overlay mode, drag disabled, window buttons hidden, title bar hidden
[2019.06.14-15.03.10:499][424]LogPlayLevel: Display: Shutting down PIE online subsystems
[2019.06.14-15.03.10:499][424]LogBlueprintUserMessages: Late EndPlayMap Detection: Level '/Game/TwinStickCPP/Maps/MainMenu.MainMenu:PersistentLevel' has LevelScriptBlueprint '/Game/TwinStickCPP/Maps/MainMenu.MainMenu:PersistentLevel.MainMenu' with GeneratedClass '/Game/TwinStickCPP/Maps/MainMenu.MainMenu_C' with ClassGeneratedBy '/Game/TwinStickCPP/Maps/MainMenu.MainMenu:PersistentLevel.MainMenu'
[2019.06.14-15.03.10:527][424]LogSlate: Updating window title bar state: overlay mode, drag disabled, window buttons hidden, title bar hidden
[2019.06.14-15.03.10:533][424]LogUObjectHash: Compacting FUObjectHashTables data took   1.83ms
[2019.06.14-15.03.10:565][426]LogPlayLevel: Display: Destroying online subsystem :Context_1
[2019.06.14-15.03.12:689][553]LogSlate: Took 0.000315 seconds to synchronously load lazily loaded font '../../../Engine/Content/Slate/Fonts/Roboto-Light.ttf' (167K)
[2019.06.14-15.03.12:709][553]Cmd: OBJ SAVEPACKAGE PACKAGE="/Game/TwinStickCPP/Maps/MainMenu" FILE="../../../program3053_UE/program3053/Content/TwinStickCPP/Maps/MainMenu.umap" SILENT=true AUTOSAVING=false KEEPDIRTY=false
[2019.06.14-15.03.12:734][553]LogUObjectHash: Compacting FUObjectHashTables data took   0.51ms
[2019.06.14-15.03.12:905][553]LogSavePackage: Moving '../../../program3053_UE/program3053/Saved/MainMenuCC90D2D04CBC7ACA31F8BBB37A1A42AA.tmp' to '../../../program3053_UE/program3053/Content/TwinStickCPP/Maps/MainMenu.umap'
[2019.06.14-15.03.23:919][210]LogAssetEditorManager: Opening Asset editor for World /Game/TwinStickCPP/Maps/MainMenu.MainMenu
[2019.06.14-15.03.23:947][210]LogUObjectHash: Compacting FUObjectHashTables data took   2.29ms
[2019.06.14-15.03.23:948][210]Cmd: MAP LOAD FILE="../../../program3053_UE/program3053/Content/TwinStickCPP/Maps/MainMenu.umap" TEMPLATE=0 SHOWPROGRESS=1 FEATURELEVEL=3
[2019.06.14-15.03.23:948][210]LightingResults: New page: 光照构建
[2019.06.14-15.03.23:949][210]LoadErrors: New page: 正在加载地图： MainMenu.umap
[2019.06.14-15.03.23:950][210]MapCheck: New page: 地图检测
[2019.06.14-15.03.23:950][210]LightingResults: New page: 光照构建
[2019.06.14-15.03.23:974][210]LogUObjectHash: Compacting FUObjectHashTables data took   1.65ms
[2019.06.14-15.03.23:995][210]LogAIModule: Creating AISystem for world MainMenu
[2019.06.14-15.03.24:073][210]LogEditorServer: Finished looking for orphan Actors (0.000 secs)
[2019.06.14-15.03.24:098][210]LogUObjectHash: Compacting FUObjectHashTables data took   1.90ms
[2019.06.14-15.03.24:131][210]Cmd: MAP CHECKDEP NOCLEARLOG
[2019.06.14-15.03.24:131][210]MapCheck: 地图检测完成：0个错误，0 个警告，用时0.185毫秒完成。
[2019.06.14-15.03.24:133][210]LogFileHelpers: Loading map 'MainMenu' took 0.185
[2019.06.14-15.03.25:305][277]LogTemp: Repeating last play command: 选中的视口
[2019.06.14-15.03.25:320][277]LogBlueprintUserMessages: Early PlayInEditor Detection: Level '/Game/TwinStickCPP/Maps/MainMenu.MainMenu:PersistentLevel' has LevelScriptBlueprint '/Game/TwinStickCPP/Maps/MainMenu.MainMenu:PersistentLevel.MainMenu' with GeneratedClass '/Game/TwinStickCPP/Maps/MainMenu.MainMenu_C' with ClassGeneratedBy '/Game/TwinStickCPP/Maps/MainMenu.MainMenu:PersistentLevel.MainMenu'
[2019.06.14-15.03.25:320][277]LogPlayLevel: PlayLevel: No blueprints needed recompiling
[2019.06.14-15.03.25:321][277]PIE: New page: PIE会话: MainMenu (2019年6月15日 上午7:03:25)
[2019.06.14-15.03.25:321][277]LogPlayLevel: Creating play world package: /Game/TwinStickCPP/Maps/UEDPIE_0_MainMenu
[2019.06.14-15.03.25:323][277]LogPlayLevel: PIE: StaticDuplicateObject took: (0.002141s)
[2019.06.14-15.03.25:324][277]LogAIModule: Creating AISystem for world MainMenu
[2019.06.14-15.03.25:324][277]LogPlayLevel: PIE: World Init took: (0.000977s)
[2019.06.14-15.03.25:324][277]LogPlayLevel: PIE: Created PIE world by copying editor world from /Game/TwinStickCPP/Maps/MainMenu.MainMenu to /Game/TwinStickCPP/Maps/UEDPIE_0_MainMenu.MainMenu (0.003437s)
[2019.06.14-15.03.25:347][277]LogUObjectHash: Compacting FUObjectHashTables data took   1.08ms
[2019.06.14-15.03.25:352][277]LogInit: XAudio2 using 'Speakers/Headphones (Realtek(R) Audio)' : 2 channels at 48 kHz using 32 bits per sample (channel mask 0x3)
[2019.06.14-15.03.25:440][277]LogInit: FAudioDevice initialized.
[2019.06.14-15.03.25:476][277]LogLoad: Game class is 'BlueprintClassGameMode_C'
[2019.06.14-15.03.25:479][277]LogWorld: Bringing World /Game/TwinStickCPP/Maps/UEDPIE_0_MainMenu.MainMenu up for play (max tick rate 60) at 2019.06.14-23.03.25
[2019.06.14-15.03.25:479][277]LogWorld: Bringing up level for play took: 0.002037
[2019.06.14-15.03.25:494][277]LogScript: Warning: Script Msg: Attempted to access index 0 from array 'CallFunc_GetAllActorsOfClass_OutActors4' of length 0 in '/Game/TwinStickCPP/BlueprintClass/BlueprintClassGameMode.BlueprintClassGameMode_C:ExecuteUbergraph_BlueprintClassGameMode'!
[2019.06.14-15.03.25:494][277]LogBlueprintUserMessages: Warning: SetTimer passed a bad function (SpawnAI) or object (None)
[2019.06.14-15.03.25:494][277]LogScript: Warning: Script Msg: Attempted to access index 0 from array 'CallFunc_GetAllActorsOfClass_OutActors' of length 0 in '/Game/TwinStickCPP/BlueprintClass/BlueprintClassGameMode.BlueprintClassGameMode_C:ExecuteUbergraph_BlueprintClassGameMode'!
[2019.06.14-15.03.25:494][277]LogBlueprintUserMessages: Warning: SetTimer passed a bad function (spawnhpmiddle) or object (None)
[2019.06.14-15.03.25:494][277]LogScript: Warning: Script Msg: Attempted to access index 0 from array 'CallFunc_GetAllActorsOfClass_OutActors1' of length 0 in '/Game/TwinStickCPP/BlueprintClass/BlueprintClassGameMode.BlueprintClassGameMode_C:ExecuteUbergraph_BlueprintClassGameMode'!
[2019.06.14-15.03.25:495][277]LogBlueprintUserMessages: Warning: SetTimer passed a bad function (spawnhplittle) or object (None)
[2019.06.14-15.03.25:495][277]LogScript: Warning: Script Msg: Attempted to access index 0 from array 'CallFunc_GetAllActorsOfClass_OutActors2' of length 0 in '/Game/TwinStickCPP/BlueprintClass/BlueprintClassGameMode.BlueprintClassGameMode_C:ExecuteUbergraph_BlueprintClassGameMode'!
[2019.06.14-15.03.25:495][277]LogBlueprintUserMessages: Warning: SetTimer passed a bad function (spawnhplarge) or object (None)
[2019.06.14-15.03.25:495][277]LogScript: Warning: Script Msg: Attempted to access index 0 from array 'CallFunc_GetAllActorsOfClass_OutActors3' of length 0 in '/Game/TwinStickCPP/BlueprintClass/BlueprintClassGameMode.BlueprintClassGameMode_C:ExecuteUbergraph_BlueprintClassGameMode'!
[2019.06.14-15.03.25:495][277]LogBlueprintUserMessages: Warning: SetTimer passed a bad function (spawnexplittle) or object (None)
[2019.06.14-15.03.25:495][277]LogScript: Warning: Script Msg: Attempted to access index 0 from array 'CallFunc_GetAllActorsOfClass_OutActors5' of length 0 in '/Game/TwinStickCPP/BlueprintClass/BlueprintClassGameMode.BlueprintClassGameMode_C:ExecuteUbergraph_BlueprintClassGameMode'!
[2019.06.14-15.03.25:495][277]LogBlueprintUserMessages: Warning: SetTimer passed a bad function (spawnexpmiddle) or object (None)
[2019.06.14-15.03.25:495][277]LogScript: Warning: Script Msg: Attempted to access index 0 from array 'CallFunc_GetAllActorsOfClass_OutActors6' of length 0 in '/Game/TwinStickCPP/BlueprintClass/BlueprintClassGameMode.BlueprintClassGameMode_C:ExecuteUbergraph_BlueprintClassGameMode'!
[2019.06.14-15.03.25:495][277]LogBlueprintUserMessages: Warning: SetTimer passed a bad function (spawnexplarge) or object (None)
[2019.06.14-15.03.25:496][277]PIE: /Game/TwinStickCPP/Maps/UEDPIE_0_MainMenu的‘在编辑器中播放’的起始时间0.511
[2019.06.14-15.03.25:497][277]LogBlueprintUserMessages: Late PlayInEditor Detection: Level '/Game/TwinStickCPP/Maps/MainMenu.MainMenu:PersistentLevel' has LevelScriptBlueprint '/Game/TwinStickCPP/Maps/MainMenu.MainMenu:PersistentLevel.MainMenu' with GeneratedClass '/Game/TwinStickCPP/Maps/MainMenu.MainMenu_C' with ClassGeneratedBy '/Game/TwinStickCPP/Maps/MainMenu.MainMenu:PersistentLevel.MainMenu'
[2019.06.14-15.03.26:224][321]LogNet: Browse: /Game/TwinStickCPP/Maps/TwinStickExampleMap
[2019.06.14-15.03.26:225][321]LogLoad: LoadMap: /Game/TwinStickCPP/Maps/TwinStickExampleMap
[2019.06.14-15.03.26:254][321]LogUObjectHash: Compacting FUObjectHashTables data took   1.81ms
[2019.06.14-15.03.26:315][321]LogAIModule: Creating AISystem for world TwinStickExampleMap
[2019.06.14-15.03.26:315][321]LogLoad: Game class is 'BlueprintClassGameMode_C'
[2019.06.14-15.03.26:335][321]LogWorld: Bringing World /Game/TwinStickCPP/Maps/UEDPIE_0_TwinStickExampleMap.TwinStickExampleMap up for play (max tick rate 60) at 2019.06.14-23.03.26
[2019.06.14-15.03.26:336][321]LogWorld: Bringing up level for play took: 0.019331
[2019.06.14-15.03.26:338][321]LogLoad: Took 0.113232 seconds to LoadMap(/Game/TwinStickCPP/Maps/TwinStickExampleMap)
[2019.06.14-15.03.31:240][613]LogSpawn: Warning: SpawnActor failed because of collision at the spawn location [X=842.424 Y=180.934 Z=188.023] for [AI_C]
[2019.06.14-15.03.36:672][921]LogScript: Warning: “无访问”正在尝试读取属性 CallFunc_GetPlayerPawn_ReturnValue2
	AI_C /Game/TwinStickCPP/Maps/UEDPIE_0_TwinStickExampleMap.TwinStickExampleMap:PersistentLevel.AI_C_3
	Function /Game/TwinStickCPP/BlueprintClass/AI/AI.AI_C:ExecuteUbergraph_AI:04FC
[2019.06.14-15.03.36:672][921]PIE: Error: 蓝图运行时错误："“无访问”正在尝试读取属性 CallFunc_GetPlayerPawn_ReturnValue2"。 蓝图： AI 函数： Execute Ubergraph AI 图表： EventGraph 节点： SetActorRotation
[2019.06.14-15.03.36:673][921]LogScript: Warning: “无访问”正在尝试读取属性 CallFunc_GetPlayerPawn_ReturnValue2
	AI_C /Game/TwinStickCPP/Maps/UEDPIE_0_TwinStickExampleMap.TwinStickExampleMap:PersistentLevel.AI_C_6
	Function /Game/TwinStickCPP/BlueprintClass/AI/AI.AI_C:ExecuteUbergraph_AI:04FC
[2019.06.14-15.03.36:673][921]PIE: Error: 蓝图运行时错误："“无访问”正在尝试读取属性 CallFunc_GetPlayerPawn_ReturnValue2"。 蓝图： AI 函数： Execute Ubergraph AI 图表： EventGraph 节点： SetActorRotation
[2019.06.14-15.03.36:674][921]LogScript: Warning: “无访问”正在尝试读取属性 CallFunc_GetPlayerPawn_ReturnValue2
	AI_C /Game/TwinStickCPP/Maps/UEDPIE_0_TwinStickExampleMap.TwinStickExampleMap:PersistentLevel.AI_C_2
	Function /Game/TwinStickCPP/BlueprintClass/AI/AI.AI_C:ExecuteUbergraph_AI:04FC
[2019.06.14-15.03.36:674][921]PIE: Error: 蓝图运行时错误："“无访问”正在尝试读取属性 CallFunc_GetPlayerPawn_ReturnValue2"。 蓝图： AI 函数： Execute Ubergraph AI 图表： EventGraph 节点： SetActorRotation
[2019.06.14-15.03.36:675][921]LogScript: Warning: “无访问”正在尝试读取属性 CallFunc_GetPlayerPawn_ReturnValue2
	AI_C /Game/TwinStickCPP/Maps/UEDPIE_0_TwinStickExampleMap.TwinStickExampleMap:PersistentLevel.AI_C_7
	Function /Game/TwinStickCPP/BlueprintClass/AI/AI.AI_C:ExecuteUbergraph_AI:04FC
[2019.06.14-15.03.36:675][921]PIE: Error: 蓝图运行时错误："“无访问”正在尝试读取属性 CallFunc_GetPlayerPawn_ReturnValue2"。 蓝图： AI 函数： Execute Ubergraph AI 图表： EventGraph 节点： SetActorRotation
[2019.06.14-15.03.36:676][921]LogScript: Warning: “无访问”正在尝试读取属性 CallFunc_GetPlayerPawn_ReturnValue2
	AI_C /Game/TwinStickCPP/Maps/UEDPIE_0_TwinStickExampleMap.TwinStickExampleMap:PersistentLevel.AI_C_0
	Function /Game/TwinStickCPP/BlueprintClass/AI/AI.AI_C:ExecuteUbergraph_AI:04FC
[2019.06.14-15.03.36:676][921]PIE: Error: 蓝图运行时错误："“无访问”正在尝试读取属性 CallFunc_GetPlayerPawn_ReturnValue2"。 蓝图： AI 函数： Execute Ubergraph AI 图表： EventGraph 节点： SetActorRotation
[2019.06.14-15.03.36:677][921]LogScript: Warning: “无访问”正在尝试读取属性 CallFunc_GetPlayerPawn_ReturnValue2
	AI_C /Game/TwinStickCPP/Maps/UEDPIE_0_TwinStickExampleMap.TwinStickExampleMap:PersistentLevel.AI_C_8
	Function /Game/TwinStickCPP/BlueprintClass/AI/AI.AI_C:ExecuteUbergraph_AI:04FC
[2019.06.14-15.03.36:677][921]PIE: Error: 蓝图运行时错误："“无访问”正在尝试读取属性 CallFunc_GetPlayerPawn_ReturnValue2"。 蓝图： AI 函数： Execute Ubergraph AI 图表： EventGraph 节点： SetActorRotation
[2019.06.14-15.03.36:677][921]LogScript: Warning: “无访问”正在尝试读取属性 CallFunc_GetPlayerPawn_ReturnValue2
	AI_C /Game/TwinStickCPP/Maps/UEDPIE_0_TwinStickExampleMap.TwinStickExampleMap:PersistentLevel.AI_C_9
	Function /Game/TwinStickCPP/BlueprintClass/AI/AI.AI_C:ExecuteUbergraph_AI:04FC
[2019.06.14-15.03.36:678][921]PIE: Error: 蓝图运行时错误："“无访问”正在尝试读取属性 CallFunc_GetPlayerPawn_ReturnValue2"。 蓝图： AI 函数： Execute Ubergraph AI 图表： EventGraph 节点： SetActorRotation
[2019.06.14-15.03.36:678][921]LogScript: Warning: “无访问”正在尝试读取属性 CallFunc_GetPlayerPawn_ReturnValue2
	AI_C /Game/TwinStickCPP/Maps/UEDPIE_0_TwinStickExampleMap.TwinStickExampleMap:PersistentLevel.AI_C_5
	Function /Game/TwinStickCPP/BlueprintClass/AI/AI.AI_C:ExecuteUbergraph_AI:04FC
[2019.06.14-15.03.36:679][921]PIE: Error: 蓝图运行时错误："“无访问”正在尝试读取属性 CallFunc_GetPlayerPawn_ReturnValue2"。 蓝图： AI 函数： Execute Ubergraph AI 图表： EventGraph 节点： SetActorRotation
[2019.06.14-15.03.36:679][921]LogScript: Warning: “无访问”正在尝试读取属性 CallFunc_GetPlayerPawn_ReturnValue2
	AI_C /Game/TwinStickCPP/Maps/UEDPIE_0_TwinStickExampleMap.TwinStickExampleMap:PersistentLevel.AI_2
	Function /Game/TwinStickCPP/BlueprintClass/AI/AI.AI_C:ExecuteUbergraph_AI:04FC
[2019.06.14-15.03.36:679][921]PIE: Error: 蓝图运行时错误："“无访问”正在尝试读取属性 CallFunc_GetPlayerPawn_ReturnValue2"。 蓝图： AI 函数： Execute Ubergraph AI 图表： EventGraph 节点： SetActorRotation
[2019.06.14-15.03.36:680][921]LogScript: Warning: “无访问”正在尝试读取属性 CallFunc_GetPlayerPawn_ReturnValue2
	AI_C /Game/TwinStickCPP/Maps/UEDPIE_0_TwinStickExampleMap.TwinStickExampleMap:PersistentLevel.AI_C_1
	Function /Game/TwinStickCPP/BlueprintClass/AI/AI.AI_C:ExecuteUbergraph_AI:04FC
[2019.06.14-15.03.36:680][921]PIE: Error: 蓝图运行时错误："“无访问”正在尝试读取属性 CallFunc_GetPlayerPawn_ReturnValue2"。 蓝图： AI 函数： Execute Ubergraph AI 图表： EventGraph 节点： SetActorRotation
