Log file open, 06/14/19 22:55:43
LogWindows: Failed to load 'aqProf.dll' (GetLastError=126)
LogWindows: File 'aqProf.dll' does not exist
LogWindows: Failed to load 'VtuneApi.dll' (GetLastError=126)
LogWindows: File 'VtuneApi.dll' does not exist
LogWindows: Failed to load 'VtuneApi32e.dll' (GetLastError=126)
LogWindows: File 'VtuneApi32e.dll' does not exist
LogConsoleResponse: Display: Failed to find resolution value strings in scalability ini. Falling back to default.
LogInit: Display: Running engine for game: program3053
LogPakFile: Registered encryption key '00000000000000000000000000000000': 0 pak files mounted, 0 remain pending
LogPlatformFile: Not using cached read wrapper
LogTaskGraph: Started task graph with 5 named threads and 23 total threads with 3 sets of task threads.
LogStats: Stats thread started at 0.440840
LogD3D11RHI: Loaded GFSDK_Aftermath_Lib.x64.dll
LogICUInternationalization: ICU TimeZone Detection - Raw Offset: +8:00, Platform Override: ''
LogPluginManager: Mounting plugin Paper2D
LogPluginManager: Mounting plugin AISupport
LogPluginManager: Mounting plugin LightPropagationVolume
LogPluginManager: Mounting plugin ActorLayerUtilities
LogPluginManager: Mounting plugin AnimationSharing
LogPluginManager: Mounting plugin CLionSourceCodeAccess
LogPluginManager: Mounting plugin CodeLiteSourceCodeAccess
LogPluginManager: Mounting plugin GitSourceControl
LogPluginManager: Mounting plugin KDevelopSourceCodeAccess
LogPluginManager: Mounting plugin NullSourceCodeAccess
LogPluginManager: Mounting plugin PerforceSourceControl
LogPluginManager: Mounting plugin SubversionSourceControl
LogPluginManager: Mounting plugin UObjectPlugin
LogPluginManager: Mounting plugin VisualStudioCodeSourceCodeAccess
LogPluginManager: Mounting plugin VisualStudioSourceCodeAccess
LogPluginManager: Mounting plugin XCodeSourceCodeAccess
LogPluginManager: Mounting plugin AssetManagerEditor
LogPluginManager: Mounting plugin CryptoKeys
LogPluginManager: Mounting plugin DataValidation
LogPluginManager: Mounting plugin FacialAnimation
LogPluginManager: Mounting plugin GameplayTagsEditor
LogPluginManager: Mounting plugin MacGraphicsSwitching
LogPluginManager: Mounting plugin MaterialAnalyzer
LogPluginManager: Mounting plugin MobileLauncherProfileWizard
LogPluginManager: Mounting plugin PluginBrowser
LogPluginManager: Mounting plugin SpeedTreeImporter
LogPluginManager: Mounting plugin DatasmithContent
LogPluginManager: Mounting plugin VariantManagerContent
LogPluginManager: Mounting plugin AlembicImporter
LogPluginManager: Mounting plugin AppleImageUtils
LogPluginManager: Mounting plugin AppleVision
LogPluginManager: Mounting plugin BackChannel
LogPluginManager: Mounting plugin CharacterAI
LogPluginManager: Mounting plugin GeometryCache
LogPluginManager: Mounting plugin HTML5Networking
LogPluginManager: Mounting plugin ProxyLODPlugin
LogPluginManager: Mounting plugin SkeletalReduction
LogPluginManager: Mounting plugin MagicLeap
LogPluginManager: Mounting plugin MagicLeapMedia
LogPluginManager: Mounting plugin AndroidMedia
LogPluginManager: Mounting plugin AvfMedia
LogPluginManager: Mounting plugin ImgMedia
LogPluginManager: Mounting plugin LinearTimecode
LogPluginManager: Mounting plugin MediaCompositing
LogPluginManager: Mounting plugin MediaPlayerEditor
LogPluginManager: Mounting plugin WebMMedia
LogPluginManager: Mounting plugin WmfMedia
LogPluginManager: Mounting plugin TcpMessaging
LogPluginManager: Mounting plugin UdpMessaging
LogPluginManager: Mounting plugin ActorSequence
LogPluginManager: Mounting plugin LevelSequenceEditor
LogPluginManager: Mounting plugin MatineeToLevelSequence
LogPluginManager: Mounting plugin NetcodeUnitTest
LogPluginManager: Mounting plugin NUTUnrealEngine4
LogPluginManager: Mounting plugin OnlineSubsystemGooglePlay
LogPluginManager: Mounting plugin OnlineSubsystemIOS
LogPluginManager: Mounting plugin OnlineSubsystem
LogPluginManager: Mounting plugin OnlineSubsystemNull
LogPluginManager: Mounting plugin OnlineSubsystemUtils
LogPluginManager: Mounting plugin LauncherChunkInstaller
LogPluginManager: Mounting plugin AndroidDeviceProfileSelector
LogPluginManager: Mounting plugin AndroidMoviePlayer
LogPluginManager: Mounting plugin AndroidPermission
LogPluginManager: Mounting plugin AppleMoviePlayer
LogPluginManager: Mounting plugin ArchVisCharacter
LogPluginManager: Mounting plugin AudioCapture
LogPluginManager: Mounting plugin CableComponent
LogPluginManager: Mounting plugin CustomMeshComponent
LogPluginManager: Mounting plugin EditableMesh
LogPluginManager: Mounting plugin ExampleDeviceProfileSelector
LogPluginManager: Mounting plugin Firebase
LogPluginManager: Mounting plugin GoogleCloudMessaging
LogPluginManager: Mounting plugin IOSDeviceProfileSelector
LogPluginManager: Mounting plugin LinuxDeviceProfileSelector
LogPluginManager: Mounting plugin LocationServicesBPLibrary
LogPluginManager: Mounting plugin MobilePatchingUtils
LogPluginManager: Mounting plugin OculusVR
LogPluginManager: Mounting plugin PhysXVehicles
LogPluginManager: Mounting plugin ProceduralMeshComponent
LogPluginManager: Mounting plugin RuntimePhysXCooking
LogPluginManager: Mounting plugin SignificanceManager
LogPluginManager: Mounting plugin SteamVR
LogPluginManager: Mounting plugin WebMMoviePlayer
LogPluginManager: Mounting plugin WindowsMoviePlayer
LogInit: Using libcurl 7.55.1-DEV
LogInit:  - built for x86_64-pc-win32
LogInit:  - supports SSL with OpenSSL/1.1.1
LogInit:  - supports HTTP deflate (compression) using libz 1.2.8
LogInit:  - other features:
LogInit:      CURL_VERSION_SSL
LogInit:      CURL_VERSION_LIBZ
LogInit:      CURL_VERSION_IPV6
LogInit:      CURL_VERSION_ASYNCHDNS
LogInit:      CURL_VERSION_LARGEFILE
LogInit:      CURL_VERSION_IDN
LogInit:  CurlRequestOptions (configurable via config and command line):
LogInit:  - bVerifyPeer = true  - Libcurl will verify peer certificate
LogInit:  - bUseHttpProxy = false  - Libcurl will NOT use HTTP proxy
LogInit:  - bDontReuseConnections = false  - Libcurl will reuse connections
LogInit:  - MaxHostConnections = 16  - Libcurl will limit the number of connections to a host
LogInit:  - LocalHostAddr = Default
LogInit:  - BufferSize = 65536
LogInit: WinSock: version 1.1 (2.2), MaxSocks=32767, MaxUdp=65467
LogInit: Build: ++UE4+Release-4.22-CL-6574378
LogInit: Engine Version: 4.22.2-6574378+++UE4+Release-4.22
LogInit: Compatible Engine Version: 4.22.0-5660361+++UE4+Release-4.22
LogInit: Net CL: 5660361
LogInit: OS: Windows 10 (Release 1803) (), CPU: Intel(R) Core(TM) i5-8300H CPU @ 2.30GHz, GPU: Intel(R) UHD Graphics 630
LogInit: Compiled (64-bit): May 20 2019 09:54:56
LogInit: Compiled with Visual C++: 19.16.27025.01
LogInit: Build Configuration: DebugGame
LogInit: Branch Name: ++UE4+Release-4.22
LogInit: Command Line:  -skipcompile
LogInit: Base Directory: D:/Epic/UE_4.22/Engine/Binaries/Win64/
LogInit: Installed Engine Build: 1
LogDevObjectVersion: Number of dev versions registered: 23
LogDevObjectVersion:   Dev-Blueprints (B0D832E4-1F89-4F0D-ACCF-7EB736FD4AA2): 10
LogDevObjectVersion:   Dev-Build (E1C64328-A22C-4D53-A36C-8E866417BD8C): 0
LogDevObjectVersion:   Dev-Core (375EC13C-06E4-48FB-B500-84F0262A717E): 3
LogDevObjectVersion:   Dev-Editor (E4B068ED-F494-42E9-A231-DA0B2E46BB41): 30
LogDevObjectVersion:   Dev-Framework (CFFC743F-43B0-4480-9391-14DF171D2073): 35
LogDevObjectVersion:   Dev-Mobile (B02B49B5-BB20-44E9-A304-32B752E40360): 2
LogDevObjectVersion:   Dev-Networking (A4E4105C-59A1-49B5-A7C5-40C4547EDFEE): 0
LogDevObjectVersion:   Dev-Online (39C831C9-5AE6-47DC-9A44-9C173E1C8E7C): 0
LogDevObjectVersion:   Dev-Physics (78F01B33-EBEA-4F98-B9B4-84EACCB95AA2): 0
LogDevObjectVersion:   Dev-Platform (6631380F-2D4D-43E0-8009-CF276956A95A): 0
LogDevObjectVersion:   Dev-Rendering (12F88B9F-8875-4AFC-A67C-D90C383ABD29): 28
LogDevObjectVersion:   Dev-Sequencer (7B5AE74C-D270-4C10-A958-57980B212A5A): 11
LogDevObjectVersion:   Dev-VR (D7296918-1DD6-4BDD-9DE2-64A83CC13884): 2
LogDevObjectVersion:   Dev-LoadTimes (C2A15278-BFE7-4AFE-6C17-90FF531DF755): 1
LogDevObjectVersion:   Private-Geometry (6EACA3D4-40EC-4CC1-B786-8BED09428FC5): 3
LogDevObjectVersion:   Dev-AnimPhys (29E575DD-E0A3-4627-9D10-D276232CDCEA): 17
LogDevObjectVersion:   Dev-Anim (AF43A65D-7FD3-4947-9873-3E8ED9C1BB05): 2
LogDevObjectVersion:   Dev-ReflectionCapture (6B266CEC-1EC7-4B8F-A30B-E4D90942FC07): 1
LogDevObjectVersion:   Dev-Automation (0DF73D61-A23F-47EA-B727-89E90C41499A): 1
LogDevObjectVersion:   FortniteMain (601D1886-AC64-4F84-AA16-D3DE0DEAC7D6): 25
LogDevObjectVersion:   Dev-Enterprise (9DFFBCD6-494F-0158-E221-12823C92A888): 6
LogDevObjectVersion:   Dev-Niagara (F2AED0AC-9AFE-416F-8664-AA7FFA26D6FC): 1
LogDevObjectVersion:   Dev-Destruction (174F1F0B-B4C6-45A5-B13F-2EE8D0FB917D): 2
LogInit: Presizing for max 16777216 objects, including 0 objects not considered by GC, pre-allocating 0 bytes for permanent pool.
LogInit: Object subsystem initialized
LogConfig: Setting CVar [[con.DebugEarlyDefault:1]]
LogConfig: Setting CVar [[r.setres:1280x720]]
[2019.06.14-14.55.43:820][  0]LogConfig: Setting CVar [[r.VSync:0]]
[2019.06.14-14.55.43:820][  0]LogConfig: Setting CVar [[r.RHICmdBypass:0]]
[2019.06.14-14.55.43:820][  0]LogConfig: Applying CVar settings from Section [/Script/Engine.RendererSettings] File [../../../program3053_UE/program3053/Saved/Config/Windows/Engine.ini]
[2019.06.14-14.55.43:820][  0]LogConfig: Setting CVar [[r.GPUCrashDebugging:0]]
[2019.06.14-14.55.43:820][  0]LogConfig: Applying CVar settings from Section [/Script/Engine.RendererOverrideSettings] File [../../../program3053_UE/program3053/Saved/Config/Windows/Engine.ini]
[2019.06.14-14.55.43:820][  0]LogConfig: Applying CVar settings from Section [/Script/Engine.StreamingSettings] File [../../../program3053_UE/program3053/Saved/Config/Windows/Engine.ini]
[2019.06.14-14.55.43:820][  0]LogConfig: Setting CVar [[s.MinBulkDataSizeForAsyncLoading:131072]]
[2019.06.14-14.55.43:820][  0]LogConfig: Setting CVar [[s.AsyncLoadingThreadEnabled:0]]
[2019.06.14-14.55.43:821][  0]LogConfig: Setting CVar [[s.EventDrivenLoaderEnabled:1]]
[2019.06.14-14.55.43:821][  0]LogConfig: Setting CVar [[s.WarnIfTimeLimitExceeded:0]]
[2019.06.14-14.55.43:821][  0]LogConfig: Setting CVar [[s.TimeLimitExceededMultiplier:1.5]]
[2019.06.14-14.55.43:821][  0]LogConfig: Setting CVar [[s.TimeLimitExceededMinTime:0.005]]
[2019.06.14-14.55.43:821][  0]LogConfig: Setting CVar [[s.UseBackgroundLevelStreaming:1]]
[2019.06.14-14.55.43:821][  0]LogConfig: Setting CVar [[s.PriorityAsyncLoadingExtraTime:15.0]]
[2019.06.14-14.55.43:821][  0]LogConfig: Setting CVar [[s.LevelStreamingActorsUpdateTimeLimit:5.0]]
[2019.06.14-14.55.43:821][  0]LogConfig: Setting CVar [[s.PriorityLevelStreamingActorsUpdateExtraTime:5.0]]
[2019.06.14-14.55.43:821][  0]LogConfig: Setting CVar [[s.LevelStreamingComponentsRegistrationGranularity:10]]
[2019.06.14-14.55.43:822][  0]LogConfig: Setting CVar [[s.UnregisterComponentsTimeLimit:1.0]]
[2019.06.14-14.55.43:822][  0]LogConfig: Setting CVar [[s.LevelStreamingComponentsUnregistrationGranularity:5]]
[2019.06.14-14.55.43:822][  0]LogConfig: Applying CVar settings from Section [/Script/Engine.GarbageCollectionSettings] File [../../../program3053_UE/program3053/Saved/Config/Windows/Engine.ini]
[2019.06.14-14.55.43:822][  0]LogConfig: Setting CVar [[gc.MaxObjectsNotConsideredByGC:1]]
[2019.06.14-14.55.43:822][  0]LogConfig: Setting CVar [[gc.SizeOfPermanentObjectPool:0]]
[2019.06.14-14.55.43:822][  0]LogConfig: Setting CVar [[gc.FlushStreamingOnGC:0]]
[2019.06.14-14.55.43:822][  0]LogConfig: Setting CVar [[gc.NumRetriesBeforeForcingGC:10]]
[2019.06.14-14.55.43:822][  0]LogConfig: Setting CVar [[gc.AllowParallelGC:1]]
[2019.06.14-14.55.43:822][  0]LogConfig: Setting CVar [[gc.TimeBetweenPurgingPendingKillObjects:61.1]]
[2019.06.14-14.55.43:823][  0]LogConfig: Setting CVar [[gc.MaxObjectsInEditor:16777216]]
[2019.06.14-14.55.43:823][  0]LogConfig: Setting CVar [[gc.IncrementalBeginDestroyEnabled:1]]
[2019.06.14-14.55.43:823][  0]LogConfig: Setting CVar [[gc.CreateGCClusters:1]]
[2019.06.14-14.55.43:823][  0]LogConfig: Setting CVar [[gc.MinGCClusterSize:5]]
[2019.06.14-14.55.43:823][  0]LogConfig: Setting CVar [[gc.ActorClusteringEnabled:0]]
[2019.06.14-14.55.43:823][  0]LogConfig: Setting CVar [[gc.BlueprintClusteringEnabled:0]]
[2019.06.14-14.55.43:823][  0]LogConfig: Setting CVar [[gc.UseDisregardForGCOnDedicatedServers:0]]
[2019.06.14-14.55.43:823][  0]LogConfig: Applying CVar settings from Section [/Script/Engine.NetworkSettings] File [../../../program3053_UE/program3053/Saved/Config/Windows/Engine.ini]
[2019.06.14-14.55.43:823][  0]LogConfig: Applying CVar settings from Section [/Script/UnrealEd.CookerSettings] File [../../../program3053_UE/program3053/Saved/Config/Windows/Engine.ini]
[2019.06.14-14.55.43:834][  0]LogConfig: Applying CVar settings from Section [ViewDistanceQuality@3] File [../../../program3053_UE/program3053/Saved/Config/Windows/Scalability.ini]
[2019.06.14-14.55.43:834][  0]LogConfig: Setting CVar [[r.SkeletalMeshLODBias:0]]
[2019.06.14-14.55.43:834][  0]LogConfig: Setting CVar [[r.ViewDistanceScale:1.0]]
[2019.06.14-14.55.43:834][  0]LogConfig: Applying CVar settings from Section [AntiAliasingQuality@3] File [../../../program3053_UE/program3053/Saved/Config/Windows/Scalability.ini]
[2019.06.14-14.55.43:834][  0]LogConfig: Setting CVar [[r.PostProcessAAQuality:4]]
[2019.06.14-14.55.43:834][  0]LogConfig: Applying CVar settings from Section [ShadowQuality@3] File [../../../program3053_UE/program3053/Saved/Config/Windows/Scalability.ini]
[2019.06.14-14.55.43:835][  0]LogConfig: Setting CVar [[r.LightFunctionQuality:1]]
[2019.06.14-14.55.43:835][  0]LogConfig: Setting CVar [[r.ShadowQuality:5]]
[2019.06.14-14.55.43:835][  0]LogConfig: Setting CVar [[r.Shadow.CSM.MaxCascades:10]]
[2019.06.14-14.55.43:835][  0]LogConfig: Setting CVar [[r.Shadow.MaxResolution:2048]]
[2019.06.14-14.55.43:835][  0]LogConfig: Setting CVar [[r.Shadow.MaxCSMResolution:2048]]
[2019.06.14-14.55.43:835][  0]LogConfig: Setting CVar [[r.Shadow.RadiusThreshold:0.01]]
[2019.06.14-14.55.43:835][  0]LogConfig: Setting CVar [[r.Shadow.DistanceScale:1.0]]
[2019.06.14-14.55.43:835][  0]LogConfig: Setting CVar [[r.Shadow.CSM.TransitionScale:1.0]]
[2019.06.14-14.55.43:835][  0]LogConfig: Setting CVar [[r.Shadow.PreShadowResolutionFactor:1.0]]
[2019.06.14-14.55.43:835][  0]LogConfig: Setting CVar [[r.DistanceFieldShadowing:1]]
[2019.06.14-14.55.43:835][  0]LogConfig: Setting CVar [[r.DistanceFieldAO:1]]
[2019.06.14-14.55.43:836][  0]LogConfig: Setting CVar [[r.AOQuality:2]]
[2019.06.14-14.55.43:836][  0]LogConfig: Setting CVar [[r.VolumetricFog:1]]
[2019.06.14-14.55.43:836][  0]LogConfig: Setting CVar [[r.VolumetricFog.GridPixelSize:8]]
[2019.06.14-14.55.43:836][  0]LogConfig: Setting CVar [[r.VolumetricFog.GridSizeZ:128]]
[2019.06.14-14.55.43:836][  0]LogConfig: Setting CVar [[r.VolumetricFog.HistoryMissSupersampleCount:4]]
[2019.06.14-14.55.43:836][  0]LogConfig: Setting CVar [[r.LightMaxDrawDistanceScale:1]]
[2019.06.14-14.55.43:836][  0]LogConfig: Setting CVar [[r.CapsuleShadows:1]]
[2019.06.14-14.55.43:836][  0]LogConfig: Applying CVar settings from Section [PostProcessQuality@3] File [../../../program3053_UE/program3053/Saved/Config/Windows/Scalability.ini]
[2019.06.14-14.55.43:836][  0]LogConfig: Setting CVar [[r.MotionBlurQuality:4]]
[2019.06.14-14.55.43:836][  0]LogConfig: Setting CVar [[r.AmbientOcclusionMipLevelFactor:0.4]]
[2019.06.14-14.55.43:837][  0]LogConfig: Setting CVar [[r.AmbientOcclusionMaxQuality:100]]
[2019.06.14-14.55.43:837][  0]LogConfig: Setting CVar [[r.AmbientOcclusionLevels:-1]]
[2019.06.14-14.55.43:837][  0]LogConfig: Setting CVar [[r.AmbientOcclusionRadiusScale:1.0]]
[2019.06.14-14.55.43:837][  0]LogConfig: Setting CVar [[r.DepthOfFieldQuality:2]]
[2019.06.14-14.55.43:837][  0]LogConfig: Setting CVar [[r.RenderTargetPoolMin:400]]
[2019.06.14-14.55.43:837][  0]LogConfig: Setting CVar [[r.LensFlareQuality:2]]
[2019.06.14-14.55.43:837][  0]LogConfig: Setting CVar [[r.SceneColorFringeQuality:1]]
[2019.06.14-14.55.43:837][  0]LogConfig: Setting CVar [[r.EyeAdaptationQuality:2]]
[2019.06.14-14.55.43:837][  0]LogConfig: Setting CVar [[r.BloomQuality:5]]
[2019.06.14-14.55.43:837][  0]LogConfig: Setting CVar [[r.FastBlurThreshold:100]]
[2019.06.14-14.55.43:837][  0]LogConfig: Setting CVar [[r.Upscale.Quality:3]]
[2019.06.14-14.55.43:838][  0]LogConfig: Setting CVar [[r.Tonemapper.GrainQuantization:1]]
[2019.06.14-14.55.43:838][  0]LogConfig: Setting CVar [[r.LightShaftQuality:1]]
[2019.06.14-14.55.43:838][  0]LogConfig: Setting CVar [[r.Filter.SizeScale:1]]
[2019.06.14-14.55.43:838][  0]LogConfig: Setting CVar [[r.Tonemapper.Quality:5]]
[2019.06.14-14.55.43:838][  0]LogConfig: Setting CVar [[r.DOF.Gather.AccumulatorQuality:1        ; higher gathering accumulator quality]]
[2019.06.14-14.55.43:838][  0]LogConfig: Setting CVar [[r.DOF.Gather.PostfilterMethod:1          ; Median3x3 postfilering method]]
[2019.06.14-14.55.43:838][  0]LogConfig: Setting CVar [[r.DOF.Gather.EnableBokehSettings:0       ; no bokeh simulation when gathering]]
[2019.06.14-14.55.43:838][  0]LogConfig: Setting CVar [[r.DOF.Gather.RingCount:4                 ; medium number of samples when gathering]]
[2019.06.14-14.55.43:838][  0]LogConfig: Setting CVar [[r.DOF.Scatter.ForegroundCompositing:1    ; additive foreground scattering]]
[2019.06.14-14.55.43:838][  0]LogConfig: Setting CVar [[r.DOF.Scatter.BackgroundCompositing:2    ; additive background scattering]]
[2019.06.14-14.55.43:839][  0]LogConfig: Setting CVar [[r.DOF.Scatter.EnableBokehSettings:1      ; bokeh simulation when scattering]]
[2019.06.14-14.55.43:839][  0]LogConfig: Setting CVar [[r.DOF.Scatter.MaxSpriteRatio:0.1         ; only a maximum of 10% of scattered bokeh]]
[2019.06.14-14.55.43:839][  0]LogConfig: Setting CVar [[r.DOF.Recombine.Quality:1                ; cheap slight out of focus]]
[2019.06.14-14.55.43:839][  0]LogConfig: Setting CVar [[r.DOF.Recombine.EnableBokehSettings:0    ; no bokeh simulation on slight out of focus]]
[2019.06.14-14.55.43:839][  0]LogConfig: Setting CVar [[r.DOF.TemporalAAQuality:1                ; more stable temporal accumulation]]
[2019.06.14-14.55.43:839][  0]LogConfig: Setting CVar [[r.DOF.Kernel.MaxForegroundRadius:0.025]]
[2019.06.14-14.55.43:839][  0]LogConfig: Setting CVar [[r.DOF.Kernel.MaxBackgroundRadius:0.025]]
[2019.06.14-14.55.43:839][  0]LogConfig: Applying CVar settings from Section [TextureQuality@3] File [../../../program3053_UE/program3053/Saved/Config/Windows/Scalability.ini]
[2019.06.14-14.55.43:839][  0]LogConfig: Setting CVar [[r.Streaming.MipBias:0]]
[2019.06.14-14.55.43:840][  0]LogConfig: Setting CVar [[r.Streaming.AmortizeCPUToGPUCopy:0]]
[2019.06.14-14.55.43:840][  0]LogConfig: Setting CVar [[r.Streaming.MaxNumTexturesToStreamPerFrame:0]]
[2019.06.14-14.55.43:840][  0]LogConfig: Setting CVar [[r.Streaming.Boost:1]]
[2019.06.14-14.55.43:840][  0]LogConfig: Setting CVar [[r.MaxAnisotropy:8]]
[2019.06.14-14.55.43:840][  0]LogConfig: Setting CVar [[r.Streaming.LimitPoolSizeToVRAM:0]]
[2019.06.14-14.55.43:840][  0]LogConfig: Setting CVar [[r.Streaming.PoolSize:1000]]
[2019.06.14-14.55.43:840][  0]LogConfig: Setting CVar [[r.Streaming.MaxEffectiveScreenSize:0]]
[2019.06.14-14.55.43:840][  0]LogConfig: Applying CVar settings from Section [EffectsQuality@3] File [../../../program3053_UE/program3053/Saved/Config/Windows/Scalability.ini]
[2019.06.14-14.55.43:840][  0]LogConfig: Setting CVar [[r.TranslucencyLightingVolumeDim:64]]
[2019.06.14-14.55.43:840][  0]LogConfig: Setting CVar [[r.RefractionQuality:2]]
[2019.06.14-14.55.43:841][  0]LogConfig: Setting CVar [[r.SSR.Quality:3]]
[2019.06.14-14.55.43:841][  0]LogConfig: Setting CVar [[r.SceneColorFormat:4]]
[2019.06.14-14.55.43:841][  0]LogConfig: Setting CVar [[r.DetailMode:2]]
[2019.06.14-14.55.43:841][  0]LogConfig: Setting CVar [[r.TranslucencyVolumeBlur:1]]
[2019.06.14-14.55.43:841][  0]LogConfig: Setting CVar [[r.MaterialQualityLevel:1 ; High quality]]
[2019.06.14-14.55.43:841][  0]LogConfig: Setting CVar [[r.SSS.Scale:1]]
[2019.06.14-14.55.43:841][  0]LogConfig: Setting CVar [[r.SSS.SampleSet:2]]
[2019.06.14-14.55.43:841][  0]LogConfig: Setting CVar [[r.SSS.Quality:1]]
[2019.06.14-14.55.43:841][  0]LogConfig: Setting CVar [[r.SSS.HalfRes:1]]
[2019.06.14-14.55.43:842][  0]LogConfig: Setting CVar [[r.EmitterSpawnRateScale:1.0]]
[2019.06.14-14.55.43:842][  0]LogConfig: Setting CVar [[r.ParticleLightQuality:2]]
[2019.06.14-14.55.43:842][  0]LogConfig: Applying CVar settings from Section [FoliageQuality@3] File [../../../program3053_UE/program3053/Saved/Config/Windows/Scalability.ini]
[2019.06.14-14.55.43:842][  0]LogConfig: Setting CVar [[foliage.DensityScale:1.0]]
[2019.06.14-14.55.43:842][  0]LogConfig: Setting CVar [[grass.DensityScale:1.0]]
[2019.06.14-14.55.43:842][  0]LogInit: Selected Device Profile: [Windows]
[2019.06.14-14.55.43:842][  0]LogInit: Applying CVar settings loaded from the selected device profile: [Windows]
[2019.06.14-14.55.43:860][  0]LogHAL: Display: Platform has ~ 8 GB [8443830272 / 8589934592 / 8], which maps to Default [LargestMinGB=32, LargerMinGB=12, DefaultMinGB=8, SmallerMinGB=6, SmallestMinGB=0)
[2019.06.14-14.55.43:860][  0]LogConfig: Setting CVar [[r.Vulkan.UseRealUBs:0		; Required until we fix HLR fall-out]]
[2019.06.14-14.55.43:860][  0]LogInit: Going up to parent DeviceProfile []
[2019.06.14-14.55.43:860][  0]LogConfig: Applying CVar settings from Section [ViewDistanceQuality@3] File [../../../program3053_UE/program3053/Saved/Config/Windows/Scalability.ini]
[2019.06.14-14.55.43:860][  0]LogConfig: Setting CVar [[r.SkeletalMeshLODBias:0]]
[2019.06.14-14.55.43:860][  0]LogConfig: Setting CVar [[r.ViewDistanceScale:1.0]]
[2019.06.14-14.55.43:861][  0]LogConfig: Applying CVar settings from Section [AntiAliasingQuality@3] File [../../../program3053_UE/program3053/Saved/Config/Windows/Scalability.ini]
[2019.06.14-14.55.43:861][  0]LogConfig: Setting CVar [[r.PostProcessAAQuality:4]]
[2019.06.14-14.55.43:861][  0]LogConfig: Applying CVar settings from Section [ShadowQuality@3] File [../../../program3053_UE/program3053/Saved/Config/Windows/Scalability.ini]
[2019.06.14-14.55.43:862][  0]LogConfig: Setting CVar [[r.LightFunctionQuality:1]]
[2019.06.14-14.55.43:862][  0]LogConfig: Setting CVar [[r.ShadowQuality:5]]
[2019.06.14-14.55.43:862][  0]LogConfig: Setting CVar [[r.Shadow.CSM.MaxCascades:10]]
[2019.06.14-14.55.43:862][  0]LogConfig: Setting CVar [[r.Shadow.MaxResolution:2048]]
[2019.06.14-14.55.43:862][  0]LogConfig: Setting CVar [[r.Shadow.MaxCSMResolution:2048]]
[2019.06.14-14.55.43:862][  0]LogConfig: Setting CVar [[r.Shadow.RadiusThreshold:0.01]]
[2019.06.14-14.55.43:862][  0]LogConfig: Setting CVar [[r.Shadow.DistanceScale:1.0]]
[2019.06.14-14.55.43:862][  0]LogConfig: Setting CVar [[r.Shadow.CSM.TransitionScale:1.0]]
[2019.06.14-14.55.43:863][  0]LogConfig: Setting CVar [[r.Shadow.PreShadowResolutionFactor:1.0]]
[2019.06.14-14.55.43:863][  0]LogConfig: Setting CVar [[r.DistanceFieldShadowing:1]]
[2019.06.14-14.55.43:863][  0]LogConfig: Setting CVar [[r.DistanceFieldAO:1]]
[2019.06.14-14.55.43:863][  0]LogConfig: Setting CVar [[r.AOQuality:2]]
[2019.06.14-14.55.43:863][  0]LogConfig: Setting CVar [[r.VolumetricFog:1]]
[2019.06.14-14.55.43:863][  0]LogConfig: Setting CVar [[r.VolumetricFog.GridPixelSize:8]]
[2019.06.14-14.55.43:863][  0]LogConfig: Setting CVar [[r.VolumetricFog.GridSizeZ:128]]
[2019.06.14-14.55.43:863][  0]LogConfig: Setting CVar [[r.VolumetricFog.HistoryMissSupersampleCount:4]]
[2019.06.14-14.55.43:863][  0]LogConfig: Setting CVar [[r.LightMaxDrawDistanceScale:1]]
[2019.06.14-14.55.43:864][  0]LogConfig: Setting CVar [[r.CapsuleShadows:1]]
[2019.06.14-14.55.43:864][  0]LogConfig: Applying CVar settings from Section [PostProcessQuality@3] File [../../../program3053_UE/program3053/Saved/Config/Windows/Scalability.ini]
[2019.06.14-14.55.43:864][  0]LogConfig: Setting CVar [[r.MotionBlurQuality:4]]
[2019.06.14-14.55.43:864][  0]LogConfig: Setting CVar [[r.AmbientOcclusionMipLevelFactor:0.4]]
[2019.06.14-14.55.43:864][  0]LogConfig: Setting CVar [[r.AmbientOcclusionMaxQuality:100]]
[2019.06.14-14.55.43:864][  0]LogConfig: Setting CVar [[r.AmbientOcclusionLevels:-1]]
[2019.06.14-14.55.43:864][  0]LogConfig: Setting CVar [[r.AmbientOcclusionRadiusScale:1.0]]
[2019.06.14-14.55.43:864][  0]LogConfig: Setting CVar [[r.DepthOfFieldQuality:2]]
[2019.06.14-14.55.43:865][  0]LogConfig: Setting CVar [[r.RenderTargetPoolMin:400]]
[2019.06.14-14.55.43:865][  0]LogConfig: Setting CVar [[r.LensFlareQuality:2]]
[2019.06.14-14.55.43:865][  0]LogConfig: Setting CVar [[r.SceneColorFringeQuality:1]]
[2019.06.14-14.55.43:865][  0]LogConfig: Setting CVar [[r.EyeAdaptationQuality:2]]
[2019.06.14-14.55.43:865][  0]LogConfig: Setting CVar [[r.BloomQuality:5]]
[2019.06.14-14.55.43:865][  0]LogConfig: Setting CVar [[r.FastBlurThreshold:100]]
[2019.06.14-14.55.43:865][  0]LogConfig: Setting CVar [[r.Upscale.Quality:3]]
[2019.06.14-14.55.43:865][  0]LogConfig: Setting CVar [[r.Tonemapper.GrainQuantization:1]]
[2019.06.14-14.55.43:865][  0]LogConfig: Setting CVar [[r.LightShaftQuality:1]]
[2019.06.14-14.55.43:865][  0]LogConfig: Setting CVar [[r.Filter.SizeScale:1]]
[2019.06.14-14.55.43:866][  0]LogConfig: Setting CVar [[r.Tonemapper.Quality:5]]
[2019.06.14-14.55.43:866][  0]LogConfig: Setting CVar [[r.DOF.Gather.AccumulatorQuality:1        ; higher gathering accumulator quality]]
[2019.06.14-14.55.43:866][  0]LogConfig: Setting CVar [[r.DOF.Gather.PostfilterMethod:1          ; Median3x3 postfilering method]]
[2019.06.14-14.55.43:866][  0]LogConfig: Setting CVar [[r.DOF.Gather.EnableBokehSettings:0       ; no bokeh simulation when gathering]]
[2019.06.14-14.55.43:866][  0]LogConfig: Setting CVar [[r.DOF.Gather.RingCount:4                 ; medium number of samples when gathering]]
[2019.06.14-14.55.43:866][  0]LogConfig: Setting CVar [[r.DOF.Scatter.ForegroundCompositing:1    ; additive foreground scattering]]
[2019.06.14-14.55.43:866][  0]LogConfig: Setting CVar [[r.DOF.Scatter.BackgroundCompositing:2    ; additive background scattering]]
[2019.06.14-14.55.43:866][  0]LogConfig: Setting CVar [[r.DOF.Scatter.EnableBokehSettings:1      ; bokeh simulation when scattering]]
[2019.06.14-14.55.43:866][  0]LogConfig: Setting CVar [[r.DOF.Scatter.MaxSpriteRatio:0.1         ; only a maximum of 10% of scattered bokeh]]
[2019.06.14-14.55.43:866][  0]LogConfig: Setting CVar [[r.DOF.Recombine.Quality:1                ; cheap slight out of focus]]
[2019.06.14-14.55.43:866][  0]LogConfig: Setting CVar [[r.DOF.Recombine.EnableBokehSettings:0    ; no bokeh simulation on slight out of focus]]
[2019.06.14-14.55.43:867][  0]LogConfig: Setting CVar [[r.DOF.TemporalAAQuality:1                ; more stable temporal accumulation]]
[2019.06.14-14.55.43:867][  0]LogConfig: Setting CVar [[r.DOF.Kernel.MaxForegroundRadius:0.025]]
[2019.06.14-14.55.43:867][  0]LogConfig: Setting CVar [[r.DOF.Kernel.MaxBackgroundRadius:0.025]]
[2019.06.14-14.55.43:867][  0]LogConfig: Applying CVar settings from Section [TextureQuality@3] File [../../../program3053_UE/program3053/Saved/Config/Windows/Scalability.ini]
[2019.06.14-14.55.43:867][  0]LogConfig: Setting CVar [[r.Streaming.MipBias:0]]
[2019.06.14-14.55.43:867][  0]LogConfig: Setting CVar [[r.Streaming.AmortizeCPUToGPUCopy:0]]
[2019.06.14-14.55.43:867][  0]LogConfig: Setting CVar [[r.Streaming.MaxNumTexturesToStreamPerFrame:0]]
[2019.06.14-14.55.43:867][  0]LogConfig: Setting CVar [[r.Streaming.Boost:1]]
[2019.06.14-14.55.43:867][  0]LogConfig: Setting CVar [[r.MaxAnisotropy:8]]
[2019.06.14-14.55.43:867][  0]LogConfig: Setting CVar [[r.Streaming.LimitPoolSizeToVRAM:0]]
[2019.06.14-14.55.43:868][  0]LogConfig: Setting CVar [[r.Streaming.PoolSize:1000]]
[2019.06.14-14.55.43:868][  0]LogConfig: Setting CVar [[r.Streaming.MaxEffectiveScreenSize:0]]
[2019.06.14-14.55.43:868][  0]LogConfig: Applying CVar settings from Section [EffectsQuality@3] File [../../../program3053_UE/program3053/Saved/Config/Windows/Scalability.ini]
[2019.06.14-14.55.43:868][  0]LogConfig: Setting CVar [[r.TranslucencyLightingVolumeDim:64]]
[2019.06.14-14.55.43:868][  0]LogConfig: Setting CVar [[r.RefractionQuality:2]]
[2019.06.14-14.55.43:868][  0]LogConfig: Setting CVar [[r.SSR.Quality:3]]
[2019.06.14-14.55.43:868][  0]LogConfig: Setting CVar [[r.SceneColorFormat:4]]
[2019.06.14-14.55.43:868][  0]LogConfig: Setting CVar [[r.DetailMode:2]]
[2019.06.14-14.55.43:868][  0]LogConfig: Setting CVar [[r.TranslucencyVolumeBlur:1]]
[2019.06.14-14.55.43:869][  0]LogConfig: Setting CVar [[r.MaterialQualityLevel:1 ; High quality]]
[2019.06.14-14.55.43:869][  0]LogConfig: Setting CVar [[r.SSS.Scale:1]]
[2019.06.14-14.55.43:869][  0]LogConfig: Setting CVar [[r.SSS.SampleSet:2]]
[2019.06.14-14.55.43:869][  0]LogConfig: Setting CVar [[r.SSS.Quality:1]]
[2019.06.14-14.55.43:869][  0]LogConfig: Setting CVar [[r.SSS.HalfRes:1]]
[2019.06.14-14.55.43:869][  0]LogConfig: Setting CVar [[r.EmitterSpawnRateScale:1.0]]
[2019.06.14-14.55.43:869][  0]LogConfig: Setting CVar [[r.ParticleLightQuality:2]]
[2019.06.14-14.55.43:869][  0]LogConfig: Applying CVar settings from Section [FoliageQuality@3] File [../../../program3053_UE/program3053/Saved/Config/Windows/Scalability.ini]
[2019.06.14-14.55.43:869][  0]LogConfig: Setting CVar [[foliage.DensityScale:1.0]]
[2019.06.14-14.55.43:870][  0]LogConfig: Setting CVar [[grass.DensityScale:1.0]]
[2019.06.14-14.55.43:870][  0]LogConfig: Applying CVar settings from Section [Startup] File [../../../Engine/Config/ConsoleVariables.ini]
[2019.06.14-14.55.43:870][  0]LogConfig: Setting CVar [[net.UseAdaptiveNetUpdateFrequency:0]]
[2019.06.14-14.55.43:870][  0]LogConfig: Setting CVar [[p.chaos.AllowCreatePhysxBodies:1]]
[2019.06.14-14.55.43:870][  0]LogConfig: Applying CVar settings from Section [ConsoleVariables] File [../../../program3053_UE/program3053/Saved/Config/Windows/Engine.ini]
[2019.06.14-14.55.43:871][  0]LogInit: Computer: DESKTOP-JAV4KFL
[2019.06.14-14.55.43:871][  0]LogInit: User: 王传坤
[2019.06.14-14.55.43:871][  0]LogInit: CPU Page size=4096, Cores=4
[2019.06.14-14.55.43:871][  0]LogInit: High frequency timer resolution =2.250000 MHz
[2019.06.14-14.55.43:871][  0]LogMemory: Memory total: Physical=7.9GB (8GB approx)
[2019.06.14-14.55.43:872][  0]LogMemory: Platform Memory Stats for Windows
[2019.06.14-14.55.43:872][  0]LogMemory: Process Physical Memory: 98.64 MB used, 98.64 MB peak
[2019.06.14-14.55.43:872][  0]LogMemory: Process Virtual Memory: 91.14 MB used, 91.14 MB peak
[2019.06.14-14.55.43:872][  0]LogMemory: Physical Memory: 5519.75 MB used,  2532.91 MB free, 8052.66 MB total
[2019.06.14-14.55.43:872][  0]LogMemory: Virtual Memory: 4661.32 MB used,  134213064.00 MB free, 134217728.00 MB total
[2019.06.14-14.55.44:344][  0]LogInit: Using OS detected language (zh-CN).
[2019.06.14-14.55.44:344][  0]LogInit: Using OS detected locale (zh-CN).
[2019.06.14-14.55.44:346][  0]LogTextLocalizationResource: LocRes '../../../Engine/Content/Localization/Editor/zh-Hans-CN/Editor.locres' could not be opened for reading!
[2019.06.14-14.55.44:346][  0]LogTextLocalizationResource: LocRes '../../../Engine/Content/Localization/EditorTutorials/zh-Hans-CN/EditorTutorials.locres' could not be opened for reading!
[2019.06.14-14.55.44:346][  0]LogTextLocalizationResource: LocRes '../../../Engine/Content/Localization/Keywords/zh-Hans-CN/Keywords.locres' could not be opened for reading!
[2019.06.14-14.55.44:346][  0]LogTextLocalizationResource: LocRes '../../../Engine/Content/Localization/Category/zh-Hans-CN/Category.locres' could not be opened for reading!
[2019.06.14-14.55.44:346][  0]LogTextLocalizationResource: LocRes '../../../Engine/Content/Localization/ToolTips/zh-Hans-CN/ToolTips.locres' could not be opened for reading!
[2019.06.14-14.55.44:347][  0]LogTextLocalizationResource: LocRes '../../../Engine/Content/Localization/PropertyNames/zh-Hans-CN/PropertyNames.locres' could not be opened for reading!
[2019.06.14-14.55.44:347][  0]LogTextLocalizationResource: LocRes '../../../Engine/Content/Localization/Engine/zh-Hans-CN/Engine.locres' could not be opened for reading!
[2019.06.14-14.55.44:348][  0]LogTextLocalizationResource: LocRes '../../../Engine/Plugins/Online/Android/OnlineSubsystemGooglePlay/Content/Localization/OnlineSubsystemGooglePlay/zh-Hans-CN/OnlineSubsystemGooglePlay.locres' could not be opened for reading!
[2019.06.14-14.55.44:348][  0]LogTextLocalizationResource: LocRes '../../../Engine/Plugins/Online/IOS/OnlineSubsystemIOS/Content/Localization/OnlineSubsystemIOS/zh-Hans-CN/OnlineSubsystemIOS.locres' could not be opened for reading!
[2019.06.14-14.55.44:348][  0]LogTextLocalizationResource: LocRes '../../../Engine/Plugins/Online/OnlineSubsystem/Content/Localization/OnlineSubsystem/zh-Hans-CN/OnlineSubsystem.locres' could not be opened for reading!
[2019.06.14-14.55.44:349][  0]LogTextLocalizationResource: LocRes '../../../Engine/Plugins/Online/OnlineSubsystemUtils/Content/Localization/OnlineSubsystemUtils/zh-Hans-CN/OnlineSubsystemUtils.locres' could not be opened for reading!
[2019.06.14-14.55.44:411][  0]LogTextLocalizationResource: LocRes '../../../Engine/Plugins/Online/Android/OnlineSubsystemGooglePlay/Content/Localization/OnlineSubsystemGooglePlay/zh-CN/OnlineSubsystemGooglePlay.locres' could not be opened for reading!
[2019.06.14-14.55.44:412][  0]LogTextLocalizationResource: LocRes '../../../Engine/Plugins/Online/IOS/OnlineSubsystemIOS/Content/Localization/OnlineSubsystemIOS/zh-CN/OnlineSubsystemIOS.locres' could not be opened for reading!
[2019.06.14-14.55.44:412][  0]LogTextLocalizationResource: LocRes '../../../Engine/Plugins/Online/OnlineSubsystem/Content/Localization/OnlineSubsystem/zh-CN/OnlineSubsystem.locres' could not be opened for reading!
[2019.06.14-14.55.44:413][  0]LogTextLocalizationResource: LocRes '../../../Engine/Plugins/Online/OnlineSubsystemUtils/Content/Localization/OnlineSubsystemUtils/zh-CN/OnlineSubsystemUtils.locres' could not be opened for reading!
[2019.06.14-14.55.44:413][  0]LogTextLocalizationResource: LocRes '../../../Engine/Content/Localization/Editor/zh-Hans/Editor.locres' could not be opened for reading!
[2019.06.14-14.55.44:413][  0]LogTextLocalizationResource: LocRes '../../../Engine/Content/Localization/EditorTutorials/zh-Hans/EditorTutorials.locres' could not be opened for reading!
[2019.06.14-14.55.44:414][  0]LogTextLocalizationResource: LocRes '../../../Engine/Content/Localization/Keywords/zh-Hans/Keywords.locres' could not be opened for reading!
[2019.06.14-14.55.44:414][  0]LogTextLocalizationResource: LocRes '../../../Engine/Content/Localization/Category/zh-Hans/Category.locres' could not be opened for reading!
[2019.06.14-14.55.44:414][  0]LogTextLocalizationResource: LocRes '../../../Engine/Content/Localization/ToolTips/zh-Hans/ToolTips.locres' could not be opened for reading!
[2019.06.14-14.55.44:415][  0]LogTextLocalizationResource: LocRes '../../../Engine/Content/Localization/PropertyNames/zh-Hans/PropertyNames.locres' could not be opened for reading!
[2019.06.14-14.55.44:415][  0]LogTextLocalizationResource: LocRes '../../../Engine/Content/Localization/Engine/zh-Hans/Engine.locres' could not be opened for reading!
[2019.06.14-14.55.44:417][  0]LogTextLocalizationResource: LocRes '../../../Engine/Content/Localization/Editor/zh/Editor.locres' could not be opened for reading!
[2019.06.14-14.55.44:417][  0]LogTextLocalizationResource: LocRes '../../../Engine/Content/Localization/EditorTutorials/zh/EditorTutorials.locres' could not be opened for reading!
[2019.06.14-14.55.44:417][  0]LogTextLocalizationResource: LocRes '../../../Engine/Content/Localization/Keywords/zh/Keywords.locres' could not be opened for reading!
[2019.06.14-14.55.44:418][  0]LogTextLocalizationResource: LocRes '../../../Engine/Content/Localization/Category/zh/Category.locres' could not be opened for reading!
[2019.06.14-14.55.44:418][  0]LogTextLocalizationResource: LocRes '../../../Engine/Content/Localization/ToolTips/zh/ToolTips.locres' could not be opened for reading!
[2019.06.14-14.55.44:418][  0]LogTextLocalizationResource: LocRes '../../../Engine/Content/Localization/PropertyNames/zh/PropertyNames.locres' could not be opened for reading!
[2019.06.14-14.55.44:419][  0]LogTextLocalizationResource: LocRes '../../../Engine/Content/Localization/Engine/zh/Engine.locres' could not be opened for reading!
[2019.06.14-14.55.44:419][  0]LogTextLocalizationResource: LocRes '../../../Engine/Plugins/Online/Android/OnlineSubsystemGooglePlay/Content/Localization/OnlineSubsystemGooglePlay/zh/OnlineSubsystemGooglePlay.locres' could not be opened for reading!
[2019.06.14-14.55.44:420][  0]LogTextLocalizationResource: LocRes '../../../Engine/Plugins/Online/IOS/OnlineSubsystemIOS/Content/Localization/OnlineSubsystemIOS/zh/OnlineSubsystemIOS.locres' could not be opened for reading!
[2019.06.14-14.55.44:420][  0]LogTextLocalizationResource: LocRes '../../../Engine/Plugins/Online/OnlineSubsystem/Content/Localization/OnlineSubsystem/zh/OnlineSubsystem.locres' could not be opened for reading!
[2019.06.14-14.55.44:420][  0]LogTextLocalizationResource: LocRes '../../../Engine/Plugins/Online/OnlineSubsystemUtils/Content/Localization/OnlineSubsystemUtils/zh/OnlineSubsystemUtils.locres' could not be opened for reading!
[2019.06.14-14.55.44:456][  0]LogInit: Setting process to per monitor DPI aware
[2019.06.14-14.55.44:529][  0]LogSlate: New Slate User Created.  User Index 0, Is Virtual User: 0
[2019.06.14-14.55.44:529][  0]LogSlate: Slate User Registered.  User Index 0, Is Virtual User: 0
[2019.06.14-14.55.45:036][  0]LogHMD: Failed to initialize OpenVR with code 110
[2019.06.14-14.55.45:036][  0]LogD3D11RHI: D3D11 adapters:
[2019.06.14-14.55.45:198][  0]LogD3D11RHI:    0. 'NVIDIA GeForce GTX 1050 Ti' (Feature Level 11_0)
[2019.06.14-14.55.45:198][  0]LogD3D11RHI:       4018/0/4026 MB DedicatedVideo/DedicatedSystem/SharedSystem, Outputs:1, VendorId:0x10de
[2019.06.14-14.55.45:238][  0]LogD3D11RHI:    1. 'Intel(R) UHD Graphics 630' (Feature Level 11_0)
[2019.06.14-14.55.45:238][  0]LogD3D11RHI:       128/0/4026 MB DedicatedVideo/DedicatedSystem/SharedSystem, Outputs:0, VendorId:0x8086
[2019.06.14-14.55.45:249][  0]LogD3D11RHI:    2. 'Microsoft Basic Render Driver' (Feature Level 11_0)
[2019.06.14-14.55.45:249][  0]LogD3D11RHI:       0/0/4026 MB DedicatedVideo/DedicatedSystem/SharedSystem, Outputs:0, VendorId:0x1414
[2019.06.14-14.55.45:249][  0]LogD3D11RHI: Chosen D3D11 Adapter: 0
[2019.06.14-14.55.45:303][  0]LogD3D11RHI: Creating new Direct3DDevice
[2019.06.14-14.55.45:303][  0]LogD3D11RHI:     GPU DeviceId: 0x1c8c (for the marketing name, search the web for "GPU Device Id")
[2019.06.14-14.55.45:303][  0]LogWindows: EnumDisplayDevices:
[2019.06.14-14.55.45:303][  0]LogWindows:    0. 'Intel(R) UHD Graphics 630' (P:1 D:1)
[2019.06.14-14.55.45:305][  0]LogWindows:    1. 'Intel(R) UHD Graphics 630' (P:0 D:0)
[2019.06.14-14.55.45:306][  0]LogWindows:    2. 'Intel(R) UHD Graphics 630' (P:0 D:0)
[2019.06.14-14.55.45:307][  0]LogWindows:    3. 'NVIDIA GeForce GTX 1050 Ti' (P:0 D:0)
[2019.06.14-14.55.45:308][  0]LogWindows: DebugString: PrimaryIsNotTheChoosenAdapter PrimaryIsNotTheChoosenAdapter PrimaryIsNotTheChoosenAdapter 
[2019.06.14-14.55.45:308][  0]LogD3D11RHI:     Adapter Name: NVIDIA GeForce GTX 1050 Ti
[2019.06.14-14.55.45:308][  0]LogD3D11RHI:   Driver Version: 398.36 (internal:24.21.13.9836, unified:398.36)
[2019.06.14-14.55.45:309][  0]LogD3D11RHI:      Driver Date: 6-24-2018
[2019.06.14-14.55.45:309][  0]LogRHI: Texture pool is 2812 MB (70% of 4018 MB)
[2019.06.14-14.55.45:386][  0]LogD3D11RHI: Async texture creation enabled
[2019.06.14-14.55.45:391][  0]LogRendererCore: FGlobalReadBuffer::InitRHI
[2019.06.14-14.55.45:392][  0]LogRendererCore: FGlobalReadBuffer::InitRHI
[2019.06.14-14.55.45:392][  0]LogRendererCore: FGlobalReadBuffer::InitRHI
[2019.06.14-14.55.45:407][  0]LogD3D11RHI: GPU Timing Frequency: 1000.000000 (Debug: 2 2)
[2019.06.14-14.55.45:954][  0]LogTemp: Display: Module 'AllDesktopTargetPlatform' loaded TargetPlatform 'AllDesktop'
[2019.06.14-14.55.45:976][  0]LogTemp: Display: Module 'MacClientTargetPlatform' loaded TargetPlatform 'MacClient'
[2019.06.14-14.55.45:999][  0]LogTemp: Display: Module 'MacNoEditorTargetPlatform' loaded TargetPlatform 'MacNoEditor'
[2019.06.14-14.55.46:021][  0]LogTemp: Display: Module 'MacServerTargetPlatform' loaded TargetPlatform 'MacServer'
[2019.06.14-14.55.46:045][  0]LogTemp: Display: Module 'MacTargetPlatform' loaded TargetPlatform 'Mac'
[2019.06.14-14.55.46:066][  0]LogTemp: Display: Module 'WindowsClientTargetPlatform' loaded TargetPlatform 'WindowsClient'
[2019.06.14-14.55.46:090][  0]LogTemp: Display: Module 'WindowsNoEditorTargetPlatform' loaded TargetPlatform 'WindowsNoEditor'
[2019.06.14-14.55.46:115][  0]LogTemp: Display: Module 'WindowsServerTargetPlatform' loaded TargetPlatform 'WindowsServer'
[2019.06.14-14.55.46:128][  0]LogTemp: Display: Module 'WindowsTargetPlatform' loaded TargetPlatform 'Windows'
[2019.06.14-14.55.46:252][  0]LogTemp: Display: Module 'AndroidTargetPlatform' loaded TargetPlatform 'Android'
[2019.06.14-14.55.46:252][  0]LogTemp: Display: Module 'AndroidTargetPlatform' loaded TargetPlatform 'Android_ASTC'
[2019.06.14-14.55.46:252][  0]LogTemp: Display: Module 'AndroidTargetPlatform' loaded TargetPlatform 'Android_ATC'
[2019.06.14-14.55.46:252][  0]LogTemp: Display: Module 'AndroidTargetPlatform' loaded TargetPlatform 'Android_DXT'
[2019.06.14-14.55.46:252][  0]LogTemp: Display: Module 'AndroidTargetPlatform' loaded TargetPlatform 'Android_ETC1'
[2019.06.14-14.55.46:252][  0]LogTemp: Display: Module 'AndroidTargetPlatform' loaded TargetPlatform 'Android_ETC1a'
[2019.06.14-14.55.46:253][  0]LogTemp: Display: Module 'AndroidTargetPlatform' loaded TargetPlatform 'Android_ETC2'
[2019.06.14-14.55.46:253][  0]LogTemp: Display: Module 'AndroidTargetPlatform' loaded TargetPlatform 'Android_PVRTC'
[2019.06.14-14.55.46:253][  0]LogTemp: Display: Module 'AndroidTargetPlatform' loaded TargetPlatform 'AndroidClient'
[2019.06.14-14.55.46:253][  0]LogTemp: Display: Module 'AndroidTargetPlatform' loaded TargetPlatform 'Android_ASTCClient'
[2019.06.14-14.55.46:253][  0]LogTemp: Display: Module 'AndroidTargetPlatform' loaded TargetPlatform 'Android_ATCClient'
[2019.06.14-14.55.46:253][  0]LogTemp: Display: Module 'AndroidTargetPlatform' loaded TargetPlatform 'Android_DXTClient'
[2019.06.14-14.55.46:253][  0]LogTemp: Display: Module 'AndroidTargetPlatform' loaded TargetPlatform 'Android_ETC1Client'
[2019.06.14-14.55.46:253][  0]LogTemp: Display: Module 'AndroidTargetPlatform' loaded TargetPlatform 'Android_ETC1aClient'
[2019.06.14-14.55.46:253][  0]LogTemp: Display: Module 'AndroidTargetPlatform' loaded TargetPlatform 'Android_ETC2Client'
[2019.06.14-14.55.46:253][  0]LogTemp: Display: Module 'AndroidTargetPlatform' loaded TargetPlatform 'Android_PVRTCClient'
[2019.06.14-14.55.46:254][  0]LogTemp: Display: Module 'AndroidTargetPlatform' loaded TargetPlatform 'Android_Multi'
[2019.06.14-14.55.46:254][  0]LogTemp: Display: Module 'AndroidTargetPlatform' loaded TargetPlatform 'Android_MultiClient'
[2019.06.14-14.55.46:261][  0]LogTemp: Display: Module 'HTML5TargetPlatform' loaded TargetPlatform 'HTML5'
[2019.06.14-14.55.46:335][  0]LogTemp: Display: Module 'IOSTargetPlatform' loaded TargetPlatform 'IOSClient'
[2019.06.14-14.55.46:335][  0]LogTemp: Display: Module 'IOSTargetPlatform' loaded TargetPlatform 'IOS'
[2019.06.14-14.55.46:372][  0]LogTemp: Display: Module 'TVOSTargetPlatform' loaded TargetPlatform 'TVOSClient'
[2019.06.14-14.55.46:372][  0]LogTemp: Display: Module 'TVOSTargetPlatform' loaded TargetPlatform 'TVOS'
[2019.06.14-14.55.46:395][  0]LogTemp: Display: Module 'LinuxClientTargetPlatform' loaded TargetPlatform 'LinuxClient'
[2019.06.14-14.55.46:418][  0]LogTemp: Display: Module 'LinuxNoEditorTargetPlatform' loaded TargetPlatform 'LinuxNoEditor'
[2019.06.14-14.55.46:438][  0]LogTemp: Display: Module 'LinuxServerTargetPlatform' loaded TargetPlatform 'LinuxServer'
[2019.06.14-14.55.46:462][  0]LogTemp: Display: Module 'LinuxTargetPlatform' loaded TargetPlatform 'Linux'
[2019.06.14-14.55.46:527][  0]LogTemp: Display: Module 'LuminTargetPlatform' loaded TargetPlatform 'Lumin'
[2019.06.14-14.55.46:527][  0]LogTemp: Display: Module 'LuminTargetPlatform' loaded TargetPlatform 'LuminClient'
[2019.06.14-14.55.46:527][  0]LogTargetPlatformManager: Display: Building Assets For Windows
[2019.06.14-14.55.46:555][  0]LogAudioDebug: Display: Lib vorbis DLL was dynamically loaded.
[2019.06.14-14.55.46:705][  0]LogShaderCompilers: Guid format shader working directory is 9 characters bigger than the processId version (../../../program3053_UE/program3053/Intermediate/Shaders/WorkingDirectory/8956/).
[2019.06.14-14.55.46:706][  0]LogShaderCompilers: Cleaned the shader compiler working directory 'C:/Users/王传坤/AppData/Local/Temp/UnrealShaderWorkingDir/97195DCD4A1F206E43987DB9C49A95B3/'.
[2019.06.14-14.55.46:709][  0]LogXGEController: Cannot use XGE Controller as Incredibuild is not installed on this machine.
[2019.06.14-14.55.46:710][  0]LogShaderCompilers: Cannot use XGE Shader Compiler as Incredibuild is not installed on this machine.
[2019.06.14-14.55.46:710][  0]LogShaderCompilers: Display: Using Local Shader Compiler.
[2019.06.14-14.55.47:458][  0]LogDerivedDataCache: Display: Max Cache Size: 512 MB
[2019.06.14-14.55.47:526][  0]LogDerivedDataCache: Loaded boot cache 0.07s 72MB C:/Users/王传坤/AppData/Local/UnrealEngine/4.22/DerivedDataCache/Boot.ddc.
[2019.06.14-14.55.47:526][  0]LogDerivedDataCache: Display: Loaded Boot cache: C:/Users/王传坤/AppData/Local/UnrealEngine/4.22/DerivedDataCache/Boot.ddc
[2019.06.14-14.55.47:527][  0]LogDerivedDataCache: FDerivedDataBackendGraph:  Pak pak cache file ../../../program3053_UE/program3053/DerivedDataCache/DDC.ddp not found, will not use a pak cache.
[2019.06.14-14.55.47:527][  0]LogDerivedDataCache: Unable to find inner node Pak for hierarchical cache Hierarchy.
[2019.06.14-14.55.47:527][  0]LogDerivedDataCache: FDerivedDataBackendGraph:  CompressedPak pak cache file ../../../program3053_UE/program3053/DerivedDataCache/Compressed.ddp not found, will not use a pak cache.
[2019.06.14-14.55.47:527][  0]LogDerivedDataCache: Unable to find inner node CompressedPak for hierarchical cache Hierarchy.
[2019.06.14-14.55.47:543][  0]LogDerivedDataCache: Display: Pak cache opened for reading ../../../Engine/DerivedDataCache/Compressed.ddp.
[2019.06.14-14.55.47:543][  0]LogDerivedDataCache: FDerivedDataBackendGraph:  EnterprisePak pak cache file ../../../Enterprise/DerivedDataCache/Compressed.ddp not found, will not use a pak cache.
[2019.06.14-14.55.47:543][  0]LogDerivedDataCache: Unable to find inner node EnterprisePak for hierarchical cache Hierarchy.
[2019.06.14-14.55.47:557][  0]LogDerivedDataCache: Using Local data cache path C:/Users/王传坤/AppData/Local/UnrealEngine/Common/DerivedDataCache: Writable
[2019.06.14-14.55.47:557][  0]LogDerivedDataCache: Shared data cache path not found in *engine.ini, will not use an Shared cache.
[2019.06.14-14.55.47:557][  0]LogDerivedDataCache: Unable to find inner node Shared for hierarchical cache Hierarchy.
[2019.06.14-14.55.47:588][  0]LogMaterial: Verifying Global Shaders for PCD3D_SM5
[2019.06.14-14.55.47:590][  0]LogSlate: Using FreeType 2.6.0
[2019.06.14-14.55.47:591][  0]LogSlate: SlateFontServices - WITH_FREETYPE: 1, WITH_HARFBUZZ: 1
[2019.06.14-14.55.47:711][  0]LogAssetRegistry: FAssetRegistry took 0.0402 seconds to start up
[2019.06.14-14.55.48:250][  0]LogInit: Selected Device Profile: [Windows]
[2019.06.14-14.55.48:507][  0]LogMeshReduction: Using QuadricMeshReduction for automatic static mesh reduction
[2019.06.14-14.55.48:508][  0]LogMeshReduction: Using SimplygonMeshReduction for automatic skeletal mesh reduction
[2019.06.14-14.55.48:508][  0]LogMeshReduction: Using ProxyLODMeshReduction for automatic mesh merging
[2019.06.14-14.55.48:508][  0]LogMeshReduction: No distributed automatic mesh merging module available
[2019.06.14-14.55.48:508][  0]LogMeshMerging: No distributed automatic mesh merging module available
[2019.06.14-14.55.48:537][  0]LogNetVersion: program3053 1.0.0, NetCL: 5660361, EngineNetVer: 10, GameNetVer: 0 (Checksum: 2992420275)
[2019.06.14-14.55.49:368][  0]LogPackageLocalizationCache: Processed 10 localized package path(s) for 4 prioritized culture(s) in 0.221137 seconds
[2019.06.14-14.55.49:376][  0]LogUObjectArray: 42205 objects as part of root set at end of initial load.
[2019.06.14-14.55.49:376][  0]LogUObjectAllocator: 7325032 out of 0 bytes used by permanent object pool.
[2019.06.14-14.55.49:376][  0]LogUObjectArray: CloseDisregardForGC: 0/0 objects in disregard for GC pool
[2019.06.14-14.55.50:988][  0]LogTcpMessaging: Initializing TcpMessaging bridge
[2019.06.14-14.55.51:008][  0]LogUdpMessaging: Initializing bridge on interface 0.0.0.0:0 to multicast group 230.0.0.1:6666.
[2019.06.14-14.55.51:323][  0]SourceControl: 源码控制已禁用
[2019.06.14-14.55.51:323][  0]SourceControl: 源码控制已禁用
[2019.06.14-14.55.51:331][  0]SourceControl: 源码控制已禁用
[2019.06.14-14.55.51:337][  0]SourceControl: 源码控制已禁用
[2019.06.14-14.55.51:653][  0]LogAndroidPermission: UAndroidPermissionCallbackProxy::GetInstance
[2019.06.14-14.55.51:895][  0]LogOcInput: OculusInput pre-init called
[2019.06.14-14.55.53:147][  0]LogEngine: Initializing Engine...
[2019.06.14-14.55.53:150][  0]LogHMD: Failed to initialize OpenVR with code 110
[2019.06.14-14.55.53:151][  0]LogStats: UGameplayTagsManager::InitializeManager -  0.000 s
[2019.06.14-14.55.53:490][  0]LogInit: Initializing FReadOnlyCVARCache
[2019.06.14-14.55.53:516][  0]LogAIModule: Creating AISystem for world Untitled
[2019.06.14-14.55.53:632][  0]LogInit: XAudio2 using 'Speakers/Headphones (Realtek(R) Audio)' : 2 channels at 48 kHz using 32 bits per sample (channel mask 0x3)
[2019.06.14-14.55.53:795][  0]LogInit: FAudioDevice initialized.
[2019.06.14-14.55.53:795][  0]LogNetVersion: Set ProjectVersion to 1.0.0.0. Version Checksum will be recalculated on next use.
[2019.06.14-14.55.53:896][  0]LogDerivedDataCache: Saved boot cache 0.10s 72MB C:/Users/王传坤/AppData/Local/UnrealEngine/4.22/DerivedDataCache/Boot.ddc.
[2019.06.14-14.55.53:911][  0]LogInit: Texture streaming: Enabled
[2019.06.14-14.55.53:960][  0]LogEngineSessionManager: EngineSessionManager initialized
[2019.06.14-14.55.54:009][  0]LogInit: Transaction tracking system initialized
[2019.06.14-14.55.54:081][  0]BlueprintLog: New page: 编辑器加载
[2019.06.14-14.55.54:355][  0]LocalizationService: 本地化服务已禁用
[2019.06.14-14.55.54:634][  0]LogLinker: Warning: 无法找到文件 '/Game/TwinStickBP/TwinStickOverview'
[2019.06.14-14.55.54:635][  0]LogLinker: Warning: 无法找到文件 '/Game/TwinStickBP/TwinStickOverview'
[2019.06.14-14.55.54:636][  0]LogUObjectGlobals: Warning: 寻找对象 'Class /Game/TwinStickBP/TwinStickOverview.TwinStickOverview_C’ 失败
[2019.06.14-14.55.55:284][  0]LogCook: Display: Max memory allowance for cook 16384mb min free memory 0mb
[2019.06.14-14.55.55:285][  0]LogCook: Display: Mobile HDR setting 1
[2019.06.14-14.55.56:104][  0]SourceControl: 源码控制已禁用
[2019.06.14-14.55.56:104][  0]Cmd: MAP LOAD FILE="../../../program3053_UE/program3053/Content/TwinStickCPP/Maps/MainMenu.umap" TEMPLATE=0 SHOWPROGRESS=1 FEATURELEVEL=3
[2019.06.14-14.55.56:106][  0]LightingResults: New page: 光照构建
[2019.06.14-14.55.56:114][  0]MapCheck: New page: 地图检测
[2019.06.14-14.55.56:115][  0]LightingResults: New page: 光照构建
[2019.06.14-14.55.56:183][  0]LogUObjectHash: Compacting FUObjectHashTables data took   5.86ms
[2019.06.14-14.55.57:239][  0]LogAIModule: Creating AISystem for world MainMenu
[2019.06.14-14.55.57:267][  0]LogEditorServer: Finished looking for orphan Actors (0.000 secs)
[2019.06.14-14.55.57:341][  0]LogUObjectHash: Compacting FUObjectHashTables data took   6.12ms
[2019.06.14-14.55.57:343][  0]Cmd: MAP CHECKDEP NOCLEARLOG
[2019.06.14-14.55.57:350][  0]MapCheck: 地图检测完成：0个错误，0 个警告，用时0.574毫秒完成。
[2019.06.14-14.55.57:354][  0]LogFileHelpers: Loading map 'MainMenu' took 1.250
[2019.06.14-14.55.57:721][  0]LogSlate: Updating window title bar state: overlay mode, drag disabled, window buttons hidden, title bar hidden
[2019.06.14-14.55.57:747][  0]LogSlate: Updating window title bar state: overlay mode, drag disabled, window buttons hidden, title bar hidden
[2019.06.14-14.55.57:775][  0]LogSlate: Updating window title bar state: overlay mode, drag disabled, window buttons hidden, title bar hidden
[2019.06.14-14.55.57:798][  0]LogSlate: Updating window title bar state: overlay mode, drag disabled, window buttons hidden, title bar hidden
[2019.06.14-14.55.57:817][  0]LogCollectionManager: Loaded 0 collections in 0.002486 seconds
[2019.06.14-14.55.57:874][  0]LogFileCache: Scanning file cache for directory 'D:/Epic/UE_4.22/program3053_UE/program3053/Saved/Collections/' took 0.01s
[2019.06.14-14.55.57:874][  0]LogFileCache: Scanning file cache for directory 'D:/Epic/UE_4.22/program3053_UE/program3053/Content/Developers/王传坤/Collections/' took 0.02s
[2019.06.14-14.55.57:874][  0]LogFileCache: Scanning file cache for directory 'D:/Epic/UE_4.22/program3053_UE/program3053/Content/Collections/' took 0.02s
[2019.06.14-14.55.57:875][  0]LogCollectionManager: Rebuilt the GUID cache for 0 collections in 0.000000 seconds
[2019.06.14-14.55.57:897][  0]LogContentBrowser: Native class hierarchy populated in 0.0218 seconds. Added 2752 classes and 661 folders.
[2019.06.14-14.55.57:910][  0]LogContentBrowser: Native class hierarchy updated for 'WidgetCarousel' in 0.0009 seconds. Added 0 classes and 0 folders.
[2019.06.14-14.55.57:913][  0]LogPakFile: Registered encryption key '00000000000000000000000000000000': 0 pak files mounted, 0 remain pending
[2019.06.14-14.55.57:915][  0]LogPakFile: Registered encryption key '00000000000000000000000000000000': 0 pak files mounted, 0 remain pending
[2019.06.14-14.55.57:917][  0]LogPakFile: Registered encryption key '00000000000000000000000000000000': 0 pak files mounted, 0 remain pending
[2019.06.14-14.55.57:918][  0]LogPakFile: Registered encryption key '00000000000000000000000000000000': 0 pak files mounted, 0 remain pending
[2019.06.14-14.55.57:920][  0]LogPakFile: Registered encryption key '00000000000000000000000000000000': 0 pak files mounted, 0 remain pending
[2019.06.14-14.55.57:921][  0]LogPakFile: Registered encryption key '00000000000000000000000000000000': 0 pak files mounted, 0 remain pending
[2019.06.14-14.55.57:923][  0]LogPakFile: Registered encryption key '00000000000000000000000000000000': 0 pak files mounted, 0 remain pending
[2019.06.14-14.55.57:924][  0]LogPakFile: Registered encryption key '00000000000000000000000000000000': 0 pak files mounted, 0 remain pending
[2019.06.14-14.55.57:926][  0]LogPakFile: Registered encryption key '00000000000000000000000000000000': 0 pak files mounted, 0 remain pending
[2019.06.14-14.55.57:927][  0]LogPakFile: Registered encryption key '00000000000000000000000000000000': 0 pak files mounted, 0 remain pending
[2019.06.14-14.55.57:929][  0]LogPakFile: Registered encryption key '00000000000000000000000000000000': 0 pak files mounted, 0 remain pending
[2019.06.14-14.55.57:930][  0]LogPakFile: Registered encryption key '00000000000000000000000000000000': 0 pak files mounted, 0 remain pending
[2019.06.14-14.55.57:932][  0]LogPakFile: Registered encryption key '00000000000000000000000000000000': 0 pak files mounted, 0 remain pending
[2019.06.14-14.55.57:934][  0]LogPakFile: Registered encryption key '00000000000000000000000000000000': 0 pak files mounted, 0 remain pending
[2019.06.14-14.55.57:935][  0]LogPakFile: Registered encryption key '00000000000000000000000000000000': 0 pak files mounted, 0 remain pending
[2019.06.14-14.55.57:937][  0]LogPakFile: Registered encryption key '00000000000000000000000000000000': 0 pak files mounted, 0 remain pending
[2019.06.14-14.55.57:939][  0]LogPakFile: Registered encryption key '00000000000000000000000000000000': 0 pak files mounted, 0 remain pending
[2019.06.14-14.55.57:941][  0]LogPakFile: Registered encryption key '00000000000000000000000000000000': 0 pak files mounted, 0 remain pending
[2019.06.14-14.55.57:943][  0]LogPakFile: Registered encryption key '00000000000000000000000000000000': 0 pak files mounted, 0 remain pending
[2019.06.14-14.55.57:945][  0]LogPakFile: Registered encryption key '00000000000000000000000000000000': 0 pak files mounted, 0 remain pending
[2019.06.14-14.55.57:946][  0]LogPakFile: Registered encryption key '00000000000000000000000000000000': 0 pak files mounted, 0 remain pending
[2019.06.14-14.55.57:947][  0]LogPakFile: Registered encryption key '00000000000000000000000000000000': 0 pak files mounted, 0 remain pending
[2019.06.14-14.55.57:949][  0]LogPakFile: Registered encryption key '00000000000000000000000000000000': 0 pak files mounted, 0 remain pending
[2019.06.14-14.55.57:951][  0]LogPakFile: Registered encryption key '00000000000000000000000000000000': 0 pak files mounted, 0 remain pending
[2019.06.14-14.55.57:953][  0]LogPakFile: Registered encryption key '00000000000000000000000000000000': 0 pak files mounted, 0 remain pending
[2019.06.14-14.55.57:954][  0]LogPakFile: Registered encryption key '00000000000000000000000000000000': 0 pak files mounted, 0 remain pending
[2019.06.14-14.55.58:038][  0]LogContentBrowser: Native class hierarchy updated for 'AddContentDialog' in 0.0008 seconds. Added 0 classes and 0 folders.
[2019.06.14-14.55.58:052][  0]LogContentBrowser: Native class hierarchy updated for 'SceneOutliner' in 0.0006 seconds. Added 1 classes and 2 folders.
[2019.06.14-14.55.58:167][  0]LogSlate: Took 0.000382 seconds to synchronously load lazily loaded font '../../../Engine/Content/Slate/Fonts/Roboto-Regular.ttf' (155K)
[2019.06.14-14.55.58:171][  0]LogSlate: Took 0.003418 seconds to synchronously load lazily loaded font '../../../Engine/Content/Slate/Fonts/DroidSansFallback.ttf' (3848K)
[2019.06.14-14.55.58:174][  0]LogSlate: Took 0.000267 seconds to synchronously load lazily loaded font '../../../Engine/Content/Slate/Fonts/Roboto-Bold.ttf' (160K)
[2019.06.14-14.55.58:182][  0]LogSlate: Took 0.000344 seconds to synchronously load lazily loaded font '../../../Engine/Content/Editor/Slate/Fonts/FontAwesome.ttf' (139K)
[2019.06.14-14.55.58:300][  0]LogRenderer: Reallocating scene render targets to support 964x404 Format 10 NumSamples 1 (Frame:1).
[2019.06.14-14.55.58:354][  0]LogSlate: Warning: Legacy localized fallback font '../../../Engine/Content/Slate/Fonts/DroidSansFallback.ttf' was requested. Font: '/Engine/EngineFonts/Faces/RobotoRegular.RobotoRegular', Character: '光 (U+5149)'
Legacy localized fallback fonts were deprecated in 4.22 and will be removed in a future version!
Please update your composite fonts to use localized sub-font families: https://docs.unrealengine.com/en-US/Engine/UMG/UserGuide/Fonts/Overview
[2019.06.14-14.55.58:612][  0]LogContentBrowser: Native class hierarchy updated for 'HierarchicalLODOutliner' in 0.0151 seconds. Added 0 classes and 0 folders.
[2019.06.14-14.55.58:612][  0]LogLoad: (Engine Initialization) Total time: 18.10 seconds
[2019.06.14-14.55.58:612][  0]LogLoad: (Engine Initialization) Total Blueprint compile time: 0.00 seconds
[2019.06.14-14.55.58:640][  0]LogWindowsTextInputMethodSystem: Display: IME system now activated using TSF (搜狗拼音输入法).
[2019.06.14-14.55.58:696][  0]LogContentStreaming: Texture pool size now 1000 MB
[2019.06.14-14.55.58:741][  0]LogSlate: Took 0.000270 seconds to synchronously load lazily loaded font '../../../Engine/Content/Slate/Fonts/Roboto-Light.ttf' (167K)
[2019.06.14-14.55.58:844][  1]LogAssetRegistry: Asset discovery search completed in 11.1586 seconds
[2019.06.14-14.55.58:847][  1]LogCollectionManager: Rebuilt the object cache for 0 collections in 0.000000 seconds (found 0 objects)
[2019.06.14-14.55.58:848][  1]LogCollectionManager: Fixed up redirectors for 0 collections in 0.000191 seconds (updated 0 objects)
[2019.06.14-14.56.01:723][168]LogSlate: FSceneViewport::OnFocusLost() reason 0
[2019.06.14-14.56.04:960][360]LogSlate: Took 0.000224 seconds to synchronously load lazily loaded font '../../../Engine/Content/Slate/Fonts/Roboto-Light.ttf' (167K)
[2019.06.14-14.56.04:971][360]LogAssetEditorManager: Opening Asset editor for Blueprint /Game/TwinStickCPP/BlueprintClass/EnemyArrow1.EnemyArrow1
[2019.06.14-14.56.05:218][360]LogContentBrowser: Native class hierarchy updated for 'BlueprintGraph' in 0.0008 seconds. Added 121 classes and 0 folders.
[2019.06.14-14.56.05:970][360]LogSlate: Took 0.000393 seconds to synchronously load lazily loaded font '../../../Engine/Content/Slate/Fonts/Roboto-BoldCondensed.ttf' (158K)
[2019.06.14-14.56.07:239][428]LogRenderer: Reallocating scene render targets to support 964x540 Format 10 NumSamples 1 (Frame:1).
[2019.06.14-14.56.08:124][477]LogSlate: Took 0.000421 seconds to synchronously load lazily loaded font '../../../Engine/Content/Slate/Fonts/Roboto-Italic.ttf' (157K)
[2019.06.14-14.56.14:536][798]LogSlate: Window 'EnemyArrow1' being destroyed
[2019.06.14-14.56.15:870][878]LogTemp: Repeating last play command: 选中的视口
[2019.06.14-14.56.15:893][878]LogBlueprintUserMessages: Early PlayInEditor Detection: Level '/Game/TwinStickCPP/Maps/MainMenu.MainMenu:PersistentLevel' has LevelScriptBlueprint '/Game/TwinStickCPP/Maps/MainMenu.MainMenu:PersistentLevel.MainMenu' with GeneratedClass '/Game/TwinStickCPP/Maps/MainMenu.MainMenu_C' with ClassGeneratedBy '/Game/TwinStickCPP/Maps/MainMenu.MainMenu:PersistentLevel.MainMenu'
[2019.06.14-14.56.15:893][878]LogPlayLevel: PlayLevel: No blueprints needed recompiling
[2019.06.14-14.56.15:894][878]PIE: New page: PIE会话: MainMenu (2019年6月15日 上午6:56:15)
[2019.06.14-14.56.15:908][878]LogPlayLevel: Creating play world package: /Game/TwinStickCPP/Maps/UEDPIE_0_MainMenu
[2019.06.14-14.56.15:912][878]LogPlayLevel: PIE: StaticDuplicateObject took: (0.002941s)
[2019.06.14-14.56.15:913][878]LogAIModule: Creating AISystem for world MainMenu
[2019.06.14-14.56.15:913][878]LogPlayLevel: PIE: World Init took: (0.000830s)
[2019.06.14-14.56.15:913][878]LogPlayLevel: PIE: Created PIE world by copying editor world from /Game/TwinStickCPP/Maps/MainMenu.MainMenu to /Game/TwinStickCPP/Maps/UEDPIE_0_MainMenu.MainMenu (0.004691s)
[2019.06.14-14.56.15:958][878]LogUObjectHash: Compacting FUObjectHashTables data took   3.81ms
[2019.06.14-14.56.15:966][878]LogInit: XAudio2 using 'Speakers/Headphones (Realtek(R) Audio)' : 2 channels at 48 kHz using 32 bits per sample (channel mask 0x3)
[2019.06.14-14.56.16:078][878]LogInit: FAudioDevice initialized.
[2019.06.14-14.56.16:124][878]LogLoad: Game class is 'BlueprintClassGameMode_C'
[2019.06.14-14.56.16:128][878]LogWorld: Bringing World /Game/TwinStickCPP/Maps/UEDPIE_0_MainMenu.MainMenu up for play (max tick rate 60) at 2019.06.14-22.56.16
[2019.06.14-14.56.16:129][878]LogWorld: Bringing up level for play took: 0.002498
[2019.06.14-14.56.16:146][878]LogBlueprintActionDatabase: Requesting refresh due to module change: Voice (loaded)
[2019.06.14-14.56.16:149][878]LogBlueprintActionDatabase: Requesting refresh due to module change: MovieSceneCapture (loaded)
[2019.06.14-14.56.16:154][878]LogContentBrowser: Native class hierarchy updated for 'MovieSceneCapture' in 0.0048 seconds. Added 20 classes and 0 folders.
[2019.06.14-14.56.16:156][878]LogScript: Warning: Script Msg: Attempted to access index 0 from array 'CallFunc_GetAllActorsOfClass_OutActors4' of length 0 in '/Game/TwinStickCPP/BlueprintClass/BlueprintClassGameMode.BlueprintClassGameMode_C:ExecuteUbergraph_BlueprintClassGameMode'!
[2019.06.14-14.56.16:156][878]LogBlueprintUserMessages: Warning: SetTimer passed a bad function (SpawnAI) or object (None)
[2019.06.14-14.56.16:156][878]LogScript: Warning: Script Msg: Attempted to access index 0 from array 'CallFunc_GetAllActorsOfClass_OutActors' of length 0 in '/Game/TwinStickCPP/BlueprintClass/BlueprintClassGameMode.BlueprintClassGameMode_C:ExecuteUbergraph_BlueprintClassGameMode'!
[2019.06.14-14.56.16:156][878]LogBlueprintUserMessages: Warning: SetTimer passed a bad function (spawnhpmiddle) or object (None)
[2019.06.14-14.56.16:157][878]LogScript: Warning: Script Msg: Attempted to access index 0 from array 'CallFunc_GetAllActorsOfClass_OutActors1' of length 0 in '/Game/TwinStickCPP/BlueprintClass/BlueprintClassGameMode.BlueprintClassGameMode_C:ExecuteUbergraph_BlueprintClassGameMode'!
[2019.06.14-14.56.16:157][878]LogBlueprintUserMessages: Warning: SetTimer passed a bad function (spawnhplittle) or object (None)
[2019.06.14-14.56.16:157][878]LogScript: Warning: Script Msg: Attempted to access index 0 from array 'CallFunc_GetAllActorsOfClass_OutActors2' of length 0 in '/Game/TwinStickCPP/BlueprintClass/BlueprintClassGameMode.BlueprintClassGameMode_C:ExecuteUbergraph_BlueprintClassGameMode'!
[2019.06.14-14.56.16:157][878]LogBlueprintUserMessages: Warning: SetTimer passed a bad function (spawnhplarge) or object (None)
[2019.06.14-14.56.16:157][878]LogScript: Warning: Script Msg: Attempted to access index 0 from array 'CallFunc_GetAllActorsOfClass_OutActors3' of length 0 in '/Game/TwinStickCPP/BlueprintClass/BlueprintClassGameMode.BlueprintClassGameMode_C:ExecuteUbergraph_BlueprintClassGameMode'!
[2019.06.14-14.56.16:157][878]LogBlueprintUserMessages: Warning: SetTimer passed a bad function (spawnexplittle) or object (None)
[2019.06.14-14.56.16:157][878]LogScript: Warning: Script Msg: Attempted to access index 0 from array 'CallFunc_GetAllActorsOfClass_OutActors5' of length 0 in '/Game/TwinStickCPP/BlueprintClass/BlueprintClassGameMode.BlueprintClassGameMode_C:ExecuteUbergraph_BlueprintClassGameMode'!
[2019.06.14-14.56.16:158][878]LogBlueprintUserMessages: Warning: SetTimer passed a bad function (spawnexpmiddle) or object (None)
[2019.06.14-14.56.16:158][878]LogScript: Warning: Script Msg: Attempted to access index 0 from array 'CallFunc_GetAllActorsOfClass_OutActors6' of length 0 in '/Game/TwinStickCPP/BlueprintClass/BlueprintClassGameMode.BlueprintClassGameMode_C:ExecuteUbergraph_BlueprintClassGameMode'!
[2019.06.14-14.56.16:158][878]LogBlueprintUserMessages: Warning: SetTimer passed a bad function (spawnexplarge) or object (None)
[2019.06.14-14.56.16:160][878]PIE: /Game/TwinStickCPP/Maps/UEDPIE_0_MainMenu的‘在编辑器中播放’的起始时间1.174
[2019.06.14-14.56.16:160][878]LogBlueprintUserMessages: Late PlayInEditor Detection: Level '/Game/TwinStickCPP/Maps/MainMenu.MainMenu:PersistentLevel' has LevelScriptBlueprint '/Game/TwinStickCPP/Maps/MainMenu.MainMenu:PersistentLevel.MainMenu' with GeneratedClass '/Game/TwinStickCPP/Maps/MainMenu.MainMenu_C' with ClassGeneratedBy '/Game/TwinStickCPP/Maps/MainMenu.MainMenu:PersistentLevel.MainMenu'
[2019.06.14-14.56.16:859][894]LogSlate: FSceneViewport::OnFocusLost() reason 0
[2019.06.14-14.56.16:947][899]LogNet: Browse: /Game/TwinStickCPP/Maps/TwinStickExampleMap
[2019.06.14-14.56.16:947][899]LogLoad: LoadMap: /Game/TwinStickCPP/Maps/TwinStickExampleMap
[2019.06.14-14.56.17:025][899]LogUObjectHash: Compacting FUObjectHashTables data took   6.06ms
[2019.06.14-14.56.17:367][899]LogAIModule: Creating AISystem for world TwinStickExampleMap
[2019.06.14-14.56.17:368][899]LogLoad: Game class is 'BlueprintClassGameMode_C'
[2019.06.14-14.56.17:379][899]LogWorld: Bringing World /Game/TwinStickCPP/Maps/UEDPIE_0_TwinStickExampleMap.TwinStickExampleMap up for play (max tick rate 60) at 2019.06.14-22.56.17
[2019.06.14-14.56.17:381][899]LogWorld: Bringing up level for play took: 0.012484
[2019.06.14-14.56.17:386][899]LogLoad: Took 0.439672 seconds to LoadMap(/Game/TwinStickCPP/Maps/TwinStickExampleMap)
[2019.06.14-14.56.31:252][551]LogCharacterMovement: AI_C_6 is stuck and failed to move! Velocity: X=29.38 Y=-42.81 Z=0.00 Location: X=217.53 Y=343.72 Z=250.15 Normal: X=0.60 Y=0.80 Z=0.02 PenetrationDepth:0.004 Actor:AI_C_10 Component:CollisionCylinder BoneName:None (0 other events since notify)
[2019.06.14-14.56.32:619][600]LogBlueprintUserMessages: Early EndPlayMap Detection: Level '/Game/TwinStickCPP/Maps/MainMenu.MainMenu:PersistentLevel' has LevelScriptBlueprint '/Game/TwinStickCPP/Maps/MainMenu.MainMenu:PersistentLevel.MainMenu' with GeneratedClass '/Game/TwinStickCPP/Maps/MainMenu.MainMenu_C' with ClassGeneratedBy '/Game/TwinStickCPP/Maps/MainMenu.MainMenu:PersistentLevel.MainMenu'
[2019.06.14-14.56.32:620][600]LogSlate: Updating window title bar state: overlay mode, drag disabled, window buttons hidden, title bar hidden
[2019.06.14-14.56.32:668][600]LogPlayLevel: Display: Shutting down PIE online subsystems
[2019.06.14-14.56.32:668][600]LogBlueprintUserMessages: Late EndPlayMap Detection: Level '/Game/TwinStickCPP/Maps/MainMenu.MainMenu:PersistentLevel' has LevelScriptBlueprint '/Game/TwinStickCPP/Maps/MainMenu.MainMenu:PersistentLevel.MainMenu' with GeneratedClass '/Game/TwinStickCPP/Maps/MainMenu.MainMenu_C' with ClassGeneratedBy '/Game/TwinStickCPP/Maps/MainMenu.MainMenu:PersistentLevel.MainMenu'
[2019.06.14-14.56.32:728][600]LogSlate: Updating window title bar state: overlay mode, drag disabled, window buttons hidden, title bar hidden
[2019.06.14-14.56.32:747][600]LogUObjectHash: Compacting FUObjectHashTables data took   6.70ms
[2019.06.14-14.56.32:764][601]LogPlayLevel: Display: Destroying online subsystem :Context_16
[2019.06.14-14.56.34:174][685]LogSlate: FSceneViewport::OnFocusLost() reason 0
[2019.06.14-14.56.34:298][690]Cmd: OBJ SAVEPACKAGE PACKAGE="/Game/TwinStickCPP/Maps/MainMenu" FILE="../../../program3053_UE/program3053/Content/TwinStickCPP/Maps/MainMenu.umap" SILENT=true AUTOSAVING=false KEEPDIRTY=false
[2019.06.14-14.56.34:375][690]LogUObjectHash: Compacting FUObjectHashTables data took   0.92ms
[2019.06.14-14.56.34:684][690]LogSavePackage: Moving '../../../program3053_UE/program3053/Saved/MainMenuB58CFE944BB013238BDEA4A336C3013E.tmp' to '../../../program3053_UE/program3053/Content/TwinStickCPP/Maps/MainMenu.umap'
[2019.06.14-14.56.34:685][690]LogFileManager: Warning: DeleteFile was unable to delete '../../../program3053_UE/program3053/Content/TwinStickCPP/Maps/MainMenu.umap', retrying in .5s...
[2019.06.14-14.56.35:186][690]LogFileManager: Error: Error deleting file '../../../program3053_UE/program3053/Content/TwinStickCPP/Maps/MainMenu.umap'.
[2019.06.14-14.56.35:186][690]LogSavePackage: Error: Error saving '../../../program3053_UE/program3053/Content/TwinStickCPP/Maps/MainMenu.umap'
[2019.06.14-14.56.35:469][690]EditorErrors: New page: 保存输出
[2019.06.14-14.56.35:469][690]EditorErrors: Warning: 保存 '../../../program3053_UE/program3053/Content/TwinStickCPP/Maps/MainMenu.umap’ 时出现错误
[2019.06.14-14.56.54:110][620]LogSlate: Window '消息日志' being destroyed
[2019.06.14-14.56.54:114][620]LogSlate: Window '消息日志' being destroyed
[2019.06.14-14.56.55:412][697]Cmd: OBJ SAVEPACKAGE PACKAGE="/Game/TwinStickCPP/Maps/MainMenu" FILE="../../../program3053_UE/program3053/Content/TwinStickCPP/Maps/MainMenu.umap" SILENT=true AUTOSAVING=false KEEPDIRTY=false
[2019.06.14-14.56.55:449][697]LogUObjectHash: Compacting FUObjectHashTables data took   2.34ms
[2019.06.14-14.56.55:629][697]LogSavePackage: Moving '../../../program3053_UE/program3053/Saved/MainMenu1425554D4BBA2ED59E1E16891996D430.tmp' to '../../../program3053_UE/program3053/Content/TwinStickCPP/Maps/MainMenu.umap'
[2019.06.14-14.56.55:630][697]LogFileManager: Warning: DeleteFile was unable to delete '../../../program3053_UE/program3053/Content/TwinStickCPP/Maps/MainMenu.umap', retrying in .5s...
[2019.06.14-14.56.56:131][697]LogFileManager: Error: Error deleting file '../../../program3053_UE/program3053/Content/TwinStickCPP/Maps/MainMenu.umap'.
[2019.06.14-14.56.56:131][697]LogSavePackage: Error: Error saving '../../../program3053_UE/program3053/Content/TwinStickCPP/Maps/MainMenu.umap'
[2019.06.14-14.56.56:138][697]EditorErrors: New page: 保存输出
[2019.06.14-14.56.56:138][697]EditorErrors: Warning: 保存 '../../../program3053_UE/program3053/Content/TwinStickCPP/Maps/MainMenu.umap’ 时出现错误
[2019.06.14-14.57.01:783][ 33]LogSlate: Window '消息日志' being destroyed
[2019.06.14-14.57.01:793][ 33]LogSlate: Window '消息日志' being destroyed
[2019.06.14-14.58.45:595][305]Cmd: OBJ SAVEPACKAGE PACKAGE="/Game/TwinStickCPP/Maps/MainMenu" FILE="../../../program3053_UE/program3053/Content/TwinStickCPP/Maps/MainMenu.umap" SILENT=true AUTOSAVING=false KEEPDIRTY=false
[2019.06.14-14.58.45:680][305]LogUObjectHash: Compacting FUObjectHashTables data took   4.50ms
[2019.06.14-14.58.45:985][305]LogSavePackage: Moving '../../../program3053_UE/program3053/Saved/MainMenu352C407A442B70458EB39582E73800F8.tmp' to '../../../program3053_UE/program3053/Content/TwinStickCPP/Maps/MainMenu.umap'
[2019.06.14-14.58.45:986][305]LogFileManager: Warning: DeleteFile was unable to delete '../../../program3053_UE/program3053/Content/TwinStickCPP/Maps/MainMenu.umap', retrying in .5s...
[2019.06.14-14.58.46:487][305]LogFileManager: Error: Error deleting file '../../../program3053_UE/program3053/Content/TwinStickCPP/Maps/MainMenu.umap'.
[2019.06.14-14.58.46:487][305]LogSavePackage: Error: Error saving '../../../program3053_UE/program3053/Content/TwinStickCPP/Maps/MainMenu.umap'
[2019.06.14-14.58.46:493][305]EditorErrors: New page: 保存输出
[2019.06.14-14.58.46:493][305]EditorErrors: Warning: 保存 '../../../program3053_UE/program3053/Content/TwinStickCPP/Maps/MainMenu.umap’ 时出现错误
[2019.06.14-14.59.08:002][591]LogSlate: Window '消息日志' being destroyed
[2019.06.14-14.59.08:008][591]LogSlate: Window '消息日志' being destroyed
[2019.06.14-14.59.25:504][621]Cmd: OBJ SAVEPACKAGE PACKAGE="/Game/TwinStickCPP/Maps/MainMenu" FILE="../../../program3053_UE/program3053/Content/TwinStickCPP/Maps/MainMenu.umap" SILENT=true AUTOSAVING=false KEEPDIRTY=false
[2019.06.14-14.59.25:550][621]LogUObjectHash: Compacting FUObjectHashTables data took   3.14ms
[2019.06.14-14.59.25:812][621]LogSavePackage: Moving '../../../program3053_UE/program3053/Saved/MainMenu7DE997574244FC40F6FE4CAD0739AE40.tmp' to '../../../program3053_UE/program3053/Content/TwinStickCPP/Maps/MainMenu.umap'
[2019.06.14-14.59.25:813][621]LogFileManager: Warning: DeleteFile was unable to delete '../../../program3053_UE/program3053/Content/TwinStickCPP/Maps/MainMenu.umap', retrying in .5s...
[2019.06.14-14.59.26:313][621]LogFileManager: Error: Error deleting file '../../../program3053_UE/program3053/Content/TwinStickCPP/Maps/MainMenu.umap'.
[2019.06.14-14.59.26:313][621]LogSavePackage: Error: Error saving '../../../program3053_UE/program3053/Content/TwinStickCPP/Maps/MainMenu.umap'
[2019.06.14-14.59.26:317][621]EditorErrors: New page: 保存输出
[2019.06.14-14.59.26:317][621]EditorErrors: Warning: 保存 '../../../program3053_UE/program3053/Content/TwinStickCPP/Maps/MainMenu.umap’ 时出现错误
[2019.06.14-14.59.47:145][862]LogSlate: Window '消息日志' being destroyed
[2019.06.14-14.59.47:150][862]LogSlate: Window '消息日志' being destroyed
[2019.06.14-14.59.55:922][341]LogUObjectHash: Compacting FUObjectHashTables data took   3.84ms
[2019.06.14-14.59.56:212][341]Cmd: OBJ SAVEPACKAGE PACKAGE="/Game/TwinStickCPP/Maps/MainMenu1" FILE="../../../program3053_UE/program3053/Content/TwinStickCPP/Maps/MainMenu1.umap" SILENT=true AUTOSAVING=false KEEPDIRTY=false
[2019.06.14-14.59.56:214][341]LogAIModule: Creating AISystem for world MainMenu1
[2019.06.14-14.59.56:269][341]LogUObjectHash: Compacting FUObjectHashTables data took   5.28ms
[2019.06.14-14.59.56:508][341]LogSavePackage: Moving '../../../program3053_UE/program3053/Saved/MainMenu12CA79CA94BD84BE4C758EFAC839691A0.tmp' to '../../../program3053_UE/program3053/Content/TwinStickCPP/Maps/MainMenu1.umap'
[2019.06.14-14.59.56:593][341]LogFileHelpers: Saving map 'MainMenu1' took 0.383
[2019.06.14-15.00.11:048][942]LogSlate: Window 'Unable to delete level' being destroyed
[2019.06.14-15.00.12:573][ 33]LogAssetEditorManager: Opening Asset editor for World /Game/TwinStickCPP/Maps/MainMenu1.MainMenu1
[2019.06.14-15.00.12:627][ 33]LogUObjectHash: Compacting FUObjectHashTables data took   4.00ms
[2019.06.14-15.00.14:839][ 33]LogSlate: Window 'Save Content' being destroyed
[2019.06.14-15.00.14:848][ 33]Cmd: OBJ SAVEPACKAGE PACKAGE="/Game/TwinStickCPP/Maps/MainMenu1" FILE="../../../program3053_UE/program3053/Content/TwinStickCPP/Maps/MainMenu1.umap" SILENT=true AUTOSAVING=false KEEPDIRTY=false
[2019.06.14-15.00.14:998][ 33]LogUObjectHash: Compacting FUObjectHashTables data took   2.26ms
[2019.06.14-15.00.15:273][ 33]LogSavePackage: Moving '../../../program3053_UE/program3053/Saved/MainMenu1E108F77B46B338E3169F5AA6B0315DB3.tmp' to '../../../program3053_UE/program3053/Content/TwinStickCPP/Maps/MainMenu1.umap'
[2019.06.14-15.00.15:280][ 33]LogFileHelpers: Saving map 'MainMenu1' took 0.432
[2019.06.14-15.00.15:322][ 33]Cmd: MAP LOAD FILE="../../../program3053_UE/program3053/Content/TwinStickCPP/Maps/MainMenu1.umap" TEMPLATE=0 SHOWPROGRESS=1 FEATURELEVEL=3
[2019.06.14-15.00.15:322][ 33]LightingResults: New page: 光照构建
[2019.06.14-15.00.15:323][ 33]LoadErrors: New page: 正在加载地图： MainMenu1.umap
[2019.06.14-15.00.15:324][ 33]MapCheck: New page: 地图检测
[2019.06.14-15.00.15:324][ 33]LightingResults: New page: 光照构建
[2019.06.14-15.00.15:381][ 33]LogUObjectHash: Compacting FUObjectHashTables data took   4.02ms
[2019.06.14-15.00.15:535][ 33]LogEditorServer: Finished looking for orphan Actors (0.000 secs)
[2019.06.14-15.00.15:591][ 33]LogUObjectHash: Compacting FUObjectHashTables data took   2.67ms
[2019.06.14-15.00.15:640][ 33]Cmd: MAP CHECKDEP NOCLEARLOG
[2019.06.14-15.00.15:641][ 33]MapCheck: 地图检测完成：0个错误，0 个警告，用时0.392毫秒完成。
[2019.06.14-15.00.15:642][ 33]LogFileHelpers: Loading map 'MainMenu1' took 0.357
[2019.06.14-15.00.18:084][162]LogAIModule: Creating AISystem for world MainMenu
[2019.06.14-15.00.18:091][162]LogAssetEditorManager: Opening Asset editor for World /Game/TwinStickCPP/Maps/MainMenu.MainMenu
[2019.06.14-15.00.18:142][162]LogUObjectHash: Compacting FUObjectHashTables data took   3.78ms
[2019.06.14-15.00.18:144][162]Cmd: MAP LOAD FILE="../../../program3053_UE/program3053/Content/TwinStickCPP/Maps/MainMenu.umap" TEMPLATE=0 SHOWPROGRESS=1 FEATURELEVEL=3
[2019.06.14-15.00.18:144][162]LightingResults: New page: 光照构建
[2019.06.14-15.00.18:145][162]LoadErrors: New page: 正在加载地图： MainMenu.umap
[2019.06.14-15.00.18:146][162]MapCheck: New page: 地图检测
[2019.06.14-15.00.18:146][162]LightingResults: New page: 光照构建
[2019.06.14-15.00.18:204][162]LogUObjectHash: Compacting FUObjectHashTables data took   4.09ms
[2019.06.14-15.00.18:332][162]LogEditorServer: Finished looking for orphan Actors (0.000 secs)
[2019.06.14-15.00.18:384][162]LogUObjectHash: Compacting FUObjectHashTables data took   2.61ms
[2019.06.14-15.00.18:423][162]Cmd: MAP CHECKDEP NOCLEARLOG
[2019.06.14-15.00.18:423][162]MapCheck: 地图检测完成：0个错误，0 个警告，用时0.254毫秒完成。
[2019.06.14-15.00.18:423][162]LogFileHelpers: Loading map 'MainMenu' took 0.281
[2019.06.14-15.00.21:071][315]Cmd: OBJ SAVEPACKAGE PACKAGE="/Game/TwinStickCPP/Maps/MainMenu" FILE="../../../program3053_UE/program3053/Content/TwinStickCPP/Maps/MainMenu.umap" SILENT=true AUTOSAVING=false KEEPDIRTY=false
[2019.06.14-15.00.21:114][315]LogUObjectHash: Compacting FUObjectHashTables data took   0.88ms
[2019.06.14-15.00.21:369][315]LogSavePackage: Moving '../../../program3053_UE/program3053/Saved/MainMenuBC583C1E41240879282E6A90297EB568.tmp' to '../../../program3053_UE/program3053/Content/TwinStickCPP/Maps/MainMenu.umap'
[2019.06.14-15.00.21:370][315]LogFileManager: Warning: DeleteFile was unable to delete '../../../program3053_UE/program3053/Content/TwinStickCPP/Maps/MainMenu.umap', retrying in .5s...
[2019.06.14-15.00.21:872][315]LogFileManager: Error: Error deleting file '../../../program3053_UE/program3053/Content/TwinStickCPP/Maps/MainMenu.umap'.
[2019.06.14-15.00.21:872][315]LogSavePackage: Error: Error saving '../../../program3053_UE/program3053/Content/TwinStickCPP/Maps/MainMenu.umap'
[2019.06.14-15.00.21:876][315]EditorErrors: New page: 保存输出
[2019.06.14-15.00.21:876][315]EditorErrors: Warning: 保存 '../../../program3053_UE/program3053/Content/TwinStickCPP/Maps/MainMenu.umap’ 时出现错误
[2019.06.14-15.00.23:344][401]LogSlate: Window '消息日志' being destroyed
[2019.06.14-15.00.23:353][401]LogSlate: Window '消息日志' being destroyed
[2019.06.14-15.00.25:736][543]Cmd: OBJ SAVEPACKAGE PACKAGE="/Game/TwinStickCPP/Maps/MainMenu" FILE="../../../program3053_UE/program3053/Content/TwinStickCPP/Maps/MainMenu.umap" SILENT=true AUTOSAVING=false KEEPDIRTY=false
[2019.06.14-15.00.25:784][543]LogUObjectHash: Compacting FUObjectHashTables data took   3.33ms
[2019.06.14-15.00.26:050][543]LogSavePackage: Moving '../../../program3053_UE/program3053/Saved/MainMenu1536C1824F01F3543529659F5E0D2B2C.tmp' to '../../../program3053_UE/program3053/Content/TwinStickCPP/Maps/MainMenu.umap'
[2019.06.14-15.00.26:051][543]LogFileManager: Warning: DeleteFile was unable to delete '../../../program3053_UE/program3053/Content/TwinStickCPP/Maps/MainMenu.umap', retrying in .5s...
[2019.06.14-15.00.26:552][543]LogFileManager: Error: Error deleting file '../../../program3053_UE/program3053/Content/TwinStickCPP/Maps/MainMenu.umap'.
[2019.06.14-15.00.26:552][543]LogSavePackage: Error: Error saving '../../../program3053_UE/program3053/Content/TwinStickCPP/Maps/MainMenu.umap'
[2019.06.14-15.00.26:557][543]EditorErrors: New page: 保存输出
[2019.06.14-15.00.26:557][543]EditorErrors: Warning: 保存 '../../../program3053_UE/program3053/Content/TwinStickCPP/Maps/MainMenu.umap’ 时出现错误
[2019.06.14-15.00.27:944][623]LogSlate: Window '消息日志' being destroyed
[2019.06.14-15.00.27:955][623]LogSlate: Window '消息日志' being destroyed
[2019.06.14-15.00.29:668][723]LogAIModule: Creating AISystem for world MainMenu1
[2019.06.14-15.00.29:672][723]LogAssetEditorManager: Opening Asset editor for World /Game/TwinStickCPP/Maps/MainMenu1.MainMenu1
[2019.06.14-15.00.29:719][723]LogUObjectHash: Compacting FUObjectHashTables data took   3.59ms
[2019.06.14-15.00.29:720][723]Cmd: MAP LOAD FILE="../../../program3053_UE/program3053/Content/TwinStickCPP/Maps/MainMenu1.umap" TEMPLATE=0 SHOWPROGRESS=1 FEATURELEVEL=3
[2019.06.14-15.00.29:721][723]LightingResults: New page: 光照构建
[2019.06.14-15.00.29:721][723]LoadErrors: New page: 正在加载地图： MainMenu1.umap
[2019.06.14-15.00.29:722][723]MapCheck: New page: 地图检测
[2019.06.14-15.00.29:722][723]LightingResults: New page: 光照构建
[2019.06.14-15.00.29:772][723]LogUObjectHash: Compacting FUObjectHashTables data took   4.13ms
[2019.06.14-15.00.29:891][723]LogEditorServer: Finished looking for orphan Actors (0.000 secs)
[2019.06.14-15.00.29:944][723]LogUObjectHash: Compacting FUObjectHashTables data took   2.55ms
[2019.06.14-15.00.29:981][723]Cmd: MAP CHECKDEP NOCLEARLOG
[2019.06.14-15.00.29:982][723]MapCheck: 地图检测完成：0个错误，0 个警告，用时0.374毫秒完成。
[2019.06.14-15.00.29:982][723]LogFileHelpers: Loading map 'MainMenu1' took 0.262
[2019.06.14-15.00.33:802][935]LogAIModule: Creating AISystem for world MainMenu
[2019.06.14-15.00.35:351][ 23]LogUObjectHash: Compacting FUObjectHashTables data took   3.45ms
[2019.06.14-15.00.38:670][ 23]LogSlate: Window 'Delete Assets' being destroyed
[2019.06.14-15.00.38:944][ 23]LogUObjectHash: Compacting FUObjectHashTables data took   0.84ms
[2019.06.14-15.00.38:999][ 23]LogUObjectHash: Compacting FUObjectHashTables data took   0.91ms
[2019.06.14-15.00.39:039][ 23]LogUObjectHash: Compacting FUObjectHashTables data took   0.98ms
[2019.06.14-15.00.39:040][ 23]LogFileManager: Warning: Error deleting file: ../../../program3053_UE/program3053/Content/TwinStickCPP/Maps/MainMenu.umap (Error Code 32)
[2019.06.14-15.00.46:990][477]LogAIModule: Creating AISystem for world MainMenu
[2019.06.14-15.00.47:036][477]LogBlueprintActionDatabase: Requesting refresh due to module change: HierarchicalLODUtilities (loaded)
[2019.06.14-15.00.50:650][662]LogSlate: Window '重命名失败' being destroyed
[2019.06.14-15.01.01:072][286]LogTemp: Repeating last play command: 选中的视口
[2019.06.14-15.01.01:099][286]LogBlueprintUserMessages: Early PlayInEditor Detection: Level '/Game/TwinStickCPP/Maps/MainMenu1.MainMenu1:PersistentLevel' has LevelScriptBlueprint '/Game/TwinStickCPP/Maps/MainMenu1.MainMenu1:PersistentLevel.MainMenu1' with GeneratedClass '/Game/TwinStickCPP/Maps/MainMenu1.MainMenu1_C' with ClassGeneratedBy '/Game/TwinStickCPP/Maps/MainMenu1.MainMenu1:PersistentLevel.MainMenu1'
[2019.06.14-15.01.01:099][286]LogPlayLevel: PlayLevel: No blueprints needed recompiling
[2019.06.14-15.01.01:099][286]PIE: New page: PIE会话: MainMenu1 (2019年6月15日 上午7:01:01)
[2019.06.14-15.01.01:099][286]LogPlayLevel: Creating play world package: /Game/TwinStickCPP/Maps/UEDPIE_0_MainMenu1
[2019.06.14-15.01.01:110][286]LogPlayLevel: PIE: StaticDuplicateObject took: (0.010260s)
[2019.06.14-15.01.01:111][286]LogAIModule: Creating AISystem for world MainMenu1
[2019.06.14-15.01.01:111][286]LogPlayLevel: PIE: World Init took: (0.001052s)
[2019.06.14-15.01.01:112][286]LogPlayLevel: PIE: Created PIE world by copying editor world from /Game/TwinStickCPP/Maps/MainMenu1.MainMenu1 to /Game/TwinStickCPP/Maps/UEDPIE_0_MainMenu1.MainMenu1 (0.012382s)
[2019.06.14-15.01.01:202][286]LogUObjectHash: Compacting FUObjectHashTables data took   7.74ms
[2019.06.14-15.01.01:211][286]LogInit: XAudio2 using 'Speakers/Headphones (Realtek(R) Audio)' : 2 channels at 48 kHz using 32 bits per sample (channel mask 0x3)
[2019.06.14-15.01.01:322][286]LogInit: FAudioDevice initialized.
[2019.06.14-15.01.01:358][286]LogLoad: Game class is 'BlueprintClassGameMode_C'
[2019.06.14-15.01.01:361][286]LogWorld: Bringing World /Game/TwinStickCPP/Maps/UEDPIE_0_MainMenu1.MainMenu1 up for play (max tick rate 60) at 2019.06.14-23.01.01
[2019.06.14-15.01.01:361][286]LogWorld: Bringing up level for play took: 0.002484
[2019.06.14-15.01.01:376][286]LogScript: Warning: Script Msg: Attempted to access index 0 from array 'CallFunc_GetAllActorsOfClass_OutActors4' of length 0 in '/Game/TwinStickCPP/BlueprintClass/BlueprintClassGameMode.BlueprintClassGameMode_C:ExecuteUbergraph_BlueprintClassGameMode'!
[2019.06.14-15.01.01:377][286]LogBlueprintUserMessages: Warning: SetTimer passed a bad function (SpawnAI) or object (None)
[2019.06.14-15.01.01:377][286]LogScript: Warning: Script Msg: Attempted to access index 0 from array 'CallFunc_GetAllActorsOfClass_OutActors' of length 0 in '/Game/TwinStickCPP/BlueprintClass/BlueprintClassGameMode.BlueprintClassGameMode_C:ExecuteUbergraph_BlueprintClassGameMode'!
[2019.06.14-15.01.01:377][286]LogBlueprintUserMessages: Warning: SetTimer passed a bad function (spawnhpmiddle) or object (None)
[2019.06.14-15.01.01:377][286]LogScript: Warning: Script Msg: Attempted to access index 0 from array 'CallFunc_GetAllActorsOfClass_OutActors1' of length 0 in '/Game/TwinStickCPP/BlueprintClass/BlueprintClassGameMode.BlueprintClassGameMode_C:ExecuteUbergraph_BlueprintClassGameMode'!
[2019.06.14-15.01.01:377][286]LogBlueprintUserMessages: Warning: SetTimer passed a bad function (spawnhplittle) or object (None)
[2019.06.14-15.01.01:377][286]LogScript: Warning: Script Msg: Attempted to access index 0 from array 'CallFunc_GetAllActorsOfClass_OutActors2' of length 0 in '/Game/TwinStickCPP/BlueprintClass/BlueprintClassGameMode.BlueprintClassGameMode_C:ExecuteUbergraph_BlueprintClassGameMode'!
[2019.06.14-15.01.01:377][286]LogBlueprintUserMessages: Warning: SetTimer passed a bad function (spawnhplarge) or object (None)
[2019.06.14-15.01.01:378][286]LogScript: Warning: Script Msg: Attempted to access index 0 from array 'CallFunc_GetAllActorsOfClass_OutActors3' of length 0 in '/Game/TwinStickCPP/BlueprintClass/BlueprintClassGameMode.BlueprintClassGameMode_C:ExecuteUbergraph_BlueprintClassGameMode'!
[2019.06.14-15.01.01:378][286]LogBlueprintUserMessages: Warning: SetTimer passed a bad function (spawnexplittle) or object (None)
[2019.06.14-15.01.01:378][286]LogScript: Warning: Script Msg: Attempted to access index 0 from array 'CallFunc_GetAllActorsOfClass_OutActors5' of length 0 in '/Game/TwinStickCPP/BlueprintClass/BlueprintClassGameMode.BlueprintClassGameMode_C:ExecuteUbergraph_BlueprintClassGameMode'!
[2019.06.14-15.01.01:378][286]LogBlueprintUserMessages: Warning: SetTimer passed a bad function (spawnexpmiddle) or object (None)
[2019.06.14-15.01.01:378][286]LogScript: Warning: Script Msg: Attempted to access index 0 from array 'CallFunc_GetAllActorsOfClass_OutActors6' of length 0 in '/Game/TwinStickCPP/BlueprintClass/BlueprintClassGameMode.BlueprintClassGameMode_C:ExecuteUbergraph_BlueprintClassGameMode'!
[2019.06.14-15.01.01:378][286]LogBlueprintUserMessages: Warning: SetTimer passed a bad function (spawnexplarge) or object (None)
[2019.06.14-15.01.01:380][286]PIE: /Game/TwinStickCPP/Maps/UEDPIE_0_MainMenu1的‘在编辑器中播放’的起始时间0.395
[2019.06.14-15.01.01:380][286]LogBlueprintUserMessages: Late PlayInEditor Detection: Level '/Game/TwinStickCPP/Maps/MainMenu1.MainMenu1:PersistentLevel' has LevelScriptBlueprint '/Game/TwinStickCPP/Maps/MainMenu1.MainMenu1:PersistentLevel.MainMenu1' with GeneratedClass '/Game/TwinStickCPP/Maps/MainMenu1.MainMenu1_C' with ClassGeneratedBy '/Game/TwinStickCPP/Maps/MainMenu1.MainMenu1:PersistentLevel.MainMenu1'
[2019.06.14-15.01.02:178][334]LogNet: Browse: /Game/TwinStickCPP/Maps/TwinStickExampleMap
[2019.06.14-15.01.02:178][334]LogLoad: LoadMap: /Game/TwinStickCPP/Maps/TwinStickExampleMap
[2019.06.14-15.01.02:266][334]LogUObjectHash: Compacting FUObjectHashTables data took   4.75ms
[2019.06.14-15.01.02:365][334]LogAIModule: Creating AISystem for world TwinStickExampleMap
[2019.06.14-15.01.02:366][334]LogLoad: Game class is 'BlueprintClassGameMode_C'
[2019.06.14-15.01.02:450][334]LogWorld: Bringing World /Game/TwinStickCPP/Maps/UEDPIE_0_TwinStickExampleMap.TwinStickExampleMap up for play (max tick rate 60) at 2019.06.14-23.01.02
[2019.06.14-15.01.02:452][334]LogWorld: Bringing up level for play took: 0.084274
[2019.06.14-15.01.02:456][334]LogLoad: Took 0.278316 seconds to LoadMap(/Game/TwinStickCPP/Maps/TwinStickExampleMap)
