Log file open, 06/11/19 19:50:34
LogWindows: Failed to load 'aqProf.dll' (GetLastError=126)
LogWindows: File 'aqProf.dll' does not exist
LogWindows: Failed to load 'VtuneApi.dll' (GetLastError=126)
LogWindows: File 'VtuneApi.dll' does not exist
LogWindows: Failed to load 'VtuneApi32e.dll' (GetLastError=126)
LogWindows: File 'VtuneApi32e.dll' does not exist
LogConsoleResponse: Display: Failed to find resolution value strings in scalability ini. Falling back to default.
LogInit: Display: Running engine for game: program3053
LogPakFile: Registered encryption key '00000000000000000000000000000000': 0 pak files mounted, 0 remain pending
LogPlatformFile: Not using cached read wrapper
LogTaskGraph: Started task graph with 5 named threads and 23 total threads with 3 sets of task threads.
LogStats: Stats thread started at 1.842452
LogD3D11RHI: Loaded GFSDK_Aftermath_Lib.x64.dll
LogICUInternationalization: ICU TimeZone Detection - Raw Offset: +8:00, Platform Override: ''
LogPluginManager: Mounting plugin Paper2D
LogPluginManager: Mounting plugin AISupport
LogPluginManager: Mounting plugin LightPropagationVolume
LogPluginManager: Mounting plugin ActorLayerUtilities
LogPluginManager: Mounting plugin AnimationSharing
LogPluginManager: Mounting plugin CLionSourceCodeAccess
LogPluginManager: Mounting plugin CodeLiteSourceCodeAccess
LogPluginManager: Mounting plugin GitSourceControl
LogPluginManager: Mounting plugin KDevelopSourceCodeAccess
LogPluginManager: Mounting plugin NullSourceCodeAccess
LogPluginManager: Mounting plugin PerforceSourceControl
LogPluginManager: Mounting plugin SubversionSourceControl
LogPluginManager: Mounting plugin UObjectPlugin
LogPluginManager: Mounting plugin VisualStudioCodeSourceCodeAccess
LogPluginManager: Mounting plugin VisualStudioSourceCodeAccess
LogPluginManager: Mounting plugin XCodeSourceCodeAccess
LogPluginManager: Mounting plugin AssetManagerEditor
LogPluginManager: Mounting plugin CryptoKeys
LogPluginManager: Mounting plugin DataValidation
LogPluginManager: Mounting plugin FacialAnimation
LogPluginManager: Mounting plugin GameplayTagsEditor
LogPluginManager: Mounting plugin MacGraphicsSwitching
LogPluginManager: Mounting plugin MaterialAnalyzer
LogPluginManager: Mounting plugin MobileLauncherProfileWizard
LogPluginManager: Mounting plugin PluginBrowser
LogPluginManager: Mounting plugin SpeedTreeImporter
LogPluginManager: Mounting plugin DatasmithContent
LogPluginManager: Mounting plugin VariantManagerContent
LogPluginManager: Mounting plugin AlembicImporter
LogPluginManager: Mounting plugin AppleImageUtils
LogPluginManager: Mounting plugin AppleVision
LogPluginManager: Mounting plugin BackChannel
LogPluginManager: Mounting plugin CharacterAI
LogPluginManager: Mounting plugin GeometryCache
LogPluginManager: Mounting plugin HTML5Networking
LogPluginManager: Mounting plugin ProxyLODPlugin
LogPluginManager: Mounting plugin SkeletalReduction
LogPluginManager: Mounting plugin MagicLeap
LogPluginManager: Mounting plugin MagicLeapMedia
LogPluginManager: Mounting plugin AndroidMedia
LogPluginManager: Mounting plugin AvfMedia
LogPluginManager: Mounting plugin ImgMedia
LogPluginManager: Mounting plugin LinearTimecode
LogPluginManager: Mounting plugin MediaCompositing
LogPluginManager: Mounting plugin MediaPlayerEditor
LogPluginManager: Mounting plugin WebMMedia
LogPluginManager: Mounting plugin WmfMedia
LogPluginManager: Mounting plugin TcpMessaging
LogPluginManager: Mounting plugin UdpMessaging
LogPluginManager: Mounting plugin ActorSequence
LogPluginManager: Mounting plugin LevelSequenceEditor
LogPluginManager: Mounting plugin MatineeToLevelSequence
LogPluginManager: Mounting plugin NetcodeUnitTest
LogPluginManager: Mounting plugin NUTUnrealEngine4
LogPluginManager: Mounting plugin OnlineSubsystemGooglePlay
LogPluginManager: Mounting plugin OnlineSubsystemIOS
LogPluginManager: Mounting plugin OnlineSubsystem
LogPluginManager: Mounting plugin OnlineSubsystemNull
LogPluginManager: Mounting plugin OnlineSubsystemUtils
LogPluginManager: Mounting plugin LauncherChunkInstaller
LogPluginManager: Mounting plugin AndroidDeviceProfileSelector
LogPluginManager: Mounting plugin AndroidMoviePlayer
LogPluginManager: Mounting plugin AndroidPermission
LogPluginManager: Mounting plugin AppleMoviePlayer
LogPluginManager: Mounting plugin ArchVisCharacter
LogPluginManager: Mounting plugin AudioCapture
LogPluginManager: Mounting plugin CableComponent
LogPluginManager: Mounting plugin CustomMeshComponent
LogPluginManager: Mounting plugin EditableMesh
LogPluginManager: Mounting plugin ExampleDeviceProfileSelector
LogPluginManager: Mounting plugin Firebase
LogPluginManager: Mounting plugin GoogleCloudMessaging
LogPluginManager: Mounting plugin IOSDeviceProfileSelector
LogPluginManager: Mounting plugin LinuxDeviceProfileSelector
LogPluginManager: Mounting plugin LocationServicesBPLibrary
LogPluginManager: Mounting plugin MobilePatchingUtils
LogPluginManager: Mounting plugin OculusVR
LogPluginManager: Mounting plugin PhysXVehicles
LogPluginManager: Mounting plugin ProceduralMeshComponent
LogPluginManager: Mounting plugin RuntimePhysXCooking
LogPluginManager: Mounting plugin SignificanceManager
LogPluginManager: Mounting plugin SteamVR
LogPluginManager: Mounting plugin WebMMoviePlayer
LogPluginManager: Mounting plugin WindowsMoviePlayer
LogInit: Using libcurl 7.55.1-DEV
LogInit:  - built for x86_64-pc-win32
LogInit:  - supports SSL with OpenSSL/1.1.1
LogInit:  - supports HTTP deflate (compression) using libz 1.2.8
LogInit:  - other features:
LogInit:      CURL_VERSION_SSL
LogInit:      CURL_VERSION_LIBZ
LogInit:      CURL_VERSION_IPV6
LogInit:      CURL_VERSION_ASYNCHDNS
LogInit:      CURL_VERSION_LARGEFILE
LogInit:      CURL_VERSION_IDN
LogInit:  CurlRequestOptions (configurable via config and command line):
LogInit:  - bVerifyPeer = true  - Libcurl will verify peer certificate
LogInit:  - bUseHttpProxy = false  - Libcurl will NOT use HTTP proxy
LogInit:  - bDontReuseConnections = false  - Libcurl will reuse connections
LogInit:  - MaxHostConnections = 16  - Libcurl will limit the number of connections to a host
LogInit:  - LocalHostAddr = Default
LogInit:  - BufferSize = 65536
LogInit: WinSock: version 1.1 (2.2), MaxSocks=32767, MaxUdp=65467
LogInit: Build: ++UE4+Release-4.22-CL-6574378
LogInit: Engine Version: 4.22.2-6574378+++UE4+Release-4.22
LogInit: Compatible Engine Version: 4.22.0-5660361+++UE4+Release-4.22
LogInit: Net CL: 5660361
LogInit: OS: Windows 10 (Release 1803) (), CPU: Intel(R) Core(TM) i5-8300H CPU @ 2.30GHz, GPU: Intel(R) UHD Graphics 630
LogInit: Compiled (64-bit): May 20 2019 09:54:56
LogInit: Compiled with Visual C++: 19.16.27025.01
LogInit: Build Configuration: Development
LogInit: Branch Name: ++UE4+Release-4.22
LogInit: Command Line:  -skipcompile
LogInit: Base Directory: D:/Epic/UE_4.22/Engine/Binaries/Win64/
LogInit: Installed Engine Build: 1
LogDevObjectVersion: Number of dev versions registered: 23
LogDevObjectVersion:   Dev-Blueprints (B0D832E4-1F89-4F0D-ACCF-7EB736FD4AA2): 10
LogDevObjectVersion:   Dev-Build (E1C64328-A22C-4D53-A36C-8E866417BD8C): 0
LogDevObjectVersion:   Dev-Core (375EC13C-06E4-48FB-B500-84F0262A717E): 3
LogDevObjectVersion:   Dev-Editor (E4B068ED-F494-42E9-A231-DA0B2E46BB41): 30
LogDevObjectVersion:   Dev-Framework (CFFC743F-43B0-4480-9391-14DF171D2073): 35
LogDevObjectVersion:   Dev-Mobile (B02B49B5-BB20-44E9-A304-32B752E40360): 2
LogDevObjectVersion:   Dev-Networking (A4E4105C-59A1-49B5-A7C5-40C4547EDFEE): 0
LogDevObjectVersion:   Dev-Online (39C831C9-5AE6-47DC-9A44-9C173E1C8E7C): 0
LogDevObjectVersion:   Dev-Physics (78F01B33-EBEA-4F98-B9B4-84EACCB95AA2): 0
LogDevObjectVersion:   Dev-Platform (6631380F-2D4D-43E0-8009-CF276956A95A): 0
LogDevObjectVersion:   Dev-Rendering (12F88B9F-8875-4AFC-A67C-D90C383ABD29): 28
LogDevObjectVersion:   Dev-Sequencer (7B5AE74C-D270-4C10-A958-57980B212A5A): 11
LogDevObjectVersion:   Dev-VR (D7296918-1DD6-4BDD-9DE2-64A83CC13884): 2
LogDevObjectVersion:   Dev-LoadTimes (C2A15278-BFE7-4AFE-6C17-90FF531DF755): 1
LogDevObjectVersion:   Private-Geometry (6EACA3D4-40EC-4CC1-B786-8BED09428FC5): 3
LogDevObjectVersion:   Dev-AnimPhys (29E575DD-E0A3-4627-9D10-D276232CDCEA): 17
LogDevObjectVersion:   Dev-Anim (AF43A65D-7FD3-4947-9873-3E8ED9C1BB05): 2
LogDevObjectVersion:   Dev-ReflectionCapture (6B266CEC-1EC7-4B8F-A30B-E4D90942FC07): 1
LogDevObjectVersion:   Dev-Automation (0DF73D61-A23F-47EA-B727-89E90C41499A): 1
LogDevObjectVersion:   FortniteMain (601D1886-AC64-4F84-AA16-D3DE0DEAC7D6): 25
LogDevObjectVersion:   Dev-Enterprise (9DFFBCD6-494F-0158-E221-12823C92A888): 6
LogDevObjectVersion:   Dev-Niagara (F2AED0AC-9AFE-416F-8664-AA7FFA26D6FC): 1
LogDevObjectVersion:   Dev-Destruction (174F1F0B-B4C6-45A5-B13F-2EE8D0FB917D): 2
LogInit: Presizing for max 16777216 objects, including 0 objects not considered by GC, pre-allocating 0 bytes for permanent pool.
LogInit: Object subsystem initialized
LogConfig: Setting CVar [[con.DebugEarlyDefault:1]]
LogConfig: Setting CVar [[r.setres:1280x720]]
[2019.06.11-11.50.37:657][  0]LogConfig: Setting CVar [[r.VSync:0]]
[2019.06.11-11.50.37:657][  0]LogConfig: Setting CVar [[r.RHICmdBypass:0]]
[2019.06.11-11.50.37:657][  0]LogConfig: Applying CVar settings from Section [/Script/Engine.RendererSettings] File [../../../program3053_UE/program3053/Saved/Config/Windows/Engine.ini]
[2019.06.11-11.50.37:657][  0]LogConfig: Setting CVar [[r.GPUCrashDebugging:0]]
[2019.06.11-11.50.37:657][  0]LogConfig: Applying CVar settings from Section [/Script/Engine.RendererOverrideSettings] File [../../../program3053_UE/program3053/Saved/Config/Windows/Engine.ini]
[2019.06.11-11.50.37:657][  0]LogConfig: Applying CVar settings from Section [/Script/Engine.StreamingSettings] File [../../../program3053_UE/program3053/Saved/Config/Windows/Engine.ini]
[2019.06.11-11.50.37:657][  0]LogConfig: Setting CVar [[s.MinBulkDataSizeForAsyncLoading:131072]]
[2019.06.11-11.50.37:657][  0]LogConfig: Setting CVar [[s.AsyncLoadingThreadEnabled:0]]
[2019.06.11-11.50.37:657][  0]LogConfig: Setting CVar [[s.EventDrivenLoaderEnabled:1]]
[2019.06.11-11.50.37:657][  0]LogConfig: Setting CVar [[s.WarnIfTimeLimitExceeded:0]]
[2019.06.11-11.50.37:657][  0]LogConfig: Setting CVar [[s.TimeLimitExceededMultiplier:1.5]]
[2019.06.11-11.50.37:658][  0]LogConfig: Setting CVar [[s.TimeLimitExceededMinTime:0.005]]
[2019.06.11-11.50.37:658][  0]LogConfig: Setting CVar [[s.UseBackgroundLevelStreaming:1]]
[2019.06.11-11.50.37:658][  0]LogConfig: Setting CVar [[s.PriorityAsyncLoadingExtraTime:15.0]]
[2019.06.11-11.50.37:658][  0]LogConfig: Setting CVar [[s.LevelStreamingActorsUpdateTimeLimit:5.0]]
[2019.06.11-11.50.37:658][  0]LogConfig: Setting CVar [[s.PriorityLevelStreamingActorsUpdateExtraTime:5.0]]
[2019.06.11-11.50.37:658][  0]LogConfig: Setting CVar [[s.LevelStreamingComponentsRegistrationGranularity:10]]
[2019.06.11-11.50.37:658][  0]LogConfig: Setting CVar [[s.UnregisterComponentsTimeLimit:1.0]]
[2019.06.11-11.50.37:658][  0]LogConfig: Setting CVar [[s.LevelStreamingComponentsUnregistrationGranularity:5]]
[2019.06.11-11.50.37:658][  0]LogConfig: Applying CVar settings from Section [/Script/Engine.GarbageCollectionSettings] File [../../../program3053_UE/program3053/Saved/Config/Windows/Engine.ini]
[2019.06.11-11.50.37:658][  0]LogConfig: Setting CVar [[gc.MaxObjectsNotConsideredByGC:1]]
[2019.06.11-11.50.37:658][  0]LogConfig: Setting CVar [[gc.SizeOfPermanentObjectPool:0]]
[2019.06.11-11.50.37:658][  0]LogConfig: Setting CVar [[gc.FlushStreamingOnGC:0]]
[2019.06.11-11.50.37:658][  0]LogConfig: Setting CVar [[gc.NumRetriesBeforeForcingGC:10]]
[2019.06.11-11.50.37:658][  0]LogConfig: Setting CVar [[gc.AllowParallelGC:1]]
[2019.06.11-11.50.37:658][  0]LogConfig: Setting CVar [[gc.TimeBetweenPurgingPendingKillObjects:61.1]]
[2019.06.11-11.50.37:658][  0]LogConfig: Setting CVar [[gc.MaxObjectsInEditor:16777216]]
[2019.06.11-11.50.37:659][  0]LogConfig: Setting CVar [[gc.IncrementalBeginDestroyEnabled:1]]
[2019.06.11-11.50.37:659][  0]LogConfig: Setting CVar [[gc.CreateGCClusters:1]]
[2019.06.11-11.50.37:659][  0]LogConfig: Setting CVar [[gc.MinGCClusterSize:5]]
[2019.06.11-11.50.37:659][  0]LogConfig: Setting CVar [[gc.ActorClusteringEnabled:0]]
[2019.06.11-11.50.37:659][  0]LogConfig: Setting CVar [[gc.BlueprintClusteringEnabled:0]]
[2019.06.11-11.50.37:659][  0]LogConfig: Setting CVar [[gc.UseDisregardForGCOnDedicatedServers:0]]
[2019.06.11-11.50.37:659][  0]LogConfig: Applying CVar settings from Section [/Script/Engine.NetworkSettings] File [../../../program3053_UE/program3053/Saved/Config/Windows/Engine.ini]
[2019.06.11-11.50.37:659][  0]LogConfig: Applying CVar settings from Section [/Script/UnrealEd.CookerSettings] File [../../../program3053_UE/program3053/Saved/Config/Windows/Engine.ini]
[2019.06.11-11.50.37:683][  0]LogConfig: Applying CVar settings from Section [ViewDistanceQuality@3] File [../../../program3053_UE/program3053/Saved/Config/Windows/Scalability.ini]
[2019.06.11-11.50.37:683][  0]LogConfig: Setting CVar [[r.SkeletalMeshLODBias:0]]
[2019.06.11-11.50.37:683][  0]LogConfig: Setting CVar [[r.ViewDistanceScale:1.0]]
[2019.06.11-11.50.37:683][  0]LogConfig: Applying CVar settings from Section [AntiAliasingQuality@3] File [../../../program3053_UE/program3053/Saved/Config/Windows/Scalability.ini]
[2019.06.11-11.50.37:683][  0]LogConfig: Setting CVar [[r.PostProcessAAQuality:4]]
[2019.06.11-11.50.37:683][  0]LogConfig: Applying CVar settings from Section [ShadowQuality@3] File [../../../program3053_UE/program3053/Saved/Config/Windows/Scalability.ini]
[2019.06.11-11.50.37:683][  0]LogConfig: Setting CVar [[r.LightFunctionQuality:1]]
[2019.06.11-11.50.37:683][  0]LogConfig: Setting CVar [[r.ShadowQuality:5]]
[2019.06.11-11.50.37:683][  0]LogConfig: Setting CVar [[r.Shadow.CSM.MaxCascades:10]]
[2019.06.11-11.50.37:683][  0]LogConfig: Setting CVar [[r.Shadow.MaxResolution:2048]]
[2019.06.11-11.50.37:683][  0]LogConfig: Setting CVar [[r.Shadow.MaxCSMResolution:2048]]
[2019.06.11-11.50.37:683][  0]LogConfig: Setting CVar [[r.Shadow.RadiusThreshold:0.01]]
[2019.06.11-11.50.37:683][  0]LogConfig: Setting CVar [[r.Shadow.DistanceScale:1.0]]
[2019.06.11-11.50.37:683][  0]LogConfig: Setting CVar [[r.Shadow.CSM.TransitionScale:1.0]]
[2019.06.11-11.50.37:683][  0]LogConfig: Setting CVar [[r.Shadow.PreShadowResolutionFactor:1.0]]
[2019.06.11-11.50.37:683][  0]LogConfig: Setting CVar [[r.DistanceFieldShadowing:1]]
[2019.06.11-11.50.37:683][  0]LogConfig: Setting CVar [[r.DistanceFieldAO:1]]
[2019.06.11-11.50.37:683][  0]LogConfig: Setting CVar [[r.AOQuality:2]]
[2019.06.11-11.50.37:683][  0]LogConfig: Setting CVar [[r.VolumetricFog:1]]
[2019.06.11-11.50.37:683][  0]LogConfig: Setting CVar [[r.VolumetricFog.GridPixelSize:8]]
[2019.06.11-11.50.37:684][  0]LogConfig: Setting CVar [[r.VolumetricFog.GridSizeZ:128]]
[2019.06.11-11.50.37:684][  0]LogConfig: Setting CVar [[r.VolumetricFog.HistoryMissSupersampleCount:4]]
[2019.06.11-11.50.37:684][  0]LogConfig: Setting CVar [[r.LightMaxDrawDistanceScale:1]]
[2019.06.11-11.50.37:684][  0]LogConfig: Setting CVar [[r.CapsuleShadows:1]]
[2019.06.11-11.50.37:684][  0]LogConfig: Applying CVar settings from Section [PostProcessQuality@3] File [../../../program3053_UE/program3053/Saved/Config/Windows/Scalability.ini]
[2019.06.11-11.50.37:684][  0]LogConfig: Setting CVar [[r.MotionBlurQuality:4]]
[2019.06.11-11.50.37:684][  0]LogConfig: Setting CVar [[r.AmbientOcclusionMipLevelFactor:0.4]]
[2019.06.11-11.50.37:684][  0]LogConfig: Setting CVar [[r.AmbientOcclusionMaxQuality:100]]
[2019.06.11-11.50.37:684][  0]LogConfig: Setting CVar [[r.AmbientOcclusionLevels:-1]]
[2019.06.11-11.50.37:684][  0]LogConfig: Setting CVar [[r.AmbientOcclusionRadiusScale:1.0]]
[2019.06.11-11.50.37:684][  0]LogConfig: Setting CVar [[r.DepthOfFieldQuality:2]]
[2019.06.11-11.50.37:684][  0]LogConfig: Setting CVar [[r.RenderTargetPoolMin:400]]
[2019.06.11-11.50.37:684][  0]LogConfig: Setting CVar [[r.LensFlareQuality:2]]
[2019.06.11-11.50.37:684][  0]LogConfig: Setting CVar [[r.SceneColorFringeQuality:1]]
[2019.06.11-11.50.37:684][  0]LogConfig: Setting CVar [[r.EyeAdaptationQuality:2]]
[2019.06.11-11.50.37:684][  0]LogConfig: Setting CVar [[r.BloomQuality:5]]
[2019.06.11-11.50.37:684][  0]LogConfig: Setting CVar [[r.FastBlurThreshold:100]]
[2019.06.11-11.50.37:684][  0]LogConfig: Setting CVar [[r.Upscale.Quality:3]]
[2019.06.11-11.50.37:684][  0]LogConfig: Setting CVar [[r.Tonemapper.GrainQuantization:1]]
[2019.06.11-11.50.37:685][  0]LogConfig: Setting CVar [[r.LightShaftQuality:1]]
[2019.06.11-11.50.37:685][  0]LogConfig: Setting CVar [[r.Filter.SizeScale:1]]
[2019.06.11-11.50.37:685][  0]LogConfig: Setting CVar [[r.Tonemapper.Quality:5]]
[2019.06.11-11.50.37:685][  0]LogConfig: Setting CVar [[r.DOF.Gather.AccumulatorQuality:1        ; higher gathering accumulator quality]]
[2019.06.11-11.50.37:685][  0]LogConfig: Setting CVar [[r.DOF.Gather.PostfilterMethod:1          ; Median3x3 postfilering method]]
[2019.06.11-11.50.37:685][  0]LogConfig: Setting CVar [[r.DOF.Gather.EnableBokehSettings:0       ; no bokeh simulation when gathering]]
[2019.06.11-11.50.37:685][  0]LogConfig: Setting CVar [[r.DOF.Gather.RingCount:4                 ; medium number of samples when gathering]]
[2019.06.11-11.50.37:685][  0]LogConfig: Setting CVar [[r.DOF.Scatter.ForegroundCompositing:1    ; additive foreground scattering]]
[2019.06.11-11.50.37:685][  0]LogConfig: Setting CVar [[r.DOF.Scatter.BackgroundCompositing:2    ; additive background scattering]]
[2019.06.11-11.50.37:685][  0]LogConfig: Setting CVar [[r.DOF.Scatter.EnableBokehSettings:1      ; bokeh simulation when scattering]]
[2019.06.11-11.50.37:685][  0]LogConfig: Setting CVar [[r.DOF.Scatter.MaxSpriteRatio:0.1         ; only a maximum of 10% of scattered bokeh]]
[2019.06.11-11.50.37:685][  0]LogConfig: Setting CVar [[r.DOF.Recombine.Quality:1                ; cheap slight out of focus]]
[2019.06.11-11.50.37:685][  0]LogConfig: Setting CVar [[r.DOF.Recombine.EnableBokehSettings:0    ; no bokeh simulation on slight out of focus]]
[2019.06.11-11.50.37:685][  0]LogConfig: Setting CVar [[r.DOF.TemporalAAQuality:1                ; more stable temporal accumulation]]
[2019.06.11-11.50.37:685][  0]LogConfig: Setting CVar [[r.DOF.Kernel.MaxForegroundRadius:0.025]]
[2019.06.11-11.50.37:685][  0]LogConfig: Setting CVar [[r.DOF.Kernel.MaxBackgroundRadius:0.025]]
[2019.06.11-11.50.37:685][  0]LogConfig: Applying CVar settings from Section [TextureQuality@3] File [../../../program3053_UE/program3053/Saved/Config/Windows/Scalability.ini]
[2019.06.11-11.50.37:685][  0]LogConfig: Setting CVar [[r.Streaming.MipBias:0]]
[2019.06.11-11.50.37:686][  0]LogConfig: Setting CVar [[r.Streaming.AmortizeCPUToGPUCopy:0]]
[2019.06.11-11.50.37:686][  0]LogConfig: Setting CVar [[r.Streaming.MaxNumTexturesToStreamPerFrame:0]]
[2019.06.11-11.50.37:686][  0]LogConfig: Setting CVar [[r.Streaming.Boost:1]]
[2019.06.11-11.50.37:686][  0]LogConfig: Setting CVar [[r.MaxAnisotropy:8]]
[2019.06.11-11.50.37:686][  0]LogConfig: Setting CVar [[r.Streaming.LimitPoolSizeToVRAM:0]]
[2019.06.11-11.50.37:686][  0]LogConfig: Setting CVar [[r.Streaming.PoolSize:1000]]
[2019.06.11-11.50.37:686][  0]LogConfig: Setting CVar [[r.Streaming.MaxEffectiveScreenSize:0]]
[2019.06.11-11.50.37:686][  0]LogConfig: Applying CVar settings from Section [EffectsQuality@3] File [../../../program3053_UE/program3053/Saved/Config/Windows/Scalability.ini]
[2019.06.11-11.50.37:686][  0]LogConfig: Setting CVar [[r.TranslucencyLightingVolumeDim:64]]
[2019.06.11-11.50.37:686][  0]LogConfig: Setting CVar [[r.RefractionQuality:2]]
[2019.06.11-11.50.37:686][  0]LogConfig: Setting CVar [[r.SSR.Quality:3]]
[2019.06.11-11.50.37:686][  0]LogConfig: Setting CVar [[r.SceneColorFormat:4]]
[2019.06.11-11.50.37:686][  0]LogConfig: Setting CVar [[r.DetailMode:2]]
[2019.06.11-11.50.37:686][  0]LogConfig: Setting CVar [[r.TranslucencyVolumeBlur:1]]
[2019.06.11-11.50.37:686][  0]LogConfig: Setting CVar [[r.MaterialQualityLevel:1 ; High quality]]
[2019.06.11-11.50.37:686][  0]LogConfig: Setting CVar [[r.SSS.Scale:1]]
[2019.06.11-11.50.37:686][  0]LogConfig: Setting CVar [[r.SSS.SampleSet:2]]
[2019.06.11-11.50.37:686][  0]LogConfig: Setting CVar [[r.SSS.Quality:1]]
[2019.06.11-11.50.37:687][  0]LogConfig: Setting CVar [[r.SSS.HalfRes:1]]
[2019.06.11-11.50.37:687][  0]LogConfig: Setting CVar [[r.EmitterSpawnRateScale:1.0]]
[2019.06.11-11.50.37:687][  0]LogConfig: Setting CVar [[r.ParticleLightQuality:2]]
[2019.06.11-11.50.37:687][  0]LogConfig: Applying CVar settings from Section [FoliageQuality@3] File [../../../program3053_UE/program3053/Saved/Config/Windows/Scalability.ini]
[2019.06.11-11.50.37:687][  0]LogConfig: Setting CVar [[foliage.DensityScale:1.0]]
[2019.06.11-11.50.37:687][  0]LogConfig: Setting CVar [[grass.DensityScale:1.0]]
[2019.06.11-11.50.37:687][  0]LogInit: Selected Device Profile: [Windows]
[2019.06.11-11.50.37:687][  0]LogInit: Applying CVar settings loaded from the selected device profile: [Windows]
[2019.06.11-11.50.37:745][  0]LogHAL: Display: Platform has ~ 8 GB [8443830272 / 8589934592 / 8], which maps to Default [LargestMinGB=32, LargerMinGB=12, DefaultMinGB=8, SmallerMinGB=6, SmallestMinGB=0)
[2019.06.11-11.50.37:756][  0]LogConfig: Setting CVar [[r.Vulkan.UseRealUBs:0		; Required until we fix HLR fall-out]]
[2019.06.11-11.50.37:756][  0]LogInit: Going up to parent DeviceProfile []
[2019.06.11-11.50.37:756][  0]LogConfig: Applying CVar settings from Section [ViewDistanceQuality@3] File [../../../program3053_UE/program3053/Saved/Config/Windows/Scalability.ini]
[2019.06.11-11.50.37:756][  0]LogConfig: Setting CVar [[r.SkeletalMeshLODBias:0]]
[2019.06.11-11.50.37:756][  0]LogConfig: Setting CVar [[r.ViewDistanceScale:1.0]]
[2019.06.11-11.50.37:757][  0]LogConfig: Applying CVar settings from Section [AntiAliasingQuality@3] File [../../../program3053_UE/program3053/Saved/Config/Windows/Scalability.ini]
[2019.06.11-11.50.37:757][  0]LogConfig: Setting CVar [[r.PostProcessAAQuality:4]]
[2019.06.11-11.50.37:757][  0]LogConfig: Applying CVar settings from Section [ShadowQuality@3] File [../../../program3053_UE/program3053/Saved/Config/Windows/Scalability.ini]
[2019.06.11-11.50.37:757][  0]LogConfig: Setting CVar [[r.LightFunctionQuality:1]]
[2019.06.11-11.50.37:757][  0]LogConfig: Setting CVar [[r.ShadowQuality:5]]
[2019.06.11-11.50.37:757][  0]LogConfig: Setting CVar [[r.Shadow.CSM.MaxCascades:10]]
[2019.06.11-11.50.37:757][  0]LogConfig: Setting CVar [[r.Shadow.MaxResolution:2048]]
[2019.06.11-11.50.37:757][  0]LogConfig: Setting CVar [[r.Shadow.MaxCSMResolution:2048]]
[2019.06.11-11.50.37:757][  0]LogConfig: Setting CVar [[r.Shadow.RadiusThreshold:0.01]]
[2019.06.11-11.50.37:757][  0]LogConfig: Setting CVar [[r.Shadow.DistanceScale:1.0]]
[2019.06.11-11.50.37:757][  0]LogConfig: Setting CVar [[r.Shadow.CSM.TransitionScale:1.0]]
[2019.06.11-11.50.37:757][  0]LogConfig: Setting CVar [[r.Shadow.PreShadowResolutionFactor:1.0]]
[2019.06.11-11.50.37:757][  0]LogConfig: Setting CVar [[r.DistanceFieldShadowing:1]]
[2019.06.11-11.50.37:757][  0]LogConfig: Setting CVar [[r.DistanceFieldAO:1]]
[2019.06.11-11.50.37:758][  0]LogConfig: Setting CVar [[r.AOQuality:2]]
[2019.06.11-11.50.37:758][  0]LogConfig: Setting CVar [[r.VolumetricFog:1]]
[2019.06.11-11.50.37:758][  0]LogConfig: Setting CVar [[r.VolumetricFog.GridPixelSize:8]]
[2019.06.11-11.50.37:758][  0]LogConfig: Setting CVar [[r.VolumetricFog.GridSizeZ:128]]
[2019.06.11-11.50.37:758][  0]LogConfig: Setting CVar [[r.VolumetricFog.HistoryMissSupersampleCount:4]]
[2019.06.11-11.50.37:758][  0]LogConfig: Setting CVar [[r.LightMaxDrawDistanceScale:1]]
[2019.06.11-11.50.37:758][  0]LogConfig: Setting CVar [[r.CapsuleShadows:1]]
[2019.06.11-11.50.37:758][  0]LogConfig: Applying CVar settings from Section [PostProcessQuality@3] File [../../../program3053_UE/program3053/Saved/Config/Windows/Scalability.ini]
[2019.06.11-11.50.37:758][  0]LogConfig: Setting CVar [[r.MotionBlurQuality:4]]
[2019.06.11-11.50.37:758][  0]LogConfig: Setting CVar [[r.AmbientOcclusionMipLevelFactor:0.4]]
[2019.06.11-11.50.37:758][  0]LogConfig: Setting CVar [[r.AmbientOcclusionMaxQuality:100]]
[2019.06.11-11.50.37:758][  0]LogConfig: Setting CVar [[r.AmbientOcclusionLevels:-1]]
[2019.06.11-11.50.37:758][  0]LogConfig: Setting CVar [[r.AmbientOcclusionRadiusScale:1.0]]
[2019.06.11-11.50.37:758][  0]LogConfig: Setting CVar [[r.DepthOfFieldQuality:2]]
[2019.06.11-11.50.37:758][  0]LogConfig: Setting CVar [[r.RenderTargetPoolMin:400]]
[2019.06.11-11.50.37:758][  0]LogConfig: Setting CVar [[r.LensFlareQuality:2]]
[2019.06.11-11.50.37:758][  0]LogConfig: Setting CVar [[r.SceneColorFringeQuality:1]]
[2019.06.11-11.50.37:758][  0]LogConfig: Setting CVar [[r.EyeAdaptationQuality:2]]
[2019.06.11-11.50.37:759][  0]LogConfig: Setting CVar [[r.BloomQuality:5]]
[2019.06.11-11.50.37:759][  0]LogConfig: Setting CVar [[r.FastBlurThreshold:100]]
[2019.06.11-11.50.37:759][  0]LogConfig: Setting CVar [[r.Upscale.Quality:3]]
[2019.06.11-11.50.37:759][  0]LogConfig: Setting CVar [[r.Tonemapper.GrainQuantization:1]]
[2019.06.11-11.50.37:759][  0]LogConfig: Setting CVar [[r.LightShaftQuality:1]]
[2019.06.11-11.50.37:759][  0]LogConfig: Setting CVar [[r.Filter.SizeScale:1]]
[2019.06.11-11.50.37:759][  0]LogConfig: Setting CVar [[r.Tonemapper.Quality:5]]
[2019.06.11-11.50.37:759][  0]LogConfig: Setting CVar [[r.DOF.Gather.AccumulatorQuality:1        ; higher gathering accumulator quality]]
[2019.06.11-11.50.37:759][  0]LogConfig: Setting CVar [[r.DOF.Gather.PostfilterMethod:1          ; Median3x3 postfilering method]]
[2019.06.11-11.50.37:759][  0]LogConfig: Setting CVar [[r.DOF.Gather.EnableBokehSettings:0       ; no bokeh simulation when gathering]]
[2019.06.11-11.50.37:759][  0]LogConfig: Setting CVar [[r.DOF.Gather.RingCount:4                 ; medium number of samples when gathering]]
[2019.06.11-11.50.37:759][  0]LogConfig: Setting CVar [[r.DOF.Scatter.ForegroundCompositing:1    ; additive foreground scattering]]
[2019.06.11-11.50.37:759][  0]LogConfig: Setting CVar [[r.DOF.Scatter.BackgroundCompositing:2    ; additive background scattering]]
[2019.06.11-11.50.37:759][  0]LogConfig: Setting CVar [[r.DOF.Scatter.EnableBokehSettings:1      ; bokeh simulation when scattering]]
[2019.06.11-11.50.37:759][  0]LogConfig: Setting CVar [[r.DOF.Scatter.MaxSpriteRatio:0.1         ; only a maximum of 10% of scattered bokeh]]
[2019.06.11-11.50.37:759][  0]LogConfig: Setting CVar [[r.DOF.Recombine.Quality:1                ; cheap slight out of focus]]
[2019.06.11-11.50.37:760][  0]LogConfig: Setting CVar [[r.DOF.Recombine.EnableBokehSettings:0    ; no bokeh simulation on slight out of focus]]
[2019.06.11-11.50.37:760][  0]LogConfig: Setting CVar [[r.DOF.TemporalAAQuality:1                ; more stable temporal accumulation]]
[2019.06.11-11.50.37:760][  0]LogConfig: Setting CVar [[r.DOF.Kernel.MaxForegroundRadius:0.025]]
[2019.06.11-11.50.37:760][  0]LogConfig: Setting CVar [[r.DOF.Kernel.MaxBackgroundRadius:0.025]]
[2019.06.11-11.50.37:760][  0]LogConfig: Applying CVar settings from Section [TextureQuality@3] File [../../../program3053_UE/program3053/Saved/Config/Windows/Scalability.ini]
[2019.06.11-11.50.37:760][  0]LogConfig: Setting CVar [[r.Streaming.MipBias:0]]
[2019.06.11-11.50.37:760][  0]LogConfig: Setting CVar [[r.Streaming.AmortizeCPUToGPUCopy:0]]
[2019.06.11-11.50.37:760][  0]LogConfig: Setting CVar [[r.Streaming.MaxNumTexturesToStreamPerFrame:0]]
[2019.06.11-11.50.37:760][  0]LogConfig: Setting CVar [[r.Streaming.Boost:1]]
[2019.06.11-11.50.37:760][  0]LogConfig: Setting CVar [[r.MaxAnisotropy:8]]
[2019.06.11-11.50.37:760][  0]LogConfig: Setting CVar [[r.Streaming.LimitPoolSizeToVRAM:0]]
[2019.06.11-11.50.37:760][  0]LogConfig: Setting CVar [[r.Streaming.PoolSize:1000]]
[2019.06.11-11.50.37:760][  0]LogConfig: Setting CVar [[r.Streaming.MaxEffectiveScreenSize:0]]
[2019.06.11-11.50.37:760][  0]LogConfig: Applying CVar settings from Section [EffectsQuality@3] File [../../../program3053_UE/program3053/Saved/Config/Windows/Scalability.ini]
[2019.06.11-11.50.37:760][  0]LogConfig: Setting CVar [[r.TranslucencyLightingVolumeDim:64]]
[2019.06.11-11.50.37:760][  0]LogConfig: Setting CVar [[r.RefractionQuality:2]]
[2019.06.11-11.50.37:760][  0]LogConfig: Setting CVar [[r.SSR.Quality:3]]
[2019.06.11-11.50.37:760][  0]LogConfig: Setting CVar [[r.SceneColorFormat:4]]
[2019.06.11-11.50.37:760][  0]LogConfig: Setting CVar [[r.DetailMode:2]]
[2019.06.11-11.50.37:761][  0]LogConfig: Setting CVar [[r.TranslucencyVolumeBlur:1]]
[2019.06.11-11.50.37:761][  0]LogConfig: Setting CVar [[r.MaterialQualityLevel:1 ; High quality]]
[2019.06.11-11.50.37:761][  0]LogConfig: Setting CVar [[r.SSS.Scale:1]]
[2019.06.11-11.50.37:761][  0]LogConfig: Setting CVar [[r.SSS.SampleSet:2]]
[2019.06.11-11.50.37:761][  0]LogConfig: Setting CVar [[r.SSS.Quality:1]]
[2019.06.11-11.50.37:761][  0]LogConfig: Setting CVar [[r.SSS.HalfRes:1]]
[2019.06.11-11.50.37:761][  0]LogConfig: Setting CVar [[r.EmitterSpawnRateScale:1.0]]
[2019.06.11-11.50.37:761][  0]LogConfig: Setting CVar [[r.ParticleLightQuality:2]]
[2019.06.11-11.50.37:761][  0]LogConfig: Applying CVar settings from Section [FoliageQuality@3] File [../../../program3053_UE/program3053/Saved/Config/Windows/Scalability.ini]
[2019.06.11-11.50.37:761][  0]LogConfig: Setting CVar [[foliage.DensityScale:1.0]]
[2019.06.11-11.50.37:761][  0]LogConfig: Setting CVar [[grass.DensityScale:1.0]]
[2019.06.11-11.50.37:761][  0]LogConfig: Applying CVar settings from Section [Startup] File [../../../Engine/Config/ConsoleVariables.ini]
[2019.06.11-11.50.37:774][  0]LogConfig: Setting CVar [[net.UseAdaptiveNetUpdateFrequency:0]]
[2019.06.11-11.50.37:774][  0]LogConfig: Setting CVar [[p.chaos.AllowCreatePhysxBodies:1]]
[2019.06.11-11.50.37:774][  0]LogConfig: Applying CVar settings from Section [ConsoleVariables] File [../../../program3053_UE/program3053/Saved/Config/Windows/Engine.ini]
[2019.06.11-11.50.37:879][  0]LogInit: Computer: DESKTOP-JAV4KFL
[2019.06.11-11.50.37:879][  0]LogInit: User: 王传坤
[2019.06.11-11.50.37:879][  0]LogInit: CPU Page size=4096, Cores=4
[2019.06.11-11.50.37:879][  0]LogInit: High frequency timer resolution =2.249998 MHz
[2019.06.11-11.50.37:879][  0]LogMemory: Memory total: Physical=7.9GB (8GB approx)
[2019.06.11-11.50.37:879][  0]LogMemory: Platform Memory Stats for Windows
[2019.06.11-11.50.37:879][  0]LogMemory: Process Physical Memory: 97.45 MB used, 97.45 MB peak
[2019.06.11-11.50.37:879][  0]LogMemory: Process Virtual Memory: 89.16 MB used, 89.16 MB peak
[2019.06.11-11.50.37:879][  0]LogMemory: Physical Memory: 6565.34 MB used,  1487.33 MB free, 8052.66 MB total
[2019.06.11-11.50.37:879][  0]LogMemory: Virtual Memory: 4659.25 MB used,  134213072.00 MB free, 134217728.00 MB total
[2019.06.11-11.50.41:778][  0]LogInit: Using OS detected language (zh-CN).
[2019.06.11-11.50.41:778][  0]LogInit: Using OS detected locale (zh-CN).
[2019.06.11-11.50.41:974][  0]LogTextLocalizationResource: LocRes '../../../Engine/Content/Localization/Editor/zh-Hans-CN/Editor.locres' could not be opened for reading!
[2019.06.11-11.50.41:975][  0]LogTextLocalizationResource: LocRes '../../../Engine/Content/Localization/EditorTutorials/zh-Hans-CN/EditorTutorials.locres' could not be opened for reading!
[2019.06.11-11.50.41:975][  0]LogTextLocalizationResource: LocRes '../../../Engine/Content/Localization/Keywords/zh-Hans-CN/Keywords.locres' could not be opened for reading!
[2019.06.11-11.50.41:976][  0]LogTextLocalizationResource: LocRes '../../../Engine/Content/Localization/Category/zh-Hans-CN/Category.locres' could not be opened for reading!
[2019.06.11-11.50.41:993][  0]LogTextLocalizationResource: LocRes '../../../Engine/Content/Localization/ToolTips/zh-Hans-CN/ToolTips.locres' could not be opened for reading!
[2019.06.11-11.50.42:000][  0]LogTextLocalizationResource: LocRes '../../../Engine/Content/Localization/PropertyNames/zh-Hans-CN/PropertyNames.locres' could not be opened for reading!
[2019.06.11-11.50.42:000][  0]LogTextLocalizationResource: LocRes '../../../Engine/Content/Localization/Engine/zh-Hans-CN/Engine.locres' could not be opened for reading!
[2019.06.11-11.50.42:000][  0]LogTextLocalizationResource: LocRes '../../../Engine/Plugins/Online/Android/OnlineSubsystemGooglePlay/Content/Localization/OnlineSubsystemGooglePlay/zh-Hans-CN/OnlineSubsystemGooglePlay.locres' could not be opened for reading!
[2019.06.11-11.50.42:001][  0]LogTextLocalizationResource: LocRes '../../../Engine/Plugins/Online/IOS/OnlineSubsystemIOS/Content/Localization/OnlineSubsystemIOS/zh-Hans-CN/OnlineSubsystemIOS.locres' could not be opened for reading!
[2019.06.11-11.50.42:001][  0]LogTextLocalizationResource: LocRes '../../../Engine/Plugins/Online/OnlineSubsystem/Content/Localization/OnlineSubsystem/zh-Hans-CN/OnlineSubsystem.locres' could not be opened for reading!
[2019.06.11-11.50.42:001][  0]LogTextLocalizationResource: LocRes '../../../Engine/Plugins/Online/OnlineSubsystemUtils/Content/Localization/OnlineSubsystemUtils/zh-Hans-CN/OnlineSubsystemUtils.locres' could not be opened for reading!
[2019.06.11-11.50.43:212][  0]LogTextLocalizationResource: LocRes '../../../Engine/Plugins/Online/Android/OnlineSubsystemGooglePlay/Content/Localization/OnlineSubsystemGooglePlay/zh-CN/OnlineSubsystemGooglePlay.locres' could not be opened for reading!
[2019.06.11-11.50.43:213][  0]LogTextLocalizationResource: LocRes '../../../Engine/Plugins/Online/IOS/OnlineSubsystemIOS/Content/Localization/OnlineSubsystemIOS/zh-CN/OnlineSubsystemIOS.locres' could not be opened for reading!
[2019.06.11-11.50.43:213][  0]LogTextLocalizationResource: LocRes '../../../Engine/Plugins/Online/OnlineSubsystem/Content/Localization/OnlineSubsystem/zh-CN/OnlineSubsystem.locres' could not be opened for reading!
[2019.06.11-11.50.43:213][  0]LogTextLocalizationResource: LocRes '../../../Engine/Plugins/Online/OnlineSubsystemUtils/Content/Localization/OnlineSubsystemUtils/zh-CN/OnlineSubsystemUtils.locres' could not be opened for reading!
[2019.06.11-11.50.43:214][  0]LogTextLocalizationResource: LocRes '../../../Engine/Content/Localization/Editor/zh-Hans/Editor.locres' could not be opened for reading!
[2019.06.11-11.50.43:214][  0]LogTextLocalizationResource: LocRes '../../../Engine/Content/Localization/EditorTutorials/zh-Hans/EditorTutorials.locres' could not be opened for reading!
[2019.06.11-11.50.43:214][  0]LogTextLocalizationResource: LocRes '../../../Engine/Content/Localization/Keywords/zh-Hans/Keywords.locres' could not be opened for reading!
[2019.06.11-11.50.43:214][  0]LogTextLocalizationResource: LocRes '../../../Engine/Content/Localization/Category/zh-Hans/Category.locres' could not be opened for reading!
[2019.06.11-11.50.43:214][  0]LogTextLocalizationResource: LocRes '../../../Engine/Content/Localization/ToolTips/zh-Hans/ToolTips.locres' could not be opened for reading!
[2019.06.11-11.50.43:215][  0]LogTextLocalizationResource: LocRes '../../../Engine/Content/Localization/PropertyNames/zh-Hans/PropertyNames.locres' could not be opened for reading!
[2019.06.11-11.50.43:215][  0]LogTextLocalizationResource: LocRes '../../../Engine/Content/Localization/Engine/zh-Hans/Engine.locres' could not be opened for reading!
[2019.06.11-11.50.43:340][  0]LogTextLocalizationResource: LocRes '../../../Engine/Content/Localization/Editor/zh/Editor.locres' could not be opened for reading!
[2019.06.11-11.50.43:341][  0]LogTextLocalizationResource: LocRes '../../../Engine/Content/Localization/EditorTutorials/zh/EditorTutorials.locres' could not be opened for reading!
[2019.06.11-11.50.43:341][  0]LogTextLocalizationResource: LocRes '../../../Engine/Content/Localization/Keywords/zh/Keywords.locres' could not be opened for reading!
[2019.06.11-11.50.43:341][  0]LogTextLocalizationResource: LocRes '../../../Engine/Content/Localization/Category/zh/Category.locres' could not be opened for reading!
[2019.06.11-11.50.43:341][  0]LogTextLocalizationResource: LocRes '../../../Engine/Content/Localization/ToolTips/zh/ToolTips.locres' could not be opened for reading!
[2019.06.11-11.50.43:342][  0]LogTextLocalizationResource: LocRes '../../../Engine/Content/Localization/PropertyNames/zh/PropertyNames.locres' could not be opened for reading!
[2019.06.11-11.50.43:342][  0]LogTextLocalizationResource: LocRes '../../../Engine/Content/Localization/Engine/zh/Engine.locres' could not be opened for reading!
[2019.06.11-11.50.43:342][  0]LogTextLocalizationResource: LocRes '../../../Engine/Plugins/Online/Android/OnlineSubsystemGooglePlay/Content/Localization/OnlineSubsystemGooglePlay/zh/OnlineSubsystemGooglePlay.locres' could not be opened for reading!
[2019.06.11-11.50.43:342][  0]LogTextLocalizationResource: LocRes '../../../Engine/Plugins/Online/IOS/OnlineSubsystemIOS/Content/Localization/OnlineSubsystemIOS/zh/OnlineSubsystemIOS.locres' could not be opened for reading!
[2019.06.11-11.50.43:342][  0]LogTextLocalizationResource: LocRes '../../../Engine/Plugins/Online/OnlineSubsystem/Content/Localization/OnlineSubsystem/zh/OnlineSubsystem.locres' could not be opened for reading!
[2019.06.11-11.50.43:343][  0]LogTextLocalizationResource: LocRes '../../../Engine/Plugins/Online/OnlineSubsystemUtils/Content/Localization/OnlineSubsystemUtils/zh/OnlineSubsystemUtils.locres' could not be opened for reading!
[2019.06.11-11.50.43:364][  0]LogInit: Setting process to per monitor DPI aware
[2019.06.11-11.50.44:376][  0]LogSlate: New Slate User Created.  User Index 0, Is Virtual User: 0
[2019.06.11-11.50.44:377][  0]LogSlate: Slate User Registered.  User Index 0, Is Virtual User: 0
[2019.06.11-11.50.47:619][  0]LogHMD: Failed to initialize OpenVR with code 110
[2019.06.11-11.50.47:619][  0]LogD3D11RHI: D3D11 adapters:
[2019.06.11-11.50.47:753][  0]LogD3D11RHI:    0. 'NVIDIA GeForce GTX 1050 Ti' (Feature Level 11_0)
[2019.06.11-11.50.47:753][  0]LogD3D11RHI:       4018/0/4026 MB DedicatedVideo/DedicatedSystem/SharedSystem, Outputs:1, VendorId:0x10de
[2019.06.11-11.50.47:799][  0]LogD3D11RHI:    1. 'Intel(R) UHD Graphics 630' (Feature Level 11_0)
[2019.06.11-11.50.47:800][  0]LogD3D11RHI:       128/0/4026 MB DedicatedVideo/DedicatedSystem/SharedSystem, Outputs:0, VendorId:0x8086
[2019.06.11-11.50.47:861][  0]LogD3D11RHI:    2. 'Microsoft Basic Render Driver' (Feature Level 11_0)
[2019.06.11-11.50.47:862][  0]LogD3D11RHI:       0/0/4026 MB DedicatedVideo/DedicatedSystem/SharedSystem, Outputs:0, VendorId:0x1414
[2019.06.11-11.50.47:862][  0]LogD3D11RHI: Chosen D3D11 Adapter: 0
[2019.06.11-11.50.47:894][  0]LogD3D11RHI: Creating new Direct3DDevice
[2019.06.11-11.50.47:895][  0]LogD3D11RHI:     GPU DeviceId: 0x1c8c (for the marketing name, search the web for "GPU Device Id")
[2019.06.11-11.50.47:895][  0]LogWindows: EnumDisplayDevices:
[2019.06.11-11.50.47:895][  0]LogWindows:    0. 'Intel(R) UHD Graphics 630' (P:1 D:1)
[2019.06.11-11.50.47:896][  0]LogWindows:    1. 'Intel(R) UHD Graphics 630' (P:0 D:0)
[2019.06.11-11.50.47:896][  0]LogWindows:    2. 'Intel(R) UHD Graphics 630' (P:0 D:0)
[2019.06.11-11.50.47:897][  0]LogWindows:    3. 'NVIDIA GeForce GTX 1050 Ti' (P:0 D:0)
[2019.06.11-11.50.47:897][  0]LogWindows: DebugString: PrimaryIsNotTheChoosenAdapter PrimaryIsNotTheChoosenAdapter PrimaryIsNotTheChoosenAdapter 
[2019.06.11-11.50.47:897][  0]LogD3D11RHI:     Adapter Name: NVIDIA GeForce GTX 1050 Ti
[2019.06.11-11.50.47:897][  0]LogD3D11RHI:   Driver Version: 398.36 (internal:24.21.13.9836, unified:398.36)
[2019.06.11-11.50.47:897][  0]LogD3D11RHI:      Driver Date: 6-24-2018
[2019.06.11-11.50.47:898][  0]LogRHI: Texture pool is 2812 MB (70% of 4018 MB)
[2019.06.11-11.50.47:945][  0]LogD3D11RHI: Async texture creation enabled
[2019.06.11-11.50.47:997][  0]LogRendererCore: FGlobalReadBuffer::InitRHI
[2019.06.11-11.50.48:030][  0]LogRendererCore: FGlobalReadBuffer::InitRHI
[2019.06.11-11.50.48:030][  0]LogRendererCore: FGlobalReadBuffer::InitRHI
[2019.06.11-11.50.48:101][  0]LogD3D11RHI: GPU Timing Frequency: 1000.000000 (Debug: 2 2)
[2019.06.11-11.50.48:878][  0]LogTemp: Display: Module 'AllDesktopTargetPlatform' loaded TargetPlatform 'AllDesktop'
[2019.06.11-11.50.48:920][  0]LogTemp: Display: Module 'MacClientTargetPlatform' loaded TargetPlatform 'MacClient'
[2019.06.11-11.50.48:967][  0]LogTemp: Display: Module 'MacNoEditorTargetPlatform' loaded TargetPlatform 'MacNoEditor'
[2019.06.11-11.50.49:012][  0]LogTemp: Display: Module 'MacServerTargetPlatform' loaded TargetPlatform 'MacServer'
[2019.06.11-11.50.49:121][  0]LogTemp: Display: Module 'MacTargetPlatform' loaded TargetPlatform 'Mac'
[2019.06.11-11.50.49:170][  0]LogTemp: Display: Module 'WindowsClientTargetPlatform' loaded TargetPlatform 'WindowsClient'
[2019.06.11-11.50.49:201][  0]LogTemp: Display: Module 'WindowsNoEditorTargetPlatform' loaded TargetPlatform 'WindowsNoEditor'
[2019.06.11-11.50.49:224][  0]LogTemp: Display: Module 'WindowsServerTargetPlatform' loaded TargetPlatform 'WindowsServer'
[2019.06.11-11.50.49:252][  0]LogTemp: Display: Module 'WindowsTargetPlatform' loaded TargetPlatform 'Windows'
[2019.06.11-11.50.49:467][  0]LogTemp: Display: Module 'AndroidTargetPlatform' loaded TargetPlatform 'Android'
[2019.06.11-11.50.49:468][  0]LogTemp: Display: Module 'AndroidTargetPlatform' loaded TargetPlatform 'Android_ASTC'
[2019.06.11-11.50.49:468][  0]LogTemp: Display: Module 'AndroidTargetPlatform' loaded TargetPlatform 'Android_ATC'
[2019.06.11-11.50.49:468][  0]LogTemp: Display: Module 'AndroidTargetPlatform' loaded TargetPlatform 'Android_DXT'
[2019.06.11-11.50.49:468][  0]LogTemp: Display: Module 'AndroidTargetPlatform' loaded TargetPlatform 'Android_ETC1'
[2019.06.11-11.50.49:468][  0]LogTemp: Display: Module 'AndroidTargetPlatform' loaded TargetPlatform 'Android_ETC1a'
[2019.06.11-11.50.49:468][  0]LogTemp: Display: Module 'AndroidTargetPlatform' loaded TargetPlatform 'Android_ETC2'
[2019.06.11-11.50.49:468][  0]LogTemp: Display: Module 'AndroidTargetPlatform' loaded TargetPlatform 'Android_PVRTC'
[2019.06.11-11.50.49:468][  0]LogTemp: Display: Module 'AndroidTargetPlatform' loaded TargetPlatform 'AndroidClient'
[2019.06.11-11.50.49:468][  0]LogTemp: Display: Module 'AndroidTargetPlatform' loaded TargetPlatform 'Android_ASTCClient'
[2019.06.11-11.50.49:468][  0]LogTemp: Display: Module 'AndroidTargetPlatform' loaded TargetPlatform 'Android_ATCClient'
[2019.06.11-11.50.49:468][  0]LogTemp: Display: Module 'AndroidTargetPlatform' loaded TargetPlatform 'Android_DXTClient'
[2019.06.11-11.50.49:468][  0]LogTemp: Display: Module 'AndroidTargetPlatform' loaded TargetPlatform 'Android_ETC1Client'
[2019.06.11-11.50.49:468][  0]LogTemp: Display: Module 'AndroidTargetPlatform' loaded TargetPlatform 'Android_ETC1aClient'
[2019.06.11-11.50.49:468][  0]LogTemp: Display: Module 'AndroidTargetPlatform' loaded TargetPlatform 'Android_ETC2Client'
[2019.06.11-11.50.49:468][  0]LogTemp: Display: Module 'AndroidTargetPlatform' loaded TargetPlatform 'Android_PVRTCClient'
[2019.06.11-11.50.49:468][  0]LogTemp: Display: Module 'AndroidTargetPlatform' loaded TargetPlatform 'Android_Multi'
[2019.06.11-11.50.49:468][  0]LogTemp: Display: Module 'AndroidTargetPlatform' loaded TargetPlatform 'Android_MultiClient'
[2019.06.11-11.50.49:581][  0]LogTemp: Display: Module 'HTML5TargetPlatform' loaded TargetPlatform 'HTML5'
[2019.06.11-11.50.49:777][  0]LogTemp: Display: Module 'IOSTargetPlatform' loaded TargetPlatform 'IOSClient'
[2019.06.11-11.50.49:777][  0]LogTemp: Display: Module 'IOSTargetPlatform' loaded TargetPlatform 'IOS'
[2019.06.11-11.50.49:847][  0]LogTemp: Display: Module 'TVOSTargetPlatform' loaded TargetPlatform 'TVOSClient'
[2019.06.11-11.50.49:847][  0]LogTemp: Display: Module 'TVOSTargetPlatform' loaded TargetPlatform 'TVOS'
[2019.06.11-11.50.49:917][  0]LogTemp: Display: Module 'LinuxClientTargetPlatform' loaded TargetPlatform 'LinuxClient'
[2019.06.11-11.50.49:950][  0]LogTemp: Display: Module 'LinuxNoEditorTargetPlatform' loaded TargetPlatform 'LinuxNoEditor'
[2019.06.11-11.50.49:966][  0]LogTemp: Display: Module 'LinuxServerTargetPlatform' loaded TargetPlatform 'LinuxServer'
[2019.06.11-11.50.50:039][  0]LogTemp: Display: Module 'LinuxTargetPlatform' loaded TargetPlatform 'Linux'
[2019.06.11-11.50.50:161][  0]LogTemp: Display: Module 'LuminTargetPlatform' loaded TargetPlatform 'Lumin'
[2019.06.11-11.50.50:162][  0]LogTemp: Display: Module 'LuminTargetPlatform' loaded TargetPlatform 'LuminClient'
[2019.06.11-11.50.50:162][  0]LogTargetPlatformManager: Display: Building Assets For Windows
[2019.06.11-11.50.50:433][  0]LogAudioDebug: Display: Lib vorbis DLL was dynamically loaded.
[2019.06.11-11.50.51:456][  0]LogShaderCompilers: Guid format shader working directory is 9 characters bigger than the processId version (../../../program3053_UE/program3053/Intermediate/Shaders/WorkingDirectory/4568/).
[2019.06.11-11.50.51:457][  0]LogShaderCompilers: Cleaned the shader compiler working directory 'C:/Users/王传坤/AppData/Local/Temp/UnrealShaderWorkingDir/70FFDE664CA68D64C99194B2D43A1D59/'.
[2019.06.11-11.50.51:552][  0]LogXGEController: Cannot use XGE Controller as Incredibuild is not installed on this machine.
[2019.06.11-11.50.51:552][  0]LogShaderCompilers: Cannot use XGE Shader Compiler as Incredibuild is not installed on this machine.
[2019.06.11-11.50.51:552][  0]LogShaderCompilers: Display: Using Local Shader Compiler.
[2019.06.11-11.50.54:348][  0]LogDerivedDataCache: Display: Max Cache Size: 512 MB
[2019.06.11-11.50.54:555][  0]LogDerivedDataCache: Loaded boot cache 0.20s 71MB C:/Users/王传坤/AppData/Local/UnrealEngine/4.22/DerivedDataCache/Boot.ddc.
[2019.06.11-11.50.54:556][  0]LogDerivedDataCache: Display: Loaded Boot cache: C:/Users/王传坤/AppData/Local/UnrealEngine/4.22/DerivedDataCache/Boot.ddc
[2019.06.11-11.50.54:556][  0]LogDerivedDataCache: FDerivedDataBackendGraph:  Pak pak cache file ../../../program3053_UE/program3053/DerivedDataCache/DDC.ddp not found, will not use a pak cache.
[2019.06.11-11.50.54:556][  0]LogDerivedDataCache: Unable to find inner node Pak for hierarchical cache Hierarchy.
[2019.06.11-11.50.54:556][  0]LogDerivedDataCache: FDerivedDataBackendGraph:  CompressedPak pak cache file ../../../program3053_UE/program3053/DerivedDataCache/Compressed.ddp not found, will not use a pak cache.
[2019.06.11-11.50.54:556][  0]LogDerivedDataCache: Unable to find inner node CompressedPak for hierarchical cache Hierarchy.
[2019.06.11-11.50.54:615][  0]LogDerivedDataCache: Display: Pak cache opened for reading ../../../Engine/DerivedDataCache/Compressed.ddp.
[2019.06.11-11.50.54:615][  0]LogDerivedDataCache: FDerivedDataBackendGraph:  EnterprisePak pak cache file ../../../Enterprise/DerivedDataCache/Compressed.ddp not found, will not use a pak cache.
[2019.06.11-11.50.54:615][  0]LogDerivedDataCache: Unable to find inner node EnterprisePak for hierarchical cache Hierarchy.
[2019.06.11-11.50.54:629][  0]LogDerivedDataCache: Using Local data cache path C:/Users/王传坤/AppData/Local/UnrealEngine/Common/DerivedDataCache: Writable
[2019.06.11-11.50.54:629][  0]LogDerivedDataCache: Shared data cache path not found in *engine.ini, will not use an Shared cache.
[2019.06.11-11.50.54:629][  0]LogDerivedDataCache: Unable to find inner node Shared for hierarchical cache Hierarchy.
[2019.06.11-11.50.54:649][  0]LogMaterial: Verifying Global Shaders for PCD3D_SM5
[2019.06.11-11.50.54:688][  0]LogSlate: Using FreeType 2.6.0
[2019.06.11-11.50.54:783][  0]LogSlate: SlateFontServices - WITH_FREETYPE: 1, WITH_HARFBUZZ: 1
[2019.06.11-11.50.56:502][  0]LogAssetRegistry: FAssetRegistry took 0.0355 seconds to start up
[2019.06.11-11.50.59:643][  0]LogInit: Selected Device Profile: [Windows]
[2019.06.11-11.51.02:347][  0]LogMeshReduction: Using QuadricMeshReduction for automatic static mesh reduction
[2019.06.11-11.51.02:347][  0]LogMeshReduction: Using SimplygonMeshReduction for automatic skeletal mesh reduction
[2019.06.11-11.51.02:347][  0]LogMeshReduction: Using ProxyLODMeshReduction for automatic mesh merging
[2019.06.11-11.51.02:347][  0]LogMeshReduction: No distributed automatic mesh merging module available
[2019.06.11-11.51.02:347][  0]LogMeshMerging: No distributed automatic mesh merging module available
[2019.06.11-11.51.02:903][  0]LogNetVersion: program3053 1.0.0, NetCL: 5660361, EngineNetVer: 10, GameNetVer: 0 (Checksum: 2992420275)
[2019.06.11-11.51.07:523][  0]LogPackageLocalizationCache: Processed 10 localized package path(s) for 4 prioritized culture(s) in 0.269964 seconds
[2019.06.11-11.51.07:530][  0]LogUObjectArray: 42205 objects as part of root set at end of initial load.
[2019.06.11-11.51.07:530][  0]LogUObjectAllocator: 7325032 out of 0 bytes used by permanent object pool.
[2019.06.11-11.51.07:530][  0]LogUObjectArray: CloseDisregardForGC: 0/0 objects in disregard for GC pool
[2019.06.11-11.51.26:566][  0]LogTcpMessaging: Initializing TcpMessaging bridge
[2019.06.11-11.51.26:710][  0]LogUdpMessaging: Initializing bridge on interface 0.0.0.0:0 to multicast group 230.0.0.1:6666.
[2019.06.11-11.51.28:786][  0]SourceControl: 源码控制已禁用
[2019.06.11-11.51.28:817][  0]SourceControl: 源码控制已禁用
[2019.06.11-11.51.29:009][  0]SourceControl: 源码控制已禁用
[2019.06.11-11.51.29:080][  0]SourceControl: 源码控制已禁用
[2019.06.11-11.51.31:462][  0]LogAndroidPermission: UAndroidPermissionCallbackProxy::GetInstance
[2019.06.11-11.51.32:222][  0]LogOcInput: OculusInput pre-init called
[2019.06.11-11.51.35:272][  0]LogEngine: Initializing Engine...
[2019.06.11-11.51.35:274][  0]LogHMD: Failed to initialize OpenVR with code 110
[2019.06.11-11.51.35:326][  0]LogStats: UGameplayTagsManager::InitializeManager -  0.051 s
[2019.06.11-11.51.36:208][  0]LogInit: Initializing FReadOnlyCVARCache
[2019.06.11-11.51.36:944][  0]LogAIModule: Creating AISystem for world Untitled
[2019.06.11-11.51.37:092][  0]LogInit: XAudio2 using 'Speakers/Headphones (Realtek(R) Audio)' : 2 channels at 48 kHz using 32 bits per sample (channel mask 0x3)
[2019.06.11-11.51.37:219][  0]LogInit: FAudioDevice initialized.
[2019.06.11-11.51.37:219][  0]LogNetVersion: Set ProjectVersion to 1.0.0.0. Version Checksum will be recalculated on next use.
[2019.06.11-11.51.37:299][  0]LogDerivedDataCache: Saved boot cache 0.08s 71MB C:/Users/王传坤/AppData/Local/UnrealEngine/4.22/DerivedDataCache/Boot.ddc.
[2019.06.11-11.51.37:299][  0]LogInit: Texture streaming: Enabled
[2019.06.11-11.51.37:852][  0]LogEngineSessionManager: EngineSessionManager initialized
[2019.06.11-11.51.38:351][  0]LogInit: Transaction tracking system initialized
[2019.06.11-11.51.39:402][  0]BlueprintLog: New page: 编辑器加载
[2019.06.11-11.51.42:523][  0]LocalizationService: 本地化服务已禁用
[2019.06.11-11.51.43:841][  0]LogLinker: Warning: 无法找到文件 '/Game/TwinStickBP/TwinStickOverview'
[2019.06.11-11.51.43:841][  0]LogLinker: Warning: 无法找到文件 '/Game/TwinStickBP/TwinStickOverview'
[2019.06.11-11.51.43:841][  0]LogUObjectGlobals: Warning: 寻找对象 'Class /Game/TwinStickBP/TwinStickOverview.TwinStickOverview_C’ 失败
[2019.06.11-11.51.46:892][  0]LogCook: Display: Max memory allowance for cook 16384mb min free memory 0mb
[2019.06.11-11.51.46:892][  0]LogCook: Display: Mobile HDR setting 1
[2019.06.11-11.51.53:716][  0]SourceControl: 源码控制已禁用
[2019.06.11-11.51.53:717][  0]Cmd: MAP LOAD FILE="../../../program3053_UE/program3053/Content/TwinStickCPP/Maps/MainMenu.umap" TEMPLATE=0 SHOWPROGRESS=1 FEATURELEVEL=3
[2019.06.11-11.51.53:718][  0]LightingResults: New page: 光照构建
[2019.06.11-11.51.53:884][  0]MapCheck: New page: 地图检测
[2019.06.11-11.51.53:884][  0]LightingResults: New page: 光照构建
[2019.06.11-11.51.53:908][  0]LogUObjectHash: Compacting FUObjectHashTables data took   1.29ms
[2019.06.11-11.51.57:923][  0]LogAIModule: Creating AISystem for world MainMenu
[2019.06.11-11.51.58:313][  0]LogEditorServer: Finished looking for orphan Actors (0.000 secs)
[2019.06.11-11.51.58:393][  0]LogUObjectHash: Compacting FUObjectHashTables data took   1.68ms
[2019.06.11-11.51.58:394][  0]Cmd: MAP CHECKDEP NOCLEARLOG
[2019.06.11-11.51.58:394][  0]MapCheck: 地图检测完成：0个错误，0 个警告，用时0.324毫秒完成。
[2019.06.11-11.51.58:394][  0]LogFileHelpers: Loading map 'MainMenu' took 4.678
[2019.06.11-11.51.59:583][  0]LogSlate: Updating window title bar state: overlay mode, drag disabled, window buttons hidden, title bar hidden
[2019.06.11-11.51.59:599][  0]LogSlate: Updating window title bar state: overlay mode, drag disabled, window buttons hidden, title bar hidden
[2019.06.11-11.51.59:606][  0]LogSlate: Updating window title bar state: overlay mode, drag disabled, window buttons hidden, title bar hidden
[2019.06.11-11.51.59:613][  0]LogSlate: Updating window title bar state: overlay mode, drag disabled, window buttons hidden, title bar hidden
[2019.06.11-11.51.59:753][  0]LogCollectionManager: Loaded 0 collections in 0.000946 seconds
[2019.06.11-11.52.00:177][  0]LogFileCache: Scanning file cache for directory 'D:/Epic/UE_4.22/program3053_UE/program3053/Saved/Collections/' took 0.01s
[2019.06.11-11.52.00:177][  0]LogFileCache: Scanning file cache for directory 'D:/Epic/UE_4.22/program3053_UE/program3053/Content/Developers/王传坤/Collections/' took 0.01s
[2019.06.11-11.52.00:177][  0]LogFileCache: Scanning file cache for directory 'D:/Epic/UE_4.22/program3053_UE/program3053/Content/Collections/' took 0.01s
[2019.06.11-11.52.00:177][  0]LogCollectionManager: Rebuilt the GUID cache for 0 collections in 0.000000 seconds
[2019.06.11-11.52.00:186][  0]LogContentBrowser: Native class hierarchy populated in 0.0080 seconds. Added 2742 classes and 661 folders.
[2019.06.11-11.52.00:424][  0]LogContentBrowser: Native class hierarchy updated for 'WidgetCarousel' in 0.0004 seconds. Added 0 classes and 0 folders.
[2019.06.11-11.52.00:556][  0]LogPakFile: Registered encryption key '00000000000000000000000000000000': 0 pak files mounted, 0 remain pending
[2019.06.11-11.52.00:666][  0]LogPakFile: Registered encryption key '00000000000000000000000000000000': 0 pak files mounted, 0 remain pending
[2019.06.11-11.52.00:691][  0]LogPakFile: Registered encryption key '00000000000000000000000000000000': 0 pak files mounted, 0 remain pending
[2019.06.11-11.52.00:767][  0]LogPakFile: Registered encryption key '00000000000000000000000000000000': 0 pak files mounted, 0 remain pending
[2019.06.11-11.52.00:824][  0]LogPakFile: Registered encryption key '00000000000000000000000000000000': 0 pak files mounted, 0 remain pending
[2019.06.11-11.52.00:945][  0]LogPakFile: Registered encryption key '00000000000000000000000000000000': 0 pak files mounted, 0 remain pending
[2019.06.11-11.52.01:074][  0]LogPakFile: Registered encryption key '00000000000000000000000000000000': 0 pak files mounted, 0 remain pending
[2019.06.11-11.52.01:106][  0]LogPakFile: Registered encryption key '00000000000000000000000000000000': 0 pak files mounted, 0 remain pending
[2019.06.11-11.52.01:249][  0]LogPakFile: Registered encryption key '00000000000000000000000000000000': 0 pak files mounted, 0 remain pending
[2019.06.11-11.52.01:336][  0]LogPakFile: Registered encryption key '00000000000000000000000000000000': 0 pak files mounted, 0 remain pending
[2019.06.11-11.52.01:338][  0]LogPakFile: Registered encryption key '00000000000000000000000000000000': 0 pak files mounted, 0 remain pending
[2019.06.11-11.52.01:360][  0]LogPakFile: Registered encryption key '00000000000000000000000000000000': 0 pak files mounted, 0 remain pending
[2019.06.11-11.52.01:362][  0]LogPakFile: Registered encryption key '00000000000000000000000000000000': 0 pak files mounted, 0 remain pending
[2019.06.11-11.52.01:399][  0]LogPakFile: Registered encryption key '00000000000000000000000000000000': 0 pak files mounted, 0 remain pending
[2019.06.11-11.52.01:467][  0]LogPakFile: Registered encryption key '00000000000000000000000000000000': 0 pak files mounted, 0 remain pending
[2019.06.11-11.52.01:482][  0]LogPakFile: Registered encryption key '00000000000000000000000000000000': 0 pak files mounted, 0 remain pending
[2019.06.11-11.52.01:493][  0]LogPakFile: Registered encryption key '00000000000000000000000000000000': 0 pak files mounted, 0 remain pending
[2019.06.11-11.52.01:520][  0]LogPakFile: Registered encryption key '00000000000000000000000000000000': 0 pak files mounted, 0 remain pending
[2019.06.11-11.52.01:605][  0]LogPakFile: Registered encryption key '00000000000000000000000000000000': 0 pak files mounted, 0 remain pending
[2019.06.11-11.52.01:663][  0]LogPakFile: Registered encryption key '00000000000000000000000000000000': 0 pak files mounted, 0 remain pending
[2019.06.11-11.52.01:731][  0]LogPakFile: Registered encryption key '00000000000000000000000000000000': 0 pak files mounted, 0 remain pending
[2019.06.11-11.52.01:741][  0]LogPakFile: Registered encryption key '00000000000000000000000000000000': 0 pak files mounted, 0 remain pending
[2019.06.11-11.52.01:765][  0]LogPakFile: Registered encryption key '00000000000000000000000000000000': 0 pak files mounted, 0 remain pending
[2019.06.11-11.52.01:767][  0]LogPakFile: Registered encryption key '00000000000000000000000000000000': 0 pak files mounted, 0 remain pending
[2019.06.11-11.52.01:792][  0]LogPakFile: Registered encryption key '00000000000000000000000000000000': 0 pak files mounted, 0 remain pending
[2019.06.11-11.52.01:819][  0]LogPakFile: Registered encryption key '00000000000000000000000000000000': 0 pak files mounted, 0 remain pending
[2019.06.11-11.52.05:809][  0]LogContentBrowser: Native class hierarchy updated for 'AddContentDialog' in 0.0006 seconds. Added 0 classes and 0 folders.
[2019.06.11-11.52.06:006][  0]LogContentBrowser: Native class hierarchy updated for 'SceneOutliner' in 0.0005 seconds. Added 1 classes and 2 folders.
[2019.06.11-11.52.08:741][  0]LogSlate: Took 0.081726 seconds to synchronously load lazily loaded font '../../../Engine/Content/Slate/Fonts/Roboto-Regular.ttf' (155K)
[2019.06.11-11.52.09:005][  0]LogSlate: Took 0.241088 seconds to synchronously load lazily loaded font '../../../Engine/Content/Slate/Fonts/DroidSansFallback.ttf' (3848K)
[2019.06.11-11.52.09:158][  0]LogSlate: Took 0.151951 seconds to synchronously load lazily loaded font '../../../Engine/Content/Slate/Fonts/Roboto-Bold.ttf' (160K)
[2019.06.11-11.52.09:182][  0]LogSlate: Took 0.020833 seconds to synchronously load lazily loaded font '../../../Engine/Content/Editor/Slate/Fonts/FontAwesome.ttf' (139K)
[2019.06.11-11.52.09:642][  0]LogRenderer: Reallocating scene render targets to support 964x404 Format 10 NumSamples 1 (Frame:1).
[2019.06.11-11.52.09:851][  0]LogSlate: Warning: Legacy localized fallback font '../../../Engine/Content/Slate/Fonts/DroidSansFallback.ttf' was requested. Font: '/Engine/EngineFonts/Faces/RobotoRegular.RobotoRegular', Character: '光 (U+5149)'
Legacy localized fallback fonts were deprecated in 4.22 and will be removed in a future version!
Please update your composite fonts to use localized sub-font families: https://docs.unrealengine.com/en-US/Engine/UMG/UserGuide/Fonts/Overview
[2019.06.11-11.52.10:677][  0]LogContentBrowser: Native class hierarchy updated for 'HierarchicalLODOutliner' in 0.0005 seconds. Added 0 classes and 0 folders.
[2019.06.11-11.52.10:677][  0]LogLoad: (Engine Initialization) Total time: 123.43 seconds
[2019.06.11-11.52.10:677][  0]LogLoad: (Engine Initialization) Total Blueprint compile time: 0.00 seconds
[2019.06.11-11.52.10:749][  0]LogSlate: FSceneViewport::OnFocusLost() reason 0
[2019.06.11-11.52.10:799][  0]LogContentStreaming: Texture pool size now 1000 MB
[2019.06.11-11.52.11:118][  0]LogSlate: Took 0.062309 seconds to synchronously load lazily loaded font '../../../Engine/Content/Slate/Fonts/Roboto-Light.ttf' (167K)
[2019.06.11-11.52.11:414][  1]LogAssetRegistry: Asset discovery search completed in 74.9370 seconds
[2019.06.11-11.52.11:417][  1]LogCollectionManager: Rebuilt the object cache for 0 collections in 0.000000 seconds (found 0 objects)
[2019.06.11-11.52.11:417][  1]LogCollectionManager: Fixed up redirectors for 0 collections in 0.000111 seconds (updated 0 objects)
[2019.06.11-11.53.21:189][954]LogSlate: Took 0.000309 seconds to synchronously load lazily loaded font '../../../Engine/Content/Slate/Fonts/Roboto-Light.ttf' (167K)
[2019.06.11-11.53.43:513][954]LogSlate: Window '选取父类' being destroyed
[2019.06.11-11.54.13:707][724]LogAssetEditorManager: Opening Asset editor for Blueprint /Game/StarterContent/Blueprints/Trap.Trap
[2019.06.11-11.54.14:897][724]LogContentBrowser: Native class hierarchy updated for 'BlueprintGraph' in 0.0007 seconds. Added 121 classes and 0 folders.
[2019.06.11-11.54.18:696][724]LogRenderer: Reallocating scene render targets to support 964x540 Format 10 NumSamples 1 (Frame:1).
[2019.06.11-11.54.26:749][164]LogSlate: Took 0.019964 seconds to synchronously load lazily loaded font '../../../Engine/Content/Slate/Fonts/Roboto-Italic.ttf' (157K)
[2019.06.11-11.54.33:565][493]LogStaticMesh: 正在构建静态网格体 Backpack01SM……
[2019.06.11-11.54.33:599][493]LogBlueprintActionDatabase: Requesting refresh due to module change: MeshBuilder (loaded)
[2019.06.11-11.54.33:653][493]LogStaticMesh: Built static mesh [0.09s] /Game/ModularRPGHeroesPolyart/Meshes/Weapons/Backpack01SM.Backpack01SM
[2019.06.11-11.54.33:809][493]LogBlueprintActionDatabase: Requesting refresh due to module change: HierarchicalLODUtilities (loaded)
[2019.06.11-11.54.47:299][257]LogSlate: FSceneViewport::OnFocusLost() reason 0
[2019.06.11-11.54.47:381][262]BlueprintLog: New page: 编译Trap
[2019.06.11-11.54.47:708][262]LogUObjectHash: Compacting FUObjectHashTables data took   4.97ms
[2019.06.11-11.54.48:569][295]Cmd: OBJ SAVEPACKAGE PACKAGE="/Game/StarterContent/Blueprints/Trap" FILE="../../../program3053_UE/program3053/Content/StarterContent/Blueprints/Trap.uasset" SILENT=true
[2019.06.11-11.54.48:753][295]LogSavePackage: Moving '../../../program3053_UE/program3053/Saved/TrapC3394DCE48D2C784A4D332BDEC58195D.tmp' to '../../../program3053_UE/program3053/Content/StarterContent/Blueprints/Trap.uasset'
[2019.06.11-11.54.50:575][400]LogSlate: Window 'Trap' being destroyed
[2019.06.11-11.54.50:581][400]LogSlate: Window 'Trap' being destroyed
