Log file open, 06/04/19 15:40:36
LogWindows: Failed to load 'aqProf.dll' (GetLastError=126)
LogWindows: File 'aqProf.dll' does not exist
LogWindows: Failed to load 'VtuneApi.dll' (GetLastError=126)
LogWindows: File 'VtuneApi.dll' does not exist
LogWindows: Failed to load 'VtuneApi32e.dll' (GetLastError=126)
LogWindows: File 'VtuneApi32e.dll' does not exist
LogConsoleResponse: Display: Failed to find resolution value strings in scalability ini. Falling back to default.
LogInit: Display: Running engine for game: program3053
LogPakFile: Registered encryption key '00000000000000000000000000000000': 0 pak files mounted, 0 remain pending
LogPlatformFile: Not using cached read wrapper
LogTaskGraph: Started task graph with 5 named threads and 23 total threads with 3 sets of task threads.
LogStats: Stats thread started at 6.965144
LogD3D11RHI: Loaded GFSDK_Aftermath_Lib.x64.dll
LogICUInternationalization: ICU TimeZone Detection - Raw Offset: +8:00, Platform Override: ''
LogPluginManager: Mounting plugin Paper2D
LogPluginManager: Mounting plugin AISupport
LogPluginManager: Mounting plugin LightPropagationVolume
LogPluginManager: Mounting plugin ActorLayerUtilities
LogPluginManager: Mounting plugin AnimationSharing
LogPluginManager: Mounting plugin CLionSourceCodeAccess
LogPluginManager: Mounting plugin CodeLiteSourceCodeAccess
LogPluginManager: Mounting plugin GitSourceControl
LogPluginManager: Mounting plugin KDevelopSourceCodeAccess
LogPluginManager: Mounting plugin NullSourceCodeAccess
LogPluginManager: Mounting plugin PerforceSourceControl
LogPluginManager: Mounting plugin SubversionSourceControl
LogPluginManager: Mounting plugin UObjectPlugin
LogPluginManager: Mounting plugin VisualStudioCodeSourceCodeAccess
LogPluginManager: Mounting plugin VisualStudioSourceCodeAccess
LogPluginManager: Mounting plugin XCodeSourceCodeAccess
LogPluginManager: Mounting plugin AssetManagerEditor
LogPluginManager: Mounting plugin CryptoKeys
LogPluginManager: Mounting plugin DataValidation
LogPluginManager: Mounting plugin FacialAnimation
LogPluginManager: Mounting plugin GameplayTagsEditor
LogPluginManager: Mounting plugin MacGraphicsSwitching
LogPluginManager: Mounting plugin MaterialAnalyzer
LogPluginManager: Mounting plugin MobileLauncherProfileWizard
LogPluginManager: Mounting plugin PluginBrowser
LogPluginManager: Mounting plugin SpeedTreeImporter
LogPluginManager: Mounting plugin DatasmithContent
LogPluginManager: Mounting plugin VariantManagerContent
LogPluginManager: Mounting plugin AlembicImporter
LogPluginManager: Mounting plugin AppleImageUtils
LogPluginManager: Mounting plugin AppleVision
LogPluginManager: Mounting plugin BackChannel
LogPluginManager: Mounting plugin CharacterAI
LogPluginManager: Mounting plugin GeometryCache
LogPluginManager: Mounting plugin HTML5Networking
LogPluginManager: Mounting plugin ProxyLODPlugin
LogPluginManager: Mounting plugin SkeletalReduction
LogPluginManager: Mounting plugin MagicLeap
LogPluginManager: Mounting plugin MagicLeapMedia
LogPluginManager: Mounting plugin AndroidMedia
LogPluginManager: Mounting plugin AvfMedia
LogPluginManager: Mounting plugin ImgMedia
LogPluginManager: Mounting plugin LinearTimecode
LogPluginManager: Mounting plugin MediaCompositing
LogPluginManager: Mounting plugin MediaPlayerEditor
LogPluginManager: Mounting plugin WebMMedia
LogPluginManager: Mounting plugin WmfMedia
LogPluginManager: Mounting plugin TcpMessaging
LogPluginManager: Mounting plugin UdpMessaging
LogPluginManager: Mounting plugin ActorSequence
LogPluginManager: Mounting plugin LevelSequenceEditor
LogPluginManager: Mounting plugin MatineeToLevelSequence
LogPluginManager: Mounting plugin NetcodeUnitTest
LogPluginManager: Mounting plugin NUTUnrealEngine4
LogPluginManager: Mounting plugin OnlineSubsystemGooglePlay
LogPluginManager: Mounting plugin OnlineSubsystemIOS
LogPluginManager: Mounting plugin OnlineSubsystem
LogPluginManager: Mounting plugin OnlineSubsystemNull
LogPluginManager: Mounting plugin OnlineSubsystemUtils
LogPluginManager: Mounting plugin LauncherChunkInstaller
LogPluginManager: Mounting plugin AndroidDeviceProfileSelector
LogPluginManager: Mounting plugin AndroidMoviePlayer
LogPluginManager: Mounting plugin AndroidPermission
LogPluginManager: Mounting plugin AppleMoviePlayer
LogPluginManager: Mounting plugin ArchVisCharacter
LogPluginManager: Mounting plugin AudioCapture
LogPluginManager: Mounting plugin CableComponent
LogPluginManager: Mounting plugin CustomMeshComponent
LogPluginManager: Mounting plugin EditableMesh
LogPluginManager: Mounting plugin ExampleDeviceProfileSelector
LogPluginManager: Mounting plugin Firebase
LogPluginManager: Mounting plugin GoogleCloudMessaging
LogPluginManager: Mounting plugin IOSDeviceProfileSelector
LogPluginManager: Mounting plugin LinuxDeviceProfileSelector
LogPluginManager: Mounting plugin LocationServicesBPLibrary
LogPluginManager: Mounting plugin MobilePatchingUtils
LogPluginManager: Mounting plugin OculusVR
LogPluginManager: Mounting plugin PhysXVehicles
LogPluginManager: Mounting plugin ProceduralMeshComponent
LogPluginManager: Mounting plugin RuntimePhysXCooking
LogPluginManager: Mounting plugin SignificanceManager
LogPluginManager: Mounting plugin SteamVR
LogPluginManager: Mounting plugin WebMMoviePlayer
LogPluginManager: Mounting plugin WindowsMoviePlayer
LogInit: Using libcurl 7.55.1-DEV
LogInit:  - built for x86_64-pc-win32
LogInit:  - supports SSL with OpenSSL/1.1.1
LogInit:  - supports HTTP deflate (compression) using libz 1.2.8
LogInit:  - other features:
LogInit:      CURL_VERSION_SSL
LogInit:      CURL_VERSION_LIBZ
LogInit:      CURL_VERSION_IPV6
LogInit:      CURL_VERSION_ASYNCHDNS
LogInit:      CURL_VERSION_LARGEFILE
LogInit:      CURL_VERSION_IDN
LogInit:  CurlRequestOptions (configurable via config and command line):
LogInit:  - bVerifyPeer = true  - Libcurl will verify peer certificate
LogInit:  - bUseHttpProxy = false  - Libcurl will NOT use HTTP proxy
LogInit:  - bDontReuseConnections = false  - Libcurl will reuse connections
LogInit:  - MaxHostConnections = 16  - Libcurl will limit the number of connections to a host
LogInit:  - LocalHostAddr = Default
LogInit:  - BufferSize = 65536
LogInit: WinSock: version 1.1 (2.2), MaxSocks=32767, MaxUdp=65467
LogInit: Build: ++UE4+Release-4.22-CL-6574378
LogInit: Engine Version: 4.22.2-6574378+++UE4+Release-4.22
LogInit: Compatible Engine Version: 4.22.0-5660361+++UE4+Release-4.22
LogInit: Net CL: 5660361
LogInit: OS: Windows 10 (Release 1803) (), CPU: Intel(R) Core(TM) i5-8300H CPU @ 2.30GHz, GPU: Intel(R) UHD Graphics 630
LogInit: Compiled (64-bit): May 20 2019 09:54:56
LogInit: Compiled with Visual C++: 19.16.27025.01
LogInit: Build Configuration: Development
LogInit: Branch Name: ++UE4+Release-4.22
LogInit: Command Line:  -skipcompile
LogInit: Base Directory: D:/Epic/UE_4.22/Engine/Binaries/Win64/
LogInit: Installed Engine Build: 1
LogDevObjectVersion: Number of dev versions registered: 23
LogDevObjectVersion:   Dev-Blueprints (B0D832E4-1F89-4F0D-ACCF-7EB736FD4AA2): 10
LogDevObjectVersion:   Dev-Build (E1C64328-A22C-4D53-A36C-8E866417BD8C): 0
LogDevObjectVersion:   Dev-Core (375EC13C-06E4-48FB-B500-84F0262A717E): 3
LogDevObjectVersion:   Dev-Editor (E4B068ED-F494-42E9-A231-DA0B2E46BB41): 30
LogDevObjectVersion:   Dev-Framework (CFFC743F-43B0-4480-9391-14DF171D2073): 35
LogDevObjectVersion:   Dev-Mobile (B02B49B5-BB20-44E9-A304-32B752E40360): 2
LogDevObjectVersion:   Dev-Networking (A4E4105C-59A1-49B5-A7C5-40C4547EDFEE): 0
LogDevObjectVersion:   Dev-Online (39C831C9-5AE6-47DC-9A44-9C173E1C8E7C): 0
LogDevObjectVersion:   Dev-Physics (78F01B33-EBEA-4F98-B9B4-84EACCB95AA2): 0
LogDevObjectVersion:   Dev-Platform (6631380F-2D4D-43E0-8009-CF276956A95A): 0
LogDevObjectVersion:   Dev-Rendering (12F88B9F-8875-4AFC-A67C-D90C383ABD29): 28
LogDevObjectVersion:   Dev-Sequencer (7B5AE74C-D270-4C10-A958-57980B212A5A): 11
LogDevObjectVersion:   Dev-VR (D7296918-1DD6-4BDD-9DE2-64A83CC13884): 2
LogDevObjectVersion:   Dev-LoadTimes (C2A15278-BFE7-4AFE-6C17-90FF531DF755): 1
LogDevObjectVersion:   Private-Geometry (6EACA3D4-40EC-4CC1-B786-8BED09428FC5): 3
LogDevObjectVersion:   Dev-AnimPhys (29E575DD-E0A3-4627-9D10-D276232CDCEA): 17
LogDevObjectVersion:   Dev-Anim (AF43A65D-7FD3-4947-9873-3E8ED9C1BB05): 2
LogDevObjectVersion:   Dev-ReflectionCapture (6B266CEC-1EC7-4B8F-A30B-E4D90942FC07): 1
LogDevObjectVersion:   Dev-Automation (0DF73D61-A23F-47EA-B727-89E90C41499A): 1
LogDevObjectVersion:   FortniteMain (601D1886-AC64-4F84-AA16-D3DE0DEAC7D6): 25
LogDevObjectVersion:   Dev-Enterprise (9DFFBCD6-494F-0158-E221-12823C92A888): 6
LogDevObjectVersion:   Dev-Niagara (F2AED0AC-9AFE-416F-8664-AA7FFA26D6FC): 1
LogDevObjectVersion:   Dev-Destruction (174F1F0B-B4C6-45A5-B13F-2EE8D0FB917D): 2
LogInit: Presizing for max 16777216 objects, including 0 objects not considered by GC, pre-allocating 0 bytes for permanent pool.
LogInit: Object subsystem initialized
LogConfig: Setting CVar [[con.DebugEarlyDefault:1]]
LogConfig: Setting CVar [[r.setres:1280x720]]
[2019.06.04-07.40.40:536][  0]LogConfig: Setting CVar [[r.VSync:0]]
[2019.06.04-07.40.40:536][  0]LogConfig: Setting CVar [[r.RHICmdBypass:0]]
[2019.06.04-07.40.40:536][  0]LogConfig: Applying CVar settings from Section [/Script/Engine.RendererSettings] File [../../../program3053/Saved/Config/Windows/Engine.ini]
[2019.06.04-07.40.40:536][  0]LogConfig: Setting CVar [[r.GPUCrashDebugging:0]]
[2019.06.04-07.40.40:536][  0]LogConfig: Applying CVar settings from Section [/Script/Engine.RendererOverrideSettings] File [../../../program3053/Saved/Config/Windows/Engine.ini]
[2019.06.04-07.40.40:536][  0]LogConfig: Applying CVar settings from Section [/Script/Engine.StreamingSettings] File [../../../program3053/Saved/Config/Windows/Engine.ini]
[2019.06.04-07.40.40:537][  0]LogConfig: Setting CVar [[s.MinBulkDataSizeForAsyncLoading:131072]]
[2019.06.04-07.40.40:537][  0]LogConfig: Setting CVar [[s.AsyncLoadingThreadEnabled:0]]
[2019.06.04-07.40.40:537][  0]LogConfig: Setting CVar [[s.EventDrivenLoaderEnabled:1]]
[2019.06.04-07.40.40:537][  0]LogConfig: Setting CVar [[s.WarnIfTimeLimitExceeded:0]]
[2019.06.04-07.40.40:537][  0]LogConfig: Setting CVar [[s.TimeLimitExceededMultiplier:1.5]]
[2019.06.04-07.40.40:537][  0]LogConfig: Setting CVar [[s.TimeLimitExceededMinTime:0.005]]
[2019.06.04-07.40.40:537][  0]LogConfig: Setting CVar [[s.UseBackgroundLevelStreaming:1]]
[2019.06.04-07.40.40:537][  0]LogConfig: Setting CVar [[s.PriorityAsyncLoadingExtraTime:15.0]]
[2019.06.04-07.40.40:538][  0]LogConfig: Setting CVar [[s.LevelStreamingActorsUpdateTimeLimit:5.0]]
[2019.06.04-07.40.40:538][  0]LogConfig: Setting CVar [[s.PriorityLevelStreamingActorsUpdateExtraTime:5.0]]
[2019.06.04-07.40.40:538][  0]LogConfig: Setting CVar [[s.LevelStreamingComponentsRegistrationGranularity:10]]
[2019.06.04-07.40.40:538][  0]LogConfig: Setting CVar [[s.UnregisterComponentsTimeLimit:1.0]]
[2019.06.04-07.40.40:538][  0]LogConfig: Setting CVar [[s.LevelStreamingComponentsUnregistrationGranularity:5]]
[2019.06.04-07.40.40:538][  0]LogConfig: Applying CVar settings from Section [/Script/Engine.GarbageCollectionSettings] File [../../../program3053/Saved/Config/Windows/Engine.ini]
[2019.06.04-07.40.40:538][  0]LogConfig: Setting CVar [[gc.MaxObjectsNotConsideredByGC:1]]
[2019.06.04-07.40.40:538][  0]LogConfig: Setting CVar [[gc.SizeOfPermanentObjectPool:0]]
[2019.06.04-07.40.40:538][  0]LogConfig: Setting CVar [[gc.FlushStreamingOnGC:0]]
[2019.06.04-07.40.40:538][  0]LogConfig: Setting CVar [[gc.NumRetriesBeforeForcingGC:10]]
[2019.06.04-07.40.40:538][  0]LogConfig: Setting CVar [[gc.AllowParallelGC:1]]
[2019.06.04-07.40.40:538][  0]LogConfig: Setting CVar [[gc.TimeBetweenPurgingPendingKillObjects:61.1]]
[2019.06.04-07.40.40:538][  0]LogConfig: Setting CVar [[gc.MaxObjectsInEditor:16777216]]
[2019.06.04-07.40.40:538][  0]LogConfig: Setting CVar [[gc.IncrementalBeginDestroyEnabled:1]]
[2019.06.04-07.40.40:538][  0]LogConfig: Setting CVar [[gc.CreateGCClusters:1]]
[2019.06.04-07.40.40:539][  0]LogConfig: Setting CVar [[gc.MinGCClusterSize:5]]
[2019.06.04-07.40.40:539][  0]LogConfig: Setting CVar [[gc.ActorClusteringEnabled:0]]
[2019.06.04-07.40.40:539][  0]LogConfig: Setting CVar [[gc.BlueprintClusteringEnabled:0]]
[2019.06.04-07.40.40:539][  0]LogConfig: Setting CVar [[gc.UseDisregardForGCOnDedicatedServers:0]]
[2019.06.04-07.40.40:539][  0]LogConfig: Applying CVar settings from Section [/Script/Engine.NetworkSettings] File [../../../program3053/Saved/Config/Windows/Engine.ini]
[2019.06.04-07.40.40:539][  0]LogConfig: Applying CVar settings from Section [/Script/UnrealEd.CookerSettings] File [../../../program3053/Saved/Config/Windows/Engine.ini]
[2019.06.04-07.40.40:645][  0]LogConfig: Applying CVar settings from Section [ViewDistanceQuality@3] File [../../../program3053/Saved/Config/Windows/Scalability.ini]
[2019.06.04-07.40.40:646][  0]LogConfig: Setting CVar [[r.SkeletalMeshLODBias:0]]
[2019.06.04-07.40.40:647][  0]LogConfig: Setting CVar [[r.ViewDistanceScale:1.0]]
[2019.06.04-07.40.40:653][  0]LogConfig: Applying CVar settings from Section [AntiAliasingQuality@3] File [../../../program3053/Saved/Config/Windows/Scalability.ini]
[2019.06.04-07.40.40:653][  0]LogConfig: Setting CVar [[r.PostProcessAAQuality:4]]
[2019.06.04-07.40.40:654][  0]LogConfig: Applying CVar settings from Section [ShadowQuality@3] File [../../../program3053/Saved/Config/Windows/Scalability.ini]
[2019.06.04-07.40.40:654][  0]LogConfig: Setting CVar [[r.LightFunctionQuality:1]]
[2019.06.04-07.40.40:654][  0]LogConfig: Setting CVar [[r.ShadowQuality:5]]
[2019.06.04-07.40.40:655][  0]LogConfig: Setting CVar [[r.Shadow.CSM.MaxCascades:10]]
[2019.06.04-07.40.40:655][  0]LogConfig: Setting CVar [[r.Shadow.MaxResolution:2048]]
[2019.06.04-07.40.40:655][  0]LogConfig: Setting CVar [[r.Shadow.MaxCSMResolution:2048]]
[2019.06.04-07.40.40:656][  0]LogConfig: Setting CVar [[r.Shadow.RadiusThreshold:0.01]]
[2019.06.04-07.40.40:656][  0]LogConfig: Setting CVar [[r.Shadow.DistanceScale:1.0]]
[2019.06.04-07.40.40:656][  0]LogConfig: Setting CVar [[r.Shadow.CSM.TransitionScale:1.0]]
[2019.06.04-07.40.40:656][  0]LogConfig: Setting CVar [[r.Shadow.PreShadowResolutionFactor:1.0]]
[2019.06.04-07.40.40:657][  0]LogConfig: Setting CVar [[r.DistanceFieldShadowing:1]]
[2019.06.04-07.40.40:657][  0]LogConfig: Setting CVar [[r.DistanceFieldAO:1]]
[2019.06.04-07.40.40:657][  0]LogConfig: Setting CVar [[r.AOQuality:2]]
[2019.06.04-07.40.40:658][  0]LogConfig: Setting CVar [[r.VolumetricFog:1]]
[2019.06.04-07.40.40:658][  0]LogConfig: Setting CVar [[r.VolumetricFog.GridPixelSize:8]]
[2019.06.04-07.40.40:659][  0]LogConfig: Setting CVar [[r.VolumetricFog.GridSizeZ:128]]
[2019.06.04-07.40.40:660][  0]LogConfig: Setting CVar [[r.VolumetricFog.HistoryMissSupersampleCount:4]]
[2019.06.04-07.40.40:661][  0]LogConfig: Setting CVar [[r.LightMaxDrawDistanceScale:1]]
[2019.06.04-07.40.40:663][  0]LogConfig: Setting CVar [[r.CapsuleShadows:1]]
[2019.06.04-07.40.40:663][  0]LogConfig: Applying CVar settings from Section [PostProcessQuality@3] File [../../../program3053/Saved/Config/Windows/Scalability.ini]
[2019.06.04-07.40.40:663][  0]LogConfig: Setting CVar [[r.MotionBlurQuality:4]]
[2019.06.04-07.40.40:663][  0]LogConfig: Setting CVar [[r.AmbientOcclusionMipLevelFactor:0.4]]
[2019.06.04-07.40.40:663][  0]LogConfig: Setting CVar [[r.AmbientOcclusionMaxQuality:100]]
[2019.06.04-07.40.40:663][  0]LogConfig: Setting CVar [[r.AmbientOcclusionLevels:-1]]
[2019.06.04-07.40.40:663][  0]LogConfig: Setting CVar [[r.AmbientOcclusionRadiusScale:1.0]]
[2019.06.04-07.40.40:663][  0]LogConfig: Setting CVar [[r.DepthOfFieldQuality:2]]
[2019.06.04-07.40.40:663][  0]LogConfig: Setting CVar [[r.RenderTargetPoolMin:400]]
[2019.06.04-07.40.40:664][  0]LogConfig: Setting CVar [[r.LensFlareQuality:2]]
[2019.06.04-07.40.40:664][  0]LogConfig: Setting CVar [[r.SceneColorFringeQuality:1]]
[2019.06.04-07.40.40:664][  0]LogConfig: Setting CVar [[r.EyeAdaptationQuality:2]]
[2019.06.04-07.40.40:664][  0]LogConfig: Setting CVar [[r.BloomQuality:5]]
[2019.06.04-07.40.40:664][  0]LogConfig: Setting CVar [[r.FastBlurThreshold:100]]
[2019.06.04-07.40.40:664][  0]LogConfig: Setting CVar [[r.Upscale.Quality:3]]
[2019.06.04-07.40.40:664][  0]LogConfig: Setting CVar [[r.Tonemapper.GrainQuantization:1]]
[2019.06.04-07.40.40:664][  0]LogConfig: Setting CVar [[r.LightShaftQuality:1]]
[2019.06.04-07.40.40:664][  0]LogConfig: Setting CVar [[r.Filter.SizeScale:1]]
[2019.06.04-07.40.40:664][  0]LogConfig: Setting CVar [[r.Tonemapper.Quality:5]]
[2019.06.04-07.40.40:664][  0]LogConfig: Setting CVar [[r.DOF.Gather.AccumulatorQuality:1        ; higher gathering accumulator quality]]
[2019.06.04-07.40.40:664][  0]LogConfig: Setting CVar [[r.DOF.Gather.PostfilterMethod:1          ; Median3x3 postfilering method]]
[2019.06.04-07.40.40:664][  0]LogConfig: Setting CVar [[r.DOF.Gather.EnableBokehSettings:0       ; no bokeh simulation when gathering]]
[2019.06.04-07.40.40:665][  0]LogConfig: Setting CVar [[r.DOF.Gather.RingCount:4                 ; medium number of samples when gathering]]
[2019.06.04-07.40.40:665][  0]LogConfig: Setting CVar [[r.DOF.Scatter.ForegroundCompositing:1    ; additive foreground scattering]]
[2019.06.04-07.40.40:665][  0]LogConfig: Setting CVar [[r.DOF.Scatter.BackgroundCompositing:2    ; additive background scattering]]
[2019.06.04-07.40.40:665][  0]LogConfig: Setting CVar [[r.DOF.Scatter.EnableBokehSettings:1      ; bokeh simulation when scattering]]
[2019.06.04-07.40.40:665][  0]LogConfig: Setting CVar [[r.DOF.Scatter.MaxSpriteRatio:0.1         ; only a maximum of 10% of scattered bokeh]]
[2019.06.04-07.40.40:665][  0]LogConfig: Setting CVar [[r.DOF.Recombine.Quality:1                ; cheap slight out of focus]]
[2019.06.04-07.40.40:665][  0]LogConfig: Setting CVar [[r.DOF.Recombine.EnableBokehSettings:0    ; no bokeh simulation on slight out of focus]]
[2019.06.04-07.40.40:665][  0]LogConfig: Setting CVar [[r.DOF.TemporalAAQuality:1                ; more stable temporal accumulation]]
[2019.06.04-07.40.40:665][  0]LogConfig: Setting CVar [[r.DOF.Kernel.MaxForegroundRadius:0.025]]
[2019.06.04-07.40.40:665][  0]LogConfig: Setting CVar [[r.DOF.Kernel.MaxBackgroundRadius:0.025]]
[2019.06.04-07.40.40:665][  0]LogConfig: Applying CVar settings from Section [TextureQuality@3] File [../../../program3053/Saved/Config/Windows/Scalability.ini]
[2019.06.04-07.40.40:665][  0]LogConfig: Setting CVar [[r.Streaming.MipBias:0]]
[2019.06.04-07.40.40:665][  0]LogConfig: Setting CVar [[r.Streaming.AmortizeCPUToGPUCopy:0]]
[2019.06.04-07.40.40:665][  0]LogConfig: Setting CVar [[r.Streaming.MaxNumTexturesToStreamPerFrame:0]]
[2019.06.04-07.40.40:665][  0]LogConfig: Setting CVar [[r.Streaming.Boost:1]]
[2019.06.04-07.40.40:665][  0]LogConfig: Setting CVar [[r.MaxAnisotropy:8]]
[2019.06.04-07.40.40:666][  0]LogConfig: Setting CVar [[r.Streaming.LimitPoolSizeToVRAM:0]]
[2019.06.04-07.40.40:666][  0]LogConfig: Setting CVar [[r.Streaming.PoolSize:1000]]
[2019.06.04-07.40.40:666][  0]LogConfig: Setting CVar [[r.Streaming.MaxEffectiveScreenSize:0]]
[2019.06.04-07.40.40:666][  0]LogConfig: Applying CVar settings from Section [EffectsQuality@3] File [../../../program3053/Saved/Config/Windows/Scalability.ini]
[2019.06.04-07.40.40:666][  0]LogConfig: Setting CVar [[r.TranslucencyLightingVolumeDim:64]]
[2019.06.04-07.40.40:666][  0]LogConfig: Setting CVar [[r.RefractionQuality:2]]
[2019.06.04-07.40.40:666][  0]LogConfig: Setting CVar [[r.SSR.Quality:3]]
[2019.06.04-07.40.40:666][  0]LogConfig: Setting CVar [[r.SceneColorFormat:4]]
[2019.06.04-07.40.40:666][  0]LogConfig: Setting CVar [[r.DetailMode:2]]
[2019.06.04-07.40.40:666][  0]LogConfig: Setting CVar [[r.TranslucencyVolumeBlur:1]]
[2019.06.04-07.40.40:666][  0]LogConfig: Setting CVar [[r.MaterialQualityLevel:1 ; High quality]]
[2019.06.04-07.40.40:666][  0]LogConfig: Setting CVar [[r.SSS.Scale:1]]
[2019.06.04-07.40.40:666][  0]LogConfig: Setting CVar [[r.SSS.SampleSet:2]]
[2019.06.04-07.40.40:666][  0]LogConfig: Setting CVar [[r.SSS.Quality:1]]
[2019.06.04-07.40.40:666][  0]LogConfig: Setting CVar [[r.SSS.HalfRes:1]]
[2019.06.04-07.40.40:667][  0]LogConfig: Setting CVar [[r.EmitterSpawnRateScale:1.0]]
[2019.06.04-07.40.40:667][  0]LogConfig: Setting CVar [[r.ParticleLightQuality:2]]
[2019.06.04-07.40.40:667][  0]LogConfig: Applying CVar settings from Section [FoliageQuality@3] File [../../../program3053/Saved/Config/Windows/Scalability.ini]
[2019.06.04-07.40.40:667][  0]LogConfig: Setting CVar [[foliage.DensityScale:1.0]]
[2019.06.04-07.40.40:667][  0]LogConfig: Setting CVar [[grass.DensityScale:1.0]]
[2019.06.04-07.40.40:667][  0]LogInit: Selected Device Profile: [Windows]
[2019.06.04-07.40.40:667][  0]LogInit: Applying CVar settings loaded from the selected device profile: [Windows]
[2019.06.04-07.40.40:719][  0]LogHAL: Display: Platform has ~ 8 GB [8443830272 / 8589934592 / 8], which maps to Default [LargestMinGB=32, LargerMinGB=12, DefaultMinGB=8, SmallerMinGB=6, SmallestMinGB=0)
[2019.06.04-07.40.40:738][  0]LogConfig: Setting CVar [[r.Vulkan.UseRealUBs:0		; Required until we fix HLR fall-out]]
[2019.06.04-07.40.40:739][  0]LogInit: Going up to parent DeviceProfile []
[2019.06.04-07.40.40:739][  0]LogConfig: Applying CVar settings from Section [ViewDistanceQuality@3] File [../../../program3053/Saved/Config/Windows/Scalability.ini]
[2019.06.04-07.40.40:740][  0]LogConfig: Setting CVar [[r.SkeletalMeshLODBias:0]]
[2019.06.04-07.40.40:741][  0]LogConfig: Setting CVar [[r.ViewDistanceScale:1.0]]
[2019.06.04-07.40.40:741][  0]LogConfig: Applying CVar settings from Section [AntiAliasingQuality@3] File [../../../program3053/Saved/Config/Windows/Scalability.ini]
[2019.06.04-07.40.40:741][  0]LogConfig: Setting CVar [[r.PostProcessAAQuality:4]]
[2019.06.04-07.40.40:744][  0]LogConfig: Applying CVar settings from Section [ShadowQuality@3] File [../../../program3053/Saved/Config/Windows/Scalability.ini]
[2019.06.04-07.40.40:747][  0]LogConfig: Setting CVar [[r.LightFunctionQuality:1]]
[2019.06.04-07.40.40:747][  0]LogConfig: Setting CVar [[r.ShadowQuality:5]]
[2019.06.04-07.40.40:750][  0]LogConfig: Setting CVar [[r.Shadow.CSM.MaxCascades:10]]
[2019.06.04-07.40.40:753][  0]LogConfig: Setting CVar [[r.Shadow.MaxResolution:2048]]
[2019.06.04-07.40.40:754][  0]LogConfig: Setting CVar [[r.Shadow.MaxCSMResolution:2048]]
[2019.06.04-07.40.40:754][  0]LogConfig: Setting CVar [[r.Shadow.RadiusThreshold:0.01]]
[2019.06.04-07.40.40:755][  0]LogConfig: Setting CVar [[r.Shadow.DistanceScale:1.0]]
[2019.06.04-07.40.40:755][  0]LogConfig: Setting CVar [[r.Shadow.CSM.TransitionScale:1.0]]
[2019.06.04-07.40.40:755][  0]LogConfig: Setting CVar [[r.Shadow.PreShadowResolutionFactor:1.0]]
[2019.06.04-07.40.40:755][  0]LogConfig: Setting CVar [[r.DistanceFieldShadowing:1]]
[2019.06.04-07.40.40:755][  0]LogConfig: Setting CVar [[r.DistanceFieldAO:1]]
[2019.06.04-07.40.40:755][  0]LogConfig: Setting CVar [[r.AOQuality:2]]
[2019.06.04-07.40.40:755][  0]LogConfig: Setting CVar [[r.VolumetricFog:1]]
[2019.06.04-07.40.40:755][  0]LogConfig: Setting CVar [[r.VolumetricFog.GridPixelSize:8]]
[2019.06.04-07.40.40:755][  0]LogConfig: Setting CVar [[r.VolumetricFog.GridSizeZ:128]]
[2019.06.04-07.40.40:756][  0]LogConfig: Setting CVar [[r.VolumetricFog.HistoryMissSupersampleCount:4]]
[2019.06.04-07.40.40:756][  0]LogConfig: Setting CVar [[r.LightMaxDrawDistanceScale:1]]
[2019.06.04-07.40.40:756][  0]LogConfig: Setting CVar [[r.CapsuleShadows:1]]
[2019.06.04-07.40.40:756][  0]LogConfig: Applying CVar settings from Section [PostProcessQuality@3] File [../../../program3053/Saved/Config/Windows/Scalability.ini]
[2019.06.04-07.40.40:756][  0]LogConfig: Setting CVar [[r.MotionBlurQuality:4]]
[2019.06.04-07.40.40:756][  0]LogConfig: Setting CVar [[r.AmbientOcclusionMipLevelFactor:0.4]]
[2019.06.04-07.40.40:756][  0]LogConfig: Setting CVar [[r.AmbientOcclusionMaxQuality:100]]
[2019.06.04-07.40.40:756][  0]LogConfig: Setting CVar [[r.AmbientOcclusionLevels:-1]]
[2019.06.04-07.40.40:756][  0]LogConfig: Setting CVar [[r.AmbientOcclusionRadiusScale:1.0]]
[2019.06.04-07.40.40:757][  0]LogConfig: Setting CVar [[r.DepthOfFieldQuality:2]]
[2019.06.04-07.40.40:757][  0]LogConfig: Setting CVar [[r.RenderTargetPoolMin:400]]
[2019.06.04-07.40.40:757][  0]LogConfig: Setting CVar [[r.LensFlareQuality:2]]
[2019.06.04-07.40.40:757][  0]LogConfig: Setting CVar [[r.SceneColorFringeQuality:1]]
[2019.06.04-07.40.40:757][  0]LogConfig: Setting CVar [[r.EyeAdaptationQuality:2]]
[2019.06.04-07.40.40:757][  0]LogConfig: Setting CVar [[r.BloomQuality:5]]
[2019.06.04-07.40.40:757][  0]LogConfig: Setting CVar [[r.FastBlurThreshold:100]]
[2019.06.04-07.40.40:757][  0]LogConfig: Setting CVar [[r.Upscale.Quality:3]]
[2019.06.04-07.40.40:757][  0]LogConfig: Setting CVar [[r.Tonemapper.GrainQuantization:1]]
[2019.06.04-07.40.40:757][  0]LogConfig: Setting CVar [[r.LightShaftQuality:1]]
[2019.06.04-07.40.40:757][  0]LogConfig: Setting CVar [[r.Filter.SizeScale:1]]
[2019.06.04-07.40.40:758][  0]LogConfig: Setting CVar [[r.Tonemapper.Quality:5]]
[2019.06.04-07.40.40:758][  0]LogConfig: Setting CVar [[r.DOF.Gather.AccumulatorQuality:1        ; higher gathering accumulator quality]]
[2019.06.04-07.40.40:758][  0]LogConfig: Setting CVar [[r.DOF.Gather.PostfilterMethod:1          ; Median3x3 postfilering method]]
[2019.06.04-07.40.40:758][  0]LogConfig: Setting CVar [[r.DOF.Gather.EnableBokehSettings:0       ; no bokeh simulation when gathering]]
[2019.06.04-07.40.40:758][  0]LogConfig: Setting CVar [[r.DOF.Gather.RingCount:4                 ; medium number of samples when gathering]]
[2019.06.04-07.40.40:758][  0]LogConfig: Setting CVar [[r.DOF.Scatter.ForegroundCompositing:1    ; additive foreground scattering]]
[2019.06.04-07.40.40:758][  0]LogConfig: Setting CVar [[r.DOF.Scatter.BackgroundCompositing:2    ; additive background scattering]]
[2019.06.04-07.40.40:758][  0]LogConfig: Setting CVar [[r.DOF.Scatter.EnableBokehSettings:1      ; bokeh simulation when scattering]]
[2019.06.04-07.40.40:758][  0]LogConfig: Setting CVar [[r.DOF.Scatter.MaxSpriteRatio:0.1         ; only a maximum of 10% of scattered bokeh]]
[2019.06.04-07.40.40:759][  0]LogConfig: Setting CVar [[r.DOF.Recombine.Quality:1                ; cheap slight out of focus]]
[2019.06.04-07.40.40:759][  0]LogConfig: Setting CVar [[r.DOF.Recombine.EnableBokehSettings:0    ; no bokeh simulation on slight out of focus]]
[2019.06.04-07.40.40:759][  0]LogConfig: Setting CVar [[r.DOF.TemporalAAQuality:1                ; more stable temporal accumulation]]
[2019.06.04-07.40.40:759][  0]LogConfig: Setting CVar [[r.DOF.Kernel.MaxForegroundRadius:0.025]]
[2019.06.04-07.40.40:759][  0]LogConfig: Setting CVar [[r.DOF.Kernel.MaxBackgroundRadius:0.025]]
[2019.06.04-07.40.40:759][  0]LogConfig: Applying CVar settings from Section [TextureQuality@3] File [../../../program3053/Saved/Config/Windows/Scalability.ini]
[2019.06.04-07.40.40:759][  0]LogConfig: Setting CVar [[r.Streaming.MipBias:0]]
[2019.06.04-07.40.40:759][  0]LogConfig: Setting CVar [[r.Streaming.AmortizeCPUToGPUCopy:0]]
[2019.06.04-07.40.40:759][  0]LogConfig: Setting CVar [[r.Streaming.MaxNumTexturesToStreamPerFrame:0]]
[2019.06.04-07.40.40:760][  0]LogConfig: Setting CVar [[r.Streaming.Boost:1]]
[2019.06.04-07.40.40:760][  0]LogConfig: Setting CVar [[r.MaxAnisotropy:8]]
[2019.06.04-07.40.40:760][  0]LogConfig: Setting CVar [[r.Streaming.LimitPoolSizeToVRAM:0]]
[2019.06.04-07.40.40:760][  0]LogConfig: Setting CVar [[r.Streaming.PoolSize:1000]]
[2019.06.04-07.40.40:760][  0]LogConfig: Setting CVar [[r.Streaming.MaxEffectiveScreenSize:0]]
[2019.06.04-07.40.40:760][  0]LogConfig: Applying CVar settings from Section [EffectsQuality@3] File [../../../program3053/Saved/Config/Windows/Scalability.ini]
[2019.06.04-07.40.40:760][  0]LogConfig: Setting CVar [[r.TranslucencyLightingVolumeDim:64]]
[2019.06.04-07.40.40:760][  0]LogConfig: Setting CVar [[r.RefractionQuality:2]]
[2019.06.04-07.40.40:760][  0]LogConfig: Setting CVar [[r.SSR.Quality:3]]
[2019.06.04-07.40.40:760][  0]LogConfig: Setting CVar [[r.SceneColorFormat:4]]
[2019.06.04-07.40.40:760][  0]LogConfig: Setting CVar [[r.DetailMode:2]]
[2019.06.04-07.40.40:760][  0]LogConfig: Setting CVar [[r.TranslucencyVolumeBlur:1]]
[2019.06.04-07.40.40:760][  0]LogConfig: Setting CVar [[r.MaterialQualityLevel:1 ; High quality]]
[2019.06.04-07.40.40:760][  0]LogConfig: Setting CVar [[r.SSS.Scale:1]]
[2019.06.04-07.40.40:760][  0]LogConfig: Setting CVar [[r.SSS.SampleSet:2]]
[2019.06.04-07.40.40:761][  0]LogConfig: Setting CVar [[r.SSS.Quality:1]]
[2019.06.04-07.40.40:761][  0]LogConfig: Setting CVar [[r.SSS.HalfRes:1]]
[2019.06.04-07.40.40:761][  0]LogConfig: Setting CVar [[r.EmitterSpawnRateScale:1.0]]
[2019.06.04-07.40.40:761][  0]LogConfig: Setting CVar [[r.ParticleLightQuality:2]]
[2019.06.04-07.40.40:761][  0]LogConfig: Applying CVar settings from Section [FoliageQuality@3] File [../../../program3053/Saved/Config/Windows/Scalability.ini]
[2019.06.04-07.40.40:761][  0]LogConfig: Setting CVar [[foliage.DensityScale:1.0]]
[2019.06.04-07.40.40:761][  0]LogConfig: Setting CVar [[grass.DensityScale:1.0]]
[2019.06.04-07.40.40:761][  0]LogConfig: Applying CVar settings from Section [Startup] File [../../../Engine/Config/ConsoleVariables.ini]
[2019.06.04-07.40.40:762][  0]LogConfig: Setting CVar [[net.UseAdaptiveNetUpdateFrequency:0]]
[2019.06.04-07.40.40:762][  0]LogConfig: Setting CVar [[p.chaos.AllowCreatePhysxBodies:1]]
[2019.06.04-07.40.40:762][  0]LogConfig: Applying CVar settings from Section [ConsoleVariables] File [../../../program3053/Saved/Config/Windows/Engine.ini]
[2019.06.04-07.40.40:796][  0]LogInit: Computer: DESKTOP-JAV4KFL
[2019.06.04-07.40.40:804][  0]LogInit: User: 王传坤
[2019.06.04-07.40.40:804][  0]LogInit: CPU Page size=4096, Cores=4
[2019.06.04-07.40.40:804][  0]LogInit: High frequency timer resolution =2.250003 MHz
[2019.06.04-07.40.40:805][  0]LogMemory: Memory total: Physical=7.9GB (8GB approx)
[2019.06.04-07.40.40:809][  0]LogMemory: Platform Memory Stats for Windows
[2019.06.04-07.40.40:809][  0]LogMemory: Process Physical Memory: 96.25 MB used, 96.25 MB peak
[2019.06.04-07.40.40:811][  0]LogMemory: Process Virtual Memory: 90.66 MB used, 90.66 MB peak
[2019.06.04-07.40.40:812][  0]LogMemory: Physical Memory: 6141.91 MB used,  1910.75 MB free, 8052.66 MB total
[2019.06.04-07.40.40:812][  0]LogMemory: Virtual Memory: 4660.82 MB used,  134213064.00 MB free, 134217728.00 MB total
[2019.06.04-07.40.42:494][  0]LogInit: Using OS detected language (zh-CN).
[2019.06.04-07.40.42:494][  0]LogInit: Using OS detected locale (zh-CN).
[2019.06.04-07.40.42:546][  0]LogTextLocalizationResource: LocRes '../../../Engine/Content/Localization/Editor/zh-Hans-CN/Editor.locres' could not be opened for reading!
[2019.06.04-07.40.42:547][  0]LogTextLocalizationResource: LocRes '../../../Engine/Content/Localization/EditorTutorials/zh-Hans-CN/EditorTutorials.locres' could not be opened for reading!
[2019.06.04-07.40.42:547][  0]LogTextLocalizationResource: LocRes '../../../Engine/Content/Localization/Keywords/zh-Hans-CN/Keywords.locres' could not be opened for reading!
[2019.06.04-07.40.42:548][  0]LogTextLocalizationResource: LocRes '../../../Engine/Content/Localization/Category/zh-Hans-CN/Category.locres' could not be opened for reading!
[2019.06.04-07.40.42:570][  0]LogTextLocalizationResource: LocRes '../../../Engine/Content/Localization/ToolTips/zh-Hans-CN/ToolTips.locres' could not be opened for reading!
[2019.06.04-07.40.42:587][  0]LogTextLocalizationResource: LocRes '../../../Engine/Content/Localization/PropertyNames/zh-Hans-CN/PropertyNames.locres' could not be opened for reading!
[2019.06.04-07.40.42:588][  0]LogTextLocalizationResource: LocRes '../../../Engine/Content/Localization/Engine/zh-Hans-CN/Engine.locres' could not be opened for reading!
[2019.06.04-07.40.42:590][  0]LogTextLocalizationResource: LocRes '../../../Engine/Plugins/Online/Android/OnlineSubsystemGooglePlay/Content/Localization/OnlineSubsystemGooglePlay/zh-Hans-CN/OnlineSubsystemGooglePlay.locres' could not be opened for reading!
[2019.06.04-07.40.42:593][  0]LogTextLocalizationResource: LocRes '../../../Engine/Plugins/Online/IOS/OnlineSubsystemIOS/Content/Localization/OnlineSubsystemIOS/zh-Hans-CN/OnlineSubsystemIOS.locres' could not be opened for reading!
[2019.06.04-07.40.42:595][  0]LogTextLocalizationResource: LocRes '../../../Engine/Plugins/Online/OnlineSubsystem/Content/Localization/OnlineSubsystem/zh-Hans-CN/OnlineSubsystem.locres' could not be opened for reading!
[2019.06.04-07.40.42:597][  0]LogTextLocalizationResource: LocRes '../../../Engine/Plugins/Online/OnlineSubsystemUtils/Content/Localization/OnlineSubsystemUtils/zh-Hans-CN/OnlineSubsystemUtils.locres' could not be opened for reading!
[2019.06.04-07.40.43:028][  0]LogTextLocalizationResource: LocRes '../../../Engine/Plugins/Online/Android/OnlineSubsystemGooglePlay/Content/Localization/OnlineSubsystemGooglePlay/zh-CN/OnlineSubsystemGooglePlay.locres' could not be opened for reading!
[2019.06.04-07.40.43:030][  0]LogTextLocalizationResource: LocRes '../../../Engine/Plugins/Online/IOS/OnlineSubsystemIOS/Content/Localization/OnlineSubsystemIOS/zh-CN/OnlineSubsystemIOS.locres' could not be opened for reading!
[2019.06.04-07.40.43:031][  0]LogTextLocalizationResource: LocRes '../../../Engine/Plugins/Online/OnlineSubsystem/Content/Localization/OnlineSubsystem/zh-CN/OnlineSubsystem.locres' could not be opened for reading!
[2019.06.04-07.40.43:032][  0]LogTextLocalizationResource: LocRes '../../../Engine/Plugins/Online/OnlineSubsystemUtils/Content/Localization/OnlineSubsystemUtils/zh-CN/OnlineSubsystemUtils.locres' could not be opened for reading!
[2019.06.04-07.40.43:032][  0]LogTextLocalizationResource: LocRes '../../../Engine/Content/Localization/Editor/zh-Hans/Editor.locres' could not be opened for reading!
[2019.06.04-07.40.43:033][  0]LogTextLocalizationResource: LocRes '../../../Engine/Content/Localization/EditorTutorials/zh-Hans/EditorTutorials.locres' could not be opened for reading!
[2019.06.04-07.40.43:033][  0]LogTextLocalizationResource: LocRes '../../../Engine/Content/Localization/Keywords/zh-Hans/Keywords.locres' could not be opened for reading!
[2019.06.04-07.40.43:034][  0]LogTextLocalizationResource: LocRes '../../../Engine/Content/Localization/Category/zh-Hans/Category.locres' could not be opened for reading!
[2019.06.04-07.40.43:034][  0]LogTextLocalizationResource: LocRes '../../../Engine/Content/Localization/ToolTips/zh-Hans/ToolTips.locres' could not be opened for reading!
[2019.06.04-07.40.43:034][  0]LogTextLocalizationResource: LocRes '../../../Engine/Content/Localization/PropertyNames/zh-Hans/PropertyNames.locres' could not be opened for reading!
[2019.06.04-07.40.43:035][  0]LogTextLocalizationResource: LocRes '../../../Engine/Content/Localization/Engine/zh-Hans/Engine.locres' could not be opened for reading!
[2019.06.04-07.40.43:082][  0]LogTextLocalizationResource: LocRes '../../../Engine/Content/Localization/Editor/zh/Editor.locres' could not be opened for reading!
[2019.06.04-07.40.43:083][  0]LogTextLocalizationResource: LocRes '../../../Engine/Content/Localization/EditorTutorials/zh/EditorTutorials.locres' could not be opened for reading!
[2019.06.04-07.40.43:084][  0]LogTextLocalizationResource: LocRes '../../../Engine/Content/Localization/Keywords/zh/Keywords.locres' could not be opened for reading!
[2019.06.04-07.40.43:085][  0]LogTextLocalizationResource: LocRes '../../../Engine/Content/Localization/Category/zh/Category.locres' could not be opened for reading!
[2019.06.04-07.40.43:088][  0]LogTextLocalizationResource: LocRes '../../../Engine/Content/Localization/ToolTips/zh/ToolTips.locres' could not be opened for reading!
[2019.06.04-07.40.43:091][  0]LogTextLocalizationResource: LocRes '../../../Engine/Content/Localization/PropertyNames/zh/PropertyNames.locres' could not be opened for reading!
[2019.06.04-07.40.43:094][  0]LogTextLocalizationResource: LocRes '../../../Engine/Content/Localization/Engine/zh/Engine.locres' could not be opened for reading!
[2019.06.04-07.40.43:095][  0]LogTextLocalizationResource: LocRes '../../../Engine/Plugins/Online/Android/OnlineSubsystemGooglePlay/Content/Localization/OnlineSubsystemGooglePlay/zh/OnlineSubsystemGooglePlay.locres' could not be opened for reading!
[2019.06.04-07.40.43:095][  0]LogTextLocalizationResource: LocRes '../../../Engine/Plugins/Online/IOS/OnlineSubsystemIOS/Content/Localization/OnlineSubsystemIOS/zh/OnlineSubsystemIOS.locres' could not be opened for reading!
[2019.06.04-07.40.43:096][  0]LogTextLocalizationResource: LocRes '../../../Engine/Plugins/Online/OnlineSubsystem/Content/Localization/OnlineSubsystem/zh/OnlineSubsystem.locres' could not be opened for reading!
[2019.06.04-07.40.43:096][  0]LogTextLocalizationResource: LocRes '../../../Engine/Plugins/Online/OnlineSubsystemUtils/Content/Localization/OnlineSubsystemUtils/zh/OnlineSubsystemUtils.locres' could not be opened for reading!
[2019.06.04-07.40.43:165][  0]LogInit: Setting process to per monitor DPI aware
[2019.06.04-07.40.44:039][  0]LogSlate: New Slate User Created.  User Index 0, Is Virtual User: 0
[2019.06.04-07.40.44:040][  0]LogSlate: Slate User Registered.  User Index 0, Is Virtual User: 0
[2019.06.04-07.40.46:002][  0]LogHMD: Failed to initialize OpenVR with code 110
[2019.06.04-07.40.46:003][  0]LogD3D11RHI: D3D11 adapters:
[2019.06.04-07.40.46:161][  0]LogD3D11RHI:    0. 'NVIDIA GeForce GTX 1050 Ti' (Feature Level 11_0)
[2019.06.04-07.40.46:161][  0]LogD3D11RHI:       4018/0/4026 MB DedicatedVideo/DedicatedSystem/SharedSystem, Outputs:1, VendorId:0x10de
[2019.06.04-07.40.46:187][  0]LogD3D11RHI:    1. 'Intel(R) UHD Graphics 630' (Feature Level 11_0)
[2019.06.04-07.40.46:187][  0]LogD3D11RHI:       128/0/4026 MB DedicatedVideo/DedicatedSystem/SharedSystem, Outputs:0, VendorId:0x8086
[2019.06.04-07.40.46:389][  0]LogD3D11RHI:    2. 'Microsoft Basic Render Driver' (Feature Level 11_0)
[2019.06.04-07.40.46:389][  0]LogD3D11RHI:       0/0/4026 MB DedicatedVideo/DedicatedSystem/SharedSystem, Outputs:0, VendorId:0x1414
[2019.06.04-07.40.46:389][  0]LogD3D11RHI: Chosen D3D11 Adapter: 0
[2019.06.04-07.40.46:424][  0]LogD3D11RHI: Creating new Direct3DDevice
[2019.06.04-07.40.46:424][  0]LogD3D11RHI:     GPU DeviceId: 0x1c8c (for the marketing name, search the web for "GPU Device Id")
[2019.06.04-07.40.46:425][  0]LogWindows: EnumDisplayDevices:
[2019.06.04-07.40.46:425][  0]LogWindows:    0. 'Intel(R) UHD Graphics 630' (P:1 D:1)
[2019.06.04-07.40.46:426][  0]LogWindows:    1. 'Intel(R) UHD Graphics 630' (P:0 D:0)
[2019.06.04-07.40.46:426][  0]LogWindows:    2. 'Intel(R) UHD Graphics 630' (P:0 D:0)
[2019.06.04-07.40.46:427][  0]LogWindows:    3. 'NVIDIA GeForce GTX 1050 Ti' (P:0 D:0)
[2019.06.04-07.40.46:427][  0]LogWindows: DebugString: PrimaryIsNotTheChoosenAdapter PrimaryIsNotTheChoosenAdapter PrimaryIsNotTheChoosenAdapter 
[2019.06.04-07.40.46:427][  0]LogD3D11RHI:     Adapter Name: NVIDIA GeForce GTX 1050 Ti
[2019.06.04-07.40.46:428][  0]LogD3D11RHI:   Driver Version: 398.36 (internal:24.21.13.9836, unified:398.36)
[2019.06.04-07.40.46:428][  0]LogD3D11RHI:      Driver Date: 6-24-2018
[2019.06.04-07.40.46:428][  0]LogRHI: Texture pool is 2812 MB (70% of 4018 MB)
[2019.06.04-07.40.46:495][  0]LogD3D11RHI: Async texture creation enabled
[2019.06.04-07.40.46:563][  0]LogRendererCore: FGlobalReadBuffer::InitRHI
[2019.06.04-07.40.46:585][  0]LogRendererCore: FGlobalReadBuffer::InitRHI
[2019.06.04-07.40.46:585][  0]LogRendererCore: FGlobalReadBuffer::InitRHI
[2019.06.04-07.40.46:610][  0]LogD3D11RHI: GPU Timing Frequency: 1000.000000 (Debug: 2 2)
[2019.06.04-07.40.47:214][  0]LogTemp: Display: Module 'AllDesktopTargetPlatform' loaded TargetPlatform 'AllDesktop'
[2019.06.04-07.40.47:241][  0]LogTemp: Display: Module 'MacClientTargetPlatform' loaded TargetPlatform 'MacClient'
[2019.06.04-07.40.47:281][  0]LogTemp: Display: Module 'MacNoEditorTargetPlatform' loaded TargetPlatform 'MacNoEditor'
[2019.06.04-07.40.47:327][  0]LogTemp: Display: Module 'MacServerTargetPlatform' loaded TargetPlatform 'MacServer'
[2019.06.04-07.40.47:394][  0]LogTemp: Display: Module 'MacTargetPlatform' loaded TargetPlatform 'Mac'
[2019.06.04-07.40.47:446][  0]LogTemp: Display: Module 'WindowsClientTargetPlatform' loaded TargetPlatform 'WindowsClient'
[2019.06.04-07.40.47:464][  0]LogTemp: Display: Module 'WindowsNoEditorTargetPlatform' loaded TargetPlatform 'WindowsNoEditor'
[2019.06.04-07.40.47:482][  0]LogTemp: Display: Module 'WindowsServerTargetPlatform' loaded TargetPlatform 'WindowsServer'
[2019.06.04-07.40.47:507][  0]LogTemp: Display: Module 'WindowsTargetPlatform' loaded TargetPlatform 'Windows'
[2019.06.04-07.40.47:644][  0]LogTemp: Display: Module 'AndroidTargetPlatform' loaded TargetPlatform 'Android'
[2019.06.04-07.40.47:644][  0]LogTemp: Display: Module 'AndroidTargetPlatform' loaded TargetPlatform 'Android_ASTC'
[2019.06.04-07.40.47:644][  0]LogTemp: Display: Module 'AndroidTargetPlatform' loaded TargetPlatform 'Android_ATC'
[2019.06.04-07.40.47:644][  0]LogTemp: Display: Module 'AndroidTargetPlatform' loaded TargetPlatform 'Android_DXT'
[2019.06.04-07.40.47:644][  0]LogTemp: Display: Module 'AndroidTargetPlatform' loaded TargetPlatform 'Android_ETC1'
[2019.06.04-07.40.47:644][  0]LogTemp: Display: Module 'AndroidTargetPlatform' loaded TargetPlatform 'Android_ETC1a'
[2019.06.04-07.40.47:644][  0]LogTemp: Display: Module 'AndroidTargetPlatform' loaded TargetPlatform 'Android_ETC2'
[2019.06.04-07.40.47:645][  0]LogTemp: Display: Module 'AndroidTargetPlatform' loaded TargetPlatform 'Android_PVRTC'
[2019.06.04-07.40.47:645][  0]LogTemp: Display: Module 'AndroidTargetPlatform' loaded TargetPlatform 'AndroidClient'
[2019.06.04-07.40.47:645][  0]LogTemp: Display: Module 'AndroidTargetPlatform' loaded TargetPlatform 'Android_ASTCClient'
[2019.06.04-07.40.47:645][  0]LogTemp: Display: Module 'AndroidTargetPlatform' loaded TargetPlatform 'Android_ATCClient'
[2019.06.04-07.40.47:645][  0]LogTemp: Display: Module 'AndroidTargetPlatform' loaded TargetPlatform 'Android_DXTClient'
[2019.06.04-07.40.47:645][  0]LogTemp: Display: Module 'AndroidTargetPlatform' loaded TargetPlatform 'Android_ETC1Client'
[2019.06.04-07.40.47:645][  0]LogTemp: Display: Module 'AndroidTargetPlatform' loaded TargetPlatform 'Android_ETC1aClient'
[2019.06.04-07.40.47:645][  0]LogTemp: Display: Module 'AndroidTargetPlatform' loaded TargetPlatform 'Android_ETC2Client'
[2019.06.04-07.40.47:645][  0]LogTemp: Display: Module 'AndroidTargetPlatform' loaded TargetPlatform 'Android_PVRTCClient'
[2019.06.04-07.40.47:645][  0]LogTemp: Display: Module 'AndroidTargetPlatform' loaded TargetPlatform 'Android_Multi'
[2019.06.04-07.40.47:645][  0]LogTemp: Display: Module 'AndroidTargetPlatform' loaded TargetPlatform 'Android_MultiClient'
[2019.06.04-07.40.47:663][  0]LogTemp: Display: Module 'HTML5TargetPlatform' loaded TargetPlatform 'HTML5'
[2019.06.04-07.40.47:848][  0]LogTemp: Display: Module 'IOSTargetPlatform' loaded TargetPlatform 'IOSClient'
[2019.06.04-07.40.47:848][  0]LogTemp: Display: Module 'IOSTargetPlatform' loaded TargetPlatform 'IOS'
[2019.06.04-07.40.47:901][  0]LogTemp: Display: Module 'TVOSTargetPlatform' loaded TargetPlatform 'TVOSClient'
[2019.06.04-07.40.47:901][  0]LogTemp: Display: Module 'TVOSTargetPlatform' loaded TargetPlatform 'TVOS'
[2019.06.04-07.40.47:929][  0]LogTemp: Display: Module 'LinuxClientTargetPlatform' loaded TargetPlatform 'LinuxClient'
[2019.06.04-07.40.47:955][  0]LogTemp: Display: Module 'LinuxNoEditorTargetPlatform' loaded TargetPlatform 'LinuxNoEditor'
[2019.06.04-07.40.47:983][  0]LogTemp: Display: Module 'LinuxServerTargetPlatform' loaded TargetPlatform 'LinuxServer'
[2019.06.04-07.40.48:024][  0]LogTemp: Display: Module 'LinuxTargetPlatform' loaded TargetPlatform 'Linux'
[2019.06.04-07.40.48:140][  0]LogTemp: Display: Module 'LuminTargetPlatform' loaded TargetPlatform 'Lumin'
[2019.06.04-07.40.48:140][  0]LogTemp: Display: Module 'LuminTargetPlatform' loaded TargetPlatform 'LuminClient'
[2019.06.04-07.40.48:140][  0]LogTargetPlatformManager: Display: Building Assets For Windows
[2019.06.04-07.40.48:244][  0]LogAudioDebug: Display: Lib vorbis DLL was dynamically loaded.
[2019.06.04-07.40.48:961][  0]LogShaderCompilers: Guid format shader working directory is 23 characters bigger than the processId version (../../../program3053/Intermediate/Shaders/WorkingDirectory/36624/).
[2019.06.04-07.40.48:962][  0]LogShaderCompilers: Cleaned the shader compiler working directory 'C:/Users/王传坤/AppData/Local/Temp/UnrealShaderWorkingDir/067D65FA461208F50CC5A1AD8E70ED17/'.
[2019.06.04-07.40.48:980][  0]LogXGEController: Cannot use XGE Controller as Incredibuild is not installed on this machine.
[2019.06.04-07.40.48:980][  0]LogShaderCompilers: Cannot use XGE Shader Compiler as Incredibuild is not installed on this machine.
[2019.06.04-07.40.48:980][  0]LogShaderCompilers: Display: Using Local Shader Compiler.
[2019.06.04-07.40.50:855][  0]LogDerivedDataCache: Display: Max Cache Size: 512 MB
[2019.06.04-07.40.51:083][  0]LogDerivedDataCache: Loaded boot cache 0.23s 71MB C:/Users/王传坤/AppData/Local/UnrealEngine/4.22/DerivedDataCache/Boot.ddc.
[2019.06.04-07.40.51:083][  0]LogDerivedDataCache: Display: Loaded Boot cache: C:/Users/王传坤/AppData/Local/UnrealEngine/4.22/DerivedDataCache/Boot.ddc
[2019.06.04-07.40.51:083][  0]LogDerivedDataCache: FDerivedDataBackendGraph:  Pak pak cache file ../../../program3053/DerivedDataCache/DDC.ddp not found, will not use a pak cache.
[2019.06.04-07.40.51:084][  0]LogDerivedDataCache: Unable to find inner node Pak for hierarchical cache Hierarchy.
[2019.06.04-07.40.51:084][  0]LogDerivedDataCache: FDerivedDataBackendGraph:  CompressedPak pak cache file ../../../program3053/DerivedDataCache/Compressed.ddp not found, will not use a pak cache.
[2019.06.04-07.40.51:084][  0]LogDerivedDataCache: Unable to find inner node CompressedPak for hierarchical cache Hierarchy.
[2019.06.04-07.40.51:196][  0]LogDerivedDataCache: Display: Pak cache opened for reading ../../../Engine/DerivedDataCache/Compressed.ddp.
[2019.06.04-07.40.51:196][  0]LogDerivedDataCache: FDerivedDataBackendGraph:  EnterprisePak pak cache file ../../../Enterprise/DerivedDataCache/Compressed.ddp not found, will not use a pak cache.
[2019.06.04-07.40.51:197][  0]LogDerivedDataCache: Unable to find inner node EnterprisePak for hierarchical cache Hierarchy.
[2019.06.04-07.40.51:215][  0]LogDerivedDataCache: Using Local data cache path C:/Users/王传坤/AppData/Local/UnrealEngine/Common/DerivedDataCache: Writable
[2019.06.04-07.40.51:215][  0]LogDerivedDataCache: Shared data cache path not found in *engine.ini, will not use an Shared cache.
[2019.06.04-07.40.51:215][  0]LogDerivedDataCache: Unable to find inner node Shared for hierarchical cache Hierarchy.
[2019.06.04-07.40.51:336][  0]LogMaterial: Verifying Global Shaders for PCD3D_SM5
[2019.06.04-07.40.51:399][  0]LogSlate: Using FreeType 2.6.0
[2019.06.04-07.40.51:441][  0]LogSlate: SlateFontServices - WITH_FREETYPE: 1, WITH_HARFBUZZ: 1
[2019.06.04-07.40.52:460][  0]LogAssetRegistry: FAssetRegistry took 0.0368 seconds to start up
[2019.06.04-07.40.55:203][  0]LogInit: Selected Device Profile: [Windows]
[2019.06.04-07.40.57:197][  0]LogMeshReduction: Using QuadricMeshReduction for automatic static mesh reduction
[2019.06.04-07.40.57:197][  0]LogMeshReduction: Using SimplygonMeshReduction for automatic skeletal mesh reduction
[2019.06.04-07.40.57:197][  0]LogMeshReduction: Using ProxyLODMeshReduction for automatic mesh merging
[2019.06.04-07.40.57:197][  0]LogMeshReduction: No distributed automatic mesh merging module available
[2019.06.04-07.40.57:197][  0]LogMeshMerging: No distributed automatic mesh merging module available
[2019.06.04-07.40.57:648][  0]LogNetVersion: program3053 1.0.0, NetCL: 5660361, EngineNetVer: 10, GameNetVer: 0 (Checksum: 2992420275)
[2019.06.04-07.41.04:029][  0]LogPackageLocalizationCache: Processed 10 localized package path(s) for 4 prioritized culture(s) in 0.432635 seconds
[2019.06.04-07.41.04:037][  0]LogUObjectArray: 42205 objects as part of root set at end of initial load.
[2019.06.04-07.41.04:037][  0]LogUObjectAllocator: 7325032 out of 0 bytes used by permanent object pool.
[2019.06.04-07.41.04:037][  0]LogUObjectArray: CloseDisregardForGC: 0/0 objects in disregard for GC pool
[2019.06.04-07.41.20:799][  0]LogTcpMessaging: Initializing TcpMessaging bridge
[2019.06.04-07.41.20:941][  0]LogUdpMessaging: Initializing bridge on interface 0.0.0.0:0 to multicast group 230.0.0.1:6666.
[2019.06.04-07.41.21:651][  0]SourceControl: 源码控制已禁用
[2019.06.04-07.41.21:656][  0]SourceControl: 源码控制已禁用
[2019.06.04-07.41.21:732][  0]SourceControl: 源码控制已禁用
[2019.06.04-07.41.21:753][  0]SourceControl: 源码控制已禁用
[2019.06.04-07.41.22:826][  0]LogAndroidPermission: UAndroidPermissionCallbackProxy::GetInstance
[2019.06.04-07.41.23:424][  0]LogOcInput: OculusInput pre-init called
[2019.06.04-07.41.25:161][  0]LogEngine: Initializing Engine...
[2019.06.04-07.41.25:171][  0]LogHMD: Failed to initialize OpenVR with code 110
[2019.06.04-07.41.25:172][  0]LogStats: UGameplayTagsManager::InitializeManager -  0.000 s
[2019.06.04-07.41.25:712][  0]LogInit: Initializing FReadOnlyCVARCache
[2019.06.04-07.41.26:180][  0]LogAIModule: Creating AISystem for world Untitled
[2019.06.04-07.41.26:286][  0]LogInit: XAudio2 using 'Speakers/Headphones (Realtek(R) Audio)' : 2 channels at 48 kHz using 32 bits per sample (channel mask 0x3)
[2019.06.04-07.41.26:543][  0]LogInit: FAudioDevice initialized.
[2019.06.04-07.41.26:544][  0]LogNetVersion: Set ProjectVersion to 1.0.0.0. Version Checksum will be recalculated on next use.
[2019.06.04-07.41.26:630][  0]LogDerivedDataCache: Saved boot cache 0.09s 71MB C:/Users/王传坤/AppData/Local/UnrealEngine/4.22/DerivedDataCache/Boot.ddc.
[2019.06.04-07.41.26:637][  0]LogInit: Texture streaming: Enabled
[2019.06.04-07.41.27:003][  0]LogEngineSessionManager: EngineSessionManager initialized
[2019.06.04-07.41.27:258][  0]LogInit: Transaction tracking system initialized
[2019.06.04-07.41.27:740][  0]BlueprintLog: New page: 编辑器加载
[2019.06.04-07.41.28:970][  0]LocalizationService: 本地化服务已禁用
[2019.06.04-07.41.30:185][  0]LogLinker: Warning: 无法找到文件 '/Game/TwinStickBP/TwinStickOverview'
[2019.06.04-07.41.30:186][  0]LogLinker: Warning: 无法找到文件 '/Game/TwinStickBP/TwinStickOverview'
[2019.06.04-07.41.30:186][  0]LogUObjectGlobals: Warning: 寻找对象 'Class /Game/TwinStickBP/TwinStickOverview.TwinStickOverview_C’ 失败
[2019.06.04-07.41.31:544][  0]LogFileCache: Scanning file cache for directory 'D:/Epic/UE_4.22/program3053/Content/' took 0.02s
[2019.06.04-07.41.31:544][  0]LogCook: Display: Max memory allowance for cook 16384mb min free memory 0mb
[2019.06.04-07.41.31:545][  0]LogCook: Display: Mobile HDR setting 1
[2019.06.04-07.41.33:355][  0]SourceControl: 源码控制已禁用
[2019.06.04-07.41.33:355][  0]Cmd: MAP LOAD FILE="../../../program3053/Content/TwinStickCPP/Maps/TwinStickExampleMap.umap" TEMPLATE=0 SHOWPROGRESS=1 FEATURELEVEL=3
[2019.06.04-07.41.33:365][  0]LightingResults: New page: 光照构建
[2019.06.04-07.41.33:467][  0]MapCheck: New page: 地图检测
[2019.06.04-07.41.33:467][  0]LightingResults: New page: 光照构建
[2019.06.04-07.41.33:581][  0]LogUObjectHash: Compacting FUObjectHashTables data took   1.50ms
[2019.06.04-07.41.34:676][  0]LogAIModule: Creating AISystem for world TwinStickExampleMap
[2019.06.04-07.41.34:822][  0]LogEditorServer: Finished looking for orphan Actors (0.000 secs)
[2019.06.04-07.41.34:931][  0]LogUObjectHash: Compacting FUObjectHashTables data took   2.31ms
[2019.06.04-07.41.34:931][  0]Cmd: MAP CHECKDEP NOCLEARLOG
[2019.06.04-07.41.34:931][  0]MapCheck: 地图检测完成：0个错误，0 个警告，用时0.458毫秒完成。
[2019.06.04-07.41.34:945][  0]LogFileHelpers: Loading map 'TwinStickExampleMap' took 1.589
[2019.06.04-07.41.35:561][  0]LogSlate: Updating window title bar state: overlay mode, drag disabled, window buttons hidden, title bar hidden
[2019.06.04-07.41.35:569][  0]LogSlate: Updating window title bar state: overlay mode, drag disabled, window buttons hidden, title bar hidden
[2019.06.04-07.41.35:580][  0]LogSlate: Updating window title bar state: overlay mode, drag disabled, window buttons hidden, title bar hidden
[2019.06.04-07.41.35:589][  0]LogSlate: Updating window title bar state: overlay mode, drag disabled, window buttons hidden, title bar hidden
[2019.06.04-07.41.35:647][  0]LogCollectionManager: Loaded 0 collections in 0.001390 seconds
[2019.06.04-07.41.35:829][  0]LogFileCache: Scanning file cache for directory 'D:/Epic/UE_4.22/program3053/Saved/Collections/' took 0.01s
[2019.06.04-07.41.35:829][  0]LogFileCache: Scanning file cache for directory 'D:/Epic/UE_4.22/program3053/Content/Developers/王传坤/Collections/' took 0.02s
[2019.06.04-07.41.35:829][  0]LogFileCache: Scanning file cache for directory 'D:/Epic/UE_4.22/program3053/Content/Collections/' took 0.01s
[2019.06.04-07.41.35:829][  0]LogCollectionManager: Rebuilt the GUID cache for 0 collections in 0.000000 seconds
[2019.06.04-07.41.35:855][  0]LogContentBrowser: Native class hierarchy populated in 0.0257 seconds. Added 2742 classes and 661 folders.
[2019.06.04-07.41.35:993][  0]LogContentBrowser: Native class hierarchy updated for 'WidgetCarousel' in 0.0005 seconds. Added 0 classes and 0 folders.
[2019.06.04-07.41.36:035][  0]LogPakFile: Registered encryption key '00000000000000000000000000000000': 0 pak files mounted, 0 remain pending
[2019.06.04-07.41.36:060][  0]LogPakFile: Registered encryption key '00000000000000000000000000000000': 0 pak files mounted, 0 remain pending
[2019.06.04-07.41.36:072][  0]LogPakFile: Registered encryption key '00000000000000000000000000000000': 0 pak files mounted, 0 remain pending
[2019.06.04-07.41.36:074][  0]LogPakFile: Registered encryption key '00000000000000000000000000000000': 0 pak files mounted, 0 remain pending
[2019.06.04-07.41.36:090][  0]LogPakFile: Registered encryption key '00000000000000000000000000000000': 0 pak files mounted, 0 remain pending
[2019.06.04-07.41.36:092][  0]LogPakFile: Registered encryption key '00000000000000000000000000000000': 0 pak files mounted, 0 remain pending
[2019.06.04-07.41.36:170][  0]LogPakFile: Registered encryption key '00000000000000000000000000000000': 0 pak files mounted, 0 remain pending
[2019.06.04-07.41.36:172][  0]LogPakFile: Registered encryption key '00000000000000000000000000000000': 0 pak files mounted, 0 remain pending
[2019.06.04-07.41.36:196][  0]LogPakFile: Registered encryption key '00000000000000000000000000000000': 0 pak files mounted, 0 remain pending
[2019.06.04-07.41.36:198][  0]LogPakFile: Registered encryption key '00000000000000000000000000000000': 0 pak files mounted, 0 remain pending
[2019.06.04-07.41.36:200][  0]LogPakFile: Registered encryption key '00000000000000000000000000000000': 0 pak files mounted, 0 remain pending
[2019.06.04-07.41.36:202][  0]LogPakFile: Registered encryption key '00000000000000000000000000000000': 0 pak files mounted, 0 remain pending
[2019.06.04-07.41.36:204][  0]LogPakFile: Registered encryption key '00000000000000000000000000000000': 0 pak files mounted, 0 remain pending
[2019.06.04-07.41.36:205][  0]LogPakFile: Registered encryption key '00000000000000000000000000000000': 0 pak files mounted, 0 remain pending
[2019.06.04-07.41.36:208][  0]LogPakFile: Registered encryption key '00000000000000000000000000000000': 0 pak files mounted, 0 remain pending
[2019.06.04-07.41.36:211][  0]LogPakFile: Registered encryption key '00000000000000000000000000000000': 0 pak files mounted, 0 remain pending
[2019.06.04-07.41.36:213][  0]LogPakFile: Registered encryption key '00000000000000000000000000000000': 0 pak files mounted, 0 remain pending
[2019.06.04-07.41.36:214][  0]LogPakFile: Registered encryption key '00000000000000000000000000000000': 0 pak files mounted, 0 remain pending
[2019.06.04-07.41.36:235][  0]LogPakFile: Registered encryption key '00000000000000000000000000000000': 0 pak files mounted, 0 remain pending
[2019.06.04-07.41.36:237][  0]LogPakFile: Registered encryption key '00000000000000000000000000000000': 0 pak files mounted, 0 remain pending
[2019.06.04-07.41.36:239][  0]LogPakFile: Registered encryption key '00000000000000000000000000000000': 0 pak files mounted, 0 remain pending
[2019.06.04-07.41.36:242][  0]LogPakFile: Registered encryption key '00000000000000000000000000000000': 0 pak files mounted, 0 remain pending
[2019.06.04-07.41.36:245][  0]LogPakFile: Registered encryption key '00000000000000000000000000000000': 0 pak files mounted, 0 remain pending
[2019.06.04-07.41.36:248][  0]LogPakFile: Registered encryption key '00000000000000000000000000000000': 0 pak files mounted, 0 remain pending
[2019.06.04-07.41.36:250][  0]LogPakFile: Registered encryption key '00000000000000000000000000000000': 0 pak files mounted, 0 remain pending
[2019.06.04-07.41.36:252][  0]LogPakFile: Registered encryption key '00000000000000000000000000000000': 0 pak files mounted, 0 remain pending
[2019.06.04-07.41.37:479][  0]LogContentBrowser: Native class hierarchy updated for 'AddContentDialog' in 0.0005 seconds. Added 0 classes and 0 folders.
[2019.06.04-07.41.37:624][  0]LogContentBrowser: Native class hierarchy updated for 'SceneOutliner' in 0.0008 seconds. Added 1 classes and 2 folders.
[2019.06.04-07.41.38:226][  0]LogSlate: Took 0.025378 seconds to synchronously load lazily loaded font '../../../Engine/Content/Slate/Fonts/Roboto-Regular.ttf' (155K)
[2019.06.04-07.41.38:322][  0]LogSlate: Took 0.094659 seconds to synchronously load lazily loaded font '../../../Engine/Content/Slate/Fonts/DroidSansFallback.ttf' (3848K)
[2019.06.04-07.41.38:357][  0]LogSlate: Took 0.034398 seconds to synchronously load lazily loaded font '../../../Engine/Content/Slate/Fonts/Roboto-Bold.ttf' (160K)
[2019.06.04-07.41.38:381][  0]LogSlate: Took 0.020001 seconds to synchronously load lazily loaded font '../../../Engine/Content/Editor/Slate/Fonts/FontAwesome.ttf' (139K)
[2019.06.04-07.41.38:704][  0]LogRenderer: Reallocating scene render targets to support 964x404 Format 10 NumSamples 1 (Frame:1).
[2019.06.04-07.41.38:991][  0]LogContentBrowser: Native class hierarchy updated for 'HierarchicalLODOutliner' in 0.0007 seconds. Added 0 classes and 0 folders.
[2019.06.04-07.41.38:991][  0]LogLoad: (Engine Initialization) Total time: 76.45 seconds
[2019.06.04-07.41.38:991][  0]LogLoad: (Engine Initialization) Total Blueprint compile time: 0.00 seconds
[2019.06.04-07.41.39:024][  0]LogWindowsTextInputMethodSystem: Display: IME system now activated using TSF (搜狗拼音输入法).
[2019.06.04-07.41.39:089][  0]LogContentStreaming: Texture pool size now 1000 MB
[2019.06.04-07.41.39:194][  0]LogSlate: Took 0.001016 seconds to synchronously load lazily loaded font '../../../Engine/Content/Slate/Fonts/Roboto-Light.ttf' (167K)
[2019.06.04-07.41.39:277][  1]LogAssetRegistry: Asset discovery search completed in 46.8412 seconds
[2019.06.04-07.41.39:310][  1]LogCollectionManager: Rebuilt the object cache for 0 collections in 0.000000 seconds (found 0 objects)
[2019.06.04-07.41.39:310][  1]LogCollectionManager: Fixed up redirectors for 0 collections in 0.013152 seconds (updated 0 objects)
[2019.06.04-07.41.41:224][105]LogSlate: FSceneViewport::OnFocusLost() reason 0
[2019.06.04-07.41.41:428][111]LogTemp: Repeating last play command: 选中的视口
[2019.06.04-07.41.41:541][111]LogBlueprintUserMessages: Early PlayInEditor Detection: Level '/Game/TwinStickCPP/Maps/TwinStickExampleMap.TwinStickExampleMap:PersistentLevel' has LevelScriptBlueprint '/Game/TwinStickCPP/Maps/TwinStickExampleMap.TwinStickExampleMap:PersistentLevel.TwinStickExampleMap' with GeneratedClass '/Game/TwinStickCPP/Maps/TwinStickExampleMap.TwinStickExampleMap_C' with ClassGeneratedBy '/Game/TwinStickCPP/Maps/TwinStickExampleMap.TwinStickExampleMap:PersistentLevel.TwinStickExampleMap'
[2019.06.04-07.41.41:564][111]LogPlayLevel: PlayLevel: No blueprints needed recompiling
[2019.06.04-07.41.41:634][111]PIE: New page: PIE会话: TwinStickExampleMap (2019年6月4日 下午11:41:41)
[2019.06.04-07.41.41:800][111]LogPlayLevel: Creating play world package: /Game/TwinStickCPP/Maps/UEDPIE_0_TwinStickExampleMap
[2019.06.04-07.41.41:892][111]LogPlayLevel: PIE: StaticDuplicateObject took: (0.089832s)
[2019.06.04-07.41.41:902][111]LogAIModule: Creating AISystem for world TwinStickExampleMap
[2019.06.04-07.41.41:931][111]LogPlayLevel: PIE: World Init took: (0.039823s)
[2019.06.04-07.41.41:931][111]LogPlayLevel: PIE: Created PIE world by copying editor world from /Game/TwinStickCPP/Maps/TwinStickExampleMap.TwinStickExampleMap to /Game/TwinStickCPP/Maps/UEDPIE_0_TwinStickExampleMap.TwinStickExampleMap (0.131340s)
[2019.06.04-07.41.41:955][111]LogUObjectHash: Compacting FUObjectHashTables data took   0.96ms
[2019.06.04-07.41.41:962][111]LogInit: XAudio2 using 'Speakers/Headphones (Realtek(R) Audio)' : 2 channels at 48 kHz using 32 bits per sample (channel mask 0x3)
[2019.06.04-07.41.42:267][111]LogInit: FAudioDevice initialized.
[2019.06.04-07.41.42:477][111]LogLoad: Game class is 'program3053GameMode'
[2019.06.04-07.41.42:654][111]LogWorld: Bringing World /Game/TwinStickCPP/Maps/UEDPIE_0_TwinStickExampleMap.TwinStickExampleMap up for play (max tick rate 60) at 2019.06.04-15.41.42
[2019.06.04-07.41.42:810][111]LogWorld: Bringing up level for play took: 0.157618
[2019.06.04-07.41.43:039][111]LogContentBrowser: Native class hierarchy updated for 'MovieSceneCapture' in 0.0008 seconds. Added 20 classes and 0 folders.
[2019.06.04-07.41.43:117][111]PIE: /Game/TwinStickCPP/Maps/UEDPIE_0_TwinStickExampleMap的‘在编辑器中播放’的起始时间2.554
[2019.06.04-07.41.43:117][111]LogBlueprintUserMessages: Late PlayInEditor Detection: Level '/Game/TwinStickCPP/Maps/TwinStickExampleMap.TwinStickExampleMap:PersistentLevel' has LevelScriptBlueprint '/Game/TwinStickCPP/Maps/TwinStickExampleMap.TwinStickExampleMap:PersistentLevel.TwinStickExampleMap' with GeneratedClass '/Game/TwinStickCPP/Maps/TwinStickExampleMap.TwinStickExampleMap_C' with ClassGeneratedBy '/Game/TwinStickCPP/Maps/TwinStickExampleMap.TwinStickExampleMap:PersistentLevel.TwinStickExampleMap'
[2019.06.04-07.41.47:414][352]LogBlueprintUserMessages: Early EndPlayMap Detection: Level '/Game/TwinStickCPP/Maps/TwinStickExampleMap.TwinStickExampleMap:PersistentLevel' has LevelScriptBlueprint '/Game/TwinStickCPP/Maps/TwinStickExampleMap.TwinStickExampleMap:PersistentLevel.TwinStickExampleMap' with GeneratedClass '/Game/TwinStickCPP/Maps/TwinStickExampleMap.TwinStickExampleMap_C' with ClassGeneratedBy '/Game/TwinStickCPP/Maps/TwinStickExampleMap.TwinStickExampleMap:PersistentLevel.TwinStickExampleMap'
[2019.06.04-07.41.47:427][352]LogSlate: Updating window title bar state: overlay mode, drag disabled, window buttons hidden, title bar hidden
[2019.06.04-07.41.47:505][352]LogPlayLevel: Display: Shutting down PIE online subsystems
[2019.06.04-07.41.47:536][352]LogBlueprintUserMessages: Late EndPlayMap Detection: Level '/Game/TwinStickCPP/Maps/TwinStickExampleMap.TwinStickExampleMap:PersistentLevel' has LevelScriptBlueprint '/Game/TwinStickCPP/Maps/TwinStickExampleMap.TwinStickExampleMap:PersistentLevel.TwinStickExampleMap' with GeneratedClass '/Game/TwinStickCPP/Maps/TwinStickExampleMap.TwinStickExampleMap_C' with ClassGeneratedBy '/Game/TwinStickCPP/Maps/TwinStickExampleMap.TwinStickExampleMap:PersistentLevel.TwinStickExampleMap'
[2019.06.04-07.41.47:614][352]LogSlate: Updating window title bar state: overlay mode, drag disabled, window buttons hidden, title bar hidden
[2019.06.04-07.41.47:732][352]LogUObjectHash: Compacting FUObjectHashTables data took   2.21ms
[2019.06.04-07.41.47:856][353]LogPlayLevel: Display: Destroying online subsystem :Context_1
[2019.06.04-07.41.48:584][394]LogEditorViewport: Clicking on Actor (LMB): BP_Sky_Sphere_C (SkySphereBlueprint)
[2019.06.04-07.41.49:694][402]Cmd: SELECT NONE
[2019.06.04-07.41.50:589][443]LogEditorViewport: Clicking on Actor (LMB): BP_Sky_Sphere_C (SkySphereBlueprint)
[2019.06.04-07.41.51:077][466]LogSlate: FSceneViewport::OnFocusLost() reason 0
[2019.06.04-07.41.51:176][472]LogTemp: Repeating last play command: 选中的视口
[2019.06.04-07.41.51:185][472]LogBlueprintUserMessages: Early PlayInEditor Detection: Level '/Game/TwinStickCPP/Maps/TwinStickExampleMap.TwinStickExampleMap:PersistentLevel' has LevelScriptBlueprint '/Game/TwinStickCPP/Maps/TwinStickExampleMap.TwinStickExampleMap:PersistentLevel.TwinStickExampleMap' with GeneratedClass '/Game/TwinStickCPP/Maps/TwinStickExampleMap.TwinStickExampleMap_C' with ClassGeneratedBy '/Game/TwinStickCPP/Maps/TwinStickExampleMap.TwinStickExampleMap:PersistentLevel.TwinStickExampleMap'
[2019.06.04-07.41.51:185][472]LogPlayLevel: PlayLevel: No blueprints needed recompiling
[2019.06.04-07.41.51:186][472]PIE: New page: PIE会话: TwinStickExampleMap (2019年6月4日 下午11:41:51)
[2019.06.04-07.41.51:186][472]LogPlayLevel: Creating play world package: /Game/TwinStickCPP/Maps/UEDPIE_0_TwinStickExampleMap
[2019.06.04-07.41.51:205][472]LogPlayLevel: PIE: StaticDuplicateObject took: (0.017579s)
[2019.06.04-07.41.51:207][472]LogAIModule: Creating AISystem for world TwinStickExampleMap
[2019.06.04-07.41.51:222][472]LogPlayLevel: PIE: World Init took: (0.016985s)
[2019.06.04-07.41.51:222][472]LogPlayLevel: PIE: Created PIE world by copying editor world from /Game/TwinStickCPP/Maps/TwinStickExampleMap.TwinStickExampleMap to /Game/TwinStickCPP/Maps/UEDPIE_0_TwinStickExampleMap.TwinStickExampleMap (0.036112s)
[2019.06.04-07.41.51:246][472]LogUObjectHash: Compacting FUObjectHashTables data took   1.40ms
[2019.06.04-07.41.51:263][472]LogInit: XAudio2 using 'Speakers/Headphones (Realtek(R) Audio)' : 2 channels at 48 kHz using 32 bits per sample (channel mask 0x3)
[2019.06.04-07.41.51:557][472]LogInit: FAudioDevice initialized.
[2019.06.04-07.41.51:602][472]LogLoad: Game class is 'program3053GameMode'
[2019.06.04-07.41.51:604][472]LogWorld: Bringing World /Game/TwinStickCPP/Maps/UEDPIE_0_TwinStickExampleMap.TwinStickExampleMap up for play (max tick rate 60) at 2019.06.04-15.41.51
[2019.06.04-07.41.51:604][472]LogWorld: Bringing up level for play took: 0.001177
[2019.06.04-07.41.51:618][472]PIE: /Game/TwinStickCPP/Maps/UEDPIE_0_TwinStickExampleMap的‘在编辑器中播放’的起始时间1.055
[2019.06.04-07.41.51:618][472]LogBlueprintUserMessages: Late PlayInEditor Detection: Level '/Game/TwinStickCPP/Maps/TwinStickExampleMap.TwinStickExampleMap:PersistentLevel' has LevelScriptBlueprint '/Game/TwinStickCPP/Maps/TwinStickExampleMap.TwinStickExampleMap:PersistentLevel.TwinStickExampleMap' with GeneratedClass '/Game/TwinStickCPP/Maps/TwinStickExampleMap.TwinStickExampleMap_C' with ClassGeneratedBy '/Game/TwinStickCPP/Maps/TwinStickExampleMap.TwinStickExampleMap:PersistentLevel.TwinStickExampleMap'
[2019.06.04-07.41.57:577][829]LogBlueprintUserMessages: Early EndPlayMap Detection: Level '/Game/TwinStickCPP/Maps/TwinStickExampleMap.TwinStickExampleMap:PersistentLevel' has LevelScriptBlueprint '/Game/TwinStickCPP/Maps/TwinStickExampleMap.TwinStickExampleMap:PersistentLevel.TwinStickExampleMap' with GeneratedClass '/Game/TwinStickCPP/Maps/TwinStickExampleMap.TwinStickExampleMap_C' with ClassGeneratedBy '/Game/TwinStickCPP/Maps/TwinStickExampleMap.TwinStickExampleMap:PersistentLevel.TwinStickExampleMap'
[2019.06.04-07.41.57:578][829]LogSlate: Updating window title bar state: overlay mode, drag disabled, window buttons hidden, title bar hidden
[2019.06.04-07.41.57:616][829]LogPlayLevel: Display: Shutting down PIE online subsystems
[2019.06.04-07.41.57:617][829]LogBlueprintUserMessages: Late EndPlayMap Detection: Level '/Game/TwinStickCPP/Maps/TwinStickExampleMap.TwinStickExampleMap:PersistentLevel' has LevelScriptBlueprint '/Game/TwinStickCPP/Maps/TwinStickExampleMap.TwinStickExampleMap:PersistentLevel.TwinStickExampleMap' with GeneratedClass '/Game/TwinStickCPP/Maps/TwinStickExampleMap.TwinStickExampleMap_C' with ClassGeneratedBy '/Game/TwinStickCPP/Maps/TwinStickExampleMap.TwinStickExampleMap:PersistentLevel.TwinStickExampleMap'
[2019.06.04-07.41.57:644][829]LogSlate: Updating window title bar state: overlay mode, drag disabled, window buttons hidden, title bar hidden
[2019.06.04-07.41.57:647][829]LogUObjectHash: Compacting FUObjectHashTables data took   1.11ms
[2019.06.04-07.41.57:687][831]LogPlayLevel: Display: Destroying online subsystem :Context_2
[2019.06.04-07.41.58:688][891]LogSlate: FSceneViewport::OnFocusLost() reason 0
[2019.06.04-07.41.58:787][897]LogTemp: Repeating last play command: 选中的视口
[2019.06.04-07.41.58:794][897]LogBlueprintUserMessages: Early PlayInEditor Detection: Level '/Game/TwinStickCPP/Maps/TwinStickExampleMap.TwinStickExampleMap:PersistentLevel' has LevelScriptBlueprint '/Game/TwinStickCPP/Maps/TwinStickExampleMap.TwinStickExampleMap:PersistentLevel.TwinStickExampleMap' with GeneratedClass '/Game/TwinStickCPP/Maps/TwinStickExampleMap.TwinStickExampleMap_C' with ClassGeneratedBy '/Game/TwinStickCPP/Maps/TwinStickExampleMap.TwinStickExampleMap:PersistentLevel.TwinStickExampleMap'
[2019.06.04-07.41.58:795][897]LogPlayLevel: PlayLevel: No blueprints needed recompiling
[2019.06.04-07.41.58:795][897]PIE: New page: PIE会话: TwinStickExampleMap (2019年6月4日 下午11:41:58)
[2019.06.04-07.41.58:795][897]LogPlayLevel: Creating play world package: /Game/TwinStickCPP/Maps/UEDPIE_0_TwinStickExampleMap
[2019.06.04-07.41.58:811][897]LogPlayLevel: PIE: StaticDuplicateObject took: (0.016092s)
[2019.06.04-07.41.58:812][897]LogAIModule: Creating AISystem for world TwinStickExampleMap
[2019.06.04-07.41.58:812][897]LogPlayLevel: PIE: World Init took: (0.001177s)
[2019.06.04-07.41.58:813][897]LogPlayLevel: PIE: Created PIE world by copying editor world from /Game/TwinStickCPP/Maps/TwinStickExampleMap.TwinStickExampleMap to /Game/TwinStickCPP/Maps/UEDPIE_0_TwinStickExampleMap.TwinStickExampleMap (0.017732s)
[2019.06.04-07.41.58:840][897]LogUObjectHash: Compacting FUObjectHashTables data took   2.10ms
[2019.06.04-07.41.58:848][897]LogInit: XAudio2 using 'Speakers/Headphones (Realtek(R) Audio)' : 2 channels at 48 kHz using 32 bits per sample (channel mask 0x3)
[2019.06.04-07.41.58:942][897]LogInit: FAudioDevice initialized.
[2019.06.04-07.41.58:979][897]LogLoad: Game class is 'program3053GameMode'
[2019.06.04-07.41.58:981][897]LogWorld: Bringing World /Game/TwinStickCPP/Maps/UEDPIE_0_TwinStickExampleMap.TwinStickExampleMap up for play (max tick rate 60) at 2019.06.04-15.41.58
[2019.06.04-07.41.58:982][897]LogWorld: Bringing up level for play took: 0.001602
[2019.06.04-07.41.58:996][897]PIE: /Game/TwinStickCPP/Maps/UEDPIE_0_TwinStickExampleMap的‘在编辑器中播放’的起始时间0.433
[2019.06.04-07.41.58:996][897]LogBlueprintUserMessages: Late PlayInEditor Detection: Level '/Game/TwinStickCPP/Maps/TwinStickExampleMap.TwinStickExampleMap:PersistentLevel' has LevelScriptBlueprint '/Game/TwinStickCPP/Maps/TwinStickExampleMap.TwinStickExampleMap:PersistentLevel.TwinStickExampleMap' with GeneratedClass '/Game/TwinStickCPP/Maps/TwinStickExampleMap.TwinStickExampleMap_C' with ClassGeneratedBy '/Game/TwinStickCPP/Maps/TwinStickExampleMap.TwinStickExampleMap:PersistentLevel.TwinStickExampleMap'
[2019.06.04-07.41.59:613][932]LogBlueprintUserMessages: Early EndPlayMap Detection: Level '/Game/TwinStickCPP/Maps/TwinStickExampleMap.TwinStickExampleMap:PersistentLevel' has LevelScriptBlueprint '/Game/TwinStickCPP/Maps/TwinStickExampleMap.TwinStickExampleMap:PersistentLevel.TwinStickExampleMap' with GeneratedClass '/Game/TwinStickCPP/Maps/TwinStickExampleMap.TwinStickExampleMap_C' with ClassGeneratedBy '/Game/TwinStickCPP/Maps/TwinStickExampleMap.TwinStickExampleMap:PersistentLevel.TwinStickExampleMap'
[2019.06.04-07.41.59:614][932]LogSlate: Updating window title bar state: overlay mode, drag disabled, window buttons hidden, title bar hidden
[2019.06.04-07.41.59:652][932]LogPlayLevel: Display: Shutting down PIE online subsystems
[2019.06.04-07.41.59:652][932]LogBlueprintUserMessages: Late EndPlayMap Detection: Level '/Game/TwinStickCPP/Maps/TwinStickExampleMap.TwinStickExampleMap:PersistentLevel' has LevelScriptBlueprint '/Game/TwinStickCPP/Maps/TwinStickExampleMap.TwinStickExampleMap:PersistentLevel.TwinStickExampleMap' with GeneratedClass '/Game/TwinStickCPP/Maps/TwinStickExampleMap.TwinStickExampleMap_C' with ClassGeneratedBy '/Game/TwinStickCPP/Maps/TwinStickExampleMap.TwinStickExampleMap:PersistentLevel.TwinStickExampleMap'
[2019.06.04-07.41.59:682][932]LogSlate: Updating window title bar state: overlay mode, drag disabled, window buttons hidden, title bar hidden
[2019.06.04-07.41.59:685][932]LogUObjectHash: Compacting FUObjectHashTables data took   0.96ms
[2019.06.04-07.41.59:716][933]LogPlayLevel: Display: Destroying online subsystem :Context_3
[2019.06.04-07.51.43:453][763]LogSlate: Took 0.011284 seconds to synchronously load lazily loaded font '../../../Engine/Content/Slate/Fonts/Roboto-Light.ttf' (167K)
