Log file open, 06/11/19 21:09:21
LogWindows: Failed to load 'aqProf.dll' (GetLastError=126)
LogWindows: File 'aqProf.dll' does not exist
LogWindows: Failed to load 'VtuneApi.dll' (GetLastError=126)
LogWindows: File 'VtuneApi.dll' does not exist
LogWindows: Failed to load 'VtuneApi32e.dll' (GetLastError=126)
LogWindows: File 'VtuneApi32e.dll' does not exist
LogConsoleResponse: Display: Failed to find resolution value strings in scalability ini. Falling back to default.
LogInit: Display: Running engine for game: program3053
LogPakFile: Registered encryption key '00000000000000000000000000000000': 0 pak files mounted, 0 remain pending
LogPlatformFile: Not using cached read wrapper
LogTaskGraph: Started task graph with 5 named threads and 23 total threads with 3 sets of task threads.
LogStats: Stats thread started at 0.391195
LogD3D11RHI: Loaded GFSDK_Aftermath_Lib.x64.dll
LogICUInternationalization: ICU TimeZone Detection - Raw Offset: +8:00, Platform Override: ''
LogPluginManager: Mounting plugin Paper2D
LogPluginManager: Mounting plugin AISupport
LogPluginManager: Mounting plugin LightPropagationVolume
LogPluginManager: Mounting plugin ActorLayerUtilities
LogPluginManager: Mounting plugin AnimationSharing
LogPluginManager: Mounting plugin CLionSourceCodeAccess
LogPluginManager: Mounting plugin CodeLiteSourceCodeAccess
LogPluginManager: Mounting plugin GitSourceControl
LogPluginManager: Mounting plugin KDevelopSourceCodeAccess
LogPluginManager: Mounting plugin NullSourceCodeAccess
LogPluginManager: Mounting plugin PerforceSourceControl
LogPluginManager: Mounting plugin SubversionSourceControl
LogPluginManager: Mounting plugin UObjectPlugin
LogPluginManager: Mounting plugin VisualStudioCodeSourceCodeAccess
LogPluginManager: Mounting plugin VisualStudioSourceCodeAccess
LogPluginManager: Mounting plugin XCodeSourceCodeAccess
LogPluginManager: Mounting plugin AssetManagerEditor
LogPluginManager: Mounting plugin CryptoKeys
LogPluginManager: Mounting plugin DataValidation
LogPluginManager: Mounting plugin FacialAnimation
LogPluginManager: Mounting plugin GameplayTagsEditor
LogPluginManager: Mounting plugin MacGraphicsSwitching
LogPluginManager: Mounting plugin MaterialAnalyzer
LogPluginManager: Mounting plugin MobileLauncherProfileWizard
LogPluginManager: Mounting plugin PluginBrowser
LogPluginManager: Mounting plugin SpeedTreeImporter
LogPluginManager: Mounting plugin DatasmithContent
LogPluginManager: Mounting plugin VariantManagerContent
LogPluginManager: Mounting plugin AlembicImporter
LogPluginManager: Mounting plugin AppleImageUtils
LogPluginManager: Mounting plugin AppleVision
LogPluginManager: Mounting plugin BackChannel
LogPluginManager: Mounting plugin CharacterAI
LogPluginManager: Mounting plugin GeometryCache
LogPluginManager: Mounting plugin HTML5Networking
LogPluginManager: Mounting plugin ProxyLODPlugin
LogPluginManager: Mounting plugin SkeletalReduction
LogPluginManager: Mounting plugin MagicLeap
LogPluginManager: Mounting plugin MagicLeapMedia
LogPluginManager: Mounting plugin AndroidMedia
LogPluginManager: Mounting plugin AvfMedia
LogPluginManager: Mounting plugin ImgMedia
LogPluginManager: Mounting plugin LinearTimecode
LogPluginManager: Mounting plugin MediaCompositing
LogPluginManager: Mounting plugin MediaPlayerEditor
LogPluginManager: Mounting plugin WebMMedia
LogPluginManager: Mounting plugin WmfMedia
LogPluginManager: Mounting plugin TcpMessaging
LogPluginManager: Mounting plugin UdpMessaging
LogPluginManager: Mounting plugin ActorSequence
LogPluginManager: Mounting plugin LevelSequenceEditor
LogPluginManager: Mounting plugin MatineeToLevelSequence
LogPluginManager: Mounting plugin NetcodeUnitTest
LogPluginManager: Mounting plugin NUTUnrealEngine4
LogPluginManager: Mounting plugin OnlineSubsystemGooglePlay
LogPluginManager: Mounting plugin OnlineSubsystemIOS
LogPluginManager: Mounting plugin OnlineSubsystem
LogPluginManager: Mounting plugin OnlineSubsystemNull
LogPluginManager: Mounting plugin OnlineSubsystemUtils
LogPluginManager: Mounting plugin LauncherChunkInstaller
LogPluginManager: Mounting plugin AndroidDeviceProfileSelector
LogPluginManager: Mounting plugin AndroidMoviePlayer
LogPluginManager: Mounting plugin AndroidPermission
LogPluginManager: Mounting plugin AppleMoviePlayer
LogPluginManager: Mounting plugin ArchVisCharacter
LogPluginManager: Mounting plugin AudioCapture
LogPluginManager: Mounting plugin CableComponent
LogPluginManager: Mounting plugin CustomMeshComponent
LogPluginManager: Mounting plugin EditableMesh
LogPluginManager: Mounting plugin ExampleDeviceProfileSelector
LogPluginManager: Mounting plugin Firebase
LogPluginManager: Mounting plugin GoogleCloudMessaging
LogPluginManager: Mounting plugin IOSDeviceProfileSelector
LogPluginManager: Mounting plugin LinuxDeviceProfileSelector
LogPluginManager: Mounting plugin LocationServicesBPLibrary
LogPluginManager: Mounting plugin MobilePatchingUtils
LogPluginManager: Mounting plugin OculusVR
LogPluginManager: Mounting plugin PhysXVehicles
LogPluginManager: Mounting plugin ProceduralMeshComponent
LogPluginManager: Mounting plugin RuntimePhysXCooking
LogPluginManager: Mounting plugin SignificanceManager
LogPluginManager: Mounting plugin SteamVR
LogPluginManager: Mounting plugin WebMMoviePlayer
LogPluginManager: Mounting plugin WindowsMoviePlayer
LogInit: Using libcurl 7.55.1-DEV
LogInit:  - built for x86_64-pc-win32
LogInit:  - supports SSL with OpenSSL/1.1.1
LogInit:  - supports HTTP deflate (compression) using libz 1.2.8
LogInit:  - other features:
LogInit:      CURL_VERSION_SSL
LogInit:      CURL_VERSION_LIBZ
LogInit:      CURL_VERSION_IPV6
LogInit:      CURL_VERSION_ASYNCHDNS
LogInit:      CURL_VERSION_LARGEFILE
LogInit:      CURL_VERSION_IDN
LogInit:  CurlRequestOptions (configurable via config and command line):
LogInit:  - bVerifyPeer = true  - Libcurl will verify peer certificate
LogInit:  - bUseHttpProxy = false  - Libcurl will NOT use HTTP proxy
LogInit:  - bDontReuseConnections = false  - Libcurl will reuse connections
LogInit:  - MaxHostConnections = 16  - Libcurl will limit the number of connections to a host
LogInit:  - LocalHostAddr = Default
LogInit:  - BufferSize = 65536
LogInit: WinSock: version 1.1 (2.2), MaxSocks=32767, MaxUdp=65467
LogInit: Build: ++UE4+Release-4.22-CL-6574378
LogInit: Engine Version: 4.22.2-6574378+++UE4+Release-4.22
LogInit: Compatible Engine Version: 4.22.0-5660361+++UE4+Release-4.22
LogInit: Net CL: 5660361
LogInit: OS: Windows 10 (Release 1803) (), CPU: Intel(R) Core(TM) i5-8300H CPU @ 2.30GHz, GPU: Intel(R) UHD Graphics 630
LogInit: Compiled (64-bit): May 20 2019 09:54:56
LogInit: Compiled with Visual C++: 19.16.27025.01
LogInit: Build Configuration: Development
LogInit: Branch Name: ++UE4+Release-4.22
LogInit: Command Line:  -skipcompile
LogInit: Base Directory: D:/Epic/UE_4.22/Engine/Binaries/Win64/
LogInit: Installed Engine Build: 1
LogDevObjectVersion: Number of dev versions registered: 23
LogDevObjectVersion:   Dev-Blueprints (B0D832E4-1F89-4F0D-ACCF-7EB736FD4AA2): 10
LogDevObjectVersion:   Dev-Build (E1C64328-A22C-4D53-A36C-8E866417BD8C): 0
LogDevObjectVersion:   Dev-Core (375EC13C-06E4-48FB-B500-84F0262A717E): 3
LogDevObjectVersion:   Dev-Editor (E4B068ED-F494-42E9-A231-DA0B2E46BB41): 30
LogDevObjectVersion:   Dev-Framework (CFFC743F-43B0-4480-9391-14DF171D2073): 35
LogDevObjectVersion:   Dev-Mobile (B02B49B5-BB20-44E9-A304-32B752E40360): 2
LogDevObjectVersion:   Dev-Networking (A4E4105C-59A1-49B5-A7C5-40C4547EDFEE): 0
LogDevObjectVersion:   Dev-Online (39C831C9-5AE6-47DC-9A44-9C173E1C8E7C): 0
LogDevObjectVersion:   Dev-Physics (78F01B33-EBEA-4F98-B9B4-84EACCB95AA2): 0
LogDevObjectVersion:   Dev-Platform (6631380F-2D4D-43E0-8009-CF276956A95A): 0
LogDevObjectVersion:   Dev-Rendering (12F88B9F-8875-4AFC-A67C-D90C383ABD29): 28
LogDevObjectVersion:   Dev-Sequencer (7B5AE74C-D270-4C10-A958-57980B212A5A): 11
LogDevObjectVersion:   Dev-VR (D7296918-1DD6-4BDD-9DE2-64A83CC13884): 2
LogDevObjectVersion:   Dev-LoadTimes (C2A15278-BFE7-4AFE-6C17-90FF531DF755): 1
LogDevObjectVersion:   Private-Geometry (6EACA3D4-40EC-4CC1-B786-8BED09428FC5): 3
LogDevObjectVersion:   Dev-AnimPhys (29E575DD-E0A3-4627-9D10-D276232CDCEA): 17
LogDevObjectVersion:   Dev-Anim (AF43A65D-7FD3-4947-9873-3E8ED9C1BB05): 2
LogDevObjectVersion:   Dev-ReflectionCapture (6B266CEC-1EC7-4B8F-A30B-E4D90942FC07): 1
LogDevObjectVersion:   Dev-Automation (0DF73D61-A23F-47EA-B727-89E90C41499A): 1
LogDevObjectVersion:   FortniteMain (601D1886-AC64-4F84-AA16-D3DE0DEAC7D6): 25
LogDevObjectVersion:   Dev-Enterprise (9DFFBCD6-494F-0158-E221-12823C92A888): 6
LogDevObjectVersion:   Dev-Niagara (F2AED0AC-9AFE-416F-8664-AA7FFA26D6FC): 1
LogDevObjectVersion:   Dev-Destruction (174F1F0B-B4C6-45A5-B13F-2EE8D0FB917D): 2
LogInit: Presizing for max 16777216 objects, including 0 objects not considered by GC, pre-allocating 0 bytes for permanent pool.
LogInit: Object subsystem initialized
LogConfig: Setting CVar [[con.DebugEarlyDefault:1]]
LogConfig: Setting CVar [[r.setres:1280x720]]
[2019.06.11-13.09.23:143][  0]LogConfig: Setting CVar [[r.VSync:0]]
[2019.06.11-13.09.23:143][  0]LogConfig: Setting CVar [[r.RHICmdBypass:0]]
[2019.06.11-13.09.23:143][  0]LogConfig: Applying CVar settings from Section [/Script/Engine.RendererSettings] File [../../../program3053_UE/program3053/Saved/Config/Windows/Engine.ini]
[2019.06.11-13.09.23:143][  0]LogConfig: Setting CVar [[r.GPUCrashDebugging:0]]
[2019.06.11-13.09.23:143][  0]LogConfig: Applying CVar settings from Section [/Script/Engine.RendererOverrideSettings] File [../../../program3053_UE/program3053/Saved/Config/Windows/Engine.ini]
[2019.06.11-13.09.23:143][  0]LogConfig: Applying CVar settings from Section [/Script/Engine.StreamingSettings] File [../../../program3053_UE/program3053/Saved/Config/Windows/Engine.ini]
[2019.06.11-13.09.23:144][  0]LogConfig: Setting CVar [[s.MinBulkDataSizeForAsyncLoading:131072]]
[2019.06.11-13.09.23:144][  0]LogConfig: Setting CVar [[s.AsyncLoadingThreadEnabled:0]]
[2019.06.11-13.09.23:144][  0]LogConfig: Setting CVar [[s.EventDrivenLoaderEnabled:1]]
[2019.06.11-13.09.23:144][  0]LogConfig: Setting CVar [[s.WarnIfTimeLimitExceeded:0]]
[2019.06.11-13.09.23:144][  0]LogConfig: Setting CVar [[s.TimeLimitExceededMultiplier:1.5]]
[2019.06.11-13.09.23:144][  0]LogConfig: Setting CVar [[s.TimeLimitExceededMinTime:0.005]]
[2019.06.11-13.09.23:144][  0]LogConfig: Setting CVar [[s.UseBackgroundLevelStreaming:1]]
[2019.06.11-13.09.23:144][  0]LogConfig: Setting CVar [[s.PriorityAsyncLoadingExtraTime:15.0]]
[2019.06.11-13.09.23:144][  0]LogConfig: Setting CVar [[s.LevelStreamingActorsUpdateTimeLimit:5.0]]
[2019.06.11-13.09.23:144][  0]LogConfig: Setting CVar [[s.PriorityLevelStreamingActorsUpdateExtraTime:5.0]]
[2019.06.11-13.09.23:144][  0]LogConfig: Setting CVar [[s.LevelStreamingComponentsRegistrationGranularity:10]]
[2019.06.11-13.09.23:144][  0]LogConfig: Setting CVar [[s.UnregisterComponentsTimeLimit:1.0]]
[2019.06.11-13.09.23:144][  0]LogConfig: Setting CVar [[s.LevelStreamingComponentsUnregistrationGranularity:5]]
[2019.06.11-13.09.23:144][  0]LogConfig: Applying CVar settings from Section [/Script/Engine.GarbageCollectionSettings] File [../../../program3053_UE/program3053/Saved/Config/Windows/Engine.ini]
[2019.06.11-13.09.23:144][  0]LogConfig: Setting CVar [[gc.MaxObjectsNotConsideredByGC:1]]
[2019.06.11-13.09.23:144][  0]LogConfig: Setting CVar [[gc.SizeOfPermanentObjectPool:0]]
[2019.06.11-13.09.23:144][  0]LogConfig: Setting CVar [[gc.FlushStreamingOnGC:0]]
[2019.06.11-13.09.23:144][  0]LogConfig: Setting CVar [[gc.NumRetriesBeforeForcingGC:10]]
[2019.06.11-13.09.23:145][  0]LogConfig: Setting CVar [[gc.AllowParallelGC:1]]
[2019.06.11-13.09.23:145][  0]LogConfig: Setting CVar [[gc.TimeBetweenPurgingPendingKillObjects:61.1]]
[2019.06.11-13.09.23:145][  0]LogConfig: Setting CVar [[gc.MaxObjectsInEditor:16777216]]
[2019.06.11-13.09.23:145][  0]LogConfig: Setting CVar [[gc.IncrementalBeginDestroyEnabled:1]]
[2019.06.11-13.09.23:145][  0]LogConfig: Setting CVar [[gc.CreateGCClusters:1]]
[2019.06.11-13.09.23:145][  0]LogConfig: Setting CVar [[gc.MinGCClusterSize:5]]
[2019.06.11-13.09.23:145][  0]LogConfig: Setting CVar [[gc.ActorClusteringEnabled:0]]
[2019.06.11-13.09.23:145][  0]LogConfig: Setting CVar [[gc.BlueprintClusteringEnabled:0]]
[2019.06.11-13.09.23:145][  0]LogConfig: Setting CVar [[gc.UseDisregardForGCOnDedicatedServers:0]]
[2019.06.11-13.09.23:145][  0]LogConfig: Applying CVar settings from Section [/Script/Engine.NetworkSettings] File [../../../program3053_UE/program3053/Saved/Config/Windows/Engine.ini]
[2019.06.11-13.09.23:145][  0]LogConfig: Applying CVar settings from Section [/Script/UnrealEd.CookerSettings] File [../../../program3053_UE/program3053/Saved/Config/Windows/Engine.ini]
[2019.06.11-13.09.23:153][  0]LogConfig: Applying CVar settings from Section [ViewDistanceQuality@3] File [../../../program3053_UE/program3053/Saved/Config/Windows/Scalability.ini]
[2019.06.11-13.09.23:153][  0]LogConfig: Setting CVar [[r.SkeletalMeshLODBias:0]]
[2019.06.11-13.09.23:153][  0]LogConfig: Setting CVar [[r.ViewDistanceScale:1.0]]
[2019.06.11-13.09.23:153][  0]LogConfig: Applying CVar settings from Section [AntiAliasingQuality@3] File [../../../program3053_UE/program3053/Saved/Config/Windows/Scalability.ini]
[2019.06.11-13.09.23:153][  0]LogConfig: Setting CVar [[r.PostProcessAAQuality:4]]
[2019.06.11-13.09.23:153][  0]LogConfig: Applying CVar settings from Section [ShadowQuality@3] File [../../../program3053_UE/program3053/Saved/Config/Windows/Scalability.ini]
[2019.06.11-13.09.23:153][  0]LogConfig: Setting CVar [[r.LightFunctionQuality:1]]
[2019.06.11-13.09.23:153][  0]LogConfig: Setting CVar [[r.ShadowQuality:5]]
[2019.06.11-13.09.23:153][  0]LogConfig: Setting CVar [[r.Shadow.CSM.MaxCascades:10]]
[2019.06.11-13.09.23:153][  0]LogConfig: Setting CVar [[r.Shadow.MaxResolution:2048]]
[2019.06.11-13.09.23:153][  0]LogConfig: Setting CVar [[r.Shadow.MaxCSMResolution:2048]]
[2019.06.11-13.09.23:153][  0]LogConfig: Setting CVar [[r.Shadow.RadiusThreshold:0.01]]
[2019.06.11-13.09.23:153][  0]LogConfig: Setting CVar [[r.Shadow.DistanceScale:1.0]]
[2019.06.11-13.09.23:154][  0]LogConfig: Setting CVar [[r.Shadow.CSM.TransitionScale:1.0]]
[2019.06.11-13.09.23:154][  0]LogConfig: Setting CVar [[r.Shadow.PreShadowResolutionFactor:1.0]]
[2019.06.11-13.09.23:154][  0]LogConfig: Setting CVar [[r.DistanceFieldShadowing:1]]
[2019.06.11-13.09.23:154][  0]LogConfig: Setting CVar [[r.DistanceFieldAO:1]]
[2019.06.11-13.09.23:154][  0]LogConfig: Setting CVar [[r.AOQuality:2]]
[2019.06.11-13.09.23:154][  0]LogConfig: Setting CVar [[r.VolumetricFog:1]]
[2019.06.11-13.09.23:154][  0]LogConfig: Setting CVar [[r.VolumetricFog.GridPixelSize:8]]
[2019.06.11-13.09.23:154][  0]LogConfig: Setting CVar [[r.VolumetricFog.GridSizeZ:128]]
[2019.06.11-13.09.23:154][  0]LogConfig: Setting CVar [[r.VolumetricFog.HistoryMissSupersampleCount:4]]
[2019.06.11-13.09.23:154][  0]LogConfig: Setting CVar [[r.LightMaxDrawDistanceScale:1]]
[2019.06.11-13.09.23:154][  0]LogConfig: Setting CVar [[r.CapsuleShadows:1]]
[2019.06.11-13.09.23:154][  0]LogConfig: Applying CVar settings from Section [PostProcessQuality@3] File [../../../program3053_UE/program3053/Saved/Config/Windows/Scalability.ini]
[2019.06.11-13.09.23:154][  0]LogConfig: Setting CVar [[r.MotionBlurQuality:4]]
[2019.06.11-13.09.23:154][  0]LogConfig: Setting CVar [[r.AmbientOcclusionMipLevelFactor:0.4]]
[2019.06.11-13.09.23:154][  0]LogConfig: Setting CVar [[r.AmbientOcclusionMaxQuality:100]]
[2019.06.11-13.09.23:154][  0]LogConfig: Setting CVar [[r.AmbientOcclusionLevels:-1]]
[2019.06.11-13.09.23:154][  0]LogConfig: Setting CVar [[r.AmbientOcclusionRadiusScale:1.0]]
[2019.06.11-13.09.23:155][  0]LogConfig: Setting CVar [[r.DepthOfFieldQuality:2]]
[2019.06.11-13.09.23:155][  0]LogConfig: Setting CVar [[r.RenderTargetPoolMin:400]]
[2019.06.11-13.09.23:155][  0]LogConfig: Setting CVar [[r.LensFlareQuality:2]]
[2019.06.11-13.09.23:155][  0]LogConfig: Setting CVar [[r.SceneColorFringeQuality:1]]
[2019.06.11-13.09.23:155][  0]LogConfig: Setting CVar [[r.EyeAdaptationQuality:2]]
[2019.06.11-13.09.23:155][  0]LogConfig: Setting CVar [[r.BloomQuality:5]]
[2019.06.11-13.09.23:155][  0]LogConfig: Setting CVar [[r.FastBlurThreshold:100]]
[2019.06.11-13.09.23:155][  0]LogConfig: Setting CVar [[r.Upscale.Quality:3]]
[2019.06.11-13.09.23:155][  0]LogConfig: Setting CVar [[r.Tonemapper.GrainQuantization:1]]
[2019.06.11-13.09.23:155][  0]LogConfig: Setting CVar [[r.LightShaftQuality:1]]
[2019.06.11-13.09.23:155][  0]LogConfig: Setting CVar [[r.Filter.SizeScale:1]]
[2019.06.11-13.09.23:155][  0]LogConfig: Setting CVar [[r.Tonemapper.Quality:5]]
[2019.06.11-13.09.23:155][  0]LogConfig: Setting CVar [[r.DOF.Gather.AccumulatorQuality:1        ; higher gathering accumulator quality]]
[2019.06.11-13.09.23:155][  0]LogConfig: Setting CVar [[r.DOF.Gather.PostfilterMethod:1          ; Median3x3 postfilering method]]
[2019.06.11-13.09.23:155][  0]LogConfig: Setting CVar [[r.DOF.Gather.EnableBokehSettings:0       ; no bokeh simulation when gathering]]
[2019.06.11-13.09.23:155][  0]LogConfig: Setting CVar [[r.DOF.Gather.RingCount:4                 ; medium number of samples when gathering]]
[2019.06.11-13.09.23:156][  0]LogConfig: Setting CVar [[r.DOF.Scatter.ForegroundCompositing:1    ; additive foreground scattering]]
[2019.06.11-13.09.23:156][  0]LogConfig: Setting CVar [[r.DOF.Scatter.BackgroundCompositing:2    ; additive background scattering]]
[2019.06.11-13.09.23:156][  0]LogConfig: Setting CVar [[r.DOF.Scatter.EnableBokehSettings:1      ; bokeh simulation when scattering]]
[2019.06.11-13.09.23:156][  0]LogConfig: Setting CVar [[r.DOF.Scatter.MaxSpriteRatio:0.1         ; only a maximum of 10% of scattered bokeh]]
[2019.06.11-13.09.23:156][  0]LogConfig: Setting CVar [[r.DOF.Recombine.Quality:1                ; cheap slight out of focus]]
[2019.06.11-13.09.23:156][  0]LogConfig: Setting CVar [[r.DOF.Recombine.EnableBokehSettings:0    ; no bokeh simulation on slight out of focus]]
[2019.06.11-13.09.23:156][  0]LogConfig: Setting CVar [[r.DOF.TemporalAAQuality:1                ; more stable temporal accumulation]]
[2019.06.11-13.09.23:156][  0]LogConfig: Setting CVar [[r.DOF.Kernel.MaxForegroundRadius:0.025]]
[2019.06.11-13.09.23:156][  0]LogConfig: Setting CVar [[r.DOF.Kernel.MaxBackgroundRadius:0.025]]
[2019.06.11-13.09.23:156][  0]LogConfig: Applying CVar settings from Section [TextureQuality@3] File [../../../program3053_UE/program3053/Saved/Config/Windows/Scalability.ini]
[2019.06.11-13.09.23:156][  0]LogConfig: Setting CVar [[r.Streaming.MipBias:0]]
[2019.06.11-13.09.23:156][  0]LogConfig: Setting CVar [[r.Streaming.AmortizeCPUToGPUCopy:0]]
[2019.06.11-13.09.23:156][  0]LogConfig: Setting CVar [[r.Streaming.MaxNumTexturesToStreamPerFrame:0]]
[2019.06.11-13.09.23:156][  0]LogConfig: Setting CVar [[r.Streaming.Boost:1]]
[2019.06.11-13.09.23:156][  0]LogConfig: Setting CVar [[r.MaxAnisotropy:8]]
[2019.06.11-13.09.23:156][  0]LogConfig: Setting CVar [[r.Streaming.LimitPoolSizeToVRAM:0]]
[2019.06.11-13.09.23:156][  0]LogConfig: Setting CVar [[r.Streaming.PoolSize:1000]]
[2019.06.11-13.09.23:156][  0]LogConfig: Setting CVar [[r.Streaming.MaxEffectiveScreenSize:0]]
[2019.06.11-13.09.23:156][  0]LogConfig: Applying CVar settings from Section [EffectsQuality@3] File [../../../program3053_UE/program3053/Saved/Config/Windows/Scalability.ini]
[2019.06.11-13.09.23:157][  0]LogConfig: Setting CVar [[r.TranslucencyLightingVolumeDim:64]]
[2019.06.11-13.09.23:157][  0]LogConfig: Setting CVar [[r.RefractionQuality:2]]
[2019.06.11-13.09.23:157][  0]LogConfig: Setting CVar [[r.SSR.Quality:3]]
[2019.06.11-13.09.23:157][  0]LogConfig: Setting CVar [[r.SceneColorFormat:4]]
[2019.06.11-13.09.23:157][  0]LogConfig: Setting CVar [[r.DetailMode:2]]
[2019.06.11-13.09.23:157][  0]LogConfig: Setting CVar [[r.TranslucencyVolumeBlur:1]]
[2019.06.11-13.09.23:157][  0]LogConfig: Setting CVar [[r.MaterialQualityLevel:1 ; High quality]]
[2019.06.11-13.09.23:157][  0]LogConfig: Setting CVar [[r.SSS.Scale:1]]
[2019.06.11-13.09.23:157][  0]LogConfig: Setting CVar [[r.SSS.SampleSet:2]]
[2019.06.11-13.09.23:157][  0]LogConfig: Setting CVar [[r.SSS.Quality:1]]
[2019.06.11-13.09.23:157][  0]LogConfig: Setting CVar [[r.SSS.HalfRes:1]]
[2019.06.11-13.09.23:157][  0]LogConfig: Setting CVar [[r.EmitterSpawnRateScale:1.0]]
[2019.06.11-13.09.23:157][  0]LogConfig: Setting CVar [[r.ParticleLightQuality:2]]
[2019.06.11-13.09.23:157][  0]LogConfig: Applying CVar settings from Section [FoliageQuality@3] File [../../../program3053_UE/program3053/Saved/Config/Windows/Scalability.ini]
[2019.06.11-13.09.23:157][  0]LogConfig: Setting CVar [[foliage.DensityScale:1.0]]
[2019.06.11-13.09.23:157][  0]LogConfig: Setting CVar [[grass.DensityScale:1.0]]
[2019.06.11-13.09.23:157][  0]LogInit: Selected Device Profile: [Windows]
[2019.06.11-13.09.23:158][  0]LogInit: Applying CVar settings loaded from the selected device profile: [Windows]
[2019.06.11-13.09.23:204][  0]LogHAL: Display: Platform has ~ 8 GB [8443830272 / 8589934592 / 8], which maps to Default [LargestMinGB=32, LargerMinGB=12, DefaultMinGB=8, SmallerMinGB=6, SmallestMinGB=0)
[2019.06.11-13.09.23:204][  0]LogConfig: Setting CVar [[r.Vulkan.UseRealUBs:0		; Required until we fix HLR fall-out]]
[2019.06.11-13.09.23:204][  0]LogInit: Going up to parent DeviceProfile []
[2019.06.11-13.09.23:204][  0]LogConfig: Applying CVar settings from Section [ViewDistanceQuality@3] File [../../../program3053_UE/program3053/Saved/Config/Windows/Scalability.ini]
[2019.06.11-13.09.23:204][  0]LogConfig: Setting CVar [[r.SkeletalMeshLODBias:0]]
[2019.06.11-13.09.23:204][  0]LogConfig: Setting CVar [[r.ViewDistanceScale:1.0]]
[2019.06.11-13.09.23:204][  0]LogConfig: Applying CVar settings from Section [AntiAliasingQuality@3] File [../../../program3053_UE/program3053/Saved/Config/Windows/Scalability.ini]
[2019.06.11-13.09.23:205][  0]LogConfig: Setting CVar [[r.PostProcessAAQuality:4]]
[2019.06.11-13.09.23:205][  0]LogConfig: Applying CVar settings from Section [ShadowQuality@3] File [../../../program3053_UE/program3053/Saved/Config/Windows/Scalability.ini]
[2019.06.11-13.09.23:205][  0]LogConfig: Setting CVar [[r.LightFunctionQuality:1]]
[2019.06.11-13.09.23:205][  0]LogConfig: Setting CVar [[r.ShadowQuality:5]]
[2019.06.11-13.09.23:205][  0]LogConfig: Setting CVar [[r.Shadow.CSM.MaxCascades:10]]
[2019.06.11-13.09.23:205][  0]LogConfig: Setting CVar [[r.Shadow.MaxResolution:2048]]
[2019.06.11-13.09.23:205][  0]LogConfig: Setting CVar [[r.Shadow.MaxCSMResolution:2048]]
[2019.06.11-13.09.23:205][  0]LogConfig: Setting CVar [[r.Shadow.RadiusThreshold:0.01]]
[2019.06.11-13.09.23:205][  0]LogConfig: Setting CVar [[r.Shadow.DistanceScale:1.0]]
[2019.06.11-13.09.23:205][  0]LogConfig: Setting CVar [[r.Shadow.CSM.TransitionScale:1.0]]
[2019.06.11-13.09.23:205][  0]LogConfig: Setting CVar [[r.Shadow.PreShadowResolutionFactor:1.0]]
[2019.06.11-13.09.23:205][  0]LogConfig: Setting CVar [[r.DistanceFieldShadowing:1]]
[2019.06.11-13.09.23:205][  0]LogConfig: Setting CVar [[r.DistanceFieldAO:1]]
[2019.06.11-13.09.23:205][  0]LogConfig: Setting CVar [[r.AOQuality:2]]
[2019.06.11-13.09.23:205][  0]LogConfig: Setting CVar [[r.VolumetricFog:1]]
[2019.06.11-13.09.23:205][  0]LogConfig: Setting CVar [[r.VolumetricFog.GridPixelSize:8]]
[2019.06.11-13.09.23:205][  0]LogConfig: Setting CVar [[r.VolumetricFog.GridSizeZ:128]]
[2019.06.11-13.09.23:206][  0]LogConfig: Setting CVar [[r.VolumetricFog.HistoryMissSupersampleCount:4]]
[2019.06.11-13.09.23:206][  0]LogConfig: Setting CVar [[r.LightMaxDrawDistanceScale:1]]
[2019.06.11-13.09.23:206][  0]LogConfig: Setting CVar [[r.CapsuleShadows:1]]
[2019.06.11-13.09.23:206][  0]LogConfig: Applying CVar settings from Section [PostProcessQuality@3] File [../../../program3053_UE/program3053/Saved/Config/Windows/Scalability.ini]
[2019.06.11-13.09.23:206][  0]LogConfig: Setting CVar [[r.MotionBlurQuality:4]]
[2019.06.11-13.09.23:206][  0]LogConfig: Setting CVar [[r.AmbientOcclusionMipLevelFactor:0.4]]
[2019.06.11-13.09.23:206][  0]LogConfig: Setting CVar [[r.AmbientOcclusionMaxQuality:100]]
[2019.06.11-13.09.23:206][  0]LogConfig: Setting CVar [[r.AmbientOcclusionLevels:-1]]
[2019.06.11-13.09.23:206][  0]LogConfig: Setting CVar [[r.AmbientOcclusionRadiusScale:1.0]]
[2019.06.11-13.09.23:206][  0]LogConfig: Setting CVar [[r.DepthOfFieldQuality:2]]
[2019.06.11-13.09.23:206][  0]LogConfig: Setting CVar [[r.RenderTargetPoolMin:400]]
[2019.06.11-13.09.23:206][  0]LogConfig: Setting CVar [[r.LensFlareQuality:2]]
[2019.06.11-13.09.23:206][  0]LogConfig: Setting CVar [[r.SceneColorFringeQuality:1]]
[2019.06.11-13.09.23:206][  0]LogConfig: Setting CVar [[r.EyeAdaptationQuality:2]]
[2019.06.11-13.09.23:206][  0]LogConfig: Setting CVar [[r.BloomQuality:5]]
[2019.06.11-13.09.23:206][  0]LogConfig: Setting CVar [[r.FastBlurThreshold:100]]
[2019.06.11-13.09.23:206][  0]LogConfig: Setting CVar [[r.Upscale.Quality:3]]
[2019.06.11-13.09.23:206][  0]LogConfig: Setting CVar [[r.Tonemapper.GrainQuantization:1]]
[2019.06.11-13.09.23:206][  0]LogConfig: Setting CVar [[r.LightShaftQuality:1]]
[2019.06.11-13.09.23:206][  0]LogConfig: Setting CVar [[r.Filter.SizeScale:1]]
[2019.06.11-13.09.23:206][  0]LogConfig: Setting CVar [[r.Tonemapper.Quality:5]]
[2019.06.11-13.09.23:206][  0]LogConfig: Setting CVar [[r.DOF.Gather.AccumulatorQuality:1        ; higher gathering accumulator quality]]
[2019.06.11-13.09.23:207][  0]LogConfig: Setting CVar [[r.DOF.Gather.PostfilterMethod:1          ; Median3x3 postfilering method]]
[2019.06.11-13.09.23:207][  0]LogConfig: Setting CVar [[r.DOF.Gather.EnableBokehSettings:0       ; no bokeh simulation when gathering]]
[2019.06.11-13.09.23:207][  0]LogConfig: Setting CVar [[r.DOF.Gather.RingCount:4                 ; medium number of samples when gathering]]
[2019.06.11-13.09.23:207][  0]LogConfig: Setting CVar [[r.DOF.Scatter.ForegroundCompositing:1    ; additive foreground scattering]]
[2019.06.11-13.09.23:207][  0]LogConfig: Setting CVar [[r.DOF.Scatter.BackgroundCompositing:2    ; additive background scattering]]
[2019.06.11-13.09.23:207][  0]LogConfig: Setting CVar [[r.DOF.Scatter.EnableBokehSettings:1      ; bokeh simulation when scattering]]
[2019.06.11-13.09.23:207][  0]LogConfig: Setting CVar [[r.DOF.Scatter.MaxSpriteRatio:0.1         ; only a maximum of 10% of scattered bokeh]]
[2019.06.11-13.09.23:207][  0]LogConfig: Setting CVar [[r.DOF.Recombine.Quality:1                ; cheap slight out of focus]]
[2019.06.11-13.09.23:207][  0]LogConfig: Setting CVar [[r.DOF.Recombine.EnableBokehSettings:0    ; no bokeh simulation on slight out of focus]]
[2019.06.11-13.09.23:207][  0]LogConfig: Setting CVar [[r.DOF.TemporalAAQuality:1                ; more stable temporal accumulation]]
[2019.06.11-13.09.23:207][  0]LogConfig: Setting CVar [[r.DOF.Kernel.MaxForegroundRadius:0.025]]
[2019.06.11-13.09.23:207][  0]LogConfig: Setting CVar [[r.DOF.Kernel.MaxBackgroundRadius:0.025]]
[2019.06.11-13.09.23:207][  0]LogConfig: Applying CVar settings from Section [TextureQuality@3] File [../../../program3053_UE/program3053/Saved/Config/Windows/Scalability.ini]
[2019.06.11-13.09.23:207][  0]LogConfig: Setting CVar [[r.Streaming.MipBias:0]]
[2019.06.11-13.09.23:207][  0]LogConfig: Setting CVar [[r.Streaming.AmortizeCPUToGPUCopy:0]]
[2019.06.11-13.09.23:207][  0]LogConfig: Setting CVar [[r.Streaming.MaxNumTexturesToStreamPerFrame:0]]
[2019.06.11-13.09.23:207][  0]LogConfig: Setting CVar [[r.Streaming.Boost:1]]
[2019.06.11-13.09.23:207][  0]LogConfig: Setting CVar [[r.MaxAnisotropy:8]]
[2019.06.11-13.09.23:207][  0]LogConfig: Setting CVar [[r.Streaming.LimitPoolSizeToVRAM:0]]
[2019.06.11-13.09.23:207][  0]LogConfig: Setting CVar [[r.Streaming.PoolSize:1000]]
[2019.06.11-13.09.23:207][  0]LogConfig: Setting CVar [[r.Streaming.MaxEffectiveScreenSize:0]]
[2019.06.11-13.09.23:208][  0]LogConfig: Applying CVar settings from Section [EffectsQuality@3] File [../../../program3053_UE/program3053/Saved/Config/Windows/Scalability.ini]
[2019.06.11-13.09.23:208][  0]LogConfig: Setting CVar [[r.TranslucencyLightingVolumeDim:64]]
[2019.06.11-13.09.23:208][  0]LogConfig: Setting CVar [[r.RefractionQuality:2]]
[2019.06.11-13.09.23:208][  0]LogConfig: Setting CVar [[r.SSR.Quality:3]]
[2019.06.11-13.09.23:208][  0]LogConfig: Setting CVar [[r.SceneColorFormat:4]]
[2019.06.11-13.09.23:208][  0]LogConfig: Setting CVar [[r.DetailMode:2]]
[2019.06.11-13.09.23:208][  0]LogConfig: Setting CVar [[r.TranslucencyVolumeBlur:1]]
[2019.06.11-13.09.23:208][  0]LogConfig: Setting CVar [[r.MaterialQualityLevel:1 ; High quality]]
[2019.06.11-13.09.23:208][  0]LogConfig: Setting CVar [[r.SSS.Scale:1]]
[2019.06.11-13.09.23:208][  0]LogConfig: Setting CVar [[r.SSS.SampleSet:2]]
[2019.06.11-13.09.23:208][  0]LogConfig: Setting CVar [[r.SSS.Quality:1]]
[2019.06.11-13.09.23:208][  0]LogConfig: Setting CVar [[r.SSS.HalfRes:1]]
[2019.06.11-13.09.23:208][  0]LogConfig: Setting CVar [[r.EmitterSpawnRateScale:1.0]]
[2019.06.11-13.09.23:208][  0]LogConfig: Setting CVar [[r.ParticleLightQuality:2]]
[2019.06.11-13.09.23:208][  0]LogConfig: Applying CVar settings from Section [FoliageQuality@3] File [../../../program3053_UE/program3053/Saved/Config/Windows/Scalability.ini]
[2019.06.11-13.09.23:208][  0]LogConfig: Setting CVar [[foliage.DensityScale:1.0]]
[2019.06.11-13.09.23:208][  0]LogConfig: Setting CVar [[grass.DensityScale:1.0]]
[2019.06.11-13.09.23:208][  0]LogConfig: Applying CVar settings from Section [Startup] File [../../../Engine/Config/ConsoleVariables.ini]
[2019.06.11-13.09.23:209][  0]LogConfig: Setting CVar [[net.UseAdaptiveNetUpdateFrequency:0]]
[2019.06.11-13.09.23:209][  0]LogConfig: Setting CVar [[p.chaos.AllowCreatePhysxBodies:1]]
[2019.06.11-13.09.23:209][  0]LogConfig: Applying CVar settings from Section [ConsoleVariables] File [../../../program3053_UE/program3053/Saved/Config/Windows/Engine.ini]
[2019.06.11-13.09.23:219][  0]LogInit: Computer: DESKTOP-JAV4KFL
[2019.06.11-13.09.23:219][  0]LogInit: User: 王传坤
[2019.06.11-13.09.23:219][  0]LogInit: CPU Page size=4096, Cores=4
[2019.06.11-13.09.23:219][  0]LogInit: High frequency timer resolution =2.249998 MHz
[2019.06.11-13.09.23:219][  0]LogMemory: Memory total: Physical=7.9GB (8GB approx)
[2019.06.11-13.09.23:219][  0]LogMemory: Platform Memory Stats for Windows
[2019.06.11-13.09.23:220][  0]LogMemory: Process Physical Memory: 97.64 MB used, 97.64 MB peak
[2019.06.11-13.09.23:220][  0]LogMemory: Process Virtual Memory: 89.36 MB used, 89.36 MB peak
[2019.06.11-13.09.23:220][  0]LogMemory: Physical Memory: 5778.41 MB used,  2274.26 MB free, 8052.66 MB total
[2019.06.11-13.09.23:220][  0]LogMemory: Virtual Memory: 4659.25 MB used,  134213072.00 MB free, 134217728.00 MB total
[2019.06.11-13.09.24:261][  0]LogInit: Using OS detected language (zh-CN).
[2019.06.11-13.09.24:261][  0]LogInit: Using OS detected locale (zh-CN).
[2019.06.11-13.09.24:263][  0]LogTextLocalizationResource: LocRes '../../../Engine/Content/Localization/Editor/zh-Hans-CN/Editor.locres' could not be opened for reading!
[2019.06.11-13.09.24:263][  0]LogTextLocalizationResource: LocRes '../../../Engine/Content/Localization/EditorTutorials/zh-Hans-CN/EditorTutorials.locres' could not be opened for reading!
[2019.06.11-13.09.24:263][  0]LogTextLocalizationResource: LocRes '../../../Engine/Content/Localization/Keywords/zh-Hans-CN/Keywords.locres' could not be opened for reading!
[2019.06.11-13.09.24:264][  0]LogTextLocalizationResource: LocRes '../../../Engine/Content/Localization/Category/zh-Hans-CN/Category.locres' could not be opened for reading!
[2019.06.11-13.09.24:264][  0]LogTextLocalizationResource: LocRes '../../../Engine/Content/Localization/ToolTips/zh-Hans-CN/ToolTips.locres' could not be opened for reading!
[2019.06.11-13.09.24:264][  0]LogTextLocalizationResource: LocRes '../../../Engine/Content/Localization/PropertyNames/zh-Hans-CN/PropertyNames.locres' could not be opened for reading!
[2019.06.11-13.09.24:265][  0]LogTextLocalizationResource: LocRes '../../../Engine/Content/Localization/Engine/zh-Hans-CN/Engine.locres' could not be opened for reading!
[2019.06.11-13.09.24:265][  0]LogTextLocalizationResource: LocRes '../../../Engine/Plugins/Online/Android/OnlineSubsystemGooglePlay/Content/Localization/OnlineSubsystemGooglePlay/zh-Hans-CN/OnlineSubsystemGooglePlay.locres' could not be opened for reading!
[2019.06.11-13.09.24:265][  0]LogTextLocalizationResource: LocRes '../../../Engine/Plugins/Online/IOS/OnlineSubsystemIOS/Content/Localization/OnlineSubsystemIOS/zh-Hans-CN/OnlineSubsystemIOS.locres' could not be opened for reading!
[2019.06.11-13.09.24:265][  0]LogTextLocalizationResource: LocRes '../../../Engine/Plugins/Online/OnlineSubsystem/Content/Localization/OnlineSubsystem/zh-Hans-CN/OnlineSubsystem.locres' could not be opened for reading!
[2019.06.11-13.09.24:266][  0]LogTextLocalizationResource: LocRes '../../../Engine/Plugins/Online/OnlineSubsystemUtils/Content/Localization/OnlineSubsystemUtils/zh-Hans-CN/OnlineSubsystemUtils.locres' could not be opened for reading!
[2019.06.11-13.09.24:592][  0]LogTextLocalizationResource: LocRes '../../../Engine/Plugins/Online/Android/OnlineSubsystemGooglePlay/Content/Localization/OnlineSubsystemGooglePlay/zh-CN/OnlineSubsystemGooglePlay.locres' could not be opened for reading!
[2019.06.11-13.09.24:593][  0]LogTextLocalizationResource: LocRes '../../../Engine/Plugins/Online/IOS/OnlineSubsystemIOS/Content/Localization/OnlineSubsystemIOS/zh-CN/OnlineSubsystemIOS.locres' could not be opened for reading!
[2019.06.11-13.09.24:593][  0]LogTextLocalizationResource: LocRes '../../../Engine/Plugins/Online/OnlineSubsystem/Content/Localization/OnlineSubsystem/zh-CN/OnlineSubsystem.locres' could not be opened for reading!
[2019.06.11-13.09.24:593][  0]LogTextLocalizationResource: LocRes '../../../Engine/Plugins/Online/OnlineSubsystemUtils/Content/Localization/OnlineSubsystemUtils/zh-CN/OnlineSubsystemUtils.locres' could not be opened for reading!
[2019.06.11-13.09.24:594][  0]LogTextLocalizationResource: LocRes '../../../Engine/Content/Localization/Editor/zh-Hans/Editor.locres' could not be opened for reading!
[2019.06.11-13.09.24:594][  0]LogTextLocalizationResource: LocRes '../../../Engine/Content/Localization/EditorTutorials/zh-Hans/EditorTutorials.locres' could not be opened for reading!
[2019.06.11-13.09.24:594][  0]LogTextLocalizationResource: LocRes '../../../Engine/Content/Localization/Keywords/zh-Hans/Keywords.locres' could not be opened for reading!
[2019.06.11-13.09.24:594][  0]LogTextLocalizationResource: LocRes '../../../Engine/Content/Localization/Category/zh-Hans/Category.locres' could not be opened for reading!
[2019.06.11-13.09.24:595][  0]LogTextLocalizationResource: LocRes '../../../Engine/Content/Localization/ToolTips/zh-Hans/ToolTips.locres' could not be opened for reading!
[2019.06.11-13.09.24:595][  0]LogTextLocalizationResource: LocRes '../../../Engine/Content/Localization/PropertyNames/zh-Hans/PropertyNames.locres' could not be opened for reading!
[2019.06.11-13.09.24:595][  0]LogTextLocalizationResource: LocRes '../../../Engine/Content/Localization/Engine/zh-Hans/Engine.locres' could not be opened for reading!
[2019.06.11-13.09.24:626][  0]LogTextLocalizationResource: LocRes '../../../Engine/Content/Localization/Editor/zh/Editor.locres' could not be opened for reading!
[2019.06.11-13.09.24:627][  0]LogTextLocalizationResource: LocRes '../../../Engine/Content/Localization/EditorTutorials/zh/EditorTutorials.locres' could not be opened for reading!
[2019.06.11-13.09.24:627][  0]LogTextLocalizationResource: LocRes '../../../Engine/Content/Localization/Keywords/zh/Keywords.locres' could not be opened for reading!
[2019.06.11-13.09.24:627][  0]LogTextLocalizationResource: LocRes '../../../Engine/Content/Localization/Category/zh/Category.locres' could not be opened for reading!
[2019.06.11-13.09.24:627][  0]LogTextLocalizationResource: LocRes '../../../Engine/Content/Localization/ToolTips/zh/ToolTips.locres' could not be opened for reading!
[2019.06.11-13.09.24:628][  0]LogTextLocalizationResource: LocRes '../../../Engine/Content/Localization/PropertyNames/zh/PropertyNames.locres' could not be opened for reading!
[2019.06.11-13.09.24:628][  0]LogTextLocalizationResource: LocRes '../../../Engine/Content/Localization/Engine/zh/Engine.locres' could not be opened for reading!
[2019.06.11-13.09.24:628][  0]LogTextLocalizationResource: LocRes '../../../Engine/Plugins/Online/Android/OnlineSubsystemGooglePlay/Content/Localization/OnlineSubsystemGooglePlay/zh/OnlineSubsystemGooglePlay.locres' could not be opened for reading!
[2019.06.11-13.09.24:628][  0]LogTextLocalizationResource: LocRes '../../../Engine/Plugins/Online/IOS/OnlineSubsystemIOS/Content/Localization/OnlineSubsystemIOS/zh/OnlineSubsystemIOS.locres' could not be opened for reading!
[2019.06.11-13.09.24:628][  0]LogTextLocalizationResource: LocRes '../../../Engine/Plugins/Online/OnlineSubsystem/Content/Localization/OnlineSubsystem/zh/OnlineSubsystem.locres' could not be opened for reading!
[2019.06.11-13.09.24:629][  0]LogTextLocalizationResource: LocRes '../../../Engine/Plugins/Online/OnlineSubsystemUtils/Content/Localization/OnlineSubsystemUtils/zh/OnlineSubsystemUtils.locres' could not be opened for reading!
[2019.06.11-13.09.24:650][  0]LogInit: Setting process to per monitor DPI aware
[2019.06.11-13.09.24:916][  0]LogSlate: New Slate User Created.  User Index 0, Is Virtual User: 0
[2019.06.11-13.09.24:916][  0]LogSlate: Slate User Registered.  User Index 0, Is Virtual User: 0
[2019.06.11-13.09.26:365][  0]LogHMD: Failed to initialize OpenVR with code 110
[2019.06.11-13.09.26:365][  0]LogD3D11RHI: D3D11 adapters:
[2019.06.11-13.09.27:430][  0]LogD3D11RHI:    0. 'NVIDIA GeForce GTX 1050 Ti' (Feature Level 11_0)
[2019.06.11-13.09.27:430][  0]LogD3D11RHI:       4018/0/4026 MB DedicatedVideo/DedicatedSystem/SharedSystem, Outputs:1, VendorId:0x10de
[2019.06.11-13.09.27:460][  0]LogD3D11RHI:    1. 'Intel(R) UHD Graphics 630' (Feature Level 11_0)
[2019.06.11-13.09.27:460][  0]LogD3D11RHI:       128/0/4026 MB DedicatedVideo/DedicatedSystem/SharedSystem, Outputs:0, VendorId:0x8086
[2019.06.11-13.09.27:469][  0]LogD3D11RHI:    2. 'Microsoft Basic Render Driver' (Feature Level 11_0)
[2019.06.11-13.09.27:469][  0]LogD3D11RHI:       0/0/4026 MB DedicatedVideo/DedicatedSystem/SharedSystem, Outputs:0, VendorId:0x1414
[2019.06.11-13.09.27:469][  0]LogD3D11RHI: Chosen D3D11 Adapter: 0
[2019.06.11-13.09.27:499][  0]LogD3D11RHI: Creating new Direct3DDevice
[2019.06.11-13.09.27:499][  0]LogD3D11RHI:     GPU DeviceId: 0x1c8c (for the marketing name, search the web for "GPU Device Id")
[2019.06.11-13.09.27:499][  0]LogWindows: EnumDisplayDevices:
[2019.06.11-13.09.27:500][  0]LogWindows:    0. 'Intel(R) UHD Graphics 630' (P:1 D:1)
[2019.06.11-13.09.27:500][  0]LogWindows:    1. 'Intel(R) UHD Graphics 630' (P:0 D:0)
[2019.06.11-13.09.27:501][  0]LogWindows:    2. 'Intel(R) UHD Graphics 630' (P:0 D:0)
[2019.06.11-13.09.27:501][  0]LogWindows:    3. 'NVIDIA GeForce GTX 1050 Ti' (P:0 D:0)
[2019.06.11-13.09.27:502][  0]LogWindows: DebugString: PrimaryIsNotTheChoosenAdapter PrimaryIsNotTheChoosenAdapter PrimaryIsNotTheChoosenAdapter 
[2019.06.11-13.09.27:502][  0]LogD3D11RHI:     Adapter Name: NVIDIA GeForce GTX 1050 Ti
[2019.06.11-13.09.27:502][  0]LogD3D11RHI:   Driver Version: 398.36 (internal:24.21.13.9836, unified:398.36)
[2019.06.11-13.09.27:502][  0]LogD3D11RHI:      Driver Date: 6-24-2018
[2019.06.11-13.09.27:502][  0]LogRHI: Texture pool is 2812 MB (70% of 4018 MB)
[2019.06.11-13.09.27:543][  0]LogD3D11RHI: Async texture creation enabled
[2019.06.11-13.09.27:547][  0]LogRendererCore: FGlobalReadBuffer::InitRHI
[2019.06.11-13.09.27:548][  0]LogRendererCore: FGlobalReadBuffer::InitRHI
[2019.06.11-13.09.27:548][  0]LogRendererCore: FGlobalReadBuffer::InitRHI
[2019.06.11-13.09.27:562][  0]LogD3D11RHI: GPU Timing Frequency: 1000.000000 (Debug: 2 2)
[2019.06.11-13.09.27:956][  0]LogTemp: Display: Module 'AllDesktopTargetPlatform' loaded TargetPlatform 'AllDesktop'
[2019.06.11-13.09.27:982][  0]LogTemp: Display: Module 'MacClientTargetPlatform' loaded TargetPlatform 'MacClient'
[2019.06.11-13.09.28:007][  0]LogTemp: Display: Module 'MacNoEditorTargetPlatform' loaded TargetPlatform 'MacNoEditor'
[2019.06.11-13.09.28:039][  0]LogTemp: Display: Module 'MacServerTargetPlatform' loaded TargetPlatform 'MacServer'
[2019.06.11-13.09.28:140][  0]LogTemp: Display: Module 'MacTargetPlatform' loaded TargetPlatform 'Mac'
[2019.06.11-13.09.28:165][  0]LogTemp: Display: Module 'WindowsClientTargetPlatform' loaded TargetPlatform 'WindowsClient'
[2019.06.11-13.09.28:187][  0]LogTemp: Display: Module 'WindowsNoEditorTargetPlatform' loaded TargetPlatform 'WindowsNoEditor'
[2019.06.11-13.09.28:202][  0]LogTemp: Display: Module 'WindowsServerTargetPlatform' loaded TargetPlatform 'WindowsServer'
[2019.06.11-13.09.28:220][  0]LogTemp: Display: Module 'WindowsTargetPlatform' loaded TargetPlatform 'Windows'
[2019.06.11-13.09.28:344][  0]LogTemp: Display: Module 'AndroidTargetPlatform' loaded TargetPlatform 'Android'
[2019.06.11-13.09.28:345][  0]LogTemp: Display: Module 'AndroidTargetPlatform' loaded TargetPlatform 'Android_ASTC'
[2019.06.11-13.09.28:345][  0]LogTemp: Display: Module 'AndroidTargetPlatform' loaded TargetPlatform 'Android_ATC'
[2019.06.11-13.09.28:345][  0]LogTemp: Display: Module 'AndroidTargetPlatform' loaded TargetPlatform 'Android_DXT'
[2019.06.11-13.09.28:345][  0]LogTemp: Display: Module 'AndroidTargetPlatform' loaded TargetPlatform 'Android_ETC1'
[2019.06.11-13.09.28:345][  0]LogTemp: Display: Module 'AndroidTargetPlatform' loaded TargetPlatform 'Android_ETC1a'
[2019.06.11-13.09.28:345][  0]LogTemp: Display: Module 'AndroidTargetPlatform' loaded TargetPlatform 'Android_ETC2'
[2019.06.11-13.09.28:345][  0]LogTemp: Display: Module 'AndroidTargetPlatform' loaded TargetPlatform 'Android_PVRTC'
[2019.06.11-13.09.28:345][  0]LogTemp: Display: Module 'AndroidTargetPlatform' loaded TargetPlatform 'AndroidClient'
[2019.06.11-13.09.28:345][  0]LogTemp: Display: Module 'AndroidTargetPlatform' loaded TargetPlatform 'Android_ASTCClient'
[2019.06.11-13.09.28:345][  0]LogTemp: Display: Module 'AndroidTargetPlatform' loaded TargetPlatform 'Android_ATCClient'
[2019.06.11-13.09.28:345][  0]LogTemp: Display: Module 'AndroidTargetPlatform' loaded TargetPlatform 'Android_DXTClient'
[2019.06.11-13.09.28:345][  0]LogTemp: Display: Module 'AndroidTargetPlatform' loaded TargetPlatform 'Android_ETC1Client'
[2019.06.11-13.09.28:345][  0]LogTemp: Display: Module 'AndroidTargetPlatform' loaded TargetPlatform 'Android_ETC1aClient'
[2019.06.11-13.09.28:345][  0]LogTemp: Display: Module 'AndroidTargetPlatform' loaded TargetPlatform 'Android_ETC2Client'
[2019.06.11-13.09.28:346][  0]LogTemp: Display: Module 'AndroidTargetPlatform' loaded TargetPlatform 'Android_PVRTCClient'
[2019.06.11-13.09.28:346][  0]LogTemp: Display: Module 'AndroidTargetPlatform' loaded TargetPlatform 'Android_Multi'
[2019.06.11-13.09.28:346][  0]LogTemp: Display: Module 'AndroidTargetPlatform' loaded TargetPlatform 'Android_MultiClient'
[2019.06.11-13.09.28:363][  0]LogTemp: Display: Module 'HTML5TargetPlatform' loaded TargetPlatform 'HTML5'
[2019.06.11-13.09.28:507][  0]LogTemp: Display: Module 'IOSTargetPlatform' loaded TargetPlatform 'IOSClient'
[2019.06.11-13.09.28:507][  0]LogTemp: Display: Module 'IOSTargetPlatform' loaded TargetPlatform 'IOS'
[2019.06.11-13.09.28:544][  0]LogTemp: Display: Module 'TVOSTargetPlatform' loaded TargetPlatform 'TVOSClient'
[2019.06.11-13.09.28:544][  0]LogTemp: Display: Module 'TVOSTargetPlatform' loaded TargetPlatform 'TVOS'
[2019.06.11-13.09.28:600][  0]LogTemp: Display: Module 'LinuxClientTargetPlatform' loaded TargetPlatform 'LinuxClient'
[2019.06.11-13.09.28:618][  0]LogTemp: Display: Module 'LinuxNoEditorTargetPlatform' loaded TargetPlatform 'LinuxNoEditor'
[2019.06.11-13.09.28:661][  0]LogTemp: Display: Module 'LinuxServerTargetPlatform' loaded TargetPlatform 'LinuxServer'
[2019.06.11-13.09.28:702][  0]LogTemp: Display: Module 'LinuxTargetPlatform' loaded TargetPlatform 'Linux'
[2019.06.11-13.09.28:785][  0]LogTemp: Display: Module 'LuminTargetPlatform' loaded TargetPlatform 'Lumin'
[2019.06.11-13.09.28:786][  0]LogTemp: Display: Module 'LuminTargetPlatform' loaded TargetPlatform 'LuminClient'
[2019.06.11-13.09.28:786][  0]LogTargetPlatformManager: Display: Building Assets For Windows
[2019.06.11-13.09.28:907][  0]LogAudioDebug: Display: Lib vorbis DLL was dynamically loaded.
[2019.06.11-13.09.29:646][  0]LogShaderCompilers: Guid format shader working directory is 8 characters bigger than the processId version (../../../program3053_UE/program3053/Intermediate/Shaders/WorkingDirectory/13332/).
[2019.06.11-13.09.29:647][  0]LogShaderCompilers: Cleaned the shader compiler working directory 'C:/Users/王传坤/AppData/Local/Temp/UnrealShaderWorkingDir/60C1D21D4D0712DF39192194EF2BCADE/'.
[2019.06.11-13.09.29:668][  0]LogXGEController: Cleaning working directory: C:/Users/王传坤/AppData/Local/Temp/UnrealXGEWorkingDir/
[2019.06.11-13.09.29:669][  0]LogXGEController: Cannot use XGE Controller as Incredibuild is not installed on this machine.
[2019.06.11-13.09.29:669][  0]LogShaderCompilers: Cannot use XGE Shader Compiler as Incredibuild is not installed on this machine.
[2019.06.11-13.09.29:669][  0]LogShaderCompilers: Display: Using Local Shader Compiler.
[2019.06.11-13.09.30:824][  0]LogDerivedDataCache: Display: Max Cache Size: 512 MB
[2019.06.11-13.09.31:026][  0]LogDerivedDataCache: Loaded boot cache 0.20s 71MB C:/Users/王传坤/AppData/Local/UnrealEngine/4.22/DerivedDataCache/Boot.ddc.
[2019.06.11-13.09.31:026][  0]LogDerivedDataCache: Display: Loaded Boot cache: C:/Users/王传坤/AppData/Local/UnrealEngine/4.22/DerivedDataCache/Boot.ddc
[2019.06.11-13.09.31:027][  0]LogDerivedDataCache: FDerivedDataBackendGraph:  Pak pak cache file ../../../program3053_UE/program3053/DerivedDataCache/DDC.ddp not found, will not use a pak cache.
[2019.06.11-13.09.31:027][  0]LogDerivedDataCache: Unable to find inner node Pak for hierarchical cache Hierarchy.
[2019.06.11-13.09.31:027][  0]LogDerivedDataCache: FDerivedDataBackendGraph:  CompressedPak pak cache file ../../../program3053_UE/program3053/DerivedDataCache/Compressed.ddp not found, will not use a pak cache.
[2019.06.11-13.09.31:027][  0]LogDerivedDataCache: Unable to find inner node CompressedPak for hierarchical cache Hierarchy.
[2019.06.11-13.09.31:090][  0]LogDerivedDataCache: Display: Pak cache opened for reading ../../../Engine/DerivedDataCache/Compressed.ddp.
[2019.06.11-13.09.31:091][  0]LogDerivedDataCache: FDerivedDataBackendGraph:  EnterprisePak pak cache file ../../../Enterprise/DerivedDataCache/Compressed.ddp not found, will not use a pak cache.
[2019.06.11-13.09.31:091][  0]LogDerivedDataCache: Unable to find inner node EnterprisePak for hierarchical cache Hierarchy.
[2019.06.11-13.09.31:104][  0]LogDerivedDataCache: Using Local data cache path C:/Users/王传坤/AppData/Local/UnrealEngine/Common/DerivedDataCache: Writable
[2019.06.11-13.09.31:104][  0]LogDerivedDataCache: Shared data cache path not found in *engine.ini, will not use an Shared cache.
[2019.06.11-13.09.31:105][  0]LogDerivedDataCache: Unable to find inner node Shared for hierarchical cache Hierarchy.
[2019.06.11-13.09.31:239][  0]LogMaterial: Verifying Global Shaders for PCD3D_SM5
[2019.06.11-13.09.31:360][  0]LogSlate: Using FreeType 2.6.0
[2019.06.11-13.09.31:469][  0]LogSlate: SlateFontServices - WITH_FREETYPE: 1, WITH_HARFBUZZ: 1
[2019.06.11-13.09.32:235][  0]LogAssetRegistry: FAssetRegistry took 0.0361 seconds to start up
[2019.06.11-13.09.35:647][  0]LogInit: Selected Device Profile: [Windows]
[2019.06.11-13.09.37:196][  0]LogMeshReduction: Using QuadricMeshReduction for automatic static mesh reduction
[2019.06.11-13.09.37:196][  0]LogMeshReduction: Using SimplygonMeshReduction for automatic skeletal mesh reduction
[2019.06.11-13.09.37:196][  0]LogMeshReduction: Using ProxyLODMeshReduction for automatic mesh merging
[2019.06.11-13.09.37:196][  0]LogMeshReduction: No distributed automatic mesh merging module available
[2019.06.11-13.09.37:196][  0]LogMeshMerging: No distributed automatic mesh merging module available
[2019.06.11-13.09.37:478][  0]LogNetVersion: program3053 1.0.0, NetCL: 5660361, EngineNetVer: 10, GameNetVer: 0 (Checksum: 2992420275)
[2019.06.11-13.09.39:929][  0]LogPackageLocalizationCache: Processed 10 localized package path(s) for 4 prioritized culture(s) in 0.163095 seconds
[2019.06.11-13.09.40:045][  0]LogUObjectArray: 42205 objects as part of root set at end of initial load.
[2019.06.11-13.09.40:045][  0]LogUObjectAllocator: 7325032 out of 0 bytes used by permanent object pool.
[2019.06.11-13.09.40:045][  0]LogUObjectArray: CloseDisregardForGC: 0/0 objects in disregard for GC pool
[2019.06.11-13.09.49:808][  0]LogTcpMessaging: Initializing TcpMessaging bridge
[2019.06.11-13.09.49:845][  0]LogUdpMessaging: Initializing bridge on interface 0.0.0.0:0 to multicast group 230.0.0.1:6666.
[2019.06.11-13.09.50:812][  0]SourceControl: 源码控制已禁用
[2019.06.11-13.09.50:813][  0]SourceControl: 源码控制已禁用
[2019.06.11-13.09.50:910][  0]SourceControl: 源码控制已禁用
[2019.06.11-13.09.50:940][  0]SourceControl: 源码控制已禁用
[2019.06.11-13.09.52:116][  0]LogAndroidPermission: UAndroidPermissionCallbackProxy::GetInstance
[2019.06.11-13.09.52:713][  0]LogOcInput: OculusInput pre-init called
[2019.06.11-13.09.54:735][  0]LogEngine: Initializing Engine...
[2019.06.11-13.09.54:806][  0]LogHMD: Failed to initialize OpenVR with code 110
[2019.06.11-13.09.54:808][  0]LogStats: UGameplayTagsManager::InitializeManager -  0.000 s
[2019.06.11-13.09.55:487][  0]LogInit: Initializing FReadOnlyCVARCache
[2019.06.11-13.09.55:964][  0]LogAIModule: Creating AISystem for world Untitled
[2019.06.11-13.09.56:089][  0]LogInit: XAudio2 using 'Speakers/Headphones (Realtek(R) Audio)' : 2 channels at 48 kHz using 32 bits per sample (channel mask 0x3)
[2019.06.11-13.09.56:198][  0]LogInit: FAudioDevice initialized.
[2019.06.11-13.09.56:199][  0]LogNetVersion: Set ProjectVersion to 1.0.0.0. Version Checksum will be recalculated on next use.
[2019.06.11-13.09.56:279][  0]LogDerivedDataCache: Saved boot cache 0.08s 71MB C:/Users/王传坤/AppData/Local/UnrealEngine/4.22/DerivedDataCache/Boot.ddc.
[2019.06.11-13.09.56:279][  0]LogInit: Texture streaming: Enabled
[2019.06.11-13.09.56:429][  0]LogEngineSessionManager: EngineSessionManager initialized
[2019.06.11-13.09.56:429][  0]LogEngineSessionManager: EngineSessionManager sent abnormal shutdown report. Type=Debugger, SessionId={9D238ECF-4B4F-4287-64AC-C5962A1B8943}
[2019.06.11-13.09.56:597][  0]LogInit: Transaction tracking system initialized
[2019.06.11-13.09.56:912][  0]BlueprintLog: New page: 编辑器加载
[2019.06.11-13.09.58:155][  0]LocalizationService: 本地化服务已禁用
[2019.06.11-13.09.58:896][  0]LogLinker: Warning: 无法找到文件 '/Game/TwinStickBP/TwinStickOverview'
[2019.06.11-13.09.58:897][  0]LogLinker: Warning: 无法找到文件 '/Game/TwinStickBP/TwinStickOverview'
[2019.06.11-13.09.58:897][  0]LogUObjectGlobals: Warning: 寻找对象 'Class /Game/TwinStickBP/TwinStickOverview.TwinStickOverview_C’ 失败
[2019.06.11-13.10.00:353][  0]LogCook: Display: Max memory allowance for cook 16384mb min free memory 0mb
[2019.06.11-13.10.00:353][  0]LogCook: Display: Mobile HDR setting 1
[2019.06.11-13.10.02:581][  0]SourceControl: 源码控制已禁用
[2019.06.11-13.10.02:581][  0]Cmd: MAP LOAD FILE="../../../program3053_UE/program3053/Content/TwinStickCPP/Maps/MainMenu.umap" TEMPLATE=0 SHOWPROGRESS=1 FEATURELEVEL=3
[2019.06.11-13.10.02:599][  0]LightingResults: New page: 光照构建
[2019.06.11-13.10.02:722][  0]MapCheck: New page: 地图检测
[2019.06.11-13.10.02:722][  0]LightingResults: New page: 光照构建
[2019.06.11-13.10.03:071][  0]LogUObjectHash: Compacting FUObjectHashTables data took   1.42ms
[2019.06.11-13.10.04:506][  0]LogAIModule: Creating AISystem for world MainMenu
[2019.06.11-13.10.04:858][  0]LogEditorServer: Finished looking for orphan Actors (0.000 secs)
[2019.06.11-13.10.04:895][  0]LogUObjectHash: Compacting FUObjectHashTables data took   1.70ms
[2019.06.11-13.10.04:895][  0]Cmd: MAP CHECKDEP NOCLEARLOG
[2019.06.11-13.10.04:909][  0]MapCheck: 地图检测完成：0个错误，0 个警告，用时13.937毫秒完成。
[2019.06.11-13.10.04:909][  0]LogFileHelpers: Loading map 'MainMenu' took 2.329
[2019.06.11-13.10.06:098][  0]LogSlate: Updating window title bar state: overlay mode, drag disabled, window buttons hidden, title bar hidden
[2019.06.11-13.10.06:105][  0]LogSlate: Updating window title bar state: overlay mode, drag disabled, window buttons hidden, title bar hidden
[2019.06.11-13.10.06:111][  0]LogSlate: Updating window title bar state: overlay mode, drag disabled, window buttons hidden, title bar hidden
[2019.06.11-13.10.06:118][  0]LogSlate: Updating window title bar state: overlay mode, drag disabled, window buttons hidden, title bar hidden
[2019.06.11-13.10.06:345][  0]LogCollectionManager: Loaded 0 collections in 0.001056 seconds
[2019.06.11-13.10.06:610][  0]LogFileCache: Scanning file cache for directory 'D:/Epic/UE_4.22/program3053_UE/program3053/Saved/Collections/' took 0.01s
[2019.06.11-13.10.06:610][  0]LogFileCache: Scanning file cache for directory 'D:/Epic/UE_4.22/program3053_UE/program3053/Content/Developers/王传坤/Collections/' took 0.01s
[2019.06.11-13.10.06:610][  0]LogFileCache: Scanning file cache for directory 'D:/Epic/UE_4.22/program3053_UE/program3053/Content/Collections/' took 0.01s
[2019.06.11-13.10.06:610][  0]LogCollectionManager: Rebuilt the GUID cache for 0 collections in 0.000000 seconds
[2019.06.11-13.10.06:621][  0]LogContentBrowser: Native class hierarchy populated in 0.0089 seconds. Added 2742 classes and 661 folders.
[2019.06.11-13.10.06:761][  0]LogContentBrowser: Native class hierarchy updated for 'WidgetCarousel' in 0.0004 seconds. Added 0 classes and 0 folders.
[2019.06.11-13.10.06:794][  0]LogPakFile: Registered encryption key '00000000000000000000000000000000': 0 pak files mounted, 0 remain pending
[2019.06.11-13.10.06:805][  0]LogPakFile: Registered encryption key '00000000000000000000000000000000': 0 pak files mounted, 0 remain pending
[2019.06.11-13.10.06:818][  0]LogPakFile: Registered encryption key '00000000000000000000000000000000': 0 pak files mounted, 0 remain pending
[2019.06.11-13.10.06:820][  0]LogPakFile: Registered encryption key '00000000000000000000000000000000': 0 pak files mounted, 0 remain pending
[2019.06.11-13.10.06:835][  0]LogPakFile: Registered encryption key '00000000000000000000000000000000': 0 pak files mounted, 0 remain pending
[2019.06.11-13.10.06:837][  0]LogPakFile: Registered encryption key '00000000000000000000000000000000': 0 pak files mounted, 0 remain pending
[2019.06.11-13.10.06:872][  0]LogPakFile: Registered encryption key '00000000000000000000000000000000': 0 pak files mounted, 0 remain pending
[2019.06.11-13.10.06:875][  0]LogPakFile: Registered encryption key '00000000000000000000000000000000': 0 pak files mounted, 0 remain pending
[2019.06.11-13.10.06:892][  0]LogPakFile: Registered encryption key '00000000000000000000000000000000': 0 pak files mounted, 0 remain pending
[2019.06.11-13.10.06:895][  0]LogPakFile: Registered encryption key '00000000000000000000000000000000': 0 pak files mounted, 0 remain pending
[2019.06.11-13.10.06:919][  0]LogPakFile: Registered encryption key '00000000000000000000000000000000': 0 pak files mounted, 0 remain pending
[2019.06.11-13.10.06:922][  0]LogPakFile: Registered encryption key '00000000000000000000000000000000': 0 pak files mounted, 0 remain pending
[2019.06.11-13.10.06:924][  0]LogPakFile: Registered encryption key '00000000000000000000000000000000': 0 pak files mounted, 0 remain pending
[2019.06.11-13.10.06:926][  0]LogPakFile: Registered encryption key '00000000000000000000000000000000': 0 pak files mounted, 0 remain pending
[2019.06.11-13.10.06:928][  0]LogPakFile: Registered encryption key '00000000000000000000000000000000': 0 pak files mounted, 0 remain pending
[2019.06.11-13.10.06:930][  0]LogPakFile: Registered encryption key '00000000000000000000000000000000': 0 pak files mounted, 0 remain pending
[2019.06.11-13.10.06:931][  0]LogPakFile: Registered encryption key '00000000000000000000000000000000': 0 pak files mounted, 0 remain pending
[2019.06.11-13.10.06:933][  0]LogPakFile: Registered encryption key '00000000000000000000000000000000': 0 pak files mounted, 0 remain pending
[2019.06.11-13.10.06:981][  0]LogPakFile: Registered encryption key '00000000000000000000000000000000': 0 pak files mounted, 0 remain pending
[2019.06.11-13.10.07:005][  0]LogPakFile: Registered encryption key '00000000000000000000000000000000': 0 pak files mounted, 0 remain pending
[2019.06.11-13.10.07:008][  0]LogPakFile: Registered encryption key '00000000000000000000000000000000': 0 pak files mounted, 0 remain pending
[2019.06.11-13.10.07:010][  0]LogPakFile: Registered encryption key '00000000000000000000000000000000': 0 pak files mounted, 0 remain pending
[2019.06.11-13.10.07:012][  0]LogPakFile: Registered encryption key '00000000000000000000000000000000': 0 pak files mounted, 0 remain pending
[2019.06.11-13.10.07:014][  0]LogPakFile: Registered encryption key '00000000000000000000000000000000': 0 pak files mounted, 0 remain pending
[2019.06.11-13.10.07:016][  0]LogPakFile: Registered encryption key '00000000000000000000000000000000': 0 pak files mounted, 0 remain pending
[2019.06.11-13.10.07:019][  0]LogPakFile: Registered encryption key '00000000000000000000000000000000': 0 pak files mounted, 0 remain pending
[2019.06.11-13.10.08:202][  0]LogContentBrowser: Native class hierarchy updated for 'AddContentDialog' in 0.0004 seconds. Added 0 classes and 0 folders.
[2019.06.11-13.10.08:378][  0]LogContentBrowser: Native class hierarchy updated for 'SceneOutliner' in 0.0007 seconds. Added 1 classes and 2 folders.
[2019.06.11-13.10.08:929][  0]LogSlate: Took 0.018231 seconds to synchronously load lazily loaded font '../../../Engine/Content/Slate/Fonts/Roboto-Regular.ttf' (155K)
[2019.06.11-13.10.09:055][  0]LogSlate: Took 0.115661 seconds to synchronously load lazily loaded font '../../../Engine/Content/Slate/Fonts/DroidSansFallback.ttf' (3848K)
[2019.06.11-13.10.09:114][  0]LogSlate: Took 0.058564 seconds to synchronously load lazily loaded font '../../../Engine/Content/Slate/Fonts/Roboto-Bold.ttf' (160K)
[2019.06.11-13.10.09:191][  0]LogSlate: Took 0.005806 seconds to synchronously load lazily loaded font '../../../Engine/Content/Editor/Slate/Fonts/FontAwesome.ttf' (139K)
[2019.06.11-13.10.09:536][  0]LogRenderer: Reallocating scene render targets to support 964x404 Format 10 NumSamples 1 (Frame:1).
[2019.06.11-13.10.09:718][  0]LogSlate: Warning: Legacy localized fallback font '../../../Engine/Content/Slate/Fonts/DroidSansFallback.ttf' was requested. Font: '/Engine/EngineFonts/Faces/RobotoRegular.RobotoRegular', Character: '光 (U+5149)'
Legacy localized fallback fonts were deprecated in 4.22 and will be removed in a future version!
Please update your composite fonts to use localized sub-font families: https://docs.unrealengine.com/en-US/Engine/UMG/UserGuide/Fonts/Overview
[2019.06.11-13.10.10:073][  0]LogContentBrowser: Native class hierarchy updated for 'HierarchicalLODOutliner' in 0.0004 seconds. Added 0 classes and 0 folders.
[2019.06.11-13.10.10:073][  0]LogLoad: (Engine Initialization) Total time: 51.31 seconds
[2019.06.11-13.10.10:073][  0]LogLoad: (Engine Initialization) Total Blueprint compile time: 0.00 seconds
[2019.06.11-13.10.10:285][  0]LogWindowsTextInputMethodSystem: Display: IME system now activated using TSF (搜狗拼音输入法).
[2019.06.11-13.10.10:403][  0]LogAssetRegistry: Asset discovery search completed in 38.1940 seconds
[2019.06.11-13.10.10:416][  0]LogCollectionManager: Rebuilt the object cache for 0 collections in 0.000000 seconds (found 0 objects)
[2019.06.11-13.10.10:417][  0]LogCollectionManager: Fixed up redirectors for 0 collections in 0.000138 seconds (updated 0 objects)
[2019.06.11-13.10.10:553][  0]LogContentStreaming: Texture pool size now 1000 MB
[2019.06.11-13.10.10:783][  0]LogSlate: Took 0.042276 seconds to synchronously load lazily loaded font '../../../Engine/Content/Slate/Fonts/Roboto-Light.ttf' (167K)
[2019.06.11-13.10.47:331][164]LogSlate: FSceneViewport::OnFocusLost() reason 0
[2019.06.11-13.10.47:381][167]LogTemp: Repeating last play command: 选中的视口
[2019.06.11-13.10.47:400][167]LogBlueprintUserMessages: Early PlayInEditor Detection: Level '/Game/TwinStickCPP/Maps/MainMenu.MainMenu:PersistentLevel' has LevelScriptBlueprint '/Game/TwinStickCPP/Maps/MainMenu.MainMenu:PersistentLevel.MainMenu' with GeneratedClass '/Game/TwinStickCPP/Maps/MainMenu.MainMenu_C' with ClassGeneratedBy '/Game/TwinStickCPP/Maps/MainMenu.MainMenu:PersistentLevel.MainMenu'
[2019.06.11-13.10.47:432][167]LogPlayLevel: PlayLevel: No blueprints needed recompiling
[2019.06.11-13.10.47:491][167]PIE: New page: PIE会话: MainMenu (2019年6月12日 上午5:10:47)
[2019.06.11-13.10.47:569][167]LogPlayLevel: Creating play world package: /Game/TwinStickCPP/Maps/UEDPIE_0_MainMenu
[2019.06.11-13.10.47:571][167]LogPlayLevel: PIE: StaticDuplicateObject took: (0.002455s)
[2019.06.11-13.10.47:578][167]LogAIModule: Creating AISystem for world MainMenu
[2019.06.11-13.10.47:578][167]LogPlayLevel: PIE: World Init took: (0.006377s)
[2019.06.11-13.10.47:578][167]LogPlayLevel: PIE: Created PIE world by copying editor world from /Game/TwinStickCPP/Maps/MainMenu.MainMenu to /Game/TwinStickCPP/Maps/UEDPIE_0_MainMenu.MainMenu (0.009677s)
[2019.06.11-13.10.47:601][167]LogUObjectHash: Compacting FUObjectHashTables data took   0.91ms
[2019.06.11-13.10.47:615][167]LogInit: XAudio2 using 'Speakers/Headphones (Realtek(R) Audio)' : 2 channels at 48 kHz using 32 bits per sample (channel mask 0x3)
[2019.06.11-13.10.47:701][167]LogInit: FAudioDevice initialized.
[2019.06.11-13.10.47:777][167]LogLoad: Game class is 'BlueprintClassGameMode_C'
[2019.06.11-13.10.47:820][167]LogWorld: Bringing World /Game/TwinStickCPP/Maps/UEDPIE_0_MainMenu.MainMenu up for play (max tick rate 60) at 2019.06.11-21.10.47
[2019.06.11-13.10.47:822][167]LogWorld: Bringing up level for play took: 0.002828
[2019.06.11-13.10.47:988][167]LogContentBrowser: Native class hierarchy updated for 'MovieSceneCapture' in 0.0005 seconds. Added 20 classes and 0 folders.
[2019.06.11-13.10.48:071][167]PIE: /Game/TwinStickCPP/Maps/UEDPIE_0_MainMenu的‘在编辑器中播放’的起始时间0.929
[2019.06.11-13.10.48:072][167]LogBlueprintUserMessages: Late PlayInEditor Detection: Level '/Game/TwinStickCPP/Maps/MainMenu.MainMenu:PersistentLevel' has LevelScriptBlueprint '/Game/TwinStickCPP/Maps/MainMenu.MainMenu:PersistentLevel.MainMenu' with GeneratedClass '/Game/TwinStickCPP/Maps/MainMenu.MainMenu_C' with ClassGeneratedBy '/Game/TwinStickCPP/Maps/MainMenu.MainMenu:PersistentLevel.MainMenu'
[2019.06.11-13.10.48:998][213]LogSlate: FSceneViewport::OnFocusLost() reason 0
[2019.06.11-13.10.49:088][217]LogNet: Browse: /Game/TwinStickCPP/Maps/TwinStickExampleMap
[2019.06.11-13.10.49:088][217]LogLoad: LoadMap: /Game/TwinStickCPP/Maps/TwinStickExampleMap
[2019.06.11-13.10.49:166][217]LogUObjectHash: Compacting FUObjectHashTables data took   1.24ms
[2019.06.11-13.10.49:680][217]LogBlueprint: Warning: [Compiler Trap] 在'Trap_C’中找不到名为"bCanAttack\”的变量。
请确保已针对  设置bCanAttack  对'Trap_C’进行了编译
[2019.06.11-13.10.49:680][217]LogBlueprint: Warning: [Compiler Trap] 在'Trap_C’中找不到名为"bCanAttack\”的变量。
请确保已针对  设置bCanAttack  对'Trap_C’进行了编译
[2019.06.11-13.10.49:694][217]LogBlueprint: Error: [Compiler Trap] 没有找到和  Can Attack 相关的属性
[2019.06.11-13.10.49:694][217]LogBlueprint: Error: [Compiler Trap] 没有找到和  Can Attack 相关的属性
[2019.06.11-13.10.49:696][217]LogBlueprint: Warning: [Compiler Trap] [0090.94]编译 Trap 失败。2 项重大问题；2 个警告[83 毫秒内]（/Game/StarterContent/Blueprints/Trap.Trap）
[2019.06.11-13.10.50:158][217]LogAIModule: Creating AISystem for world TwinStickExampleMap
[2019.06.11-13.10.50:159][217]LogLoad: Game class is 'BlueprintClassGameMode_C'
[2019.06.11-13.10.50:200][217]LogWorld: Bringing World /Game/TwinStickCPP/Maps/UEDPIE_0_TwinStickExampleMap.TwinStickExampleMap up for play (max tick rate 60) at 2019.06.11-21.10.50
[2019.06.11-13.10.50:200][217]LogWorld: Bringing up level for play took: 0.040728
[2019.06.11-13.10.50:217][217]LogLoad: Took 1.128420 seconds to LoadMap(/Game/TwinStickCPP/Maps/TwinStickExampleMap)
[2019.06.11-13.10.55:827][544]LogSlate: FSceneViewport::OnFocusLost() reason 0
[2019.06.11-13.10.55:910][549]LogBlueprintUserMessages: Early EndPlayMap Detection: Level '/Game/TwinStickCPP/Maps/MainMenu.MainMenu:PersistentLevel' has LevelScriptBlueprint '/Game/TwinStickCPP/Maps/MainMenu.MainMenu:PersistentLevel.MainMenu' with GeneratedClass '/Game/TwinStickCPP/Maps/MainMenu.MainMenu_C' with ClassGeneratedBy '/Game/TwinStickCPP/Maps/MainMenu.MainMenu:PersistentLevel.MainMenu'
[2019.06.11-13.10.55:910][549]LogSlate: Updating window title bar state: overlay mode, drag disabled, window buttons hidden, title bar hidden
[2019.06.11-13.10.55:942][549]LogPlayLevel: Display: Shutting down PIE online subsystems
[2019.06.11-13.10.55:943][549]LogBlueprintUserMessages: Late EndPlayMap Detection: Level '/Game/TwinStickCPP/Maps/MainMenu.MainMenu:PersistentLevel' has LevelScriptBlueprint '/Game/TwinStickCPP/Maps/MainMenu.MainMenu:PersistentLevel.MainMenu' with GeneratedClass '/Game/TwinStickCPP/Maps/MainMenu.MainMenu_C' with ClassGeneratedBy '/Game/TwinStickCPP/Maps/MainMenu.MainMenu:PersistentLevel.MainMenu'
[2019.06.11-13.10.55:971][549]LogSlate: Updating window title bar state: overlay mode, drag disabled, window buttons hidden, title bar hidden
[2019.06.11-13.10.56:041][549]LogUObjectHash: Compacting FUObjectHashTables data took   1.75ms
[2019.06.11-13.10.56:064][550]LogPlayLevel: Display: Destroying online subsystem :Context_1
[2019.06.11-13.10.56:908][600]LogSlate: FSceneViewport::OnFocusLost() reason 0
[2019.06.11-13.10.57:007][606]LogTemp: Repeating last play command: 选中的视口
[2019.06.11-13.10.57:016][606]LogBlueprintUserMessages: Early PlayInEditor Detection: Level '/Game/TwinStickCPP/Maps/MainMenu.MainMenu:PersistentLevel' has LevelScriptBlueprint '/Game/TwinStickCPP/Maps/MainMenu.MainMenu:PersistentLevel.MainMenu' with GeneratedClass '/Game/TwinStickCPP/Maps/MainMenu.MainMenu_C' with ClassGeneratedBy '/Game/TwinStickCPP/Maps/MainMenu.MainMenu:PersistentLevel.MainMenu'
[2019.06.11-13.10.57:016][606]LogPlayLevel: PlayLevel: No blueprints needed recompiling
[2019.06.11-13.11.00:690][606]LogSlate: Window '消息' being destroyed
[2019.06.11-13.11.01:489][654]LogTemp: Repeating last play command: 选中的视口
[2019.06.11-13.11.01:498][654]LogBlueprintUserMessages: Early PlayInEditor Detection: Level '/Game/TwinStickCPP/Maps/MainMenu.MainMenu:PersistentLevel' has LevelScriptBlueprint '/Game/TwinStickCPP/Maps/MainMenu.MainMenu:PersistentLevel.MainMenu' with GeneratedClass '/Game/TwinStickCPP/Maps/MainMenu.MainMenu_C' with ClassGeneratedBy '/Game/TwinStickCPP/Maps/MainMenu.MainMenu:PersistentLevel.MainMenu'
[2019.06.11-13.11.01:498][654]LogPlayLevel: PlayLevel: No blueprints needed recompiling
[2019.06.11-13.11.04:138][654]LogSlate: Window '消息' being destroyed
[2019.06.11-13.11.05:573][735]LogTemp: Repeating last play command: 选中的视口
[2019.06.11-13.11.05:581][735]LogBlueprintUserMessages: Early PlayInEditor Detection: Level '/Game/TwinStickCPP/Maps/MainMenu.MainMenu:PersistentLevel' has LevelScriptBlueprint '/Game/TwinStickCPP/Maps/MainMenu.MainMenu:PersistentLevel.MainMenu' with GeneratedClass '/Game/TwinStickCPP/Maps/MainMenu.MainMenu_C' with ClassGeneratedBy '/Game/TwinStickCPP/Maps/MainMenu.MainMenu:PersistentLevel.MainMenu'
[2019.06.11-13.11.05:581][735]LogPlayLevel: PlayLevel: No blueprints needed recompiling
[2019.06.11-13.11.09:270][735]LogSlate: Window '消息' being destroyed
[2019.06.11-13.11.09:276][735]PIE: New page: PIE会话: MainMenu (2019年6月12日 上午5:11:09)
[2019.06.11-13.11.09:277][735]LogPlayLevel: Creating play world package: /Game/TwinStickCPP/Maps/UEDPIE_0_MainMenu
[2019.06.11-13.11.09:279][735]LogPlayLevel: PIE: StaticDuplicateObject took: (0.002278s)
[2019.06.11-13.11.09:280][735]LogAIModule: Creating AISystem for world MainMenu
[2019.06.11-13.11.09:281][735]LogPlayLevel: PIE: World Init took: (0.000864s)
[2019.06.11-13.11.09:281][735]LogPlayLevel: PIE: Created PIE world by copying editor world from /Game/TwinStickCPP/Maps/MainMenu.MainMenu to /Game/TwinStickCPP/Maps/UEDPIE_0_MainMenu.MainMenu (0.003876s)
[2019.06.11-13.11.09:306][735]LogUObjectHash: Compacting FUObjectHashTables data took   2.45ms
[2019.06.11-13.11.09:312][735]LogInit: XAudio2 using 'Speakers/Headphones (Realtek(R) Audio)' : 2 channels at 48 kHz using 32 bits per sample (channel mask 0x3)
[2019.06.11-13.11.09:405][735]LogInit: FAudioDevice initialized.
[2019.06.11-13.11.09:439][735]LogLoad: Game class is 'BlueprintClassGameMode_C'
[2019.06.11-13.11.09:441][735]LogWorld: Bringing World /Game/TwinStickCPP/Maps/UEDPIE_0_MainMenu.MainMenu up for play (max tick rate 60) at 2019.06.11-21.11.09
[2019.06.11-13.11.09:442][735]LogWorld: Bringing up level for play took: 0.001789
[2019.06.11-13.11.09:456][735]PIE: /Game/TwinStickCPP/Maps/UEDPIE_0_MainMenu的‘在编辑器中播放’的起始时间4.315
[2019.06.11-13.11.09:457][735]LogBlueprintUserMessages: Late PlayInEditor Detection: Level '/Game/TwinStickCPP/Maps/MainMenu.MainMenu:PersistentLevel' has LevelScriptBlueprint '/Game/TwinStickCPP/Maps/MainMenu.MainMenu:PersistentLevel.MainMenu' with GeneratedClass '/Game/TwinStickCPP/Maps/MainMenu.MainMenu_C' with ClassGeneratedBy '/Game/TwinStickCPP/Maps/MainMenu.MainMenu:PersistentLevel.MainMenu'
[2019.06.11-13.11.10:474][789]LogSlate: FSceneViewport::OnFocusLost() reason 0
[2019.06.11-13.11.10:542][793]LogNet: Browse: /Game/TwinStickCPP/Maps/TwinStickExampleMap
[2019.06.11-13.11.10:542][793]LogLoad: LoadMap: /Game/TwinStickCPP/Maps/TwinStickExampleMap
[2019.06.11-13.11.10:569][793]LogUObjectHash: Compacting FUObjectHashTables data took   1.38ms
[2019.06.11-13.11.10:602][793]LogAIModule: Creating AISystem for world TwinStickExampleMap
[2019.06.11-13.11.10:602][793]LogLoad: Game class is 'BlueprintClassGameMode_C'
[2019.06.11-13.11.10:651][793]LogWorld: Bringing World /Game/TwinStickCPP/Maps/UEDPIE_0_TwinStickExampleMap.TwinStickExampleMap up for play (max tick rate 60) at 2019.06.11-21.11.10
[2019.06.11-13.11.10:652][793]LogWorld: Bringing up level for play took: 0.048376
[2019.06.11-13.11.10:654][793]LogLoad: Took 0.111773 seconds to LoadMap(/Game/TwinStickCPP/Maps/TwinStickExampleMap)
[2019.06.11-13.11.15:003][ 54]LogSlate: FSceneViewport::OnFocusLost() reason 0
[2019.06.11-13.11.15:087][ 59]LogBlueprintUserMessages: Early EndPlayMap Detection: Level '/Game/TwinStickCPP/Maps/MainMenu.MainMenu:PersistentLevel' has LevelScriptBlueprint '/Game/TwinStickCPP/Maps/MainMenu.MainMenu:PersistentLevel.MainMenu' with GeneratedClass '/Game/TwinStickCPP/Maps/MainMenu.MainMenu_C' with ClassGeneratedBy '/Game/TwinStickCPP/Maps/MainMenu.MainMenu:PersistentLevel.MainMenu'
[2019.06.11-13.11.15:087][ 59]LogSlate: Updating window title bar state: overlay mode, drag disabled, window buttons hidden, title bar hidden
[2019.06.11-13.11.15:125][ 59]LogPlayLevel: Display: Shutting down PIE online subsystems
[2019.06.11-13.11.15:125][ 59]LogBlueprintUserMessages: Late EndPlayMap Detection: Level '/Game/TwinStickCPP/Maps/MainMenu.MainMenu:PersistentLevel' has LevelScriptBlueprint '/Game/TwinStickCPP/Maps/MainMenu.MainMenu:PersistentLevel.MainMenu' with GeneratedClass '/Game/TwinStickCPP/Maps/MainMenu.MainMenu_C' with ClassGeneratedBy '/Game/TwinStickCPP/Maps/MainMenu.MainMenu:PersistentLevel.MainMenu'
[2019.06.11-13.11.15:151][ 59]LogSlate: Updating window title bar state: overlay mode, drag disabled, window buttons hidden, title bar hidden
[2019.06.11-13.11.15:154][ 59]LogUObjectHash: Compacting FUObjectHashTables data took   1.00ms
[2019.06.11-13.11.15:198][ 62]LogPlayLevel: Display: Destroying online subsystem :Context_5
[2019.06.11-13.11.15:764][ 96]LogTemp: Repeating last play command: 选中的视口
[2019.06.11-13.11.15:773][ 96]LogBlueprintUserMessages: Early PlayInEditor Detection: Level '/Game/TwinStickCPP/Maps/MainMenu.MainMenu:PersistentLevel' has LevelScriptBlueprint '/Game/TwinStickCPP/Maps/MainMenu.MainMenu:PersistentLevel.MainMenu' with GeneratedClass '/Game/TwinStickCPP/Maps/MainMenu.MainMenu_C' with ClassGeneratedBy '/Game/TwinStickCPP/Maps/MainMenu.MainMenu:PersistentLevel.MainMenu'
[2019.06.11-13.11.15:774][ 96]LogPlayLevel: PlayLevel: No blueprints needed recompiling
[2019.06.11-13.11.15:774][ 96]PIE: New page: PIE会话: MainMenu (2019年6月12日 上午5:11:15)
[2019.06.11-13.11.15:774][ 96]LogPlayLevel: Creating play world package: /Game/TwinStickCPP/Maps/UEDPIE_0_MainMenu
[2019.06.11-13.11.15:776][ 96]LogPlayLevel: PIE: StaticDuplicateObject took: (0.002045s)
[2019.06.11-13.11.15:777][ 96]LogAIModule: Creating AISystem for world MainMenu
[2019.06.11-13.11.15:777][ 96]LogPlayLevel: PIE: World Init took: (0.000902s)
[2019.06.11-13.11.15:777][ 96]LogPlayLevel: PIE: Created PIE world by copying editor world from /Game/TwinStickCPP/Maps/MainMenu.MainMenu to /Game/TwinStickCPP/Maps/UEDPIE_0_MainMenu.MainMenu (0.003312s)
[2019.06.11-13.11.15:800][ 96]LogUObjectHash: Compacting FUObjectHashTables data took   1.00ms
[2019.06.11-13.11.15:805][ 96]LogInit: XAudio2 using 'Speakers/Headphones (Realtek(R) Audio)' : 2 channels at 48 kHz using 32 bits per sample (channel mask 0x3)
[2019.06.11-13.11.15:893][ 96]LogInit: FAudioDevice initialized.
[2019.06.11-13.11.15:930][ 96]LogLoad: Game class is 'BlueprintClassGameMode_C'
[2019.06.11-13.11.15:933][ 96]LogWorld: Bringing World /Game/TwinStickCPP/Maps/UEDPIE_0_MainMenu.MainMenu up for play (max tick rate 60) at 2019.06.11-21.11.15
[2019.06.11-13.11.15:933][ 96]LogWorld: Bringing up level for play took: 0.001889
[2019.06.11-13.11.15:949][ 96]PIE: /Game/TwinStickCPP/Maps/UEDPIE_0_MainMenu的‘在编辑器中播放’的起始时间0.807
[2019.06.11-13.11.15:950][ 96]LogBlueprintUserMessages: Late PlayInEditor Detection: Level '/Game/TwinStickCPP/Maps/MainMenu.MainMenu:PersistentLevel' has LevelScriptBlueprint '/Game/TwinStickCPP/Maps/MainMenu.MainMenu:PersistentLevel.MainMenu' with GeneratedClass '/Game/TwinStickCPP/Maps/MainMenu.MainMenu_C' with ClassGeneratedBy '/Game/TwinStickCPP/Maps/MainMenu.MainMenu:PersistentLevel.MainMenu'
[2019.06.11-13.11.16:711][142]LogNet: Browse: /Game/TwinStickCPP/Maps/TwinStickExampleMap
[2019.06.11-13.11.16:712][142]LogLoad: LoadMap: /Game/TwinStickCPP/Maps/TwinStickExampleMap
[2019.06.11-13.11.16:737][142]LogUObjectHash: Compacting FUObjectHashTables data took   1.28ms
[2019.06.11-13.11.16:770][142]LogAIModule: Creating AISystem for world TwinStickExampleMap
[2019.06.11-13.11.16:771][142]LogLoad: Game class is 'BlueprintClassGameMode_C'
[2019.06.11-13.11.16:786][142]LogWorld: Bringing World /Game/TwinStickCPP/Maps/UEDPIE_0_TwinStickExampleMap.TwinStickExampleMap up for play (max tick rate 60) at 2019.06.11-21.11.16
[2019.06.11-13.11.16:787][142]LogWorld: Bringing up level for play took: 0.015934
[2019.06.11-13.11.16:789][142]LogLoad: Took 0.077509 seconds to LoadMap(/Game/TwinStickCPP/Maps/TwinStickExampleMap)
[2019.06.11-13.11.24:486][604]LogSlate: FSceneViewport::OnFocusLost() reason 0
[2019.06.11-13.11.24:569][609]LogBlueprintUserMessages: Early EndPlayMap Detection: Level '/Game/TwinStickCPP/Maps/MainMenu.MainMenu:PersistentLevel' has LevelScriptBlueprint '/Game/TwinStickCPP/Maps/MainMenu.MainMenu:PersistentLevel.MainMenu' with GeneratedClass '/Game/TwinStickCPP/Maps/MainMenu.MainMenu_C' with ClassGeneratedBy '/Game/TwinStickCPP/Maps/MainMenu.MainMenu:PersistentLevel.MainMenu'
[2019.06.11-13.11.24:569][609]LogSlate: Updating window title bar state: overlay mode, drag disabled, window buttons hidden, title bar hidden
[2019.06.11-13.11.24:603][609]LogPlayLevel: Display: Shutting down PIE online subsystems
[2019.06.11-13.11.24:603][609]LogBlueprintUserMessages: Late EndPlayMap Detection: Level '/Game/TwinStickCPP/Maps/MainMenu.MainMenu:PersistentLevel' has LevelScriptBlueprint '/Game/TwinStickCPP/Maps/MainMenu.MainMenu:PersistentLevel.MainMenu' with GeneratedClass '/Game/TwinStickCPP/Maps/MainMenu.MainMenu_C' with ClassGeneratedBy '/Game/TwinStickCPP/Maps/MainMenu.MainMenu:PersistentLevel.MainMenu'
[2019.06.11-13.11.24:734][609]LogSlate: Updating window title bar state: overlay mode, drag disabled, window buttons hidden, title bar hidden
[2019.06.11-13.11.24:736][609]LogUObjectHash: Compacting FUObjectHashTables data took   0.95ms
[2019.06.11-13.11.24:746][610]LogPlayLevel: Display: Destroying online subsystem :Context_6
[2019.06.11-13.12.18:682][793]LogSlate: Took 0.000248 seconds to synchronously load lazily loaded font '../../../Engine/Content/Slate/Fonts/Roboto-Light.ttf' (167K)
[2019.06.11-13.12.18:960][793]LogSlate: Took 0.008951 seconds to synchronously load lazily loaded font '../../../Engine/Content/Slate/Fonts/Roboto-BoldCondensed.ttf' (158K)
[2019.06.11-13.12.31:067][291]Candidate modules for hot reload:
[2019.06.11-13.12.31:067][291]  program3053
[2019.06.11-13.12.31:097][291]Launching UnrealBuildTool... [D:/Epic/UE_4.22/Engine/Binaries/DotNET/UnrealBuildTool.exe  -ModuleWithSuffix=program3053,3770 Win64 Development -TargetType=Editor -Project="D:/Epic/UE_4.22/program3053_UE/program3053/program3053.uproject" "D:/Epic/UE_4.22/program3053_UE/program3053/program3053.uproject"  -IgnoreJunk]
[2019.06.11-13.13.29:689][291]CompilerResultsLog: New page: 编译- 2019年6月12日 上午5:13:29
[2019.06.11-13.13.29:716][291]CompilerResultsLog: Creating makefile for program3053Editor (ini files are newer than makefile)
[2019.06.11-13.13.29:716][291]CompilerResultsLog: Parsing headers for program3053Editor
[2019.06.11-13.13.29:716][291]CompilerResultsLog:   Running UnrealHeaderTool "D:\Epic\UE_4.22\program3053_UE\program3053\program3053.uproject" "D:\Epic\UE_4.22\program3053_UE\program3053\Intermediate\Build\Win64\program3053Editor\Development\program3053Editor.uhtmanifest" -LogCmds="loginit warning, logexit warning, logdatabase error" -Unattended -WarningsAsErrors -installed
[2019.06.11-13.13.29:716][291]CompilerResultsLog: Reflection code generated for program3053Editor in 6.1586454 seconds
[2019.06.11-13.13.29:717][291]CompilerResultsLog: Failed to delete file 'D:\Epic\UE_4.22\program3053_UE\program3053\Binaries\Win64\UE4Editor-program3053.pdb'
[2019.06.11-13.13.29:717][291]CompilerResultsLog:     Exception: ??·????D:\Epic\UE_4.22\program3053_UE\program3053\Binaries\Win64\UE4Editor-program3053.pdb???ķ??ʱ??ܾ???
[2019.06.11-13.13.29:717][291]CompilerResultsLog: Attempting to retry...
[2019.06.11-13.13.29:717][291]CompilerResultsLog: Failed to delete file 'D:\Epic\UE_4.22\program3053_UE\program3053\Binaries\Win64\UE4Editor-program3053.pdb'
[2019.06.11-13.13.29:717][291]CompilerResultsLog:     Exception: ??·????D:\Epic\UE_4.22\program3053_UE\program3053\Binaries\Win64\UE4Editor-program3053.pdb???ķ??ʱ??ܾ???
[2019.06.11-13.13.29:717][291]CompilerResultsLog: Attempting to retry...
[2019.06.11-13.13.29:717][291]CompilerResultsLog: Failed to delete file 'D:\Epic\UE_4.22\program3053_UE\program3053\Binaries\Win64\UE4Editor-program3053.pdb'
[2019.06.11-13.13.29:717][291]CompilerResultsLog:     Exception: ??·????D:\Epic\UE_4.22\program3053_UE\program3053\Binaries\Win64\UE4Editor-program3053.pdb???ķ??ʱ??ܾ???
[2019.06.11-13.13.29:717][291]CompilerResultsLog: ERROR: Exhausted all retries!
[2019.06.11-13.13.29:717][291]CompilerResultsLog: Using Visual Studio 2017 14.16.27023 toolchain (D:\vs\annnn\annnn\vs\VC\Tools\MSVC\14.16.27023) and Windows 10.0.17763.0 SDK (C:\Program Files (x86)\Windows Kits\10).
[2019.06.11-13.13.29:717][291]CompilerResultsLog: Building 6 actions with 8 processes...
[2019.06.11-13.13.29:717][291]CompilerResultsLog:   [1/6] ActorHPLittle.cpp
[2019.06.11-13.13.29:718][291]CompilerResultsLog:   [2/6] program3053.init.gen.cpp
[2019.06.11-13.13.29:718][291]CompilerResultsLog:   [3/6] ActorHPLittle.gen.cpp
[2019.06.11-13.13.29:718][291]CompilerResultsLog:   [4/6] UE4Editor-program3053-3770.lib
[2019.06.11-13.13.29:718][291]CompilerResultsLog:     ???ڴ????? D:\Epic\UE_4.22\program3053_UE\program3053\Intermediate\Build\Win64\UE4Editor\Development\program3053\UE4Editor-program3053-3770.lib ?Ͷ??? D:\Epic\UE_4.22\program3053_UE\program3053\Intermediate\Build\Win64\UE4Editor\Development\program3053\UE4Editor-program3053-3770.exp
[2019.06.11-13.13.29:718][291]CompilerResultsLog:   [5/6] UE4Editor-program3053-3770.dll
[2019.06.11-13.13.29:718][291]CompilerResultsLog:     ???ڴ????? D:\Epic\UE_4.22\program3053_UE\program3053\Intermediate\Build\Win64\UE4Editor\Development\program3053\UE4Editor-program3053-3770.suppressed.lib ?Ͷ??? D:\Epic\UE_4.22\program3053_UE\program3053\Intermediate\Build\Win64\UE4Editor\Development\program3053\UE4Editor-program3053-3770.suppressed.exp
[2019.06.11-13.13.29:718][291]CompilerResultsLog:   [6/6] program3053Editor.target
[2019.06.11-13.13.29:718][291]CompilerResultsLog: Total time in Parallel executor: 42.92 seconds
[2019.06.11-13.13.29:718][291]CompilerResultsLog: Total execution time: 57.40 seconds
[2019.06.11-13.13.29:741][291]LogMainFrame: MainFrame: Module compiling took 58.912 seconds
[2019.06.11-13.13.29:796][291]LogUObjectHash: Compacting FUObjectHashTables data took   0.90ms
[2019.06.11-13.13.29:874][291]LogClass: Could not find existing class ActorHPLittle in package /Script/program3053 for HotReload, assuming new class
[2019.06.11-13.13.29:918][291]LogContentBrowser: Native class hierarchy updated for 'program3053' in 0.0004 seconds. Added 11 classes and 2 folders.
[2019.06.11-13.13.29:921][291]Display: HotReload successful (1 functions remapped  0 scriptstructs remapped)
[2019.06.11-13.13.30:646][291]LogUObjectHash: Compacting FUObjectHashTables data took   1.13ms
[2019.06.11-13.13.30:684][291]LogContentBrowser: Native class hierarchy populated in 0.0074 seconds. Added 2744 classes and 663 folders.
[2019.06.11-13.13.30:960][291]Display: HotReload took 60.6s.
[2019.06.11-13.13.30:961][291]Warning: HotReload operation took 60.6s.
[2019.06.11-13.13.40:306][291]LogSlate: Window '添加C++类' being destroyed
[2019.06.11-13.13.40:656][291]LogHotReload: New module detected: UE4Editor-program3053-3770.dll
[2019.06.11-13.13.40:719][292]LogHotReload: Starting Hot-Reload from IDE
[2019.06.11-13.13.40:770][292]LogUObjectHash: Compacting FUObjectHashTables data took   0.74ms
[2019.06.11-13.13.40:775][292]LogContentBrowser: Native class hierarchy updated for 'program3053' in 0.0004 seconds. Added 11 classes and 2 folders.
[2019.06.11-13.13.40:778][292]Display: HotReload successful (0 functions remapped  0 scriptstructs remapped)
[2019.06.11-13.13.40:800][292]LogUObjectHash: Compacting FUObjectHashTables data took   0.56ms
[2019.06.11-13.13.40:812][292]LogContentBrowser: Native class hierarchy populated in 0.0083 seconds. Added 2744 classes and 663 folders.
[2019.06.11-13.13.40:815][292]Display: HotReload took  0.1s.
[2019.06.11-13.14.10:218][380]LogUnrealEdMisc: Warning: Heartbeat event firing too frequently (29.396 sec). This should never happen. Something is wrong with the timer delegate!
[2019.06.11-13.15.26:229][646]LogUObjectHash: Compacting FUObjectHashTables data took   0.62ms
[2019.06.11-13.15.26:394][646]LogSlate: Window 'program3053 - 虚幻编辑器' being destroyed
[2019.06.11-13.15.26:403][646]LogWindowsTextInputMethodSystem: Display: IME system now activated using TSF (搜狗拼音输入法).
[2019.06.11-13.15.27:331][647]Cmd: QUIT_EDITOR
[2019.06.11-13.15.28:488][647]LogExit: Preparing to exit.
