Log file open, 06/08/19 19:11:49
LogWindows: Failed to load 'aqProf.dll' (GetLastError=126)
LogWindows: File 'aqProf.dll' does not exist
LogWindows: Failed to load 'VtuneApi.dll' (GetLastError=126)
LogWindows: File 'VtuneApi.dll' does not exist
LogWindows: Failed to load 'VtuneApi32e.dll' (GetLastError=126)
LogWindows: File 'VtuneApi32e.dll' does not exist
LogConsoleResponse: Display: Failed to find resolution value strings in scalability ini. Falling back to default.
LogInit: Display: Running engine for game: program3053
LogPakFile: Registered encryption key '00000000000000000000000000000000': 0 pak files mounted, 0 remain pending
LogPlatformFile: Not using cached read wrapper
LogTaskGraph: Started task graph with 5 named threads and 35 total threads with 3 sets of task threads.
LogStats: Stats thread started at 0.400164
LogD3D11RHI: Loaded GFSDK_Aftermath_Lib.x64.dll
LogWindows: Failed to load '../../../Engine/Binaries/ThirdParty/libsndfile/Win64/libsndfile-1.dll' (GetLastError=126)
LogWindows: File '../../../Engine/Binaries/ThirdParty/libsndfile/Win64/libsndfile-1.dll' does not exist
LogAudioMixer: Display: Failed to load Sound File dll
LogAudioEditor: Display: LibSoundFile failed to load. Importing audio will not work correctly.
LogICUInternationalization: ICU TimeZone Detection - Raw Offset: +8:00, Platform Override: ''
LogConfig: Warning: Failed to saved backup for config[../../../../../profile/3053/program3053/Intermediate/Config/CoalescedSourceConfigs/Input.ini]
LogConfig: Warning: Failed to saved backup for config[../../../../../profile/3053/program3053/Intermediate/Config/CoalescedSourceConfigs/EditorKeyBindings.ini]
LogConfig: Warning: Failed to saved backup for config[../../../../../profile/3053/program3053/Intermediate/Config/CoalescedSourceConfigs/Compat.ini]
LogConfig: Warning: Failed to saved backup for config[../../../../../profile/3053/program3053/Intermediate/Config/CoalescedSourceConfigs/Lightmass.ini]
LogConfig: Warning: Failed to saved backup for config[../../../../../profile/3053/program3053/Intermediate/Config/CoalescedSourceConfigs/Scalability.ini]
LogConfig: Warning: Failed to saved backup for config[../../../../../profile/3053/program3053/Intermediate/Config/CoalescedSourceConfigs/GameUserSettings.ini]
LogPluginManager: Mounting plugin Paper2D
LogConfig: Warning: Failed to saved backup for config[../../../../../profile/3053/program3053/Intermediate/Config/CoalescedSourceConfigs/Paper2D.ini]
LogPluginManager: Mounting plugin AISupport
LogPluginManager: Mounting plugin LightPropagationVolume
LogPluginManager: Mounting plugin ActorLayerUtilities
LogPluginManager: Mounting plugin AnimationSharing
LogPluginManager: Mounting plugin CLionSourceCodeAccess
LogPluginManager: Mounting plugin CodeLiteSourceCodeAccess
LogPluginManager: Mounting plugin GitSourceControl
LogPluginManager: Mounting plugin KDevelopSourceCodeAccess
LogPluginManager: Mounting plugin NullSourceCodeAccess
LogPluginManager: Mounting plugin PerforceSourceControl
LogPluginManager: Mounting plugin SubversionSourceControl
LogPluginManager: Mounting plugin UObjectPlugin
LogPluginManager: Mounting plugin VisualStudioCodeSourceCodeAccess
LogPluginManager: Mounting plugin VisualStudioSourceCodeAccess
LogPluginManager: Mounting plugin XCodeSourceCodeAccess
LogPluginManager: Mounting plugin AssetManagerEditor
LogPluginManager: Mounting plugin CryptoKeys
LogPluginManager: Mounting plugin DataValidation
LogPluginManager: Mounting plugin FacialAnimation
LogPluginManager: Mounting plugin GameplayTagsEditor
LogPluginManager: Mounting plugin MacGraphicsSwitching
LogPluginManager: Mounting plugin MaterialAnalyzer
LogPluginManager: Mounting plugin MobileLauncherProfileWizard
LogPluginManager: Mounting plugin PluginBrowser
LogPluginManager: Mounting plugin SpeedTreeImporter
LogPluginManager: Mounting plugin DatasmithContent
LogPluginManager: Mounting plugin VariantManagerContent
LogPluginManager: Mounting plugin AlembicImporter
LogPluginManager: Mounting plugin AppleImageUtils
LogPluginManager: Mounting plugin AppleVision
LogPluginManager: Mounting plugin BackChannel
LogPluginManager: Mounting plugin CharacterAI
LogPluginManager: Mounting plugin GeometryCache
LogPluginManager: Mounting plugin HTML5Networking
LogPluginManager: Mounting plugin ProxyLODPlugin
LogPluginManager: Mounting plugin SkeletalReduction
LogPluginManager: Mounting plugin MagicLeap
LogConfig: Warning: Failed to saved backup for config[../../../../../profile/3053/program3053/Intermediate/Config/CoalescedSourceConfigs/MagicLeap.ini]
LogPluginManager: Mounting plugin MagicLeapMedia
LogPluginManager: Mounting plugin AndroidMedia
LogPluginManager: Mounting plugin AvfMedia
LogPluginManager: Mounting plugin ImgMedia
LogPluginManager: Mounting plugin LinearTimecode
LogPluginManager: Mounting plugin MediaCompositing
LogPluginManager: Mounting plugin MediaPlayerEditor
LogPluginManager: Mounting plugin WebMMedia
LogPluginManager: Mounting plugin WmfMedia
LogPluginManager: Mounting plugin TcpMessaging
LogPluginManager: Mounting plugin UdpMessaging
LogPluginManager: Mounting plugin ActorSequence
LogPluginManager: Mounting plugin LevelSequenceEditor
LogPluginManager: Mounting plugin MatineeToLevelSequence
LogPluginManager: Mounting plugin NetcodeUnitTest
LogPluginManager: Mounting plugin NUTUnrealEngine4
LogPluginManager: Mounting plugin OnlineSubsystemGooglePlay
LogPluginManager: Mounting plugin OnlineSubsystemIOS
LogPluginManager: Mounting plugin OnlineSubsystem
LogPluginManager: Mounting plugin OnlineSubsystemNull
LogPluginManager: Mounting plugin OnlineSubsystemUtils
LogPluginManager: Mounting plugin LauncherChunkInstaller
LogPluginManager: Mounting plugin AndroidDeviceProfileSelector
LogPluginManager: Mounting plugin AndroidMoviePlayer
LogPluginManager: Mounting plugin AndroidPermission
LogPluginManager: Mounting plugin AppleMoviePlayer
LogPluginManager: Mounting plugin ArchVisCharacter
LogPluginManager: Mounting plugin AudioCapture
LogPluginManager: Mounting plugin CableComponent
LogPluginManager: Mounting plugin CustomMeshComponent
LogPluginManager: Mounting plugin EditableMesh
LogPluginManager: Mounting plugin ExampleDeviceProfileSelector
LogPluginManager: Mounting plugin Firebase
LogPluginManager: Mounting plugin GoogleCloudMessaging
LogPluginManager: Mounting plugin IOSDeviceProfileSelector
LogPluginManager: Mounting plugin LinuxDeviceProfileSelector
LogPluginManager: Mounting plugin LocationServicesBPLibrary
LogPluginManager: Mounting plugin MobilePatchingUtils
LogPluginManager: Mounting plugin OculusVR
LogConfig: Warning: Failed to saved backup for config[../../../../../profile/3053/program3053/Intermediate/Config/CoalescedSourceConfigs/OculusVR.ini]
LogPluginManager: Mounting plugin PhysXVehicles
LogConfig: Warning: Failed to saved backup for config[../../../../../profile/3053/program3053/Intermediate/Config/CoalescedSourceConfigs/PhysXVehicles.ini]
LogPluginManager: Mounting plugin ProceduralMeshComponent
LogPluginManager: Mounting plugin RuntimePhysXCooking
LogPluginManager: Mounting plugin SignificanceManager
LogPluginManager: Mounting plugin SteamVR
LogPluginManager: Mounting plugin WebMMoviePlayer
LogPluginManager: Mounting plugin WindowsMoviePlayer
LogInit: Warning: Incompatible or missing module: program3053
Running D:/My_program/UE_4.22/Engine/Binaries/DotNET/UnrealBuildTool.exe Development Win64 -Project="D:/profile/3053/program3053/program3053.uproject" -TargetType=Editor -Progress -NoHotReloadFromIDE
Using 'git status' to determine working set for adaptive non-unity build (D:\profile\3053).
Creating makefile for program3053Editor (ini files are newer than makefile)
@progress push 5%
Parsing headers for program3053Editor
  Running UnrealHeaderTool "D:\profile\3053\program3053\program3053.uproject" "D:\profile\3053\program3053\Intermediate\Build\Win64\program3053Editor\Development\program3053Editor.uhtmanifest" -LogCmds="loginit warning, logexit warning, logdatabase error" -Unattended -WarningsAsErrors -installed
Reflection code generated for program3053Editor in 36.94391 seconds
@progress pop
Using Visual Studio 2017 14.16.27023 toolchain (C:\Program Files (x86)\Microsoft Visual Studio\2017\Enterprise\VC\Tools\MSVC\14.16.27023) and Windows 10.0.17763.0 SDK (C:\Program Files (x86)\Windows Kits\10).
Building 23 actions with 12 processes...
  @progress 'Compiling C++ source code...' 0%
  @progress 'Compiling C++ source code...' 4%
  [1/23] Default.rc2
  @progress 'Compiling C++ source code...' 9%
  [2/23] SharedPCH.Engine.cpp
  @progress 'Compiling C++ source code...' 13%
  [3/23] program3053.cpp
  @progress 'Compiling C++ source code...' 17%
  [4/23] MyPlayerController.cpp
  @progress 'Compiling C++ source code...' 22%
  [5/23] MyActor.cpp
  @progress 'Compiling C++ source code...' 26%
  [6/23] program3053.init.gen.cpp
  @progress 'Compiling C++ source code...' 30%
  [7/23] ObjectActor.cpp
  @progress 'Compiling C++ source code...' 35%
  [8/23] ObjectActor.gen.cpp
  @progress 'Compiling C++ source code...' 39%
  [9/23] ActorHP.gen.cpp
  @progress 'Compiling C++ source code...' 43%
  [10/23] MyPlayerController.gen.cpp
  @progress 'Compiling C++ source code...' 48%
  [11/23] ActorHP.cpp
  @progress 'Compiling C++ source code...' 52%
  [12/23] program3053Controller.cpp
  @progress 'Compiling C++ source code...' 57%
  [13/23] program3053GameMode.cpp
  @progress 'Compiling C++ source code...' 61%
  [14/23] program3053Controller.gen.cpp
  @progress 'Compiling C++ source code...' 65%
  [15/23] program3053Projectile.gen.cpp
  @progress 'Compiling C++ source code...' 70%
  [16/23] program3053GameMode.gen.cpp
  @progress 'Compiling C++ source code...' 74%
  [17/23] MyActor.gen.cpp
  @progress 'Compiling C++ source code...' 78%
  [18/23] program3053Pawn.gen.cpp
  @progress 'Compiling C++ source code...' 83%
  [19/23] program3053Projectile.cpp
  @progress 'Compiling C++ source code...' 87%
  [20/23] program3053Pawn.cpp
  @progress 'Compiling C++ source code...' 91%
  [21/23] UE4Editor-program3053.lib
    ???ڴ????? D:\profile\3053\program3053\Intermediate\Build\Win64\UE4Editor\Development\program3053\UE4Editor-program3053.lib ?Ͷ??? D:\profile\3053\program3053\Intermediate\Build\Win64\UE4Editor\Development\program3053\UE4Editor-program3053.exp
  @progress 'Compiling C++ source code...' 96%
  [22/23] UE4Editor-program3053.dll
    ???ڴ????? D:\profile\3053\program3053\Intermediate\Build\Win64\UE4Editor\Development\program3053\UE4Editor-program3053.suppressed.lib ?Ͷ??? D:\profile\3053\program3053\Intermediate\Build\Win64\UE4Editor\Development\program3053\UE4Editor-program3053.suppressed.exp
  @progress 'Compiling C++ source code...' 100%
  [23/23] program3053Editor.target
Total time in Parallel executor: 59.33 seconds
Total execution time: 118.27 seconds
LogInit: Using libcurl 7.55.1-DEV
LogInit:  - built for x86_64-pc-win32
LogInit:  - supports SSL with OpenSSL/1.1.1
LogInit:  - supports HTTP deflate (compression) using libz 1.2.8
LogInit:  - other features:
LogInit:      CURL_VERSION_SSL
LogInit:      CURL_VERSION_LIBZ
LogInit:      CURL_VERSION_IPV6
LogInit:      CURL_VERSION_ASYNCHDNS
LogInit:      CURL_VERSION_LARGEFILE
LogInit:      CURL_VERSION_IDN
LogInit:  CurlRequestOptions (configurable via config and command line):
LogInit:  - bVerifyPeer = true  - Libcurl will verify peer certificate
LogInit:  - bUseHttpProxy = false  - Libcurl will NOT use HTTP proxy
LogInit:  - bDontReuseConnections = false  - Libcurl will reuse connections
LogInit:  - MaxHostConnections = 16  - Libcurl will limit the number of connections to a host
LogInit:  - LocalHostAddr = Default
LogInit:  - BufferSize = 65536
LogInit: WinSock: version 1.1 (2.2), MaxSocks=32767, MaxUdp=65467
LogInit: Build: ++UE4+Release-4.22-CL-5660361
LogInit: Engine Version: 4.22.0-5660361+++UE4+Release-4.22
LogInit: Compatible Engine Version: 4.22.0-5660361+++UE4+Release-4.22
LogInit: Net CL: 5660361
LogInit: OS: Windows 10 (Release 1803) (), CPU: Intel(R) Core(TM) i7-8750H CPU @ 2.20GHz, GPU: Intel(R) UHD Graphics 630
LogInit: Compiled (64-bit): Mar 31 2019 02:05:09
LogInit: Compiled with Visual C++: 19.16.27025.01
LogInit: Build Configuration: Development
LogInit: Branch Name: ++UE4+Release-4.22
LogInit: Command Line: 
LogInit: Base Directory: D:/My_program/UE_4.22/Engine/Binaries/Win64/
LogInit: Installed Engine Build: 1
LogDevObjectVersion: Number of dev versions registered: 23
LogDevObjectVersion:   Dev-Blueprints (B0D832E4-1F89-4F0D-ACCF-7EB736FD4AA2): 10
LogDevObjectVersion:   Dev-Build (E1C64328-A22C-4D53-A36C-8E866417BD8C): 0
LogDevObjectVersion:   Dev-Core (375EC13C-06E4-48FB-B500-84F0262A717E): 3
LogDevObjectVersion:   Dev-Editor (E4B068ED-F494-42E9-A231-DA0B2E46BB41): 30
LogDevObjectVersion:   Dev-Framework (CFFC743F-43B0-4480-9391-14DF171D2073): 35
LogDevObjectVersion:   Dev-Mobile (B02B49B5-BB20-44E9-A304-32B752E40360): 2
LogDevObjectVersion:   Dev-Networking (A4E4105C-59A1-49B5-A7C5-40C4547EDFEE): 0
LogDevObjectVersion:   Dev-Online (39C831C9-5AE6-47DC-9A44-9C173E1C8E7C): 0
LogDevObjectVersion:   Dev-Physics (78F01B33-EBEA-4F98-B9B4-84EACCB95AA2): 0
LogDevObjectVersion:   Dev-Platform (6631380F-2D4D-43E0-8009-CF276956A95A): 0
LogDevObjectVersion:   Dev-Rendering (12F88B9F-8875-4AFC-A67C-D90C383ABD29): 28
LogDevObjectVersion:   Dev-Sequencer (7B5AE74C-D270-4C10-A958-57980B212A5A): 11
LogDevObjectVersion:   Dev-VR (D7296918-1DD6-4BDD-9DE2-64A83CC13884): 2
LogDevObjectVersion:   Dev-LoadTimes (C2A15278-BFE7-4AFE-6C17-90FF531DF755): 1
LogDevObjectVersion:   Private-Geometry (6EACA3D4-40EC-4CC1-B786-8BED09428FC5): 3
LogDevObjectVersion:   Dev-AnimPhys (29E575DD-E0A3-4627-9D10-D276232CDCEA): 17
LogDevObjectVersion:   Dev-Anim (AF43A65D-7FD3-4947-9873-3E8ED9C1BB05): 2
LogDevObjectVersion:   Dev-ReflectionCapture (6B266CEC-1EC7-4B8F-A30B-E4D90942FC07): 1
LogDevObjectVersion:   Dev-Automation (0DF73D61-A23F-47EA-B727-89E90C41499A): 1
LogDevObjectVersion:   FortniteMain (601D1886-AC64-4F84-AA16-D3DE0DEAC7D6): 25
LogDevObjectVersion:   Dev-Enterprise (9DFFBCD6-494F-0158-E221-12823C92A888): 6
LogDevObjectVersion:   Dev-Niagara (F2AED0AC-9AFE-416F-8664-AA7FFA26D6FC): 1
LogDevObjectVersion:   Dev-Destruction (174F1F0B-B4C6-45A5-B13F-2EE8D0FB917D): 2
LogInit: Presizing for max 16777216 objects, including 0 objects not considered by GC, pre-allocating 0 bytes for permanent pool.
LogInit: Object subsystem initialized
LogConfig: Setting CVar [[con.DebugEarlyDefault:1]]
LogConfig: Setting CVar [[r.setres:1280x720]]
[2019.06.08-11.14.04:720][  0]LogConfig: Setting CVar [[r.VSync:0]]
[2019.06.08-11.14.04:720][  0]LogConfig: Setting CVar [[r.RHICmdBypass:0]]
[2019.06.08-11.14.04:720][  0]LogConfig: Applying CVar settings from Section [/Script/Engine.RendererSettings] File [D:/profile/3053/program3053/Saved/Config/Windows/Engine.ini]
[2019.06.08-11.14.04:720][  0]LogConfig: Setting CVar [[r.GPUCrashDebugging:0]]
[2019.06.08-11.14.04:720][  0]LogConfig: Applying CVar settings from Section [/Script/Engine.RendererOverrideSettings] File [D:/profile/3053/program3053/Saved/Config/Windows/Engine.ini]
[2019.06.08-11.14.04:720][  0]LogConfig: Applying CVar settings from Section [/Script/Engine.StreamingSettings] File [D:/profile/3053/program3053/Saved/Config/Windows/Engine.ini]
[2019.06.08-11.14.04:720][  0]LogConfig: Setting CVar [[s.MinBulkDataSizeForAsyncLoading:131072]]
[2019.06.08-11.14.04:720][  0]LogConfig: Setting CVar [[s.AsyncLoadingThreadEnabled:0]]
[2019.06.08-11.14.04:720][  0]LogConfig: Setting CVar [[s.EventDrivenLoaderEnabled:1]]
[2019.06.08-11.14.04:720][  0]LogConfig: Setting CVar [[s.WarnIfTimeLimitExceeded:0]]
[2019.06.08-11.14.04:720][  0]LogConfig: Setting CVar [[s.TimeLimitExceededMultiplier:1.5]]
[2019.06.08-11.14.04:720][  0]LogConfig: Setting CVar [[s.TimeLimitExceededMinTime:0.005]]
[2019.06.08-11.14.04:720][  0]LogConfig: Setting CVar [[s.UseBackgroundLevelStreaming:1]]
[2019.06.08-11.14.04:720][  0]LogConfig: Setting CVar [[s.PriorityAsyncLoadingExtraTime:15.0]]
[2019.06.08-11.14.04:720][  0]LogConfig: Setting CVar [[s.LevelStreamingActorsUpdateTimeLimit:5.0]]
[2019.06.08-11.14.04:720][  0]LogConfig: Setting CVar [[s.PriorityLevelStreamingActorsUpdateExtraTime:5.0]]
[2019.06.08-11.14.04:720][  0]LogConfig: Setting CVar [[s.LevelStreamingComponentsRegistrationGranularity:10]]
[2019.06.08-11.14.04:720][  0]LogConfig: Setting CVar [[s.UnregisterComponentsTimeLimit:1.0]]
[2019.06.08-11.14.04:720][  0]LogConfig: Setting CVar [[s.LevelStreamingComponentsUnregistrationGranularity:5]]
[2019.06.08-11.14.04:720][  0]LogConfig: Applying CVar settings from Section [/Script/Engine.GarbageCollectionSettings] File [D:/profile/3053/program3053/Saved/Config/Windows/Engine.ini]
[2019.06.08-11.14.04:720][  0]LogConfig: Setting CVar [[gc.MaxObjectsNotConsideredByGC:1]]
[2019.06.08-11.14.04:720][  0]LogConfig: Setting CVar [[gc.SizeOfPermanentObjectPool:0]]
[2019.06.08-11.14.04:720][  0]LogConfig: Setting CVar [[gc.FlushStreamingOnGC:0]]
[2019.06.08-11.14.04:720][  0]LogConfig: Setting CVar [[gc.NumRetriesBeforeForcingGC:10]]
[2019.06.08-11.14.04:720][  0]LogConfig: Setting CVar [[gc.AllowParallelGC:1]]
[2019.06.08-11.14.04:720][  0]LogConfig: Setting CVar [[gc.TimeBetweenPurgingPendingKillObjects:61.1]]
[2019.06.08-11.14.04:720][  0]LogConfig: Setting CVar [[gc.MaxObjectsInEditor:16777216]]
[2019.06.08-11.14.04:720][  0]LogConfig: Setting CVar [[gc.IncrementalBeginDestroyEnabled:1]]
[2019.06.08-11.14.04:720][  0]LogConfig: Setting CVar [[gc.CreateGCClusters:1]]
[2019.06.08-11.14.04:720][  0]LogConfig: Setting CVar [[gc.MinGCClusterSize:5]]
[2019.06.08-11.14.04:720][  0]LogConfig: Setting CVar [[gc.ActorClusteringEnabled:0]]
[2019.06.08-11.14.04:720][  0]LogConfig: Setting CVar [[gc.BlueprintClusteringEnabled:0]]
[2019.06.08-11.14.04:720][  0]LogConfig: Setting CVar [[gc.UseDisregardForGCOnDedicatedServers:0]]
[2019.06.08-11.14.04:720][  0]LogConfig: Applying CVar settings from Section [/Script/Engine.NetworkSettings] File [D:/profile/3053/program3053/Saved/Config/Windows/Engine.ini]
[2019.06.08-11.14.04:720][  0]LogConfig: Applying CVar settings from Section [/Script/UnrealEd.CookerSettings] File [D:/profile/3053/program3053/Saved/Config/Windows/Engine.ini]
[2019.06.08-11.14.04:803][  0]LogConfig: Applying CVar settings from Section [ViewDistanceQuality@3] File [D:/profile/3053/program3053/Saved/Config/Windows/Scalability.ini]
[2019.06.08-11.14.04:803][  0]LogConfig: Setting CVar [[r.SkeletalMeshLODBias:0]]
[2019.06.08-11.14.04:803][  0]LogConfig: Setting CVar [[r.ViewDistanceScale:1.0]]
[2019.06.08-11.14.04:803][  0]LogConfig: Applying CVar settings from Section [AntiAliasingQuality@3] File [D:/profile/3053/program3053/Saved/Config/Windows/Scalability.ini]
[2019.06.08-11.14.04:803][  0]LogConfig: Setting CVar [[r.PostProcessAAQuality:4]]
[2019.06.08-11.14.04:803][  0]LogConfig: Applying CVar settings from Section [ShadowQuality@3] File [D:/profile/3053/program3053/Saved/Config/Windows/Scalability.ini]
[2019.06.08-11.14.04:803][  0]LogConfig: Setting CVar [[r.LightFunctionQuality:1]]
[2019.06.08-11.14.04:803][  0]LogConfig: Setting CVar [[r.ShadowQuality:5]]
[2019.06.08-11.14.04:803][  0]LogConfig: Setting CVar [[r.Shadow.CSM.MaxCascades:10]]
[2019.06.08-11.14.04:803][  0]LogConfig: Setting CVar [[r.Shadow.MaxResolution:2048]]
[2019.06.08-11.14.04:803][  0]LogConfig: Setting CVar [[r.Shadow.MaxCSMResolution:2048]]
[2019.06.08-11.14.04:803][  0]LogConfig: Setting CVar [[r.Shadow.RadiusThreshold:0.01]]
[2019.06.08-11.14.04:803][  0]LogConfig: Setting CVar [[r.Shadow.DistanceScale:1.0]]
[2019.06.08-11.14.04:803][  0]LogConfig: Setting CVar [[r.Shadow.CSM.TransitionScale:1.0]]
[2019.06.08-11.14.04:803][  0]LogConfig: Setting CVar [[r.Shadow.PreShadowResolutionFactor:1.0]]
[2019.06.08-11.14.04:803][  0]LogConfig: Setting CVar [[r.DistanceFieldShadowing:1]]
[2019.06.08-11.14.04:804][  0]LogConfig: Setting CVar [[r.DistanceFieldAO:1]]
[2019.06.08-11.14.04:804][  0]LogConfig: Setting CVar [[r.AOQuality:2]]
[2019.06.08-11.14.04:804][  0]LogConfig: Setting CVar [[r.VolumetricFog:1]]
[2019.06.08-11.14.04:804][  0]LogConfig: Setting CVar [[r.VolumetricFog.GridPixelSize:8]]
[2019.06.08-11.14.04:804][  0]LogConfig: Setting CVar [[r.VolumetricFog.GridSizeZ:128]]
[2019.06.08-11.14.04:804][  0]LogConfig: Setting CVar [[r.VolumetricFog.HistoryMissSupersampleCount:4]]
[2019.06.08-11.14.04:804][  0]LogConfig: Setting CVar [[r.LightMaxDrawDistanceScale:1]]
[2019.06.08-11.14.04:804][  0]LogConfig: Setting CVar [[r.CapsuleShadows:1]]
[2019.06.08-11.14.04:804][  0]LogConfig: Applying CVar settings from Section [PostProcessQuality@3] File [D:/profile/3053/program3053/Saved/Config/Windows/Scalability.ini]
[2019.06.08-11.14.04:804][  0]LogConfig: Setting CVar [[r.MotionBlurQuality:4]]
[2019.06.08-11.14.04:804][  0]LogConfig: Setting CVar [[r.AmbientOcclusionMipLevelFactor:0.4]]
[2019.06.08-11.14.04:804][  0]LogConfig: Setting CVar [[r.AmbientOcclusionMaxQuality:100]]
[2019.06.08-11.14.04:804][  0]LogConfig: Setting CVar [[r.AmbientOcclusionLevels:-1]]
[2019.06.08-11.14.04:804][  0]LogConfig: Setting CVar [[r.AmbientOcclusionRadiusScale:1.0]]
[2019.06.08-11.14.04:804][  0]LogConfig: Setting CVar [[r.DepthOfFieldQuality:2]]
[2019.06.08-11.14.04:804][  0]LogConfig: Setting CVar [[r.RenderTargetPoolMin:400]]
[2019.06.08-11.14.04:804][  0]LogConfig: Setting CVar [[r.LensFlareQuality:2]]
[2019.06.08-11.14.04:804][  0]LogConfig: Setting CVar [[r.SceneColorFringeQuality:1]]
[2019.06.08-11.14.04:804][  0]LogConfig: Setting CVar [[r.EyeAdaptationQuality:2]]
[2019.06.08-11.14.04:804][  0]LogConfig: Setting CVar [[r.BloomQuality:5]]
[2019.06.08-11.14.04:804][  0]LogConfig: Setting CVar [[r.FastBlurThreshold:100]]
[2019.06.08-11.14.04:804][  0]LogConfig: Setting CVar [[r.Upscale.Quality:3]]
[2019.06.08-11.14.04:804][  0]LogConfig: Setting CVar [[r.Tonemapper.GrainQuantization:1]]
[2019.06.08-11.14.04:804][  0]LogConfig: Setting CVar [[r.LightShaftQuality:1]]
[2019.06.08-11.14.04:805][  0]LogConfig: Setting CVar [[r.Filter.SizeScale:1]]
[2019.06.08-11.14.04:805][  0]LogConfig: Setting CVar [[r.Tonemapper.Quality:5]]
[2019.06.08-11.14.04:805][  0]LogConfig: Setting CVar [[r.DOF.Gather.AccumulatorQuality:1        ; higher gathering accumulator quality]]
[2019.06.08-11.14.04:805][  0]LogConfig: Setting CVar [[r.DOF.Gather.PostfilterMethod:1          ; Median3x3 postfilering method]]
[2019.06.08-11.14.04:805][  0]LogConfig: Setting CVar [[r.DOF.Gather.EnableBokehSettings:0       ; no bokeh simulation when gathering]]
[2019.06.08-11.14.04:805][  0]LogConfig: Setting CVar [[r.DOF.Gather.RingCount:4                 ; medium number of samples when gathering]]
[2019.06.08-11.14.04:805][  0]LogConfig: Setting CVar [[r.DOF.Scatter.ForegroundCompositing:1    ; additive foreground scattering]]
[2019.06.08-11.14.04:805][  0]LogConfig: Setting CVar [[r.DOF.Scatter.BackgroundCompositing:2    ; additive background scattering]]
[2019.06.08-11.14.04:805][  0]LogConfig: Setting CVar [[r.DOF.Scatter.EnableBokehSettings:1      ; bokeh simulation when scattering]]
[2019.06.08-11.14.04:805][  0]LogConfig: Setting CVar [[r.DOF.Scatter.MaxSpriteRatio:0.1         ; only a maximum of 10% of scattered bokeh]]
[2019.06.08-11.14.04:805][  0]LogConfig: Setting CVar [[r.DOF.Recombine.Quality:1                ; cheap slight out of focus]]
[2019.06.08-11.14.04:805][  0]LogConfig: Setting CVar [[r.DOF.Recombine.EnableBokehSettings:0    ; no bokeh simulation on slight out of focus]]
[2019.06.08-11.14.04:805][  0]LogConfig: Setting CVar [[r.DOF.TemporalAAQuality:1                ; more stable temporal accumulation]]
[2019.06.08-11.14.04:805][  0]LogConfig: Setting CVar [[r.DOF.Kernel.MaxForegroundRadius:0.025]]
[2019.06.08-11.14.04:805][  0]LogConfig: Setting CVar [[r.DOF.Kernel.MaxBackgroundRadius:0.025]]
[2019.06.08-11.14.04:805][  0]LogConfig: Applying CVar settings from Section [TextureQuality@3] File [D:/profile/3053/program3053/Saved/Config/Windows/Scalability.ini]
[2019.06.08-11.14.04:805][  0]LogConfig: Setting CVar [[r.Streaming.MipBias:0]]
[2019.06.08-11.14.04:805][  0]LogConfig: Setting CVar [[r.Streaming.AmortizeCPUToGPUCopy:0]]
[2019.06.08-11.14.04:805][  0]LogConfig: Setting CVar [[r.Streaming.MaxNumTexturesToStreamPerFrame:0]]
[2019.06.08-11.14.04:805][  0]LogConfig: Setting CVar [[r.Streaming.Boost:1]]
[2019.06.08-11.14.04:805][  0]LogConfig: Setting CVar [[r.MaxAnisotropy:8]]
[2019.06.08-11.14.04:805][  0]LogConfig: Setting CVar [[r.Streaming.LimitPoolSizeToVRAM:0]]
[2019.06.08-11.14.04:805][  0]LogConfig: Setting CVar [[r.Streaming.PoolSize:1000]]
[2019.06.08-11.14.04:805][  0]LogConfig: Setting CVar [[r.Streaming.MaxEffectiveScreenSize:0]]
[2019.06.08-11.14.04:806][  0]LogConfig: Applying CVar settings from Section [EffectsQuality@3] File [D:/profile/3053/program3053/Saved/Config/Windows/Scalability.ini]
[2019.06.08-11.14.04:806][  0]LogConfig: Setting CVar [[r.TranslucencyLightingVolumeDim:64]]
[2019.06.08-11.14.04:806][  0]LogConfig: Setting CVar [[r.RefractionQuality:2]]
[2019.06.08-11.14.04:806][  0]LogConfig: Setting CVar [[r.SSR.Quality:3]]
[2019.06.08-11.14.04:806][  0]LogConfig: Setting CVar [[r.SceneColorFormat:4]]
[2019.06.08-11.14.04:806][  0]LogConfig: Setting CVar [[r.DetailMode:2]]
[2019.06.08-11.14.04:806][  0]LogConfig: Setting CVar [[r.TranslucencyVolumeBlur:1]]
[2019.06.08-11.14.04:806][  0]LogConfig: Setting CVar [[r.MaterialQualityLevel:1 ; High quality]]
[2019.06.08-11.14.04:806][  0]LogConfig: Setting CVar [[r.SSS.Scale:1]]
[2019.06.08-11.14.04:806][  0]LogConfig: Setting CVar [[r.SSS.SampleSet:2]]
[2019.06.08-11.14.04:806][  0]LogConfig: Setting CVar [[r.SSS.Quality:1]]
[2019.06.08-11.14.04:806][  0]LogConfig: Setting CVar [[r.SSS.HalfRes:1]]
[2019.06.08-11.14.04:806][  0]LogConfig: Setting CVar [[r.EmitterSpawnRateScale:1.0]]
[2019.06.08-11.14.04:806][  0]LogConfig: Setting CVar [[r.ParticleLightQuality:2]]
[2019.06.08-11.14.04:806][  0]LogConfig: Applying CVar settings from Section [FoliageQuality@3] File [D:/profile/3053/program3053/Saved/Config/Windows/Scalability.ini]
[2019.06.08-11.14.04:806][  0]LogConfig: Setting CVar [[foliage.DensityScale:1.0]]
[2019.06.08-11.14.04:806][  0]LogConfig: Setting CVar [[grass.DensityScale:1.0]]
[2019.06.08-11.14.04:811][  0]LogInit: Selected Device Profile: [Windows]
[2019.06.08-11.14.04:811][  0]LogInit: Applying CVar settings loaded from the selected device profile: [Windows]
[2019.06.08-11.14.04:904][  0]LogHAL: Display: Platform has ~ 8 GB [8442679296 / 8589934592 / 8], which maps to Default [LargestMinGB=32, LargerMinGB=12, DefaultMinGB=8, SmallerMinGB=6, SmallestMinGB=0)
[2019.06.08-11.14.04:928][  0]LogConfig: Setting CVar [[r.Vulkan.UseRealUBs:0		; Required until we fix HLR fall-out]]
[2019.06.08-11.14.04:928][  0]LogInit: Going up to parent DeviceProfile []
[2019.06.08-11.14.04:933][  0]LogConfig: Applying CVar settings from Section [ViewDistanceQuality@3] File [D:/profile/3053/program3053/Saved/Config/Windows/Scalability.ini]
[2019.06.08-11.14.04:933][  0]LogConfig: Setting CVar [[r.SkeletalMeshLODBias:0]]
[2019.06.08-11.14.04:933][  0]LogConfig: Setting CVar [[r.ViewDistanceScale:1.0]]
[2019.06.08-11.14.04:933][  0]LogConfig: Applying CVar settings from Section [AntiAliasingQuality@3] File [D:/profile/3053/program3053/Saved/Config/Windows/Scalability.ini]
[2019.06.08-11.14.04:933][  0]LogConfig: Setting CVar [[r.PostProcessAAQuality:4]]
[2019.06.08-11.14.04:933][  0]LogConfig: Applying CVar settings from Section [ShadowQuality@3] File [D:/profile/3053/program3053/Saved/Config/Windows/Scalability.ini]
[2019.06.08-11.14.04:933][  0]LogConfig: Setting CVar [[r.LightFunctionQuality:1]]
[2019.06.08-11.14.04:933][  0]LogConfig: Setting CVar [[r.ShadowQuality:5]]
[2019.06.08-11.14.04:933][  0]LogConfig: Setting CVar [[r.Shadow.CSM.MaxCascades:10]]
[2019.06.08-11.14.04:933][  0]LogConfig: Setting CVar [[r.Shadow.MaxResolution:2048]]
[2019.06.08-11.14.04:933][  0]LogConfig: Setting CVar [[r.Shadow.MaxCSMResolution:2048]]
[2019.06.08-11.14.04:933][  0]LogConfig: Setting CVar [[r.Shadow.RadiusThreshold:0.01]]
[2019.06.08-11.14.04:933][  0]LogConfig: Setting CVar [[r.Shadow.DistanceScale:1.0]]
[2019.06.08-11.14.04:933][  0]LogConfig: Setting CVar [[r.Shadow.CSM.TransitionScale:1.0]]
[2019.06.08-11.14.04:933][  0]LogConfig: Setting CVar [[r.Shadow.PreShadowResolutionFactor:1.0]]
[2019.06.08-11.14.04:933][  0]LogConfig: Setting CVar [[r.DistanceFieldShadowing:1]]
[2019.06.08-11.14.04:933][  0]LogConfig: Setting CVar [[r.DistanceFieldAO:1]]
[2019.06.08-11.14.04:933][  0]LogConfig: Setting CVar [[r.AOQuality:2]]
[2019.06.08-11.14.04:933][  0]LogConfig: Setting CVar [[r.VolumetricFog:1]]
[2019.06.08-11.14.04:933][  0]LogConfig: Setting CVar [[r.VolumetricFog.GridPixelSize:8]]
[2019.06.08-11.14.04:933][  0]LogConfig: Setting CVar [[r.VolumetricFog.GridSizeZ:128]]
[2019.06.08-11.14.04:933][  0]LogConfig: Setting CVar [[r.VolumetricFog.HistoryMissSupersampleCount:4]]
[2019.06.08-11.14.04:933][  0]LogConfig: Setting CVar [[r.LightMaxDrawDistanceScale:1]]
[2019.06.08-11.14.04:933][  0]LogConfig: Setting CVar [[r.CapsuleShadows:1]]
[2019.06.08-11.14.04:933][  0]LogConfig: Applying CVar settings from Section [PostProcessQuality@3] File [D:/profile/3053/program3053/Saved/Config/Windows/Scalability.ini]
[2019.06.08-11.14.04:933][  0]LogConfig: Setting CVar [[r.MotionBlurQuality:4]]
[2019.06.08-11.14.04:933][  0]LogConfig: Setting CVar [[r.AmbientOcclusionMipLevelFactor:0.4]]
[2019.06.08-11.14.04:933][  0]LogConfig: Setting CVar [[r.AmbientOcclusionMaxQuality:100]]
[2019.06.08-11.14.04:933][  0]LogConfig: Setting CVar [[r.AmbientOcclusionLevels:-1]]
[2019.06.08-11.14.04:933][  0]LogConfig: Setting CVar [[r.AmbientOcclusionRadiusScale:1.0]]
[2019.06.08-11.14.04:933][  0]LogConfig: Setting CVar [[r.DepthOfFieldQuality:2]]
[2019.06.08-11.14.04:933][  0]LogConfig: Setting CVar [[r.RenderTargetPoolMin:400]]
[2019.06.08-11.14.04:933][  0]LogConfig: Setting CVar [[r.LensFlareQuality:2]]
[2019.06.08-11.14.04:933][  0]LogConfig: Setting CVar [[r.SceneColorFringeQuality:1]]
[2019.06.08-11.14.04:933][  0]LogConfig: Setting CVar [[r.EyeAdaptationQuality:2]]
[2019.06.08-11.14.04:933][  0]LogConfig: Setting CVar [[r.BloomQuality:5]]
[2019.06.08-11.14.04:933][  0]LogConfig: Setting CVar [[r.FastBlurThreshold:100]]
[2019.06.08-11.14.04:933][  0]LogConfig: Setting CVar [[r.Upscale.Quality:3]]
[2019.06.08-11.14.04:933][  0]LogConfig: Setting CVar [[r.Tonemapper.GrainQuantization:1]]
[2019.06.08-11.14.04:933][  0]LogConfig: Setting CVar [[r.LightShaftQuality:1]]
[2019.06.08-11.14.04:933][  0]LogConfig: Setting CVar [[r.Filter.SizeScale:1]]
[2019.06.08-11.14.04:934][  0]LogConfig: Setting CVar [[r.Tonemapper.Quality:5]]
[2019.06.08-11.14.04:934][  0]LogConfig: Setting CVar [[r.DOF.Gather.AccumulatorQuality:1        ; higher gathering accumulator quality]]
[2019.06.08-11.14.04:934][  0]LogConfig: Setting CVar [[r.DOF.Gather.PostfilterMethod:1          ; Median3x3 postfilering method]]
[2019.06.08-11.14.04:934][  0]LogConfig: Setting CVar [[r.DOF.Gather.EnableBokehSettings:0       ; no bokeh simulation when gathering]]
[2019.06.08-11.14.04:934][  0]LogConfig: Setting CVar [[r.DOF.Gather.RingCount:4                 ; medium number of samples when gathering]]
[2019.06.08-11.14.04:934][  0]LogConfig: Setting CVar [[r.DOF.Scatter.ForegroundCompositing:1    ; additive foreground scattering]]
[2019.06.08-11.14.04:934][  0]LogConfig: Setting CVar [[r.DOF.Scatter.BackgroundCompositing:2    ; additive background scattering]]
[2019.06.08-11.14.04:934][  0]LogConfig: Setting CVar [[r.DOF.Scatter.EnableBokehSettings:1      ; bokeh simulation when scattering]]
[2019.06.08-11.14.04:934][  0]LogConfig: Setting CVar [[r.DOF.Scatter.MaxSpriteRatio:0.1         ; only a maximum of 10% of scattered bokeh]]
[2019.06.08-11.14.04:934][  0]LogConfig: Setting CVar [[r.DOF.Recombine.Quality:1                ; cheap slight out of focus]]
[2019.06.08-11.14.04:934][  0]LogConfig: Setting CVar [[r.DOF.Recombine.EnableBokehSettings:0    ; no bokeh simulation on slight out of focus]]
[2019.06.08-11.14.04:934][  0]LogConfig: Setting CVar [[r.DOF.TemporalAAQuality:1                ; more stable temporal accumulation]]
[2019.06.08-11.14.04:934][  0]LogConfig: Setting CVar [[r.DOF.Kernel.MaxForegroundRadius:0.025]]
[2019.06.08-11.14.04:934][  0]LogConfig: Setting CVar [[r.DOF.Kernel.MaxBackgroundRadius:0.025]]
[2019.06.08-11.14.04:934][  0]LogConfig: Applying CVar settings from Section [TextureQuality@3] File [D:/profile/3053/program3053/Saved/Config/Windows/Scalability.ini]
[2019.06.08-11.14.04:934][  0]LogConfig: Setting CVar [[r.Streaming.MipBias:0]]
[2019.06.08-11.14.04:934][  0]LogConfig: Setting CVar [[r.Streaming.AmortizeCPUToGPUCopy:0]]
[2019.06.08-11.14.04:934][  0]LogConfig: Setting CVar [[r.Streaming.MaxNumTexturesToStreamPerFrame:0]]
[2019.06.08-11.14.04:934][  0]LogConfig: Setting CVar [[r.Streaming.Boost:1]]
[2019.06.08-11.14.04:934][  0]LogConfig: Setting CVar [[r.MaxAnisotropy:8]]
[2019.06.08-11.14.04:934][  0]LogConfig: Setting CVar [[r.Streaming.LimitPoolSizeToVRAM:0]]
[2019.06.08-11.14.04:934][  0]LogConfig: Setting CVar [[r.Streaming.PoolSize:1000]]
[2019.06.08-11.14.04:934][  0]LogConfig: Setting CVar [[r.Streaming.MaxEffectiveScreenSize:0]]
[2019.06.08-11.14.04:934][  0]LogConfig: Applying CVar settings from Section [EffectsQuality@3] File [D:/profile/3053/program3053/Saved/Config/Windows/Scalability.ini]
[2019.06.08-11.14.04:934][  0]LogConfig: Setting CVar [[r.TranslucencyLightingVolumeDim:64]]
[2019.06.08-11.14.04:934][  0]LogConfig: Setting CVar [[r.RefractionQuality:2]]
[2019.06.08-11.14.04:934][  0]LogConfig: Setting CVar [[r.SSR.Quality:3]]
[2019.06.08-11.14.04:934][  0]LogConfig: Setting CVar [[r.SceneColorFormat:4]]
[2019.06.08-11.14.04:934][  0]LogConfig: Setting CVar [[r.DetailMode:2]]
[2019.06.08-11.14.04:934][  0]LogConfig: Setting CVar [[r.TranslucencyVolumeBlur:1]]
[2019.06.08-11.14.04:934][  0]LogConfig: Setting CVar [[r.MaterialQualityLevel:1 ; High quality]]
[2019.06.08-11.14.04:934][  0]LogConfig: Setting CVar [[r.SSS.Scale:1]]
[2019.06.08-11.14.04:934][  0]LogConfig: Setting CVar [[r.SSS.SampleSet:2]]
[2019.06.08-11.14.04:934][  0]LogConfig: Setting CVar [[r.SSS.Quality:1]]
[2019.06.08-11.14.04:934][  0]LogConfig: Setting CVar [[r.SSS.HalfRes:1]]
[2019.06.08-11.14.04:934][  0]LogConfig: Setting CVar [[r.EmitterSpawnRateScale:1.0]]
[2019.06.08-11.14.04:934][  0]LogConfig: Setting CVar [[r.ParticleLightQuality:2]]
[2019.06.08-11.14.04:934][  0]LogConfig: Applying CVar settings from Section [FoliageQuality@3] File [D:/profile/3053/program3053/Saved/Config/Windows/Scalability.ini]
[2019.06.08-11.14.04:934][  0]LogConfig: Setting CVar [[foliage.DensityScale:1.0]]
[2019.06.08-11.14.04:934][  0]LogConfig: Setting CVar [[grass.DensityScale:1.0]]
[2019.06.08-11.14.04:934][  0]LogConfig: Applying CVar settings from Section [Startup] File [../../../Engine/Config/ConsoleVariables.ini]
[2019.06.08-11.14.04:935][  0]LogConfig: Setting CVar [[net.UseAdaptiveNetUpdateFrequency:0]]
[2019.06.08-11.14.04:935][  0]LogConfig: Setting CVar [[p.chaos.AllowCreatePhysxBodies:1]]
[2019.06.08-11.14.04:935][  0]LogConfig: Applying CVar settings from Section [ConsoleVariables] File [D:/profile/3053/program3053/Saved/Config/Windows/Engine.ini]
[2019.06.08-11.14.04:980][  0]LogInit: Computer: DESKTOP-DKCFGT9
[2019.06.08-11.14.04:980][  0]LogInit: User: 97219
[2019.06.08-11.14.04:980][  0]LogInit: CPU Page size=4096, Cores=6
[2019.06.08-11.14.04:980][  0]LogInit: High frequency timer resolution =2.156250 MHz
[2019.06.08-11.14.05:006][  0]LogMemory: Memory total: Physical=7.9GB (8GB approx)
[2019.06.08-11.14.05:006][  0]LogMemory: Platform Memory Stats for Windows
[2019.06.08-11.14.05:006][  0]LogMemory: Process Physical Memory: 101.77 MB used, 101.77 MB peak
[2019.06.08-11.14.05:006][  0]LogMemory: Process Virtual Memory: 90.36 MB used, 90.36 MB peak
[2019.06.08-11.14.05:006][  0]LogMemory: Physical Memory: 5246.68 MB used,  2804.88 MB free, 8051.57 MB total
[2019.06.08-11.14.05:006][  0]LogMemory: Virtual Memory: 4706.79 MB used,  134213024.00 MB free, 134217728.00 MB total
[2019.06.08-11.14.07:032][  0]LogInit: Using OS detected language (zh-CN).
[2019.06.08-11.14.07:032][  0]LogInit: Using OS detected locale (zh-CN).
[2019.06.08-11.14.07:570][  0]LogTextLocalizationResource: LocRes '../../../Engine/Content/Localization/Editor/zh-Hans-CN/Editor.locres' could not be opened for reading!
[2019.06.08-11.14.07:570][  0]LogTextLocalizationResource: LocRes '../../../Engine/Content/Localization/EditorTutorials/zh-Hans-CN/EditorTutorials.locres' could not be opened for reading!
[2019.06.08-11.14.07:570][  0]LogTextLocalizationResource: LocRes '../../../Engine/Content/Localization/Keywords/zh-Hans-CN/Keywords.locres' could not be opened for reading!
[2019.06.08-11.14.07:570][  0]LogTextLocalizationResource: LocRes '../../../Engine/Content/Localization/Category/zh-Hans-CN/Category.locres' could not be opened for reading!
[2019.06.08-11.14.07:590][  0]LogTextLocalizationResource: LocRes '../../../Engine/Content/Localization/ToolTips/zh-Hans-CN/ToolTips.locres' could not be opened for reading!
[2019.06.08-11.14.07:667][  0]LogTextLocalizationResource: LocRes '../../../Engine/Content/Localization/PropertyNames/zh-Hans-CN/PropertyNames.locres' could not be opened for reading!
[2019.06.08-11.14.07:667][  0]LogTextLocalizationResource: LocRes '../../../Engine/Content/Localization/Engine/zh-Hans-CN/Engine.locres' could not be opened for reading!
[2019.06.08-11.14.07:667][  0]LogTextLocalizationResource: LocRes '../../../Engine/Plugins/Online/Android/OnlineSubsystemGooglePlay/Content/Localization/OnlineSubsystemGooglePlay/zh-Hans-CN/OnlineSubsystemGooglePlay.locres' could not be opened for reading!
[2019.06.08-11.14.07:667][  0]LogTextLocalizationResource: LocRes '../../../Engine/Plugins/Online/IOS/OnlineSubsystemIOS/Content/Localization/OnlineSubsystemIOS/zh-Hans-CN/OnlineSubsystemIOS.locres' could not be opened for reading!
[2019.06.08-11.14.07:667][  0]LogTextLocalizationResource: LocRes '../../../Engine/Plugins/Online/OnlineSubsystem/Content/Localization/OnlineSubsystem/zh-Hans-CN/OnlineSubsystem.locres' could not be opened for reading!
[2019.06.08-11.14.07:667][  0]LogTextLocalizationResource: LocRes '../../../Engine/Plugins/Online/OnlineSubsystemUtils/Content/Localization/OnlineSubsystemUtils/zh-Hans-CN/OnlineSubsystemUtils.locres' could not be opened for reading!
[2019.06.08-11.14.10:675][  0]LogTextLocalizationResource: LocRes '../../../Engine/Plugins/Online/Android/OnlineSubsystemGooglePlay/Content/Localization/OnlineSubsystemGooglePlay/zh-CN/OnlineSubsystemGooglePlay.locres' could not be opened for reading!
[2019.06.08-11.14.10:675][  0]LogTextLocalizationResource: LocRes '../../../Engine/Plugins/Online/IOS/OnlineSubsystemIOS/Content/Localization/OnlineSubsystemIOS/zh-CN/OnlineSubsystemIOS.locres' could not be opened for reading!
[2019.06.08-11.14.10:675][  0]LogTextLocalizationResource: LocRes '../../../Engine/Plugins/Online/OnlineSubsystem/Content/Localization/OnlineSubsystem/zh-CN/OnlineSubsystem.locres' could not be opened for reading!
[2019.06.08-11.14.10:675][  0]LogTextLocalizationResource: LocRes '../../../Engine/Plugins/Online/OnlineSubsystemUtils/Content/Localization/OnlineSubsystemUtils/zh-CN/OnlineSubsystemUtils.locres' could not be opened for reading!
[2019.06.08-11.14.10:675][  0]LogTextLocalizationResource: LocRes '../../../Engine/Content/Localization/Editor/zh-Hans/Editor.locres' could not be opened for reading!
[2019.06.08-11.14.10:675][  0]LogTextLocalizationResource: LocRes '../../../Engine/Content/Localization/EditorTutorials/zh-Hans/EditorTutorials.locres' could not be opened for reading!
[2019.06.08-11.14.10:675][  0]LogTextLocalizationResource: LocRes '../../../Engine/Content/Localization/Keywords/zh-Hans/Keywords.locres' could not be opened for reading!
[2019.06.08-11.14.10:675][  0]LogTextLocalizationResource: LocRes '../../../Engine/Content/Localization/Category/zh-Hans/Category.locres' could not be opened for reading!
[2019.06.08-11.14.10:676][  0]LogTextLocalizationResource: LocRes '../../../Engine/Content/Localization/ToolTips/zh-Hans/ToolTips.locres' could not be opened for reading!
[2019.06.08-11.14.10:676][  0]LogTextLocalizationResource: LocRes '../../../Engine/Content/Localization/PropertyNames/zh-Hans/PropertyNames.locres' could not be opened for reading!
[2019.06.08-11.14.10:676][  0]LogTextLocalizationResource: LocRes '../../../Engine/Content/Localization/Engine/zh-Hans/Engine.locres' could not be opened for reading!
[2019.06.08-11.14.10:888][  0]LogTextLocalizationResource: LocRes '../../../Engine/Content/Localization/Editor/zh/Editor.locres' could not be opened for reading!
[2019.06.08-11.14.10:888][  0]LogTextLocalizationResource: LocRes '../../../Engine/Content/Localization/EditorTutorials/zh/EditorTutorials.locres' could not be opened for reading!
[2019.06.08-11.14.10:888][  0]LogTextLocalizationResource: LocRes '../../../Engine/Content/Localization/Keywords/zh/Keywords.locres' could not be opened for reading!
[2019.06.08-11.14.10:888][  0]LogTextLocalizationResource: LocRes '../../../Engine/Content/Localization/Category/zh/Category.locres' could not be opened for reading!
[2019.06.08-11.14.10:888][  0]LogTextLocalizationResource: LocRes '../../../Engine/Content/Localization/ToolTips/zh/ToolTips.locres' could not be opened for reading!
[2019.06.08-11.14.10:888][  0]LogTextLocalizationResource: LocRes '../../../Engine/Content/Localization/PropertyNames/zh/PropertyNames.locres' could not be opened for reading!
[2019.06.08-11.14.10:889][  0]LogTextLocalizationResource: LocRes '../../../Engine/Content/Localization/Engine/zh/Engine.locres' could not be opened for reading!
[2019.06.08-11.14.10:889][  0]LogTextLocalizationResource: LocRes '../../../Engine/Plugins/Online/Android/OnlineSubsystemGooglePlay/Content/Localization/OnlineSubsystemGooglePlay/zh/OnlineSubsystemGooglePlay.locres' could not be opened for reading!
[2019.06.08-11.14.10:889][  0]LogTextLocalizationResource: LocRes '../../../Engine/Plugins/Online/IOS/OnlineSubsystemIOS/Content/Localization/OnlineSubsystemIOS/zh/OnlineSubsystemIOS.locres' could not be opened for reading!
[2019.06.08-11.14.10:889][  0]LogTextLocalizationResource: LocRes '../../../Engine/Plugins/Online/OnlineSubsystem/Content/Localization/OnlineSubsystem/zh/OnlineSubsystem.locres' could not be opened for reading!
[2019.06.08-11.14.10:889][  0]LogTextLocalizationResource: LocRes '../../../Engine/Plugins/Online/OnlineSubsystemUtils/Content/Localization/OnlineSubsystemUtils/zh/OnlineSubsystemUtils.locres' could not be opened for reading!
[2019.06.08-11.14.10:959][  0]LogInit: Setting process to per monitor DPI aware
[2019.06.08-11.14.12:600][  0]LogSlate: New Slate User Created.  User Index 0, Is Virtual User: 0
[2019.06.08-11.14.12:600][  0]LogSlate: Slate User Registered.  User Index 0, Is Virtual User: 0
[2019.06.08-11.14.22:252][  0]LogHMD: Failed to initialize OpenVR with code 110
[2019.06.08-11.14.22:252][  0]LogD3D11RHI: D3D11 adapters:
[2019.06.08-11.14.22:425][  0]LogD3D11RHI:    0. 'NVIDIA GeForce GTX 1050' (Feature Level 11_0)
[2019.06.08-11.14.22:425][  0]LogD3D11RHI:       4019/0/4025 MB DedicatedVideo/DedicatedSystem/SharedSystem, Outputs:1, VendorId:0x10de
[2019.06.08-11.14.22:443][  0]LogD3D11RHI:    1. 'Intel(R) UHD Graphics 630' (Feature Level 11_0)
[2019.06.08-11.14.22:443][  0]LogD3D11RHI:       128/0/4025 MB DedicatedVideo/DedicatedSystem/SharedSystem, Outputs:0, VendorId:0x8086
[2019.06.08-11.14.22:451][  0]LogD3D11RHI:    2. 'Microsoft Basic Render Driver' (Feature Level 11_0)
[2019.06.08-11.14.22:451][  0]LogD3D11RHI:       0/0/4025 MB DedicatedVideo/DedicatedSystem/SharedSystem, Outputs:0, VendorId:0x1414
[2019.06.08-11.14.22:452][  0]LogD3D11RHI: Chosen D3D11 Adapter: 0
[2019.06.08-11.14.22:763][  0]LogD3D11RHI: Creating new Direct3DDevice
[2019.06.08-11.14.22:763][  0]LogD3D11RHI:     GPU DeviceId: 0x1c8d (for the marketing name, search the web for "GPU Device Id")
[2019.06.08-11.14.22:818][  0]LogWindows: EnumDisplayDevices:
[2019.06.08-11.14.22:818][  0]LogWindows:    0. 'Intel(R) UHD Graphics 630' (P:1 D:1)
[2019.06.08-11.14.22:818][  0]LogWindows:    1. 'Intel(R) UHD Graphics 630' (P:0 D:0)
[2019.06.08-11.14.22:819][  0]LogWindows:    2. 'Intel(R) UHD Graphics 630' (P:0 D:0)
[2019.06.08-11.14.22:819][  0]LogWindows:    3. 'NVIDIA GeForce GTX 1050' (P:0 D:0)
[2019.06.08-11.14.22:819][  0]LogWindows: DebugString: PrimaryIsNotTheChoosenAdapter PrimaryIsNotTheChoosenAdapter PrimaryIsNotTheChoosenAdapter 
[2019.06.08-11.14.22:819][  0]LogD3D11RHI:     Adapter Name: NVIDIA GeForce GTX 1050
[2019.06.08-11.14.22:862][  0]LogD3D11RHI:   Driver Version: 398.36 (internal:24.21.13.9836, unified:398.36)
[2019.06.08-11.14.22:862][  0]LogD3D11RHI:      Driver Date: 6-24-2018
[2019.06.08-11.14.22:862][  0]LogRHI: Texture pool is 2813 MB (70% of 4019 MB)
[2019.06.08-11.14.22:908][  0]LogD3D11RHI: Async texture creation enabled
[2019.06.08-11.14.23:021][  0]LogRendererCore: FGlobalReadBuffer::InitRHI
[2019.06.08-11.14.23:120][  0]LogRendererCore: FGlobalReadBuffer::InitRHI
[2019.06.08-11.14.23:120][  0]LogRendererCore: FGlobalReadBuffer::InitRHI
[2019.06.08-11.14.23:169][  0]LogD3D11RHI: GPU Timing Frequency: 1000.000000 (Debug: 2 2)
[2019.06.08-11.14.23:539][  0]LogTemp: Display: Module 'AllDesktopTargetPlatform' loaded TargetPlatform 'AllDesktop'
[2019.06.08-11.14.23:586][  0]LogTemp: Display: Module 'MacClientTargetPlatform' loaded TargetPlatform 'MacClient'
[2019.06.08-11.14.23:617][  0]LogTemp: Display: Module 'MacNoEditorTargetPlatform' loaded TargetPlatform 'MacNoEditor'
[2019.06.08-11.14.23:651][  0]LogTemp: Display: Module 'MacServerTargetPlatform' loaded TargetPlatform 'MacServer'
[2019.06.08-11.14.23:727][  0]LogTemp: Display: Module 'MacTargetPlatform' loaded TargetPlatform 'Mac'
[2019.06.08-11.14.23:775][  0]LogTemp: Display: Module 'WindowsClientTargetPlatform' loaded TargetPlatform 'WindowsClient'
[2019.06.08-11.14.23:808][  0]LogTemp: Display: Module 'WindowsNoEditorTargetPlatform' loaded TargetPlatform 'WindowsNoEditor'
[2019.06.08-11.14.23:991][  0]LogTemp: Display: Module 'WindowsServerTargetPlatform' loaded TargetPlatform 'WindowsServer'
[2019.06.08-11.14.24:054][  0]LogTemp: Display: Module 'WindowsTargetPlatform' loaded TargetPlatform 'Windows'
[2019.06.08-11.14.24:198][  0]LogTemp: Display: Module 'AndroidTargetPlatform' loaded TargetPlatform 'Android'
[2019.06.08-11.14.24:198][  0]LogTemp: Display: Module 'AndroidTargetPlatform' loaded TargetPlatform 'Android_ASTC'
[2019.06.08-11.14.24:198][  0]LogTemp: Display: Module 'AndroidTargetPlatform' loaded TargetPlatform 'Android_ATC'
[2019.06.08-11.14.24:198][  0]LogTemp: Display: Module 'AndroidTargetPlatform' loaded TargetPlatform 'Android_DXT'
[2019.06.08-11.14.24:198][  0]LogTemp: Display: Module 'AndroidTargetPlatform' loaded TargetPlatform 'Android_ETC1'
[2019.06.08-11.14.24:198][  0]LogTemp: Display: Module 'AndroidTargetPlatform' loaded TargetPlatform 'Android_ETC1a'
[2019.06.08-11.14.24:198][  0]LogTemp: Display: Module 'AndroidTargetPlatform' loaded TargetPlatform 'Android_ETC2'
[2019.06.08-11.14.24:198][  0]LogTemp: Display: Module 'AndroidTargetPlatform' loaded TargetPlatform 'Android_PVRTC'
[2019.06.08-11.14.24:198][  0]LogTemp: Display: Module 'AndroidTargetPlatform' loaded TargetPlatform 'AndroidClient'
[2019.06.08-11.14.24:198][  0]LogTemp: Display: Module 'AndroidTargetPlatform' loaded TargetPlatform 'Android_ASTCClient'
[2019.06.08-11.14.24:198][  0]LogTemp: Display: Module 'AndroidTargetPlatform' loaded TargetPlatform 'Android_ATCClient'
[2019.06.08-11.14.24:198][  0]LogTemp: Display: Module 'AndroidTargetPlatform' loaded TargetPlatform 'Android_DXTClient'
[2019.06.08-11.14.24:198][  0]LogTemp: Display: Module 'AndroidTargetPlatform' loaded TargetPlatform 'Android_ETC1Client'
[2019.06.08-11.14.24:198][  0]LogTemp: Display: Module 'AndroidTargetPlatform' loaded TargetPlatform 'Android_ETC1aClient'
[2019.06.08-11.14.24:198][  0]LogTemp: Display: Module 'AndroidTargetPlatform' loaded TargetPlatform 'Android_ETC2Client'
[2019.06.08-11.14.24:198][  0]LogTemp: Display: Module 'AndroidTargetPlatform' loaded TargetPlatform 'Android_PVRTCClient'
[2019.06.08-11.14.24:198][  0]LogTemp: Display: Module 'AndroidTargetPlatform' loaded TargetPlatform 'Android_Multi'
[2019.06.08-11.14.24:198][  0]LogTemp: Display: Module 'AndroidTargetPlatform' loaded TargetPlatform 'Android_MultiClient'
[2019.06.08-11.14.24:222][  0]LogTemp: Display: Module 'HTML5TargetPlatform' loaded TargetPlatform 'HTML5'
[2019.06.08-11.14.24:461][  0]LogTemp: Display: Module 'IOSTargetPlatform' loaded TargetPlatform 'IOSClient'
[2019.06.08-11.14.24:461][  0]LogTemp: Display: Module 'IOSTargetPlatform' loaded TargetPlatform 'IOS'
[2019.06.08-11.14.24:513][  0]LogTemp: Display: Module 'TVOSTargetPlatform' loaded TargetPlatform 'TVOSClient'
[2019.06.08-11.14.24:513][  0]LogTemp: Display: Module 'TVOSTargetPlatform' loaded TargetPlatform 'TVOS'
[2019.06.08-11.14.24:549][  0]LogTemp: Display: Module 'LinuxClientTargetPlatform' loaded TargetPlatform 'LinuxClient'
[2019.06.08-11.14.24:617][  0]LogTemp: Display: Module 'LinuxNoEditorTargetPlatform' loaded TargetPlatform 'LinuxNoEditor'
[2019.06.08-11.14.24:638][  0]LogTemp: Display: Module 'LinuxServerTargetPlatform' loaded TargetPlatform 'LinuxServer'
[2019.06.08-11.14.24:671][  0]LogTemp: Display: Module 'LinuxTargetPlatform' loaded TargetPlatform 'Linux'
[2019.06.08-11.14.24:733][  0]LogTemp: Display: Module 'LuminTargetPlatform' loaded TargetPlatform 'Lumin'
[2019.06.08-11.14.24:733][  0]LogTemp: Display: Module 'LuminTargetPlatform' loaded TargetPlatform 'LuminClient'
[2019.06.08-11.14.24:733][  0]LogTargetPlatformManager: Display: Building Assets For Windows
[2019.06.08-11.14.25:011][  0]LogAudioDebug: Display: Lib vorbis DLL was dynamically loaded.
[2019.06.08-11.14.26:755][  0]LogShaderCompilers: Guid format shader working directory is 6 characters bigger than the processId version (../../../../../profile/3053/program3053/Intermediate/Shaders/WorkingDirectory/24120/).
[2019.06.08-11.14.26:755][  0]LogShaderCompilers: Cleaned the shader compiler working directory 'C:/Users/97219/AppData/Local/Temp/UnrealShaderWorkingDir/871DD6F24FAFE82D8D72B19DC18A836E/'.
[2019.06.08-11.14.26:775][  0]LogXGEController: Cannot use XGE Controller as Incredibuild is not installed on this machine.
[2019.06.08-11.14.26:775][  0]LogShaderCompilers: Cannot use XGE Shader Compiler as Incredibuild is not installed on this machine.
[2019.06.08-11.14.26:775][  0]LogShaderCompilers: Display: Using Local Shader Compiler.
[2019.06.08-11.14.31:423][  0]LogDerivedDataCache: Display: Max Cache Size: 512 MB
[2019.06.08-11.14.31:643][  0]LogDerivedDataCache: Loaded boot cache 0.22s 71MB C:/Users/97219/AppData/Local/UnrealEngine/4.22/DerivedDataCache/Boot.ddc.
[2019.06.08-11.14.31:643][  0]LogDerivedDataCache: Display: Loaded Boot cache: C:/Users/97219/AppData/Local/UnrealEngine/4.22/DerivedDataCache/Boot.ddc
[2019.06.08-11.14.31:643][  0]LogDerivedDataCache: FDerivedDataBackendGraph:  Pak pak cache file ../../../../../profile/3053/program3053/DerivedDataCache/DDC.ddp not found, will not use a pak cache.
[2019.06.08-11.14.31:644][  0]LogDerivedDataCache: Unable to find inner node Pak for hierarchical cache Hierarchy.
[2019.06.08-11.14.31:644][  0]LogDerivedDataCache: FDerivedDataBackendGraph:  CompressedPak pak cache file ../../../../../profile/3053/program3053/DerivedDataCache/Compressed.ddp not found, will not use a pak cache.
[2019.06.08-11.14.31:644][  0]LogDerivedDataCache: Unable to find inner node CompressedPak for hierarchical cache Hierarchy.
[2019.06.08-11.14.31:730][  0]LogDerivedDataCache: Display: Pak cache opened for reading ../../../Engine/DerivedDataCache/Compressed.ddp.
[2019.06.08-11.14.31:730][  0]LogDerivedDataCache: FDerivedDataBackendGraph:  EnterprisePak pak cache file ../../../Enterprise/DerivedDataCache/Compressed.ddp not found, will not use a pak cache.
[2019.06.08-11.14.31:730][  0]LogDerivedDataCache: Unable to find inner node EnterprisePak for hierarchical cache Hierarchy.
[2019.06.08-11.14.31:744][  0]LogDerivedDataCache: Using Local data cache path C:/Users/97219/AppData/Local/UnrealEngine/Common/DerivedDataCache: Writable
[2019.06.08-11.14.31:744][  0]LogDerivedDataCache: Shared data cache path not found in *engine.ini, will not use an Shared cache.
[2019.06.08-11.14.31:744][  0]LogDerivedDataCache: Unable to find inner node Shared for hierarchical cache Hierarchy.
[2019.06.08-11.14.31:786][  0]LogMaterial: Verifying Global Shaders for PCD3D_SM5
[2019.06.08-11.14.31:826][  0]LogSlate: Using FreeType 2.6.0
[2019.06.08-11.14.31:933][  0]LogSlate: SlateFontServices - WITH_FREETYPE: 1, WITH_HARFBUZZ: 1
[2019.06.08-11.14.33:256][  0]LogAssetRegistry: FAssetRegistry took 0.0308 seconds to start up
[2019.06.08-11.14.40:169][  0]LogInit: Selected Device Profile: [Windows]
[2019.06.08-11.14.45:035][  0]LogMeshReduction: Using QuadricMeshReduction for automatic static mesh reduction
[2019.06.08-11.14.45:035][  0]LogMeshReduction: Using SimplygonMeshReduction for automatic skeletal mesh reduction
[2019.06.08-11.14.45:035][  0]LogMeshReduction: Using ProxyLODMeshReduction for automatic mesh merging
[2019.06.08-11.14.45:035][  0]LogMeshReduction: No distributed automatic mesh merging module available
[2019.06.08-11.14.45:036][  0]LogMeshMerging: No distributed automatic mesh merging module available
[2019.06.08-11.14.45:627][  0]LogNetVersion: program3053 1.0.0, NetCL: 5660361, EngineNetVer: 10, GameNetVer: 0 (Checksum: 2992420275)
[2019.06.08-11.14.52:580][  0]LogPackageLocalizationCache: Processed 10 localized package path(s) for 4 prioritized culture(s) in 0.245160 seconds
[2019.06.08-11.14.52:586][  0]LogUObjectArray: 42205 objects as part of root set at end of initial load.
[2019.06.08-11.14.52:586][  0]LogUObjectAllocator: 7325032 out of 0 bytes used by permanent object pool.
[2019.06.08-11.14.52:586][  0]LogUObjectArray: CloseDisregardForGC: 0/0 objects in disregard for GC pool
[2019.06.08-11.15.09:294][  0]LogTcpMessaging: Initializing TcpMessaging bridge
[2019.06.08-11.15.09:381][  0]LogUdpMessaging: Initializing bridge on interface 0.0.0.0:0 to multicast group 230.0.0.1:6666.
[2019.06.08-11.15.12:325][  0]SourceControl: 源码控制已禁用
[2019.06.08-11.15.12:326][  0]SourceControl: 源码控制已禁用
[2019.06.08-11.15.12:493][  0]SourceControl: 源码控制已禁用
[2019.06.08-11.15.12:689][  0]SourceControl: 源码控制已禁用
[2019.06.08-11.15.15:581][  0]LogAndroidPermission: UAndroidPermissionCallbackProxy::GetInstance
[2019.06.08-11.15.16:924][  0]LogOcInput: OculusInput pre-init called
[2019.06.08-11.15.20:686][  0]LogEngine: Initializing Engine...
[2019.06.08-11.15.20:819][  0]LogHMD: Failed to initialize OpenVR with code 110
[2019.06.08-11.15.20:847][  0]LogStats: UGameplayTagsManager::InitializeManager -  0.001 s
[2019.06.08-11.15.21:993][  0]LogInit: Initializing FReadOnlyCVARCache
[2019.06.08-11.15.22:970][  0]LogAIModule: Creating AISystem for world Untitled
[2019.06.08-11.15.23:193][  0]LogInit: XAudio2 using 'Speakers/Headphones (Realtek(R) Audio)' : 2 channels at 48 kHz using 32 bits per sample (channel mask 0x3)
[2019.06.08-11.15.23:274][  0]LogInit: FAudioDevice initialized.
[2019.06.08-11.15.23:282][  0]LogNetVersion: Set ProjectVersion to 1.0.0.0. Version Checksum will be recalculated on next use.
[2019.06.08-11.15.23:362][  0]LogDerivedDataCache: Saved boot cache 0.08s 71MB C:/Users/97219/AppData/Local/UnrealEngine/4.22/DerivedDataCache/Boot.ddc.
[2019.06.08-11.15.23:375][  0]LogInit: Texture streaming: Enabled
[2019.06.08-11.15.23:938][  0]LogEngineSessionManager: EngineSessionManager initialized
[2019.06.08-11.15.24:359][  0]LogInit: Transaction tracking system initialized
[2019.06.08-11.15.25:211][  0]BlueprintLog: New page: 编辑器加载
[2019.06.08-11.15.27:938][  0]LocalizationService: 本地化服务已禁用
[2019.06.08-11.15.29:068][  0]LogLinker: Warning: Asset '../../../../../profile/3053/program3053/Content/TwinStickCPP/TwinStickOverview.uasset' has been saved with empty engine version. The asset will be loaded but may be incompatible.
[2019.06.08-11.15.32:871][  0]LogFileCache: Scanning file cache for directory 'D:/profile/3053/program3053/Content/' took 0.04s
[2019.06.08-11.15.32:871][  0]LogCook: Display: Max memory allowance for cook 16384mb min free memory 0mb
[2019.06.08-11.15.32:872][  0]LogCook: Display: Mobile HDR setting 1
[2019.06.08-11.15.37:630][  0]SourceControl: 源码控制已禁用
[2019.06.08-11.15.37:675][  0]Cmd: MAP LOAD FILE="../../../../../profile/3053/program3053/Content/TwinStickCPP/Maps/TwinStickExampleMap.umap" TEMPLATE=0 SHOWPROGRESS=1 FEATURELEVEL=3
[2019.06.08-11.15.37:842][  0]LightingResults: New page: 光照构建
[2019.06.08-11.15.38:249][  0]MapCheck: New page: 地图检测
[2019.06.08-11.15.38:249][  0]LightingResults: New page: 光照构建
[2019.06.08-11.15.39:063][  0]LogUObjectHash: Compacting FUObjectHashTables data took  24.15ms
[2019.06.08-11.15.41:347][  0]LogAIModule: Creating AISystem for world TwinStickExampleMap
[2019.06.08-11.15.42:559][  0]LogEditorServer: Finished looking for orphan Actors (0.000 secs)
[2019.06.08-11.15.42:968][  0]LogUObjectHash: Compacting FUObjectHashTables data took   1.69ms
[2019.06.08-11.15.42:969][  0]Cmd: MAP CHECKDEP NOCLEARLOG
[2019.06.08-11.15.42:993][  0]MapCheck: 地图检测完成：0个错误，0 个警告，用时1.129毫秒完成。
[2019.06.08-11.15.43:004][  0]LogFileHelpers: Loading map 'TwinStickExampleMap' took 5.342
[2019.06.08-11.15.46:202][  0]LogSlate: Updating window title bar state: overlay mode, drag disabled, window buttons hidden, title bar hidden
[2019.06.08-11.15.46:243][  0]LogSlate: Updating window title bar state: overlay mode, drag disabled, window buttons hidden, title bar hidden
[2019.06.08-11.15.46:253][  0]LogSlate: Updating window title bar state: overlay mode, drag disabled, window buttons hidden, title bar hidden
[2019.06.08-11.15.46:260][  0]LogSlate: Updating window title bar state: overlay mode, drag disabled, window buttons hidden, title bar hidden
[2019.06.08-11.15.46:621][  0]LogCollectionManager: Loaded 0 collections in 0.000813 seconds
[2019.06.08-11.15.46:815][  0]LogFileCache: Scanning file cache for directory 'D:/profile/3053/program3053/Saved/Collections/' took 0.01s
[2019.06.08-11.15.46:815][  0]LogFileCache: Scanning file cache for directory 'D:/profile/3053/program3053/Content/Developers/97219/Collections/' took 0.00s
[2019.06.08-11.15.46:815][  0]LogFileCache: Scanning file cache for directory 'D:/profile/3053/program3053/Content/Collections/' took 0.00s
[2019.06.08-11.15.46:815][  0]LogCollectionManager: Rebuilt the GUID cache for 0 collections in 0.000000 seconds
[2019.06.08-11.15.46:869][  0]LogContentBrowser: Native class hierarchy populated in 0.0537 seconds. Added 2740 classes and 661 folders.
[2019.06.08-11.15.47:152][  0]LogContentBrowser: Native class hierarchy updated for 'WidgetCarousel' in 0.0004 seconds. Added 0 classes and 0 folders.
[2019.06.08-11.15.47:243][  0]LogPakFile: Registered encryption key '00000000000000000000000000000000': 0 pak files mounted, 0 remain pending
[2019.06.08-11.15.47:386][  0]LogPakFile: Registered encryption key '00000000000000000000000000000000': 0 pak files mounted, 0 remain pending
[2019.06.08-11.15.47:461][  0]LogPakFile: Registered encryption key '00000000000000000000000000000000': 0 pak files mounted, 0 remain pending
[2019.06.08-11.15.47:484][  0]LogPakFile: Registered encryption key '00000000000000000000000000000000': 0 pak files mounted, 0 remain pending
[2019.06.08-11.15.47:502][  0]LogPakFile: Registered encryption key '00000000000000000000000000000000': 0 pak files mounted, 0 remain pending
[2019.06.08-11.15.47:509][  0]LogPakFile: Registered encryption key '00000000000000000000000000000000': 0 pak files mounted, 0 remain pending
[2019.06.08-11.15.47:705][  0]LogPakFile: Registered encryption key '00000000000000000000000000000000': 0 pak files mounted, 0 remain pending
[2019.06.08-11.15.47:712][  0]LogPakFile: Registered encryption key '00000000000000000000000000000000': 0 pak files mounted, 0 remain pending
[2019.06.08-11.15.47:742][  0]LogPakFile: Registered encryption key '00000000000000000000000000000000': 0 pak files mounted, 0 remain pending
[2019.06.08-11.15.47:763][  0]LogPakFile: Registered encryption key '00000000000000000000000000000000': 0 pak files mounted, 0 remain pending
[2019.06.08-11.15.47:773][  0]LogPakFile: Registered encryption key '00000000000000000000000000000000': 0 pak files mounted, 0 remain pending
[2019.06.08-11.15.47:778][  0]LogPakFile: Registered encryption key '00000000000000000000000000000000': 0 pak files mounted, 0 remain pending
[2019.06.08-11.15.47:819][  0]LogPakFile: Registered encryption key '00000000000000000000000000000000': 0 pak files mounted, 0 remain pending
[2019.06.08-11.15.47:858][  0]LogPakFile: Registered encryption key '00000000000000000000000000000000': 0 pak files mounted, 0 remain pending
[2019.06.08-11.15.47:866][  0]LogPakFile: Registered encryption key '00000000000000000000000000000000': 0 pak files mounted, 0 remain pending
[2019.06.08-11.15.47:873][  0]LogPakFile: Registered encryption key '00000000000000000000000000000000': 0 pak files mounted, 0 remain pending
[2019.06.08-11.15.47:994][  0]LogPakFile: Registered encryption key '00000000000000000000000000000000': 0 pak files mounted, 0 remain pending
[2019.06.08-11.15.48:000][  0]LogPakFile: Registered encryption key '00000000000000000000000000000000': 0 pak files mounted, 0 remain pending
[2019.06.08-11.15.48:004][  0]LogPakFile: Registered encryption key '00000000000000000000000000000000': 0 pak files mounted, 0 remain pending
[2019.06.08-11.15.48:009][  0]LogPakFile: Registered encryption key '00000000000000000000000000000000': 0 pak files mounted, 0 remain pending
[2019.06.08-11.15.48:042][  0]LogPakFile: Registered encryption key '00000000000000000000000000000000': 0 pak files mounted, 0 remain pending
[2019.06.08-11.15.48:071][  0]LogPakFile: Registered encryption key '00000000000000000000000000000000': 0 pak files mounted, 0 remain pending
[2019.06.08-11.15.48:115][  0]LogPakFile: Registered encryption key '00000000000000000000000000000000': 0 pak files mounted, 0 remain pending
[2019.06.08-11.15.48:121][  0]LogPakFile: Registered encryption key '00000000000000000000000000000000': 0 pak files mounted, 0 remain pending
[2019.06.08-11.15.48:149][  0]LogPakFile: Registered encryption key '00000000000000000000000000000000': 0 pak files mounted, 0 remain pending
[2019.06.08-11.15.48:237][  0]LogPakFile: Registered encryption key '00000000000000000000000000000000': 0 pak files mounted, 0 remain pending
[2019.06.08-11.15.51:689][  0]LogContentBrowser: Native class hierarchy updated for 'AddContentDialog' in 0.0005 seconds. Added 0 classes and 0 folders.
[2019.06.08-11.15.51:791][  0]LogContentBrowser: Native class hierarchy updated for 'SceneOutliner' in 0.0005 seconds. Added 1 classes and 2 folders.
[2019.06.08-11.15.54:378][  0]LogSlate: Took 0.019476 seconds to synchronously load lazily loaded font '../../../Engine/Content/Slate/Fonts/Roboto-Regular.ttf' (155K)
[2019.06.08-11.15.54:483][  0]LogSlate: Took 0.044856 seconds to synchronously load lazily loaded font '../../../Engine/Content/Slate/Fonts/DroidSansFallback.ttf' (3848K)
[2019.06.08-11.15.54:678][  0]LogSlate: Took 0.052660 seconds to synchronously load lazily loaded font '../../../Engine/Content/Slate/Fonts/Roboto-Bold.ttf' (160K)
[2019.06.08-11.15.54:723][  0]LogSlate: Took 0.024181 seconds to synchronously load lazily loaded font '../../../Engine/Content/Editor/Slate/Fonts/FontAwesome.ttf' (139K)
[2019.06.08-11.15.55:767][  0]LogRenderer: Reallocating scene render targets to support 1160x464 Format 10 NumSamples 1 (Frame:1).
[2019.06.08-11.15.57:005][  0]LogSlate: Took 0.023035 seconds to synchronously load lazily loaded font '../../../Engine/Content/Slate/Fonts/Roboto-Light.ttf' (167K)
[2019.06.08-11.15.57:788][  0]LogContentBrowser: Native class hierarchy updated for 'HierarchicalLODOutliner' in 0.0003 seconds. Added 0 classes and 0 folders.
[2019.06.08-11.15.57:788][  0]LogLoad: (Engine Initialization) Total time: 266.47 seconds
[2019.06.08-11.15.57:788][  0]LogLoad: (Engine Initialization) Total Blueprint compile time: 0.00 seconds
[2019.06.08-11.15.59:063][  0]LogContentStreaming: Texture pool size now 1000 MB
[2019.06.08-11.16.00:139][  2]LogAssetRegistry: Asset discovery search completed in 86.9051 seconds
[2019.06.08-11.16.00:178][  2]LogCollectionManager: Rebuilt the object cache for 0 collections in 0.000000 seconds (found 0 objects)
[2019.06.08-11.16.00:178][  2]LogCollectionManager: Fixed up redirectors for 0 collections in 0.018384 seconds (updated 0 objects)
[2019.06.08-11.16.07:775][402]LogSlate: FSceneViewport::OnFocusLost() reason 0
[2019.06.08-11.16.07:812][404]LogTemp: Repeating last play command: 选中的视口
[2019.06.08-11.16.07:901][404]LogBlueprintUserMessages: Early PlayInEditor Detection: Level '/Game/TwinStickCPP/Maps/TwinStickExampleMap.TwinStickExampleMap:PersistentLevel' has LevelScriptBlueprint '/Game/TwinStickCPP/Maps/TwinStickExampleMap.TwinStickExampleMap:PersistentLevel.TwinStickExampleMap' with GeneratedClass '/Game/TwinStickCPP/Maps/TwinStickExampleMap.TwinStickExampleMap_C' with ClassGeneratedBy '/Game/TwinStickCPP/Maps/TwinStickExampleMap.TwinStickExampleMap:PersistentLevel.TwinStickExampleMap'
[2019.06.08-11.16.07:938][404]LogPlayLevel: PlayLevel: No blueprints needed recompiling
[2019.06.08-11.16.08:116][404]PIE: New page: PIE会话: TwinStickExampleMap (2019年6月9日 上午3:16:07)
[2019.06.08-11.16.08:140][404]LogPlayLevel: Creating play world package: /Game/TwinStickCPP/Maps/UEDPIE_0_TwinStickExampleMap
[2019.06.08-11.16.08:216][404]LogPlayLevel: PIE: StaticDuplicateObject took: (0.075580s)
[2019.06.08-11.16.08:217][404]LogAIModule: Creating AISystem for world TwinStickExampleMap
[2019.06.08-11.16.08:237][404]LogPlayLevel: PIE: World Init took: (0.020837s)
[2019.06.08-11.16.08:237][404]LogPlayLevel: PIE: Created PIE world by copying editor world from /Game/TwinStickCPP/Maps/TwinStickExampleMap.TwinStickExampleMap to /Game/TwinStickCPP/Maps/UEDPIE_0_TwinStickExampleMap.TwinStickExampleMap (0.096756s)
[2019.06.08-11.16.08:262][404]LogUObjectHash: Compacting FUObjectHashTables data took   0.96ms
[2019.06.08-11.16.08:291][404]LogInit: XAudio2 using 'Speakers/Headphones (Realtek(R) Audio)' : 2 channels at 48 kHz using 32 bits per sample (channel mask 0x3)
[2019.06.08-11.16.08:363][404]LogInit: FAudioDevice initialized.
[2019.06.08-11.16.08:504][404]LogLoad: Game class is 'program3053GameMode'
[2019.06.08-11.16.08:588][404]LogWorld: Bringing World /Game/TwinStickCPP/Maps/UEDPIE_0_TwinStickExampleMap.TwinStickExampleMap up for play (max tick rate 60) at 2019.06.08-19.16.08
[2019.06.08-11.16.08:624][404]LogWorld: Bringing up level for play took: 0.038701
[2019.06.08-11.16.09:070][404]LogContentBrowser: Native class hierarchy updated for 'MovieSceneCapture' in 0.0006 seconds. Added 20 classes and 0 folders.
[2019.06.08-11.16.09:144][404]PIE: /Game/TwinStickCPP/Maps/UEDPIE_0_TwinStickExampleMap的‘在编辑器中播放’的起始时间1.156
[2019.06.08-11.16.09:145][404]LogBlueprintUserMessages: Late PlayInEditor Detection: Level '/Game/TwinStickCPP/Maps/TwinStickExampleMap.TwinStickExampleMap:PersistentLevel' has LevelScriptBlueprint '/Game/TwinStickCPP/Maps/TwinStickExampleMap.TwinStickExampleMap:PersistentLevel.TwinStickExampleMap' with GeneratedClass '/Game/TwinStickCPP/Maps/TwinStickExampleMap.TwinStickExampleMap_C' with ClassGeneratedBy '/Game/TwinStickCPP/Maps/TwinStickExampleMap.TwinStickExampleMap:PersistentLevel.TwinStickExampleMap'
[2019.06.08-11.16.30:534][705]LogWindows: Error: === Critical error: ===
[2019.06.08-11.16.30:534][705]LogWindows: Error: 
[2019.06.08-11.16.30:534][705]LogWindows: Error: Fatal error!
[2019.06.08-11.16.30:534][705]LogWindows: Error: 
[2019.06.08-11.16.30:534][705]LogWindows: Error: Unhandled Exception: EXCEPTION_ACCESS_VIOLATION reading address 0x00000170
[2019.06.08-11.16.30:534][705]LogWindows: Error: 
[2019.06.08-11.16.30:534][705]LogWindows: Error: [Callstack] 0x00007ffe0adc4439 UE4Editor-program3053.dll!Aprogram3053Controller::Tick() [d:\profile\3053\program3053\source\program3053\program3053controller.cpp:28]
[2019.06.08-11.16.30:534][705]LogWindows: Error: [Callstack] 0x00007ffe1658e8a6 UE4Editor-Engine.dll!UnknownFunction []
[2019.06.08-11.16.30:534][705]LogWindows: Error: [Callstack] 0x00007ffe1597aced UE4Editor-Engine.dll!UnknownFunction []
[2019.06.08-11.16.30:534][705]LogWindows: Error: [Callstack] 0x00007ffe169329ac UE4Editor-Engine.dll!UnknownFunction []
[2019.06.08-11.16.30:534][705]LogWindows: Error: [Callstack] 0x00007ffe306e22d8 UE4Editor-Core.dll!UnknownFunction []
[2019.06.08-11.16.30:534][705]LogWindows: Error: [Callstack] 0x00007ffe306e2563 UE4Editor-Core.dll!UnknownFunction []
[2019.06.08-11.16.30:534][705]LogWindows: Error: [Callstack] 0x00007ffe306f2309 UE4Editor-Core.dll!UnknownFunction []
[2019.06.08-11.16.30:534][705]LogWindows: Error: [Callstack] 0x00007ffe1697b0d3 UE4Editor-Engine.dll!UnknownFunction []
[2019.06.08-11.16.30:534][705]LogWindows: Error: [Callstack] 0x00007ffe16987362 UE4Editor-Engine.dll!UnknownFunction []
[2019.06.08-11.16.30:534][705]LogWindows: Error: [Callstack] 0x00007ffe161a9b5f UE4Editor-Engine.dll!UnknownFunction []
[2019.06.08-11.16.30:534][705]LogWindows: Error: [Callstack] 0x00007ffe161b3d38 UE4Editor-Engine.dll!UnknownFunction []
[2019.06.08-11.16.30:534][705]LogWindows: Error: [Callstack] 0x00007ffe21fd02c7 UE4Editor-UnrealEd.dll!UnknownFunction []
[2019.06.08-11.16.30:534][705]LogWindows: Error: [Callstack] 0x00007ffe227ec3d6 UE4Editor-UnrealEd.dll!UnknownFunction []
[2019.06.08-11.16.30:534][705]LogWindows: Error: [Callstack] 0x00007ff72f2d6bb1 UE4Editor.exe!UnknownFunction []
[2019.06.08-11.16.30:534][705]LogWindows: Error: [Callstack] 0x00007ff72f2e554c UE4Editor.exe!UnknownFunction []
[2019.06.08-11.16.30:534][705]LogWindows: Error: [Callstack] 0x00007ff72f2e55ca UE4Editor.exe!UnknownFunction []
[2019.06.08-11.16.30:534][705]LogWindows: Error: [Callstack] 0x00007ff72f2f315c UE4Editor.exe!UnknownFunction []
[2019.06.08-11.16.30:534][705]LogWindows: Error: [Callstack] 0x00007ff72f2f5b7e UE4Editor.exe!UnknownFunction []
[2019.06.08-11.16.30:534][705]LogWindows: Error: [Callstack] 0x00007ffe793b4034 KERNEL32.DLL!UnknownFunction []
[2019.06.08-11.16.30:534][705]LogWindows: Error: [Callstack] 0x00007ffe79b63691 ntdll.dll!UnknownFunction []
[2019.06.08-11.16.30:534][705]LogWindows: Error: 
[2019.06.08-11.16.30:605][705]LogExit: Executing StaticShutdownAfterError
[2019.06.08-11.16.30:875][705]LogWindows: FPlatformMisc::RequestExit(1)
[2019.06.08-11.16.31:039][705]Log file closed, 06/08/19 19:16:31
