Log file open, 05/30/19 22:02:44
LogWindows: Failed to load 'aqProf.dll' (GetLastError=126)
LogWindows: File 'aqProf.dll' does not exist
LogWindows: Failed to load 'VtuneApi.dll' (GetLastError=126)
LogWindows: File 'VtuneApi.dll' does not exist
LogWindows: Failed to load 'VtuneApi32e.dll' (GetLastError=126)
LogWindows: File 'VtuneApi32e.dll' does not exist
LogConsoleResponse: Display: Failed to find resolution value strings in scalability ini. Falling back to default.
LogInit: Display: Running engine for game: program3053
LogPakFile: Registered encryption key '00000000000000000000000000000000': 0 pak files mounted, 0 remain pending
LogPlatformFile: Not using cached read wrapper
LogTaskGraph: Started task graph with 5 named threads and 23 total threads with 3 sets of task threads.
LogStats: Stats thread started at 0.382024
LogD3D11RHI: Loaded GFSDK_Aftermath_Lib.x64.dll
LogICUInternationalization: ICU TimeZone Detection - Raw Offset: +8:00, Platform Override: ''
LogPluginManager: Mounting plugin Paper2D
LogPluginManager: Mounting plugin AISupport
LogPluginManager: Mounting plugin LightPropagationVolume
LogPluginManager: Mounting plugin ActorLayerUtilities
LogPluginManager: Mounting plugin AnimationSharing
LogPluginManager: Mounting plugin CLionSourceCodeAccess
LogPluginManager: Mounting plugin CodeLiteSourceCodeAccess
LogPluginManager: Mounting plugin GitSourceControl
LogPluginManager: Mounting plugin KDevelopSourceCodeAccess
LogPluginManager: Mounting plugin NullSourceCodeAccess
LogPluginManager: Mounting plugin PerforceSourceControl
LogPluginManager: Mounting plugin SubversionSourceControl
LogPluginManager: Mounting plugin UObjectPlugin
LogPluginManager: Mounting plugin VisualStudioCodeSourceCodeAccess
LogPluginManager: Mounting plugin VisualStudioSourceCodeAccess
LogPluginManager: Mounting plugin XCodeSourceCodeAccess
LogPluginManager: Mounting plugin AssetManagerEditor
LogPluginManager: Mounting plugin CryptoKeys
LogPluginManager: Mounting plugin DataValidation
LogPluginManager: Mounting plugin FacialAnimation
LogPluginManager: Mounting plugin GameplayTagsEditor
LogPluginManager: Mounting plugin MacGraphicsSwitching
LogPluginManager: Mounting plugin MaterialAnalyzer
LogPluginManager: Mounting plugin MobileLauncherProfileWizard
LogPluginManager: Mounting plugin PluginBrowser
LogPluginManager: Mounting plugin SpeedTreeImporter
LogPluginManager: Mounting plugin DatasmithContent
LogPluginManager: Mounting plugin VariantManagerContent
LogPluginManager: Mounting plugin AlembicImporter
LogPluginManager: Mounting plugin AppleImageUtils
LogPluginManager: Mounting plugin AppleVision
LogPluginManager: Mounting plugin BackChannel
LogPluginManager: Mounting plugin CharacterAI
LogPluginManager: Mounting plugin GeometryCache
LogPluginManager: Mounting plugin HTML5Networking
LogPluginManager: Mounting plugin ProxyLODPlugin
LogPluginManager: Mounting plugin SkeletalReduction
LogPluginManager: Mounting plugin MagicLeap
LogPluginManager: Mounting plugin MagicLeapMedia
LogPluginManager: Mounting plugin AndroidMedia
LogPluginManager: Mounting plugin AvfMedia
LogPluginManager: Mounting plugin ImgMedia
LogPluginManager: Mounting plugin LinearTimecode
LogPluginManager: Mounting plugin MediaCompositing
LogPluginManager: Mounting plugin MediaPlayerEditor
LogPluginManager: Mounting plugin WebMMedia
LogPluginManager: Mounting plugin WmfMedia
LogPluginManager: Mounting plugin TcpMessaging
LogPluginManager: Mounting plugin UdpMessaging
LogPluginManager: Mounting plugin ActorSequence
LogPluginManager: Mounting plugin LevelSequenceEditor
LogPluginManager: Mounting plugin MatineeToLevelSequence
LogPluginManager: Mounting plugin NetcodeUnitTest
LogPluginManager: Mounting plugin NUTUnrealEngine4
LogPluginManager: Mounting plugin OnlineSubsystemGooglePlay
LogPluginManager: Mounting plugin OnlineSubsystemIOS
LogPluginManager: Mounting plugin OnlineSubsystem
LogPluginManager: Mounting plugin OnlineSubsystemNull
LogPluginManager: Mounting plugin OnlineSubsystemUtils
LogPluginManager: Mounting plugin LauncherChunkInstaller
LogPluginManager: Mounting plugin AndroidDeviceProfileSelector
LogPluginManager: Mounting plugin AndroidMoviePlayer
LogPluginManager: Mounting plugin AndroidPermission
LogPluginManager: Mounting plugin AppleMoviePlayer
LogPluginManager: Mounting plugin ArchVisCharacter
LogPluginManager: Mounting plugin AudioCapture
LogPluginManager: Mounting plugin CableComponent
LogPluginManager: Mounting plugin CustomMeshComponent
LogPluginManager: Mounting plugin EditableMesh
LogPluginManager: Mounting plugin ExampleDeviceProfileSelector
LogPluginManager: Mounting plugin Firebase
LogPluginManager: Mounting plugin GoogleCloudMessaging
LogPluginManager: Mounting plugin IOSDeviceProfileSelector
LogPluginManager: Mounting plugin LinuxDeviceProfileSelector
LogPluginManager: Mounting plugin LocationServicesBPLibrary
LogPluginManager: Mounting plugin MobilePatchingUtils
LogPluginManager: Mounting plugin OculusVR
LogPluginManager: Mounting plugin PhysXVehicles
LogPluginManager: Mounting plugin ProceduralMeshComponent
LogPluginManager: Mounting plugin RuntimePhysXCooking
LogPluginManager: Mounting plugin SignificanceManager
LogPluginManager: Mounting plugin SteamVR
LogPluginManager: Mounting plugin WebMMoviePlayer
LogPluginManager: Mounting plugin WindowsMoviePlayer
LogInit: Using libcurl 7.55.1-DEV
LogInit:  - built for x86_64-pc-win32
LogInit:  - supports SSL with OpenSSL/1.1.1
LogInit:  - supports HTTP deflate (compression) using libz 1.2.8
LogInit:  - other features:
LogInit:      CURL_VERSION_SSL
LogInit:      CURL_VERSION_LIBZ
LogInit:      CURL_VERSION_IPV6
LogInit:      CURL_VERSION_ASYNCHDNS
LogInit:      CURL_VERSION_LARGEFILE
LogInit:      CURL_VERSION_IDN
LogInit:  CurlRequestOptions (configurable via config and command line):
LogInit:  - bVerifyPeer = true  - Libcurl will verify peer certificate
LogInit:  - bUseHttpProxy = false  - Libcurl will NOT use HTTP proxy
LogInit:  - bDontReuseConnections = false  - Libcurl will reuse connections
LogInit:  - MaxHostConnections = 16  - Libcurl will limit the number of connections to a host
LogInit:  - LocalHostAddr = Default
LogInit:  - BufferSize = 65536
LogInit: WinSock: version 1.1 (2.2), MaxSocks=32767, MaxUdp=65467
LogInit: Build: ++UE4+Release-4.22-CL-6574378
LogInit: Engine Version: 4.22.2-6574378+++UE4+Release-4.22
LogInit: Compatible Engine Version: 4.22.0-5660361+++UE4+Release-4.22
LogInit: Net CL: 5660361
LogInit: OS: Windows 10 (Release 1803) (), CPU: Intel(R) Core(TM) i5-8300H CPU @ 2.30GHz, GPU: Intel(R) UHD Graphics 630
LogInit: Compiled (64-bit): May 20 2019 09:54:56
LogInit: Compiled with Visual C++: 19.16.27025.01
LogInit: Build Configuration: Development
LogInit: Branch Name: ++UE4+Release-4.22
LogInit: Command Line:  -skipcompile
LogInit: Base Directory: D:/Epic/UE_4.22/Engine/Binaries/Win64/
LogInit: Installed Engine Build: 1
LogDevObjectVersion: Number of dev versions registered: 23
LogDevObjectVersion:   Dev-Blueprints (B0D832E4-1F89-4F0D-ACCF-7EB736FD4AA2): 10
LogDevObjectVersion:   Dev-Build (E1C64328-A22C-4D53-A36C-8E866417BD8C): 0
LogDevObjectVersion:   Dev-Core (375EC13C-06E4-48FB-B500-84F0262A717E): 3
LogDevObjectVersion:   Dev-Editor (E4B068ED-F494-42E9-A231-DA0B2E46BB41): 30
LogDevObjectVersion:   Dev-Framework (CFFC743F-43B0-4480-9391-14DF171D2073): 35
LogDevObjectVersion:   Dev-Mobile (B02B49B5-BB20-44E9-A304-32B752E40360): 2
LogDevObjectVersion:   Dev-Networking (A4E4105C-59A1-49B5-A7C5-40C4547EDFEE): 0
LogDevObjectVersion:   Dev-Online (39C831C9-5AE6-47DC-9A44-9C173E1C8E7C): 0
LogDevObjectVersion:   Dev-Physics (78F01B33-EBEA-4F98-B9B4-84EACCB95AA2): 0
LogDevObjectVersion:   Dev-Platform (6631380F-2D4D-43E0-8009-CF276956A95A): 0
LogDevObjectVersion:   Dev-Rendering (12F88B9F-8875-4AFC-A67C-D90C383ABD29): 28
LogDevObjectVersion:   Dev-Sequencer (7B5AE74C-D270-4C10-A958-57980B212A5A): 11
LogDevObjectVersion:   Dev-VR (D7296918-1DD6-4BDD-9DE2-64A83CC13884): 2
LogDevObjectVersion:   Dev-LoadTimes (C2A15278-BFE7-4AFE-6C17-90FF531DF755): 1
LogDevObjectVersion:   Private-Geometry (6EACA3D4-40EC-4CC1-B786-8BED09428FC5): 3
LogDevObjectVersion:   Dev-AnimPhys (29E575DD-E0A3-4627-9D10-D276232CDCEA): 17
LogDevObjectVersion:   Dev-Anim (AF43A65D-7FD3-4947-9873-3E8ED9C1BB05): 2
LogDevObjectVersion:   Dev-ReflectionCapture (6B266CEC-1EC7-4B8F-A30B-E4D90942FC07): 1
LogDevObjectVersion:   Dev-Automation (0DF73D61-A23F-47EA-B727-89E90C41499A): 1
LogDevObjectVersion:   FortniteMain (601D1886-AC64-4F84-AA16-D3DE0DEAC7D6): 25
LogDevObjectVersion:   Dev-Enterprise (9DFFBCD6-494F-0158-E221-12823C92A888): 6
LogDevObjectVersion:   Dev-Niagara (F2AED0AC-9AFE-416F-8664-AA7FFA26D6FC): 1
LogDevObjectVersion:   Dev-Destruction (174F1F0B-B4C6-45A5-B13F-2EE8D0FB917D): 2
LogInit: Presizing for max 16777216 objects, including 0 objects not considered by GC, pre-allocating 0 bytes for permanent pool.
LogInit: Object subsystem initialized
LogConfig: Setting CVar [[con.DebugEarlyDefault:1]]
LogConfig: Setting CVar [[r.setres:1280x720]]
[2019.05.30-14.02.48:785][  0]LogConfig: Setting CVar [[r.VSync:0]]
[2019.05.30-14.02.48:785][  0]LogConfig: Setting CVar [[r.RHICmdBypass:0]]
[2019.05.30-14.02.48:785][  0]LogConfig: Applying CVar settings from Section [/Script/Engine.RendererSettings] File [../../../program3053/Saved/Config/Windows/Engine.ini]
[2019.05.30-14.02.48:785][  0]LogConfig: Setting CVar [[r.GPUCrashDebugging:0]]
[2019.05.30-14.02.48:785][  0]LogConfig: Applying CVar settings from Section [/Script/Engine.RendererOverrideSettings] File [../../../program3053/Saved/Config/Windows/Engine.ini]
[2019.05.30-14.02.48:785][  0]LogConfig: Applying CVar settings from Section [/Script/Engine.StreamingSettings] File [../../../program3053/Saved/Config/Windows/Engine.ini]
[2019.05.30-14.02.48:785][  0]LogConfig: Setting CVar [[s.MinBulkDataSizeForAsyncLoading:131072]]
[2019.05.30-14.02.48:785][  0]LogConfig: Setting CVar [[s.AsyncLoadingThreadEnabled:0]]
[2019.05.30-14.02.48:785][  0]LogConfig: Setting CVar [[s.EventDrivenLoaderEnabled:1]]
[2019.05.30-14.02.48:786][  0]LogConfig: Setting CVar [[s.WarnIfTimeLimitExceeded:0]]
[2019.05.30-14.02.48:786][  0]LogConfig: Setting CVar [[s.TimeLimitExceededMultiplier:1.5]]
[2019.05.30-14.02.48:786][  0]LogConfig: Setting CVar [[s.TimeLimitExceededMinTime:0.005]]
[2019.05.30-14.02.48:786][  0]LogConfig: Setting CVar [[s.UseBackgroundLevelStreaming:1]]
[2019.05.30-14.02.48:786][  0]LogConfig: Setting CVar [[s.PriorityAsyncLoadingExtraTime:15.0]]
[2019.05.30-14.02.48:786][  0]LogConfig: Setting CVar [[s.LevelStreamingActorsUpdateTimeLimit:5.0]]
[2019.05.30-14.02.48:786][  0]LogConfig: Setting CVar [[s.PriorityLevelStreamingActorsUpdateExtraTime:5.0]]
[2019.05.30-14.02.48:786][  0]LogConfig: Setting CVar [[s.LevelStreamingComponentsRegistrationGranularity:10]]
[2019.05.30-14.02.48:786][  0]LogConfig: Setting CVar [[s.UnregisterComponentsTimeLimit:1.0]]
[2019.05.30-14.02.48:786][  0]LogConfig: Setting CVar [[s.LevelStreamingComponentsUnregistrationGranularity:5]]
[2019.05.30-14.02.48:786][  0]LogConfig: Applying CVar settings from Section [/Script/Engine.GarbageCollectionSettings] File [../../../program3053/Saved/Config/Windows/Engine.ini]
[2019.05.30-14.02.48:786][  0]LogConfig: Setting CVar [[gc.MaxObjectsNotConsideredByGC:1]]
[2019.05.30-14.02.48:786][  0]LogConfig: Setting CVar [[gc.SizeOfPermanentObjectPool:0]]
[2019.05.30-14.02.48:786][  0]LogConfig: Setting CVar [[gc.FlushStreamingOnGC:0]]
[2019.05.30-14.02.48:786][  0]LogConfig: Setting CVar [[gc.NumRetriesBeforeForcingGC:10]]
[2019.05.30-14.02.48:786][  0]LogConfig: Setting CVar [[gc.AllowParallelGC:1]]
[2019.05.30-14.02.48:786][  0]LogConfig: Setting CVar [[gc.TimeBetweenPurgingPendingKillObjects:61.1]]
[2019.05.30-14.02.48:786][  0]LogConfig: Setting CVar [[gc.MaxObjectsInEditor:16777216]]
[2019.05.30-14.02.48:787][  0]LogConfig: Setting CVar [[gc.IncrementalBeginDestroyEnabled:1]]
[2019.05.30-14.02.48:787][  0]LogConfig: Setting CVar [[gc.CreateGCClusters:1]]
[2019.05.30-14.02.48:787][  0]LogConfig: Setting CVar [[gc.MinGCClusterSize:5]]
[2019.05.30-14.02.48:787][  0]LogConfig: Setting CVar [[gc.ActorClusteringEnabled:0]]
[2019.05.30-14.02.48:787][  0]LogConfig: Setting CVar [[gc.BlueprintClusteringEnabled:0]]
[2019.05.30-14.02.48:787][  0]LogConfig: Setting CVar [[gc.UseDisregardForGCOnDedicatedServers:0]]
[2019.05.30-14.02.48:787][  0]LogConfig: Applying CVar settings from Section [/Script/Engine.NetworkSettings] File [../../../program3053/Saved/Config/Windows/Engine.ini]
[2019.05.30-14.02.48:787][  0]LogConfig: Applying CVar settings from Section [/Script/UnrealEd.CookerSettings] File [../../../program3053/Saved/Config/Windows/Engine.ini]
[2019.05.30-14.02.48:811][  0]LogConfig: Applying CVar settings from Section [ViewDistanceQuality@3] File [../../../program3053/Saved/Config/Windows/Scalability.ini]
[2019.05.30-14.02.48:811][  0]LogConfig: Setting CVar [[r.SkeletalMeshLODBias:0]]
[2019.05.30-14.02.48:811][  0]LogConfig: Setting CVar [[r.ViewDistanceScale:1.0]]
[2019.05.30-14.02.48:811][  0]LogConfig: Applying CVar settings from Section [AntiAliasingQuality@3] File [../../../program3053/Saved/Config/Windows/Scalability.ini]
[2019.05.30-14.02.48:811][  0]LogConfig: Setting CVar [[r.PostProcessAAQuality:4]]
[2019.05.30-14.02.48:811][  0]LogConfig: Applying CVar settings from Section [ShadowQuality@3] File [../../../program3053/Saved/Config/Windows/Scalability.ini]
[2019.05.30-14.02.48:811][  0]LogConfig: Setting CVar [[r.LightFunctionQuality:1]]
[2019.05.30-14.02.48:812][  0]LogConfig: Setting CVar [[r.ShadowQuality:5]]
[2019.05.30-14.02.48:812][  0]LogConfig: Setting CVar [[r.Shadow.CSM.MaxCascades:10]]
[2019.05.30-14.02.48:812][  0]LogConfig: Setting CVar [[r.Shadow.MaxResolution:2048]]
[2019.05.30-14.02.48:812][  0]LogConfig: Setting CVar [[r.Shadow.MaxCSMResolution:2048]]
[2019.05.30-14.02.48:812][  0]LogConfig: Setting CVar [[r.Shadow.RadiusThreshold:0.01]]
[2019.05.30-14.02.48:812][  0]LogConfig: Setting CVar [[r.Shadow.DistanceScale:1.0]]
[2019.05.30-14.02.48:812][  0]LogConfig: Setting CVar [[r.Shadow.CSM.TransitionScale:1.0]]
[2019.05.30-14.02.48:812][  0]LogConfig: Setting CVar [[r.Shadow.PreShadowResolutionFactor:1.0]]
[2019.05.30-14.02.48:812][  0]LogConfig: Setting CVar [[r.DistanceFieldShadowing:1]]
[2019.05.30-14.02.48:812][  0]LogConfig: Setting CVar [[r.DistanceFieldAO:1]]
[2019.05.30-14.02.48:812][  0]LogConfig: Setting CVar [[r.AOQuality:2]]
[2019.05.30-14.02.48:812][  0]LogConfig: Setting CVar [[r.VolumetricFog:1]]
[2019.05.30-14.02.48:812][  0]LogConfig: Setting CVar [[r.VolumetricFog.GridPixelSize:8]]
[2019.05.30-14.02.48:812][  0]LogConfig: Setting CVar [[r.VolumetricFog.GridSizeZ:128]]
[2019.05.30-14.02.48:812][  0]LogConfig: Setting CVar [[r.VolumetricFog.HistoryMissSupersampleCount:4]]
[2019.05.30-14.02.48:812][  0]LogConfig: Setting CVar [[r.LightMaxDrawDistanceScale:1]]
[2019.05.30-14.02.48:813][  0]LogConfig: Setting CVar [[r.CapsuleShadows:1]]
[2019.05.30-14.02.48:813][  0]LogConfig: Applying CVar settings from Section [PostProcessQuality@3] File [../../../program3053/Saved/Config/Windows/Scalability.ini]
[2019.05.30-14.02.48:813][  0]LogConfig: Setting CVar [[r.MotionBlurQuality:4]]
[2019.05.30-14.02.48:813][  0]LogConfig: Setting CVar [[r.AmbientOcclusionMipLevelFactor:0.4]]
[2019.05.30-14.02.48:813][  0]LogConfig: Setting CVar [[r.AmbientOcclusionMaxQuality:100]]
[2019.05.30-14.02.48:813][  0]LogConfig: Setting CVar [[r.AmbientOcclusionLevels:-1]]
[2019.05.30-14.02.48:813][  0]LogConfig: Setting CVar [[r.AmbientOcclusionRadiusScale:1.0]]
[2019.05.30-14.02.48:813][  0]LogConfig: Setting CVar [[r.DepthOfFieldQuality:2]]
[2019.05.30-14.02.48:813][  0]LogConfig: Setting CVar [[r.RenderTargetPoolMin:400]]
[2019.05.30-14.02.48:813][  0]LogConfig: Setting CVar [[r.LensFlareQuality:2]]
[2019.05.30-14.02.48:813][  0]LogConfig: Setting CVar [[r.SceneColorFringeQuality:1]]
[2019.05.30-14.02.48:814][  0]LogConfig: Setting CVar [[r.EyeAdaptationQuality:2]]
[2019.05.30-14.02.48:814][  0]LogConfig: Setting CVar [[r.BloomQuality:5]]
[2019.05.30-14.02.48:814][  0]LogConfig: Setting CVar [[r.FastBlurThreshold:100]]
[2019.05.30-14.02.48:814][  0]LogConfig: Setting CVar [[r.Upscale.Quality:3]]
[2019.05.30-14.02.48:814][  0]LogConfig: Setting CVar [[r.Tonemapper.GrainQuantization:1]]
[2019.05.30-14.02.48:814][  0]LogConfig: Setting CVar [[r.LightShaftQuality:1]]
[2019.05.30-14.02.48:814][  0]LogConfig: Setting CVar [[r.Filter.SizeScale:1]]
[2019.05.30-14.02.48:814][  0]LogConfig: Setting CVar [[r.Tonemapper.Quality:5]]
[2019.05.30-14.02.48:814][  0]LogConfig: Setting CVar [[r.DOF.Gather.AccumulatorQuality:1        ; higher gathering accumulator quality]]
[2019.05.30-14.02.48:814][  0]LogConfig: Setting CVar [[r.DOF.Gather.PostfilterMethod:1          ; Median3x3 postfilering method]]
[2019.05.30-14.02.48:814][  0]LogConfig: Setting CVar [[r.DOF.Gather.EnableBokehSettings:0       ; no bokeh simulation when gathering]]
[2019.05.30-14.02.48:814][  0]LogConfig: Setting CVar [[r.DOF.Gather.RingCount:4                 ; medium number of samples when gathering]]
[2019.05.30-14.02.48:814][  0]LogConfig: Setting CVar [[r.DOF.Scatter.ForegroundCompositing:1    ; additive foreground scattering]]
[2019.05.30-14.02.48:814][  0]LogConfig: Setting CVar [[r.DOF.Scatter.BackgroundCompositing:2    ; additive background scattering]]
[2019.05.30-14.02.48:814][  0]LogConfig: Setting CVar [[r.DOF.Scatter.EnableBokehSettings:1      ; bokeh simulation when scattering]]
[2019.05.30-14.02.48:815][  0]LogConfig: Setting CVar [[r.DOF.Scatter.MaxSpriteRatio:0.1         ; only a maximum of 10% of scattered bokeh]]
[2019.05.30-14.02.48:815][  0]LogConfig: Setting CVar [[r.DOF.Recombine.Quality:1                ; cheap slight out of focus]]
[2019.05.30-14.02.48:815][  0]LogConfig: Setting CVar [[r.DOF.Recombine.EnableBokehSettings:0    ; no bokeh simulation on slight out of focus]]
[2019.05.30-14.02.48:815][  0]LogConfig: Setting CVar [[r.DOF.TemporalAAQuality:1                ; more stable temporal accumulation]]
[2019.05.30-14.02.48:815][  0]LogConfig: Setting CVar [[r.DOF.Kernel.MaxForegroundRadius:0.025]]
[2019.05.30-14.02.48:815][  0]LogConfig: Setting CVar [[r.DOF.Kernel.MaxBackgroundRadius:0.025]]
[2019.05.30-14.02.48:815][  0]LogConfig: Applying CVar settings from Section [TextureQuality@3] File [../../../program3053/Saved/Config/Windows/Scalability.ini]
[2019.05.30-14.02.48:815][  0]LogConfig: Setting CVar [[r.Streaming.MipBias:0]]
[2019.05.30-14.02.48:815][  0]LogConfig: Setting CVar [[r.Streaming.AmortizeCPUToGPUCopy:0]]
[2019.05.30-14.02.48:815][  0]LogConfig: Setting CVar [[r.Streaming.MaxNumTexturesToStreamPerFrame:0]]
[2019.05.30-14.02.48:815][  0]LogConfig: Setting CVar [[r.Streaming.Boost:1]]
[2019.05.30-14.02.48:815][  0]LogConfig: Setting CVar [[r.MaxAnisotropy:8]]
[2019.05.30-14.02.48:815][  0]LogConfig: Setting CVar [[r.Streaming.LimitPoolSizeToVRAM:0]]
[2019.05.30-14.02.48:815][  0]LogConfig: Setting CVar [[r.Streaming.PoolSize:1000]]
[2019.05.30-14.02.48:815][  0]LogConfig: Setting CVar [[r.Streaming.MaxEffectiveScreenSize:0]]
[2019.05.30-14.02.48:816][  0]LogConfig: Applying CVar settings from Section [EffectsQuality@3] File [../../../program3053/Saved/Config/Windows/Scalability.ini]
[2019.05.30-14.02.48:816][  0]LogConfig: Setting CVar [[r.TranslucencyLightingVolumeDim:64]]
[2019.05.30-14.02.48:816][  0]LogConfig: Setting CVar [[r.RefractionQuality:2]]
[2019.05.30-14.02.48:816][  0]LogConfig: Setting CVar [[r.SSR.Quality:3]]
[2019.05.30-14.02.48:816][  0]LogConfig: Setting CVar [[r.SceneColorFormat:4]]
[2019.05.30-14.02.48:816][  0]LogConfig: Setting CVar [[r.DetailMode:2]]
[2019.05.30-14.02.48:816][  0]LogConfig: Setting CVar [[r.TranslucencyVolumeBlur:1]]
[2019.05.30-14.02.48:816][  0]LogConfig: Setting CVar [[r.MaterialQualityLevel:1 ; High quality]]
[2019.05.30-14.02.48:816][  0]LogConfig: Setting CVar [[r.SSS.Scale:1]]
[2019.05.30-14.02.48:816][  0]LogConfig: Setting CVar [[r.SSS.SampleSet:2]]
[2019.05.30-14.02.48:816][  0]LogConfig: Setting CVar [[r.SSS.Quality:1]]
[2019.05.30-14.02.48:816][  0]LogConfig: Setting CVar [[r.SSS.HalfRes:1]]
[2019.05.30-14.02.48:816][  0]LogConfig: Setting CVar [[r.EmitterSpawnRateScale:1.0]]
[2019.05.30-14.02.48:816][  0]LogConfig: Setting CVar [[r.ParticleLightQuality:2]]
[2019.05.30-14.02.48:816][  0]LogConfig: Applying CVar settings from Section [FoliageQuality@3] File [../../../program3053/Saved/Config/Windows/Scalability.ini]
[2019.05.30-14.02.48:816][  0]LogConfig: Setting CVar [[foliage.DensityScale:1.0]]
[2019.05.30-14.02.48:816][  0]LogConfig: Setting CVar [[grass.DensityScale:1.0]]
[2019.05.30-14.02.48:817][  0]LogInit: Selected Device Profile: [Windows]
[2019.05.30-14.02.48:817][  0]LogInit: Applying CVar settings loaded from the selected device profile: [Windows]
[2019.05.30-14.02.48:868][  0]LogHAL: Display: Platform has ~ 8 GB [8443830272 / 8589934592 / 8], which maps to Default [LargestMinGB=32, LargerMinGB=12, DefaultMinGB=8, SmallerMinGB=6, SmallestMinGB=0)
[2019.05.30-14.02.48:868][  0]LogConfig: Setting CVar [[r.Vulkan.UseRealUBs:0		; Required until we fix HLR fall-out]]
[2019.05.30-14.02.48:868][  0]LogInit: Going up to parent DeviceProfile []
[2019.05.30-14.02.48:868][  0]LogConfig: Applying CVar settings from Section [ViewDistanceQuality@3] File [../../../program3053/Saved/Config/Windows/Scalability.ini]
[2019.05.30-14.02.48:868][  0]LogConfig: Setting CVar [[r.SkeletalMeshLODBias:0]]
[2019.05.30-14.02.48:868][  0]LogConfig: Setting CVar [[r.ViewDistanceScale:1.0]]
[2019.05.30-14.02.48:868][  0]LogConfig: Applying CVar settings from Section [AntiAliasingQuality@3] File [../../../program3053/Saved/Config/Windows/Scalability.ini]
[2019.05.30-14.02.48:868][  0]LogConfig: Setting CVar [[r.PostProcessAAQuality:4]]
[2019.05.30-14.02.48:869][  0]LogConfig: Applying CVar settings from Section [ShadowQuality@3] File [../../../program3053/Saved/Config/Windows/Scalability.ini]
[2019.05.30-14.02.48:869][  0]LogConfig: Setting CVar [[r.LightFunctionQuality:1]]
[2019.05.30-14.02.48:869][  0]LogConfig: Setting CVar [[r.ShadowQuality:5]]
[2019.05.30-14.02.48:869][  0]LogConfig: Setting CVar [[r.Shadow.CSM.MaxCascades:10]]
[2019.05.30-14.02.48:869][  0]LogConfig: Setting CVar [[r.Shadow.MaxResolution:2048]]
[2019.05.30-14.02.48:869][  0]LogConfig: Setting CVar [[r.Shadow.MaxCSMResolution:2048]]
[2019.05.30-14.02.48:869][  0]LogConfig: Setting CVar [[r.Shadow.RadiusThreshold:0.01]]
[2019.05.30-14.02.48:869][  0]LogConfig: Setting CVar [[r.Shadow.DistanceScale:1.0]]
[2019.05.30-14.02.48:869][  0]LogConfig: Setting CVar [[r.Shadow.CSM.TransitionScale:1.0]]
[2019.05.30-14.02.48:869][  0]LogConfig: Setting CVar [[r.Shadow.PreShadowResolutionFactor:1.0]]
[2019.05.30-14.02.48:869][  0]LogConfig: Setting CVar [[r.DistanceFieldShadowing:1]]
[2019.05.30-14.02.48:869][  0]LogConfig: Setting CVar [[r.DistanceFieldAO:1]]
[2019.05.30-14.02.48:869][  0]LogConfig: Setting CVar [[r.AOQuality:2]]
[2019.05.30-14.02.48:869][  0]LogConfig: Setting CVar [[r.VolumetricFog:1]]
[2019.05.30-14.02.48:869][  0]LogConfig: Setting CVar [[r.VolumetricFog.GridPixelSize:8]]
[2019.05.30-14.02.48:870][  0]LogConfig: Setting CVar [[r.VolumetricFog.GridSizeZ:128]]
[2019.05.30-14.02.48:870][  0]LogConfig: Setting CVar [[r.VolumetricFog.HistoryMissSupersampleCount:4]]
[2019.05.30-14.02.48:870][  0]LogConfig: Setting CVar [[r.LightMaxDrawDistanceScale:1]]
[2019.05.30-14.02.48:870][  0]LogConfig: Setting CVar [[r.CapsuleShadows:1]]
[2019.05.30-14.02.48:870][  0]LogConfig: Applying CVar settings from Section [PostProcessQuality@3] File [../../../program3053/Saved/Config/Windows/Scalability.ini]
[2019.05.30-14.02.48:870][  0]LogConfig: Setting CVar [[r.MotionBlurQuality:4]]
[2019.05.30-14.02.48:870][  0]LogConfig: Setting CVar [[r.AmbientOcclusionMipLevelFactor:0.4]]
[2019.05.30-14.02.48:870][  0]LogConfig: Setting CVar [[r.AmbientOcclusionMaxQuality:100]]
[2019.05.30-14.02.48:870][  0]LogConfig: Setting CVar [[r.AmbientOcclusionLevels:-1]]
[2019.05.30-14.02.48:870][  0]LogConfig: Setting CVar [[r.AmbientOcclusionRadiusScale:1.0]]
[2019.05.30-14.02.48:870][  0]LogConfig: Setting CVar [[r.DepthOfFieldQuality:2]]
[2019.05.30-14.02.48:870][  0]LogConfig: Setting CVar [[r.RenderTargetPoolMin:400]]
[2019.05.30-14.02.48:870][  0]LogConfig: Setting CVar [[r.LensFlareQuality:2]]
[2019.05.30-14.02.48:870][  0]LogConfig: Setting CVar [[r.SceneColorFringeQuality:1]]
[2019.05.30-14.02.48:870][  0]LogConfig: Setting CVar [[r.EyeAdaptationQuality:2]]
[2019.05.30-14.02.48:870][  0]LogConfig: Setting CVar [[r.BloomQuality:5]]
[2019.05.30-14.02.48:870][  0]LogConfig: Setting CVar [[r.FastBlurThreshold:100]]
[2019.05.30-14.02.48:871][  0]LogConfig: Setting CVar [[r.Upscale.Quality:3]]
[2019.05.30-14.02.48:871][  0]LogConfig: Setting CVar [[r.Tonemapper.GrainQuantization:1]]
[2019.05.30-14.02.48:871][  0]LogConfig: Setting CVar [[r.LightShaftQuality:1]]
[2019.05.30-14.02.48:871][  0]LogConfig: Setting CVar [[r.Filter.SizeScale:1]]
[2019.05.30-14.02.48:871][  0]LogConfig: Setting CVar [[r.Tonemapper.Quality:5]]
[2019.05.30-14.02.48:871][  0]LogConfig: Setting CVar [[r.DOF.Gather.AccumulatorQuality:1        ; higher gathering accumulator quality]]
[2019.05.30-14.02.48:871][  0]LogConfig: Setting CVar [[r.DOF.Gather.PostfilterMethod:1          ; Median3x3 postfilering method]]
[2019.05.30-14.02.48:871][  0]LogConfig: Setting CVar [[r.DOF.Gather.EnableBokehSettings:0       ; no bokeh simulation when gathering]]
[2019.05.30-14.02.48:871][  0]LogConfig: Setting CVar [[r.DOF.Gather.RingCount:4                 ; medium number of samples when gathering]]
[2019.05.30-14.02.48:871][  0]LogConfig: Setting CVar [[r.DOF.Scatter.ForegroundCompositing:1    ; additive foreground scattering]]
[2019.05.30-14.02.48:871][  0]LogConfig: Setting CVar [[r.DOF.Scatter.BackgroundCompositing:2    ; additive background scattering]]
[2019.05.30-14.02.48:871][  0]LogConfig: Setting CVar [[r.DOF.Scatter.EnableBokehSettings:1      ; bokeh simulation when scattering]]
[2019.05.30-14.02.48:871][  0]LogConfig: Setting CVar [[r.DOF.Scatter.MaxSpriteRatio:0.1         ; only a maximum of 10% of scattered bokeh]]
[2019.05.30-14.02.48:871][  0]LogConfig: Setting CVar [[r.DOF.Recombine.Quality:1                ; cheap slight out of focus]]
[2019.05.30-14.02.48:871][  0]LogConfig: Setting CVar [[r.DOF.Recombine.EnableBokehSettings:0    ; no bokeh simulation on slight out of focus]]
[2019.05.30-14.02.48:871][  0]LogConfig: Setting CVar [[r.DOF.TemporalAAQuality:1                ; more stable temporal accumulation]]
[2019.05.30-14.02.48:871][  0]LogConfig: Setting CVar [[r.DOF.Kernel.MaxForegroundRadius:0.025]]
[2019.05.30-14.02.48:871][  0]LogConfig: Setting CVar [[r.DOF.Kernel.MaxBackgroundRadius:0.025]]
[2019.05.30-14.02.48:871][  0]LogConfig: Applying CVar settings from Section [TextureQuality@3] File [../../../program3053/Saved/Config/Windows/Scalability.ini]
[2019.05.30-14.02.48:871][  0]LogConfig: Setting CVar [[r.Streaming.MipBias:0]]
[2019.05.30-14.02.48:872][  0]LogConfig: Setting CVar [[r.Streaming.AmortizeCPUToGPUCopy:0]]
[2019.05.30-14.02.48:872][  0]LogConfig: Setting CVar [[r.Streaming.MaxNumTexturesToStreamPerFrame:0]]
[2019.05.30-14.02.48:872][  0]LogConfig: Setting CVar [[r.Streaming.Boost:1]]
[2019.05.30-14.02.48:872][  0]LogConfig: Setting CVar [[r.MaxAnisotropy:8]]
[2019.05.30-14.02.48:872][  0]LogConfig: Setting CVar [[r.Streaming.LimitPoolSizeToVRAM:0]]
[2019.05.30-14.02.48:872][  0]LogConfig: Setting CVar [[r.Streaming.PoolSize:1000]]
[2019.05.30-14.02.48:872][  0]LogConfig: Setting CVar [[r.Streaming.MaxEffectiveScreenSize:0]]
[2019.05.30-14.02.48:872][  0]LogConfig: Applying CVar settings from Section [EffectsQuality@3] File [../../../program3053/Saved/Config/Windows/Scalability.ini]
[2019.05.30-14.02.48:872][  0]LogConfig: Setting CVar [[r.TranslucencyLightingVolumeDim:64]]
[2019.05.30-14.02.48:872][  0]LogConfig: Setting CVar [[r.RefractionQuality:2]]
[2019.05.30-14.02.48:872][  0]LogConfig: Setting CVar [[r.SSR.Quality:3]]
[2019.05.30-14.02.48:872][  0]LogConfig: Setting CVar [[r.SceneColorFormat:4]]
[2019.05.30-14.02.48:872][  0]LogConfig: Setting CVar [[r.DetailMode:2]]
[2019.05.30-14.02.48:872][  0]LogConfig: Setting CVar [[r.TranslucencyVolumeBlur:1]]
[2019.05.30-14.02.48:872][  0]LogConfig: Setting CVar [[r.MaterialQualityLevel:1 ; High quality]]
[2019.05.30-14.02.48:872][  0]LogConfig: Setting CVar [[r.SSS.Scale:1]]
[2019.05.30-14.02.48:872][  0]LogConfig: Setting CVar [[r.SSS.SampleSet:2]]
[2019.05.30-14.02.48:872][  0]LogConfig: Setting CVar [[r.SSS.Quality:1]]
[2019.05.30-14.02.48:872][  0]LogConfig: Setting CVar [[r.SSS.HalfRes:1]]
[2019.05.30-14.02.48:873][  0]LogConfig: Setting CVar [[r.EmitterSpawnRateScale:1.0]]
[2019.05.30-14.02.48:873][  0]LogConfig: Setting CVar [[r.ParticleLightQuality:2]]
[2019.05.30-14.02.48:873][  0]LogConfig: Applying CVar settings from Section [FoliageQuality@3] File [../../../program3053/Saved/Config/Windows/Scalability.ini]
[2019.05.30-14.02.48:873][  0]LogConfig: Setting CVar [[foliage.DensityScale:1.0]]
[2019.05.30-14.02.48:873][  0]LogConfig: Setting CVar [[grass.DensityScale:1.0]]
[2019.05.30-14.02.48:873][  0]LogConfig: Applying CVar settings from Section [Startup] File [../../../Engine/Config/ConsoleVariables.ini]
[2019.05.30-14.02.48:873][  0]LogConfig: Setting CVar [[net.UseAdaptiveNetUpdateFrequency:0]]
[2019.05.30-14.02.48:873][  0]LogConfig: Setting CVar [[p.chaos.AllowCreatePhysxBodies:1]]
[2019.05.30-14.02.48:873][  0]LogConfig: Applying CVar settings from Section [ConsoleVariables] File [../../../program3053/Saved/Config/Windows/Engine.ini]
[2019.05.30-14.02.48:912][  0]LogInit: Computer: DESKTOP-JAV4KFL
[2019.05.30-14.02.48:913][  0]LogInit: User: 王传坤
[2019.05.30-14.02.48:913][  0]LogInit: CPU Page size=4096, Cores=4
[2019.05.30-14.02.48:913][  0]LogInit: High frequency timer resolution =2.250003 MHz
[2019.05.30-14.02.48:913][  0]LogMemory: Memory total: Physical=7.9GB (8GB approx)
[2019.05.30-14.02.48:913][  0]LogMemory: Platform Memory Stats for Windows
[2019.05.30-14.02.48:913][  0]LogMemory: Process Physical Memory: 96.40 MB used, 96.40 MB peak
[2019.05.30-14.02.48:913][  0]LogMemory: Process Virtual Memory: 90.93 MB used, 90.93 MB peak
[2019.05.30-14.02.48:913][  0]LogMemory: Physical Memory: 6386.24 MB used,  1666.43 MB free, 8052.66 MB total
[2019.05.30-14.02.48:914][  0]LogMemory: Virtual Memory: 4660.82 MB used,  134213064.00 MB free, 134217728.00 MB total
[2019.05.30-14.02.50:178][  0]LogInit: Using OS detected language (zh-CN).
[2019.05.30-14.02.50:178][  0]LogInit: Using OS detected locale (zh-CN).
[2019.05.30-14.02.50:180][  0]LogTextLocalizationResource: LocRes '../../../Engine/Content/Localization/Editor/zh-Hans-CN/Editor.locres' could not be opened for reading!
[2019.05.30-14.02.50:180][  0]LogTextLocalizationResource: LocRes '../../../Engine/Content/Localization/EditorTutorials/zh-Hans-CN/EditorTutorials.locres' could not be opened for reading!
[2019.05.30-14.02.50:181][  0]LogTextLocalizationResource: LocRes '../../../Engine/Content/Localization/Keywords/zh-Hans-CN/Keywords.locres' could not be opened for reading!
[2019.05.30-14.02.50:181][  0]LogTextLocalizationResource: LocRes '../../../Engine/Content/Localization/Category/zh-Hans-CN/Category.locres' could not be opened for reading!
[2019.05.30-14.02.50:181][  0]LogTextLocalizationResource: LocRes '../../../Engine/Content/Localization/ToolTips/zh-Hans-CN/ToolTips.locres' could not be opened for reading!
[2019.05.30-14.02.50:182][  0]LogTextLocalizationResource: LocRes '../../../Engine/Content/Localization/PropertyNames/zh-Hans-CN/PropertyNames.locres' could not be opened for reading!
[2019.05.30-14.02.50:182][  0]LogTextLocalizationResource: LocRes '../../../Engine/Content/Localization/Engine/zh-Hans-CN/Engine.locres' could not be opened for reading!
[2019.05.30-14.02.50:183][  0]LogTextLocalizationResource: LocRes '../../../Engine/Plugins/Online/Android/OnlineSubsystemGooglePlay/Content/Localization/OnlineSubsystemGooglePlay/zh-Hans-CN/OnlineSubsystemGooglePlay.locres' could not be opened for reading!
[2019.05.30-14.02.50:183][  0]LogTextLocalizationResource: LocRes '../../../Engine/Plugins/Online/IOS/OnlineSubsystemIOS/Content/Localization/OnlineSubsystemIOS/zh-Hans-CN/OnlineSubsystemIOS.locres' could not be opened for reading!
[2019.05.30-14.02.50:183][  0]LogTextLocalizationResource: LocRes '../../../Engine/Plugins/Online/OnlineSubsystem/Content/Localization/OnlineSubsystem/zh-Hans-CN/OnlineSubsystem.locres' could not be opened for reading!
[2019.05.30-14.02.50:184][  0]LogTextLocalizationResource: LocRes '../../../Engine/Plugins/Online/OnlineSubsystemUtils/Content/Localization/OnlineSubsystemUtils/zh-Hans-CN/OnlineSubsystemUtils.locres' could not be opened for reading!
[2019.05.30-14.02.50:479][  0]LogTextLocalizationResource: LocRes '../../../Engine/Plugins/Online/Android/OnlineSubsystemGooglePlay/Content/Localization/OnlineSubsystemGooglePlay/zh-CN/OnlineSubsystemGooglePlay.locres' could not be opened for reading!
[2019.05.30-14.02.50:480][  0]LogTextLocalizationResource: LocRes '../../../Engine/Plugins/Online/IOS/OnlineSubsystemIOS/Content/Localization/OnlineSubsystemIOS/zh-CN/OnlineSubsystemIOS.locres' could not be opened for reading!
[2019.05.30-14.02.50:480][  0]LogTextLocalizationResource: LocRes '../../../Engine/Plugins/Online/OnlineSubsystem/Content/Localization/OnlineSubsystem/zh-CN/OnlineSubsystem.locres' could not be opened for reading!
[2019.05.30-14.02.50:481][  0]LogTextLocalizationResource: LocRes '../../../Engine/Plugins/Online/OnlineSubsystemUtils/Content/Localization/OnlineSubsystemUtils/zh-CN/OnlineSubsystemUtils.locres' could not be opened for reading!
[2019.05.30-14.02.50:481][  0]LogTextLocalizationResource: LocRes '../../../Engine/Content/Localization/Editor/zh-Hans/Editor.locres' could not be opened for reading!
[2019.05.30-14.02.50:482][  0]LogTextLocalizationResource: LocRes '../../../Engine/Content/Localization/EditorTutorials/zh-Hans/EditorTutorials.locres' could not be opened for reading!
[2019.05.30-14.02.50:482][  0]LogTextLocalizationResource: LocRes '../../../Engine/Content/Localization/Keywords/zh-Hans/Keywords.locres' could not be opened for reading!
[2019.05.30-14.02.50:482][  0]LogTextLocalizationResource: LocRes '../../../Engine/Content/Localization/Category/zh-Hans/Category.locres' could not be opened for reading!
[2019.05.30-14.02.50:483][  0]LogTextLocalizationResource: LocRes '../../../Engine/Content/Localization/ToolTips/zh-Hans/ToolTips.locres' could not be opened for reading!
[2019.05.30-14.02.50:483][  0]LogTextLocalizationResource: LocRes '../../../Engine/Content/Localization/PropertyNames/zh-Hans/PropertyNames.locres' could not be opened for reading!
[2019.05.30-14.02.50:483][  0]LogTextLocalizationResource: LocRes '../../../Engine/Content/Localization/Engine/zh-Hans/Engine.locres' could not be opened for reading!
[2019.05.30-14.02.50:511][  0]LogTextLocalizationResource: LocRes '../../../Engine/Content/Localization/Editor/zh/Editor.locres' could not be opened for reading!
[2019.05.30-14.02.50:511][  0]LogTextLocalizationResource: LocRes '../../../Engine/Content/Localization/EditorTutorials/zh/EditorTutorials.locres' could not be opened for reading!
[2019.05.30-14.02.50:511][  0]LogTextLocalizationResource: LocRes '../../../Engine/Content/Localization/Keywords/zh/Keywords.locres' could not be opened for reading!
[2019.05.30-14.02.50:512][  0]LogTextLocalizationResource: LocRes '../../../Engine/Content/Localization/Category/zh/Category.locres' could not be opened for reading!
[2019.05.30-14.02.50:512][  0]LogTextLocalizationResource: LocRes '../../../Engine/Content/Localization/ToolTips/zh/ToolTips.locres' could not be opened for reading!
[2019.05.30-14.02.50:512][  0]LogTextLocalizationResource: LocRes '../../../Engine/Content/Localization/PropertyNames/zh/PropertyNames.locres' could not be opened for reading!
[2019.05.30-14.02.50:512][  0]LogTextLocalizationResource: LocRes '../../../Engine/Content/Localization/Engine/zh/Engine.locres' could not be opened for reading!
[2019.05.30-14.02.50:512][  0]LogTextLocalizationResource: LocRes '../../../Engine/Plugins/Online/Android/OnlineSubsystemGooglePlay/Content/Localization/OnlineSubsystemGooglePlay/zh/OnlineSubsystemGooglePlay.locres' could not be opened for reading!
[2019.05.30-14.02.50:512][  0]LogTextLocalizationResource: LocRes '../../../Engine/Plugins/Online/IOS/OnlineSubsystemIOS/Content/Localization/OnlineSubsystemIOS/zh/OnlineSubsystemIOS.locres' could not be opened for reading!
[2019.05.30-14.02.50:512][  0]LogTextLocalizationResource: LocRes '../../../Engine/Plugins/Online/OnlineSubsystem/Content/Localization/OnlineSubsystem/zh/OnlineSubsystem.locres' could not be opened for reading!
[2019.05.30-14.02.50:513][  0]LogTextLocalizationResource: LocRes '../../../Engine/Plugins/Online/OnlineSubsystemUtils/Content/Localization/OnlineSubsystemUtils/zh/OnlineSubsystemUtils.locres' could not be opened for reading!
[2019.05.30-14.02.50:535][  0]LogInit: Setting process to per monitor DPI aware
[2019.05.30-14.02.51:010][  0]LogSlate: New Slate User Created.  User Index 0, Is Virtual User: 0
[2019.05.30-14.02.51:010][  0]LogSlate: Slate User Registered.  User Index 0, Is Virtual User: 0
[2019.05.30-14.02.54:190][  0]LogHMD: Failed to initialize OpenVR with code 110
[2019.05.30-14.02.54:190][  0]LogD3D11RHI: D3D11 adapters:
[2019.05.30-14.02.54:300][  0]LogD3D11RHI:    0. 'NVIDIA GeForce GTX 1050 Ti' (Feature Level 11_0)
[2019.05.30-14.02.54:300][  0]LogD3D11RHI:       4018/0/4026 MB DedicatedVideo/DedicatedSystem/SharedSystem, Outputs:1, VendorId:0x10de
[2019.05.30-14.02.54:322][  0]LogD3D11RHI:    1. 'Intel(R) UHD Graphics 630' (Feature Level 11_0)
[2019.05.30-14.02.54:322][  0]LogD3D11RHI:       128/0/4026 MB DedicatedVideo/DedicatedSystem/SharedSystem, Outputs:0, VendorId:0x8086
[2019.05.30-14.02.54:328][  0]LogD3D11RHI:    2. 'Microsoft Basic Render Driver' (Feature Level 11_0)
[2019.05.30-14.02.54:328][  0]LogD3D11RHI:       0/0/4026 MB DedicatedVideo/DedicatedSystem/SharedSystem, Outputs:0, VendorId:0x1414
[2019.05.30-14.02.54:328][  0]LogD3D11RHI: Chosen D3D11 Adapter: 0
[2019.05.30-14.02.54:358][  0]LogD3D11RHI: Creating new Direct3DDevice
[2019.05.30-14.02.54:358][  0]LogD3D11RHI:     GPU DeviceId: 0x1c8c (for the marketing name, search the web for "GPU Device Id")
[2019.05.30-14.02.54:358][  0]LogWindows: EnumDisplayDevices:
[2019.05.30-14.02.54:358][  0]LogWindows:    0. 'Intel(R) UHD Graphics 630' (P:1 D:1)
[2019.05.30-14.02.54:359][  0]LogWindows:    1. 'Intel(R) UHD Graphics 630' (P:0 D:0)
[2019.05.30-14.02.54:360][  0]LogWindows:    2. 'Intel(R) UHD Graphics 630' (P:0 D:0)
[2019.05.30-14.02.54:360][  0]LogWindows:    3. 'NVIDIA GeForce GTX 1050 Ti' (P:0 D:0)
[2019.05.30-14.02.54:361][  0]LogWindows: DebugString: PrimaryIsNotTheChoosenAdapter PrimaryIsNotTheChoosenAdapter PrimaryIsNotTheChoosenAdapter 
[2019.05.30-14.02.54:361][  0]LogD3D11RHI:     Adapter Name: NVIDIA GeForce GTX 1050 Ti
[2019.05.30-14.02.54:361][  0]LogD3D11RHI:   Driver Version: 398.36 (internal:24.21.13.9836, unified:398.36)
[2019.05.30-14.02.54:361][  0]LogD3D11RHI:      Driver Date: 6-24-2018
[2019.05.30-14.02.54:361][  0]LogRHI: Texture pool is 2812 MB (70% of 4018 MB)
[2019.05.30-14.02.54:428][  0]LogD3D11RHI: Async texture creation enabled
[2019.05.30-14.02.54:432][  0]LogRendererCore: FGlobalReadBuffer::InitRHI
[2019.05.30-14.02.54:432][  0]LogRendererCore: FGlobalReadBuffer::InitRHI
[2019.05.30-14.02.54:432][  0]LogRendererCore: FGlobalReadBuffer::InitRHI
[2019.05.30-14.02.54:446][  0]LogD3D11RHI: GPU Timing Frequency: 1000.000000 (Debug: 2 2)
[2019.05.30-14.02.54:935][  0]LogTemp: Display: Module 'AllDesktopTargetPlatform' loaded TargetPlatform 'AllDesktop'
[2019.05.30-14.02.54:963][  0]LogTemp: Display: Module 'MacClientTargetPlatform' loaded TargetPlatform 'MacClient'
[2019.05.30-14.02.54:989][  0]LogTemp: Display: Module 'MacNoEditorTargetPlatform' loaded TargetPlatform 'MacNoEditor'
[2019.05.30-14.02.55:018][  0]LogTemp: Display: Module 'MacServerTargetPlatform' loaded TargetPlatform 'MacServer'
[2019.05.30-14.02.55:115][  0]LogTemp: Display: Module 'MacTargetPlatform' loaded TargetPlatform 'Mac'
[2019.05.30-14.02.55:145][  0]LogTemp: Display: Module 'WindowsClientTargetPlatform' loaded TargetPlatform 'WindowsClient'
[2019.05.30-14.02.55:164][  0]LogTemp: Display: Module 'WindowsNoEditorTargetPlatform' loaded TargetPlatform 'WindowsNoEditor'
[2019.05.30-14.02.55:182][  0]LogTemp: Display: Module 'WindowsServerTargetPlatform' loaded TargetPlatform 'WindowsServer'
[2019.05.30-14.02.55:207][  0]LogTemp: Display: Module 'WindowsTargetPlatform' loaded TargetPlatform 'Windows'
[2019.05.30-14.02.55:360][  0]LogTemp: Display: Module 'AndroidTargetPlatform' loaded TargetPlatform 'Android'
[2019.05.30-14.02.55:360][  0]LogTemp: Display: Module 'AndroidTargetPlatform' loaded TargetPlatform 'Android_ASTC'
[2019.05.30-14.02.55:360][  0]LogTemp: Display: Module 'AndroidTargetPlatform' loaded TargetPlatform 'Android_ATC'
[2019.05.30-14.02.55:360][  0]LogTemp: Display: Module 'AndroidTargetPlatform' loaded TargetPlatform 'Android_DXT'
[2019.05.30-14.02.55:360][  0]LogTemp: Display: Module 'AndroidTargetPlatform' loaded TargetPlatform 'Android_ETC1'
[2019.05.30-14.02.55:360][  0]LogTemp: Display: Module 'AndroidTargetPlatform' loaded TargetPlatform 'Android_ETC1a'
[2019.05.30-14.02.55:360][  0]LogTemp: Display: Module 'AndroidTargetPlatform' loaded TargetPlatform 'Android_ETC2'
[2019.05.30-14.02.55:360][  0]LogTemp: Display: Module 'AndroidTargetPlatform' loaded TargetPlatform 'Android_PVRTC'
[2019.05.30-14.02.55:360][  0]LogTemp: Display: Module 'AndroidTargetPlatform' loaded TargetPlatform 'AndroidClient'
[2019.05.30-14.02.55:360][  0]LogTemp: Display: Module 'AndroidTargetPlatform' loaded TargetPlatform 'Android_ASTCClient'
[2019.05.30-14.02.55:361][  0]LogTemp: Display: Module 'AndroidTargetPlatform' loaded TargetPlatform 'Android_ATCClient'
[2019.05.30-14.02.55:361][  0]LogTemp: Display: Module 'AndroidTargetPlatform' loaded TargetPlatform 'Android_DXTClient'
[2019.05.30-14.02.55:361][  0]LogTemp: Display: Module 'AndroidTargetPlatform' loaded TargetPlatform 'Android_ETC1Client'
[2019.05.30-14.02.55:361][  0]LogTemp: Display: Module 'AndroidTargetPlatform' loaded TargetPlatform 'Android_ETC1aClient'
[2019.05.30-14.02.55:361][  0]LogTemp: Display: Module 'AndroidTargetPlatform' loaded TargetPlatform 'Android_ETC2Client'
[2019.05.30-14.02.55:361][  0]LogTemp: Display: Module 'AndroidTargetPlatform' loaded TargetPlatform 'Android_PVRTCClient'
[2019.05.30-14.02.55:361][  0]LogTemp: Display: Module 'AndroidTargetPlatform' loaded TargetPlatform 'Android_Multi'
[2019.05.30-14.02.55:361][  0]LogTemp: Display: Module 'AndroidTargetPlatform' loaded TargetPlatform 'Android_MultiClient'
[2019.05.30-14.02.55:381][  0]LogTemp: Display: Module 'HTML5TargetPlatform' loaded TargetPlatform 'HTML5'
[2019.05.30-14.02.55:485][  0]LogTemp: Display: Module 'IOSTargetPlatform' loaded TargetPlatform 'IOSClient'
[2019.05.30-14.02.55:485][  0]LogTemp: Display: Module 'IOSTargetPlatform' loaded TargetPlatform 'IOS'
[2019.05.30-14.02.55:557][  0]LogTemp: Display: Module 'TVOSTargetPlatform' loaded TargetPlatform 'TVOSClient'
[2019.05.30-14.02.55:557][  0]LogTemp: Display: Module 'TVOSTargetPlatform' loaded TargetPlatform 'TVOS'
[2019.05.30-14.02.55:628][  0]LogTemp: Display: Module 'LinuxClientTargetPlatform' loaded TargetPlatform 'LinuxClient'
[2019.05.30-14.02.55:687][  0]LogTemp: Display: Module 'LinuxNoEditorTargetPlatform' loaded TargetPlatform 'LinuxNoEditor'
[2019.05.30-14.02.55:717][  0]LogTemp: Display: Module 'LinuxServerTargetPlatform' loaded TargetPlatform 'LinuxServer'
[2019.05.30-14.02.55:979][  0]LogTemp: Display: Module 'LinuxTargetPlatform' loaded TargetPlatform 'Linux'
[2019.05.30-14.02.56:084][  0]LogTemp: Display: Module 'LuminTargetPlatform' loaded TargetPlatform 'Lumin'
[2019.05.30-14.02.56:084][  0]LogTemp: Display: Module 'LuminTargetPlatform' loaded TargetPlatform 'LuminClient'
[2019.05.30-14.02.56:084][  0]LogTargetPlatformManager: Display: Building Assets For Windows
[2019.05.30-14.02.56:249][  0]LogAudioDebug: Display: Lib vorbis DLL was dynamically loaded.
[2019.05.30-14.02.57:245][  0]LogShaderCompilers: Guid format shader working directory is 24 characters bigger than the processId version (../../../program3053/Intermediate/Shaders/WorkingDirectory/4916/).
[2019.05.30-14.02.57:246][  0]LogShaderCompilers: Cleaned the shader compiler working directory 'C:/Users/王传坤/AppData/Local/Temp/UnrealShaderWorkingDir/BAD0E5ED42D4D8E7BE7DC286D12694A4/'.
[2019.05.30-14.02.57:276][  0]LogXGEController: Cleaning working directory: C:/Users/王传坤/AppData/Local/Temp/UnrealXGEWorkingDir/
[2019.05.30-14.02.57:277][  0]LogXGEController: Cannot use XGE Controller as Incredibuild is not installed on this machine.
[2019.05.30-14.02.57:277][  0]LogShaderCompilers: Cannot use XGE Shader Compiler as Incredibuild is not installed on this machine.
[2019.05.30-14.02.57:289][  0]LogShaderCompilers: Display: Using Local Shader Compiler.
[2019.05.30-14.02.59:495][  0]LogDerivedDataCache: Display: Max Cache Size: 512 MB
[2019.05.30-14.02.59:712][  0]LogDerivedDataCache: Loaded boot cache 0.22s 71MB C:/Users/王传坤/AppData/Local/UnrealEngine/4.22/DerivedDataCache/Boot.ddc.
[2019.05.30-14.02.59:712][  0]LogDerivedDataCache: Display: Loaded Boot cache: C:/Users/王传坤/AppData/Local/UnrealEngine/4.22/DerivedDataCache/Boot.ddc
[2019.05.30-14.02.59:713][  0]LogDerivedDataCache: FDerivedDataBackendGraph:  Pak pak cache file ../../../program3053/DerivedDataCache/DDC.ddp not found, will not use a pak cache.
[2019.05.30-14.02.59:713][  0]LogDerivedDataCache: Unable to find inner node Pak for hierarchical cache Hierarchy.
[2019.05.30-14.02.59:713][  0]LogDerivedDataCache: FDerivedDataBackendGraph:  CompressedPak pak cache file ../../../program3053/DerivedDataCache/Compressed.ddp not found, will not use a pak cache.
[2019.05.30-14.02.59:713][  0]LogDerivedDataCache: Unable to find inner node CompressedPak for hierarchical cache Hierarchy.
[2019.05.30-14.02.59:754][  0]LogDerivedDataCache: Display: Pak cache opened for reading ../../../Engine/DerivedDataCache/Compressed.ddp.
[2019.05.30-14.02.59:754][  0]LogDerivedDataCache: FDerivedDataBackendGraph:  EnterprisePak pak cache file ../../../Enterprise/DerivedDataCache/Compressed.ddp not found, will not use a pak cache.
[2019.05.30-14.02.59:754][  0]LogDerivedDataCache: Unable to find inner node EnterprisePak for hierarchical cache Hierarchy.
[2019.05.30-14.02.59:767][  0]LogDerivedDataCache: Using Local data cache path C:/Users/王传坤/AppData/Local/UnrealEngine/Common/DerivedDataCache: Writable
[2019.05.30-14.02.59:767][  0]LogDerivedDataCache: Shared data cache path not found in *engine.ini, will not use an Shared cache.
[2019.05.30-14.02.59:767][  0]LogDerivedDataCache: Unable to find inner node Shared for hierarchical cache Hierarchy.
[2019.05.30-14.03.00:028][  0]LogMaterial: Verifying Global Shaders for PCD3D_SM5
[2019.05.30-14.03.00:151][  0]LogSlate: Using FreeType 2.6.0
[2019.05.30-14.03.00:275][  0]LogSlate: SlateFontServices - WITH_FREETYPE: 1, WITH_HARFBUZZ: 1
[2019.05.30-14.03.01:851][  0]LogAssetRegistry: FAssetRegistry took 0.0937 seconds to start up
[2019.05.30-14.03.08:716][  0]LogInit: Selected Device Profile: [Windows]
[2019.05.30-14.03.12:057][  0]LogMeshReduction: Using QuadricMeshReduction for automatic static mesh reduction
[2019.05.30-14.03.12:057][  0]LogMeshReduction: Using SimplygonMeshReduction for automatic skeletal mesh reduction
[2019.05.30-14.03.12:057][  0]LogMeshReduction: Using ProxyLODMeshReduction for automatic mesh merging
[2019.05.30-14.03.12:057][  0]LogMeshReduction: No distributed automatic mesh merging module available
[2019.05.30-14.03.12:058][  0]LogMeshMerging: No distributed automatic mesh merging module available
[2019.05.30-14.03.13:387][  0]LogNetVersion: program3053 1.0.0, NetCL: 5660361, EngineNetVer: 10, GameNetVer: 0 (Checksum: 2992420275)
[2019.05.30-14.03.22:435][  0]LogPackageLocalizationCache: Processed 10 localized package path(s) for 4 prioritized culture(s) in 0.409234 seconds
[2019.05.30-14.03.22:485][  0]LogUObjectArray: 42205 objects as part of root set at end of initial load.
[2019.05.30-14.03.22:485][  0]LogUObjectAllocator: 7325032 out of 0 bytes used by permanent object pool.
[2019.05.30-14.03.22:485][  0]LogUObjectArray: CloseDisregardForGC: 0/0 objects in disregard for GC pool
[2019.05.30-14.03.47:118][  0]LogTcpMessaging: Initializing TcpMessaging bridge
[2019.05.30-14.03.47:341][  0]LogUdpMessaging: Initializing bridge on interface 0.0.0.0:0 to multicast group 230.0.0.1:6666.
[2019.05.30-14.03.49:637][  0]SourceControl: 源码控制已禁用
[2019.05.30-14.03.49:669][  0]SourceControl: 源码控制已禁用
[2019.05.30-14.03.50:103][  0]SourceControl: 源码控制已禁用
[2019.05.30-14.03.50:188][  0]SourceControl: 源码控制已禁用
[2019.05.30-14.03.53:014][  0]LogAndroidPermission: UAndroidPermissionCallbackProxy::GetInstance
[2019.05.30-14.03.53:710][  0]LogOcInput: OculusInput pre-init called
[2019.05.30-14.03.56:018][  0]LogEngine: Initializing Engine...
[2019.05.30-14.03.56:163][  0]LogHMD: Failed to initialize OpenVR with code 110
[2019.05.30-14.03.56:175][  0]LogStats: UGameplayTagsManager::InitializeManager -  0.011 s
[2019.05.30-14.03.56:900][  0]LogInit: Initializing FReadOnlyCVARCache
[2019.05.30-14.03.57:428][  0]LogAIModule: Creating AISystem for world Untitled
[2019.05.30-14.03.57:589][  0]LogInit: XAudio2 using 'Speakers/Headphones (Realtek(R) Audio)' : 2 channels at 48 kHz using 32 bits per sample (channel mask 0x3)
[2019.05.30-14.03.57:703][  0]LogInit: FAudioDevice initialized.
[2019.05.30-14.03.57:721][  0]LogNetVersion: Set ProjectVersion to 1.0.0.0. Version Checksum will be recalculated on next use.
[2019.05.30-14.03.57:809][  0]LogDerivedDataCache: Saved boot cache 0.09s 71MB C:/Users/王传坤/AppData/Local/UnrealEngine/4.22/DerivedDataCache/Boot.ddc.
[2019.05.30-14.03.57:810][  0]LogInit: Texture streaming: Enabled
[2019.05.30-14.03.57:924][  0]LogEngineSessionManager: EngineSessionManager initialized
[2019.05.30-14.03.58:389][  0]LogInit: Transaction tracking system initialized
[2019.05.30-14.03.59:049][  0]BlueprintLog: New page: 编辑器加载
[2019.05.30-14.04.00:634][  0]LocalizationService: 本地化服务已禁用
[2019.05.30-14.04.01:369][  0]LogLinker: Warning: 无法找到文件 '/Game/TwinStickBP/TwinStickOverview'
[2019.05.30-14.04.01:370][  0]LogLinker: Warning: 无法找到文件 '/Game/TwinStickBP/TwinStickOverview'
[2019.05.30-14.04.01:370][  0]LogUObjectGlobals: Warning: 寻找对象 'Class /Game/TwinStickBP/TwinStickOverview.TwinStickOverview_C’ 失败
[2019.05.30-14.04.03:762][  0]LogFileCache: Scanning file cache for directory 'D:/Epic/UE_4.22/program3053/Content/' took 0.02s
[2019.05.30-14.04.03:762][  0]LogCook: Display: Max memory allowance for cook 16384mb min free memory 0mb
[2019.05.30-14.04.03:762][  0]LogCook: Display: Mobile HDR setting 1
[2019.05.30-14.04.06:815][  0]SourceControl: 源码控制已禁用
[2019.05.30-14.04.06:843][  0]Cmd: MAP LOAD FILE="../../../program3053/Content/TwinStickCPP/Maps/TwinStickExampleMap.umap" TEMPLATE=0 SHOWPROGRESS=1 FEATURELEVEL=3
[2019.05.30-14.04.06:884][  0]LightingResults: New page: 光照构建
[2019.05.30-14.04.07:104][  0]MapCheck: New page: 地图检测
[2019.05.30-14.04.07:104][  0]LightingResults: New page: 光照构建
[2019.05.30-14.04.07:514][  0]LogUObjectHash: Compacting FUObjectHashTables data took   1.57ms
[2019.05.30-14.04.08:872][  0]LogAIModule: Creating AISystem for world TwinStickExampleMap
[2019.05.30-14.04.09:500][  0]LogEditorServer: Finished looking for orphan Actors (0.000 secs)
[2019.05.30-14.04.09:593][  0]LogUObjectHash: Compacting FUObjectHashTables data took   1.75ms
[2019.05.30-14.04.09:594][  0]Cmd: MAP CHECKDEP NOCLEARLOG
[2019.05.30-14.04.09:613][  0]MapCheck: 地图检测完成：0个错误，0 个警告，用时0.37毫秒完成。
[2019.05.30-14.04.09:613][  0]LogFileHelpers: Loading map 'TwinStickExampleMap' took 2.770
[2019.05.30-14.04.11:664][  0]LogSlate: Updating window title bar state: overlay mode, drag disabled, window buttons hidden, title bar hidden
[2019.05.30-14.04.11:690][  0]LogSlate: Updating window title bar state: overlay mode, drag disabled, window buttons hidden, title bar hidden
[2019.05.30-14.04.11:697][  0]LogSlate: Updating window title bar state: overlay mode, drag disabled, window buttons hidden, title bar hidden
[2019.05.30-14.04.11:703][  0]LogSlate: Updating window title bar state: overlay mode, drag disabled, window buttons hidden, title bar hidden
[2019.05.30-14.04.11:917][  0]LogCollectionManager: Loaded 0 collections in 0.001418 seconds
[2019.05.30-14.04.12:087][  0]LogFileCache: Scanning file cache for directory 'D:/Epic/UE_4.22/program3053/Saved/Collections/' took 0.01s
[2019.05.30-14.04.12:087][  0]LogFileCache: Scanning file cache for directory 'D:/Epic/UE_4.22/program3053/Content/Developers/王传坤/Collections/' took 0.01s
[2019.05.30-14.04.12:087][  0]LogFileCache: Scanning file cache for directory 'D:/Epic/UE_4.22/program3053/Content/Collections/' took 0.01s
[2019.05.30-14.04.12:087][  0]LogCollectionManager: Rebuilt the GUID cache for 0 collections in 0.000000 seconds
[2019.05.30-14.04.12:120][  0]LogContentBrowser: Native class hierarchy populated in 0.0120 seconds. Added 2742 classes and 661 folders.
[2019.05.30-14.04.12:302][  0]LogContentBrowser: Native class hierarchy updated for 'WidgetCarousel' in 0.0005 seconds. Added 0 classes and 0 folders.
[2019.05.30-14.04.12:341][  0]LogPakFile: Registered encryption key '00000000000000000000000000000000': 0 pak files mounted, 0 remain pending
[2019.05.30-14.04.12:367][  0]LogPakFile: Registered encryption key '00000000000000000000000000000000': 0 pak files mounted, 0 remain pending
[2019.05.30-14.04.12:378][  0]LogPakFile: Registered encryption key '00000000000000000000000000000000': 0 pak files mounted, 0 remain pending
[2019.05.30-14.04.12:380][  0]LogPakFile: Registered encryption key '00000000000000000000000000000000': 0 pak files mounted, 0 remain pending
[2019.05.30-14.04.12:396][  0]LogPakFile: Registered encryption key '00000000000000000000000000000000': 0 pak files mounted, 0 remain pending
[2019.05.30-14.04.12:398][  0]LogPakFile: Registered encryption key '00000000000000000000000000000000': 0 pak files mounted, 0 remain pending
[2019.05.30-14.04.12:432][  0]LogPakFile: Registered encryption key '00000000000000000000000000000000': 0 pak files mounted, 0 remain pending
[2019.05.30-14.04.12:434][  0]LogPakFile: Registered encryption key '00000000000000000000000000000000': 0 pak files mounted, 0 remain pending
[2019.05.30-14.04.12:458][  0]LogPakFile: Registered encryption key '00000000000000000000000000000000': 0 pak files mounted, 0 remain pending
[2019.05.30-14.04.12:460][  0]LogPakFile: Registered encryption key '00000000000000000000000000000000': 0 pak files mounted, 0 remain pending
[2019.05.30-14.04.12:461][  0]LogPakFile: Registered encryption key '00000000000000000000000000000000': 0 pak files mounted, 0 remain pending
[2019.05.30-14.04.12:463][  0]LogPakFile: Registered encryption key '00000000000000000000000000000000': 0 pak files mounted, 0 remain pending
[2019.05.30-14.04.12:464][  0]LogPakFile: Registered encryption key '00000000000000000000000000000000': 0 pak files mounted, 0 remain pending
[2019.05.30-14.04.12:466][  0]LogPakFile: Registered encryption key '00000000000000000000000000000000': 0 pak files mounted, 0 remain pending
[2019.05.30-14.04.12:468][  0]LogPakFile: Registered encryption key '00000000000000000000000000000000': 0 pak files mounted, 0 remain pending
[2019.05.30-14.04.12:518][  0]LogPakFile: Registered encryption key '00000000000000000000000000000000': 0 pak files mounted, 0 remain pending
[2019.05.30-14.04.12:520][  0]LogPakFile: Registered encryption key '00000000000000000000000000000000': 0 pak files mounted, 0 remain pending
[2019.05.30-14.04.12:522][  0]LogPakFile: Registered encryption key '00000000000000000000000000000000': 0 pak files mounted, 0 remain pending
[2019.05.30-14.04.12:719][  0]LogPakFile: Registered encryption key '00000000000000000000000000000000': 0 pak files mounted, 0 remain pending
[2019.05.30-14.04.12:721][  0]LogPakFile: Registered encryption key '00000000000000000000000000000000': 0 pak files mounted, 0 remain pending
[2019.05.30-14.04.12:758][  0]LogPakFile: Registered encryption key '00000000000000000000000000000000': 0 pak files mounted, 0 remain pending
[2019.05.30-14.04.12:760][  0]LogPakFile: Registered encryption key '00000000000000000000000000000000': 0 pak files mounted, 0 remain pending
[2019.05.30-14.04.12:762][  0]LogPakFile: Registered encryption key '00000000000000000000000000000000': 0 pak files mounted, 0 remain pending
[2019.05.30-14.04.12:764][  0]LogPakFile: Registered encryption key '00000000000000000000000000000000': 0 pak files mounted, 0 remain pending
[2019.05.30-14.04.12:766][  0]LogPakFile: Registered encryption key '00000000000000000000000000000000': 0 pak files mounted, 0 remain pending
[2019.05.30-14.04.12:768][  0]LogPakFile: Registered encryption key '00000000000000000000000000000000': 0 pak files mounted, 0 remain pending
[2019.05.30-14.04.13:894][  0]LogContentBrowser: Native class hierarchy updated for 'AddContentDialog' in 0.0006 seconds. Added 0 classes and 0 folders.
[2019.05.30-14.04.13:994][  0]LogContentBrowser: Native class hierarchy updated for 'SceneOutliner' in 0.0005 seconds. Added 1 classes and 2 folders.
[2019.05.30-14.04.14:777][  0]LogSlate: Took 0.023181 seconds to synchronously load lazily loaded font '../../../Engine/Content/Slate/Fonts/Roboto-Regular.ttf' (155K)
[2019.05.30-14.04.14:852][  0]LogSlate: Took 0.074433 seconds to synchronously load lazily loaded font '../../../Engine/Content/Slate/Fonts/DroidSansFallback.ttf' (3848K)
[2019.05.30-14.04.14:896][  0]LogSlate: Took 0.025036 seconds to synchronously load lazily loaded font '../../../Engine/Content/Slate/Fonts/Roboto-Bold.ttf' (160K)
[2019.05.30-14.04.15:028][  0]LogSlate: Took 0.016465 seconds to synchronously load lazily loaded font '../../../Engine/Content/Editor/Slate/Fonts/FontAwesome.ttf' (139K)
[2019.05.30-14.04.15:661][  0]LogRenderer: Reallocating scene render targets to support 964x404 Format 10 NumSamples 1 (Frame:1).
[2019.05.30-14.04.16:629][  0]LogContentBrowser: Native class hierarchy updated for 'HierarchicalLODOutliner' in 0.0004 seconds. Added 0 classes and 0 folders.
[2019.05.30-14.04.16:629][  0]LogLoad: (Engine Initialization) Total time: 95.75 seconds
[2019.05.30-14.04.16:629][  0]LogLoad: (Engine Initialization) Total Blueprint compile time: 0.00 seconds
[2019.05.30-14.04.16:675][  0]LogWindowsTextInputMethodSystem: Display: IME system now activated using TSF (微软拼音).
[2019.05.30-14.04.17:152][  0]LogContentStreaming: Texture pool size now 1000 MB
[2019.05.30-14.04.17:332][  0]LogSlate: Took 0.009905 seconds to synchronously load lazily loaded font '../../../Engine/Content/Slate/Fonts/Roboto-Light.ttf' (167K)
[2019.05.30-14.04.17:579][  2]LogAssetRegistry: Asset discovery search completed in 75.7557 seconds
[2019.05.30-14.04.17:697][  2]LogCollectionManager: Rebuilt the object cache for 0 collections in 0.000000 seconds (found 0 objects)
[2019.05.30-14.04.17:698][  2]LogCollectionManager: Fixed up redirectors for 0 collections in 0.098285 seconds (updated 0 objects)
[2019.05.30-14.04.19:012][ 77]LogSlate: FSceneViewport::OnFocusLost() reason 0
[2019.05.30-14.04.19:096][ 82]LogTemp: Repeating last play command: 选中的视口
[2019.05.30-14.04.19:127][ 82]LogBlueprintUserMessages: Early PlayInEditor Detection: Level '/Game/TwinStickCPP/Maps/TwinStickExampleMap.TwinStickExampleMap:PersistentLevel' has LevelScriptBlueprint '/Game/TwinStickCPP/Maps/TwinStickExampleMap.TwinStickExampleMap:PersistentLevel.TwinStickExampleMap' with GeneratedClass '/Game/TwinStickCPP/Maps/TwinStickExampleMap.TwinStickExampleMap_C' with ClassGeneratedBy '/Game/TwinStickCPP/Maps/TwinStickExampleMap.TwinStickExampleMap:PersistentLevel.TwinStickExampleMap'
[2019.05.30-14.04.19:140][ 82]LogPlayLevel: PlayLevel: No blueprints needed recompiling
[2019.05.30-14.04.19:259][ 82]PIE: New page: PIE会话: TwinStickExampleMap (2019年5月31日 上午6:04:19)
[2019.05.30-14.04.19:287][ 82]LogPlayLevel: Creating play world package: /Game/TwinStickCPP/Maps/UEDPIE_0_TwinStickExampleMap
[2019.05.30-14.04.19:344][ 82]LogPlayLevel: PIE: StaticDuplicateObject took: (0.055621s)
[2019.05.30-14.04.19:356][ 82]LogAIModule: Creating AISystem for world TwinStickExampleMap
[2019.05.30-14.04.19:356][ 82]LogPlayLevel: PIE: World Init took: (0.012250s)
[2019.05.30-14.04.19:356][ 82]LogPlayLevel: PIE: Created PIE world by copying editor world from /Game/TwinStickCPP/Maps/TwinStickExampleMap.TwinStickExampleMap to /Game/TwinStickCPP/Maps/UEDPIE_0_TwinStickExampleMap.TwinStickExampleMap (0.068824s)
[2019.05.30-14.04.19:380][ 82]LogUObjectHash: Compacting FUObjectHashTables data took   1.05ms
[2019.05.30-14.04.19:387][ 82]LogInit: XAudio2 using 'Speakers/Headphones (Realtek(R) Audio)' : 2 channels at 48 kHz using 32 bits per sample (channel mask 0x3)
[2019.05.30-14.04.19:474][ 82]LogInit: FAudioDevice initialized.
[2019.05.30-14.04.19:565][ 82]LogLoad: Game class is 'program3053GameMode'
[2019.05.30-14.04.19:640][ 82]LogWorld: Bringing World /Game/TwinStickCPP/Maps/UEDPIE_0_TwinStickExampleMap.TwinStickExampleMap up for play (max tick rate 60) at 2019.05.30-22.04.19
[2019.05.30-14.04.19:668][ 82]LogWorld: Bringing up level for play took: 0.029452
[2019.05.30-14.04.19:838][ 82]LogContentBrowser: Native class hierarchy updated for 'MovieSceneCapture' in 0.0250 seconds. Added 20 classes and 0 folders.
[2019.05.30-14.04.19:841][ 82]PIE: /Game/TwinStickCPP/Maps/UEDPIE_0_TwinStickExampleMap的‘在编辑器中播放’的起始时间0.055
[2019.05.30-14.04.19:841][ 82]LogBlueprintUserMessages: Late PlayInEditor Detection: Level '/Game/TwinStickCPP/Maps/TwinStickExampleMap.TwinStickExampleMap:PersistentLevel' has LevelScriptBlueprint '/Game/TwinStickCPP/Maps/TwinStickExampleMap.TwinStickExampleMap:PersistentLevel.TwinStickExampleMap' with GeneratedClass '/Game/TwinStickCPP/Maps/TwinStickExampleMap.TwinStickExampleMap_C' with ClassGeneratedBy '/Game/TwinStickCPP/Maps/TwinStickExampleMap.TwinStickExampleMap:PersistentLevel.TwinStickExampleMap'
[2019.05.30-14.04.30:848][734]LogBlueprintUserMessages: Early EndPlayMap Detection: Level '/Game/TwinStickCPP/Maps/TwinStickExampleMap.TwinStickExampleMap:PersistentLevel' has LevelScriptBlueprint '/Game/TwinStickCPP/Maps/TwinStickExampleMap.TwinStickExampleMap:PersistentLevel.TwinStickExampleMap' with GeneratedClass '/Game/TwinStickCPP/Maps/TwinStickExampleMap.TwinStickExampleMap_C' with ClassGeneratedBy '/Game/TwinStickCPP/Maps/TwinStickExampleMap.TwinStickExampleMap:PersistentLevel.TwinStickExampleMap'
[2019.05.30-14.04.30:848][734]LogSlate: Updating window title bar state: overlay mode, drag disabled, window buttons hidden, title bar hidden
[2019.05.30-14.04.30:921][734]LogPlayLevel: Display: Shutting down PIE online subsystems
[2019.05.30-14.04.30:954][734]LogBlueprintUserMessages: Late EndPlayMap Detection: Level '/Game/TwinStickCPP/Maps/TwinStickExampleMap.TwinStickExampleMap:PersistentLevel' has LevelScriptBlueprint '/Game/TwinStickCPP/Maps/TwinStickExampleMap.TwinStickExampleMap:PersistentLevel.TwinStickExampleMap' with GeneratedClass '/Game/TwinStickCPP/Maps/TwinStickExampleMap.TwinStickExampleMap_C' with ClassGeneratedBy '/Game/TwinStickCPP/Maps/TwinStickExampleMap.TwinStickExampleMap:PersistentLevel.TwinStickExampleMap'
[2019.05.30-14.04.30:992][734]LogSlate: Updating window title bar state: overlay mode, drag disabled, window buttons hidden, title bar hidden
[2019.05.30-14.04.31:074][734]LogUObjectHash: Compacting FUObjectHashTables data took   1.22ms
[2019.05.30-14.04.31:120][735]LogPlayLevel: Display: Destroying online subsystem :Context_1
[2019.05.30-14.04.31:604][764]LogEditorViewport: Clicking on Actor (LMB): BP_Sky_Sphere_C (SkySphereBlueprint)
[2019.05.30-14.04.32:422][765]Cmd: SELECT NONE
[2019.05.30-14.04.33:278][798]LogSlate: FSceneViewport::OnFocusLost() reason 0
[2019.05.30-14.04.33:362][803]LogTemp: Repeating last play command: 选中的视口
[2019.05.30-14.04.33:372][803]LogBlueprintUserMessages: Early PlayInEditor Detection: Level '/Game/TwinStickCPP/Maps/TwinStickExampleMap.TwinStickExampleMap:PersistentLevel' has LevelScriptBlueprint '/Game/TwinStickCPP/Maps/TwinStickExampleMap.TwinStickExampleMap:PersistentLevel.TwinStickExampleMap' with GeneratedClass '/Game/TwinStickCPP/Maps/TwinStickExampleMap.TwinStickExampleMap_C' with ClassGeneratedBy '/Game/TwinStickCPP/Maps/TwinStickExampleMap.TwinStickExampleMap:PersistentLevel.TwinStickExampleMap'
[2019.05.30-14.04.33:372][803]LogPlayLevel: PlayLevel: No blueprints needed recompiling
[2019.05.30-14.04.33:373][803]PIE: New page: PIE会话: TwinStickExampleMap (2019年5月31日 上午6:04:33)
[2019.05.30-14.04.33:373][803]LogPlayLevel: Creating play world package: /Game/TwinStickCPP/Maps/UEDPIE_0_TwinStickExampleMap
[2019.05.30-14.04.33:389][803]LogPlayLevel: PIE: StaticDuplicateObject took: (0.015441s)
[2019.05.30-14.04.33:390][803]LogAIModule: Creating AISystem for world TwinStickExampleMap
[2019.05.30-14.04.33:426][803]LogPlayLevel: PIE: World Init took: (0.037246s)
[2019.05.30-14.04.33:426][803]LogPlayLevel: PIE: Created PIE world by copying editor world from /Game/TwinStickCPP/Maps/TwinStickExampleMap.TwinStickExampleMap to /Game/TwinStickCPP/Maps/UEDPIE_0_TwinStickExampleMap.TwinStickExampleMap (0.053445s)
[2019.05.30-14.04.33:448][803]LogUObjectHash: Compacting FUObjectHashTables data took   0.93ms
[2019.05.30-14.04.33:454][803]LogInit: XAudio2 using 'Speakers/Headphones (Realtek(R) Audio)' : 2 channels at 48 kHz using 32 bits per sample (channel mask 0x3)
[2019.05.30-14.04.33:541][803]LogInit: FAudioDevice initialized.
[2019.05.30-14.04.33:577][803]LogLoad: Game class is 'program3053GameMode'
[2019.05.30-14.04.33:579][803]LogWorld: Bringing World /Game/TwinStickCPP/Maps/UEDPIE_0_TwinStickExampleMap.TwinStickExampleMap up for play (max tick rate 60) at 2019.05.30-22.04.33
[2019.05.30-14.04.33:579][803]LogWorld: Bringing up level for play took: 0.001309
[2019.05.30-14.04.33:593][803]PIE: /Game/TwinStickCPP/Maps/UEDPIE_0_TwinStickExampleMap的‘在编辑器中播放’的起始时间-0.193
[2019.05.30-14.04.33:593][803]LogBlueprintUserMessages: Late PlayInEditor Detection: Level '/Game/TwinStickCPP/Maps/TwinStickExampleMap.TwinStickExampleMap:PersistentLevel' has LevelScriptBlueprint '/Game/TwinStickCPP/Maps/TwinStickExampleMap.TwinStickExampleMap:PersistentLevel.TwinStickExampleMap' with GeneratedClass '/Game/TwinStickCPP/Maps/TwinStickExampleMap.TwinStickExampleMap_C' with ClassGeneratedBy '/Game/TwinStickCPP/Maps/TwinStickExampleMap.TwinStickExampleMap:PersistentLevel.TwinStickExampleMap'
[2019.05.30-14.05.49:622][464]LogBlueprintUserMessages: Early EndPlayMap Detection: Level '/Game/TwinStickCPP/Maps/TwinStickExampleMap.TwinStickExampleMap:PersistentLevel' has LevelScriptBlueprint '/Game/TwinStickCPP/Maps/TwinStickExampleMap.TwinStickExampleMap:PersistentLevel.TwinStickExampleMap' with GeneratedClass '/Game/TwinStickCPP/Maps/TwinStickExampleMap.TwinStickExampleMap_C' with ClassGeneratedBy '/Game/TwinStickCPP/Maps/TwinStickExampleMap.TwinStickExampleMap:PersistentLevel.TwinStickExampleMap'
[2019.05.30-14.05.49:623][464]LogSlate: Updating window title bar state: overlay mode, drag disabled, window buttons hidden, title bar hidden
[2019.05.30-14.05.49:655][464]LogPlayLevel: Display: Shutting down PIE online subsystems
[2019.05.30-14.05.49:655][464]LogBlueprintUserMessages: Late EndPlayMap Detection: Level '/Game/TwinStickCPP/Maps/TwinStickExampleMap.TwinStickExampleMap:PersistentLevel' has LevelScriptBlueprint '/Game/TwinStickCPP/Maps/TwinStickExampleMap.TwinStickExampleMap:PersistentLevel.TwinStickExampleMap' with GeneratedClass '/Game/TwinStickCPP/Maps/TwinStickExampleMap.TwinStickExampleMap_C' with ClassGeneratedBy '/Game/TwinStickCPP/Maps/TwinStickExampleMap.TwinStickExampleMap:PersistentLevel.TwinStickExampleMap'
[2019.05.30-14.05.49:685][464]LogSlate: Updating window title bar state: overlay mode, drag disabled, window buttons hidden, title bar hidden
[2019.05.30-14.05.49:688][464]LogUObjectHash: Compacting FUObjectHashTables data took   0.97ms
[2019.05.30-14.05.49:721][466]LogPlayLevel: Display: Destroying online subsystem :Context_2
[2019.05.30-14.05.50:221][496]LogEditorViewport: Clicking on Actor (LMB): BP_Sky_Sphere_C (SkySphereBlueprint)
[2019.05.30-14.05.50:822][526]LogSlate: FSceneViewport::OnFocusLost() reason 0
[2019.05.30-14.05.51:171][547]LogTemp: Repeating last play command: 选中的视口
[2019.05.30-14.05.51:178][547]LogBlueprintUserMessages: Early PlayInEditor Detection: Level '/Game/TwinStickCPP/Maps/TwinStickExampleMap.TwinStickExampleMap:PersistentLevel' has LevelScriptBlueprint '/Game/TwinStickCPP/Maps/TwinStickExampleMap.TwinStickExampleMap:PersistentLevel.TwinStickExampleMap' with GeneratedClass '/Game/TwinStickCPP/Maps/TwinStickExampleMap.TwinStickExampleMap_C' with ClassGeneratedBy '/Game/TwinStickCPP/Maps/TwinStickExampleMap.TwinStickExampleMap:PersistentLevel.TwinStickExampleMap'
[2019.05.30-14.05.51:178][547]LogPlayLevel: PlayLevel: No blueprints needed recompiling
[2019.05.30-14.05.51:178][547]PIE: New page: PIE会话: TwinStickExampleMap (2019年5月31日 上午6:05:51)
[2019.05.30-14.05.51:179][547]LogPlayLevel: Creating play world package: /Game/TwinStickCPP/Maps/UEDPIE_0_TwinStickExampleMap
[2019.05.30-14.05.51:194][547]LogPlayLevel: PIE: StaticDuplicateObject took: (0.015057s)
[2019.05.30-14.05.51:195][547]LogAIModule: Creating AISystem for world TwinStickExampleMap
[2019.05.30-14.05.51:195][547]LogPlayLevel: PIE: World Init took: (0.000948s)
[2019.05.30-14.05.51:195][547]LogPlayLevel: PIE: Created PIE world by copying editor world from /Game/TwinStickCPP/Maps/TwinStickExampleMap.TwinStickExampleMap to /Game/TwinStickCPP/Maps/UEDPIE_0_TwinStickExampleMap.TwinStickExampleMap (0.016624s)
[2019.05.30-14.05.51:221][547]LogUObjectHash: Compacting FUObjectHashTables data took   1.22ms
[2019.05.30-14.05.51:230][547]LogInit: XAudio2 using 'Speakers/Headphones (Realtek(R) Audio)' : 2 channels at 48 kHz using 32 bits per sample (channel mask 0x3)
[2019.05.30-14.05.51:323][547]LogInit: FAudioDevice initialized.
[2019.05.30-14.05.51:356][547]LogLoad: Game class is 'program3053GameMode'
[2019.05.30-14.05.51:358][547]LogWorld: Bringing World /Game/TwinStickCPP/Maps/UEDPIE_0_TwinStickExampleMap.TwinStickExampleMap up for play (max tick rate 60) at 2019.05.30-22.05.51
[2019.05.30-14.05.51:359][547]LogWorld: Bringing up level for play took: 0.001360
[2019.05.30-14.05.51:372][547]PIE: /Game/TwinStickCPP/Maps/UEDPIE_0_TwinStickExampleMap的‘在编辑器中播放’的起始时间-0.413
[2019.05.30-14.05.51:373][547]LogBlueprintUserMessages: Late PlayInEditor Detection: Level '/Game/TwinStickCPP/Maps/TwinStickExampleMap.TwinStickExampleMap:PersistentLevel' has LevelScriptBlueprint '/Game/TwinStickCPP/Maps/TwinStickExampleMap.TwinStickExampleMap:PersistentLevel.TwinStickExampleMap' with GeneratedClass '/Game/TwinStickCPP/Maps/TwinStickExampleMap.TwinStickExampleMap_C' with ClassGeneratedBy '/Game/TwinStickCPP/Maps/TwinStickExampleMap.TwinStickExampleMap:PersistentLevel.TwinStickExampleMap'
[2019.05.30-14.05.53:725][687]LogBlueprintUserMessages: Early EndPlayMap Detection: Level '/Game/TwinStickCPP/Maps/TwinStickExampleMap.TwinStickExampleMap:PersistentLevel' has LevelScriptBlueprint '/Game/TwinStickCPP/Maps/TwinStickExampleMap.TwinStickExampleMap:PersistentLevel.TwinStickExampleMap' with GeneratedClass '/Game/TwinStickCPP/Maps/TwinStickExampleMap.TwinStickExampleMap_C' with ClassGeneratedBy '/Game/TwinStickCPP/Maps/TwinStickExampleMap.TwinStickExampleMap:PersistentLevel.TwinStickExampleMap'
[2019.05.30-14.05.53:725][687]LogSlate: Updating window title bar state: overlay mode, drag disabled, window buttons hidden, title bar hidden
[2019.05.30-14.05.53:759][687]LogPlayLevel: Display: Shutting down PIE online subsystems
[2019.05.30-14.05.53:759][687]LogBlueprintUserMessages: Late EndPlayMap Detection: Level '/Game/TwinStickCPP/Maps/TwinStickExampleMap.TwinStickExampleMap:PersistentLevel' has LevelScriptBlueprint '/Game/TwinStickCPP/Maps/TwinStickExampleMap.TwinStickExampleMap:PersistentLevel.TwinStickExampleMap' with GeneratedClass '/Game/TwinStickCPP/Maps/TwinStickExampleMap.TwinStickExampleMap_C' with ClassGeneratedBy '/Game/TwinStickCPP/Maps/TwinStickExampleMap.TwinStickExampleMap:PersistentLevel.TwinStickExampleMap'
[2019.05.30-14.05.53:787][687]LogSlate: Updating window title bar state: overlay mode, drag disabled, window buttons hidden, title bar hidden
[2019.05.30-14.05.53:790][687]LogUObjectHash: Compacting FUObjectHashTables data took   1.00ms
[2019.05.30-14.05.53:823][689]LogPlayLevel: Display: Destroying online subsystem :Context_3
[2019.05.30-14.05.55:409][784]LogSlate: FSceneViewport::OnFocusLost() reason 0
[2019.05.30-14.05.57:914][854]LogSlate: FSceneViewport::OnFocusLost() reason 0
[2019.05.30-14.06.00:907][ 22]LogSlate: FSceneViewport::OnFocusLost() reason 0
[2019.05.30-14.06.00:989][ 27]LogTemp: Repeating last play command: 选中的视口
[2019.05.30-14.06.00:998][ 27]LogBlueprintUserMessages: Early PlayInEditor Detection: Level '/Game/TwinStickCPP/Maps/TwinStickExampleMap.TwinStickExampleMap:PersistentLevel' has LevelScriptBlueprint '/Game/TwinStickCPP/Maps/TwinStickExampleMap.TwinStickExampleMap:PersistentLevel.TwinStickExampleMap' with GeneratedClass '/Game/TwinStickCPP/Maps/TwinStickExampleMap.TwinStickExampleMap_C' with ClassGeneratedBy '/Game/TwinStickCPP/Maps/TwinStickExampleMap.TwinStickExampleMap:PersistentLevel.TwinStickExampleMap'
[2019.05.30-14.06.00:998][ 27]LogPlayLevel: PlayLevel: No blueprints needed recompiling
[2019.05.30-14.06.00:998][ 27]PIE: New page: PIE会话: TwinStickExampleMap (2019年5月31日 上午6:06:00)
[2019.05.30-14.06.00:998][ 27]LogPlayLevel: Creating play world package: /Game/TwinStickCPP/Maps/UEDPIE_0_TwinStickExampleMap
[2019.05.30-14.06.01:013][ 27]LogPlayLevel: PIE: StaticDuplicateObject took: (0.014451s)
[2019.05.30-14.06.01:015][ 27]LogAIModule: Creating AISystem for world TwinStickExampleMap
[2019.05.30-14.06.01:015][ 27]LogPlayLevel: PIE: World Init took: (0.001259s)
[2019.05.30-14.06.01:015][ 27]LogPlayLevel: PIE: Created PIE world by copying editor world from /Game/TwinStickCPP/Maps/TwinStickExampleMap.TwinStickExampleMap to /Game/TwinStickCPP/Maps/UEDPIE_0_TwinStickExampleMap.TwinStickExampleMap (0.016703s)
[2019.05.30-14.06.01:072][ 27]LogUObjectHash: Compacting FUObjectHashTables data took   1.28ms
[2019.05.30-14.06.01:078][ 27]LogInit: XAudio2 using 'Speakers/Headphones (Realtek(R) Audio)' : 2 channels at 48 kHz using 32 bits per sample (channel mask 0x3)
[2019.05.30-14.06.01:172][ 27]LogInit: FAudioDevice initialized.
[2019.05.30-14.06.01:208][ 27]LogLoad: Game class is 'program3053GameMode'
[2019.05.30-14.06.01:210][ 27]LogWorld: Bringing World /Game/TwinStickCPP/Maps/UEDPIE_0_TwinStickExampleMap.TwinStickExampleMap up for play (max tick rate 60) at 2019.05.30-22.06.01
[2019.05.30-14.06.01:210][ 27]LogWorld: Bringing up level for play took: 0.001322
[2019.05.30-14.06.01:225][ 27]PIE: /Game/TwinStickCPP/Maps/UEDPIE_0_TwinStickExampleMap的‘在编辑器中播放’的起始时间-0.561
[2019.05.30-14.06.01:225][ 27]LogBlueprintUserMessages: Late PlayInEditor Detection: Level '/Game/TwinStickCPP/Maps/TwinStickExampleMap.TwinStickExampleMap:PersistentLevel' has LevelScriptBlueprint '/Game/TwinStickCPP/Maps/TwinStickExampleMap.TwinStickExampleMap:PersistentLevel.TwinStickExampleMap' with GeneratedClass '/Game/TwinStickCPP/Maps/TwinStickExampleMap.TwinStickExampleMap_C' with ClassGeneratedBy '/Game/TwinStickCPP/Maps/TwinStickExampleMap.TwinStickExampleMap:PersistentLevel.TwinStickExampleMap'
[2019.05.30-14.06.04:220][206]LogBlueprintUserMessages: Early EndPlayMap Detection: Level '/Game/TwinStickCPP/Maps/TwinStickExampleMap.TwinStickExampleMap:PersistentLevel' has LevelScriptBlueprint '/Game/TwinStickCPP/Maps/TwinStickExampleMap.TwinStickExampleMap:PersistentLevel.TwinStickExampleMap' with GeneratedClass '/Game/TwinStickCPP/Maps/TwinStickExampleMap.TwinStickExampleMap_C' with ClassGeneratedBy '/Game/TwinStickCPP/Maps/TwinStickExampleMap.TwinStickExampleMap:PersistentLevel.TwinStickExampleMap'
[2019.05.30-14.06.04:220][206]LogSlate: Updating window title bar state: overlay mode, drag disabled, window buttons hidden, title bar hidden
[2019.05.30-14.06.04:253][206]LogPlayLevel: Display: Shutting down PIE online subsystems
[2019.05.30-14.06.04:253][206]LogBlueprintUserMessages: Late EndPlayMap Detection: Level '/Game/TwinStickCPP/Maps/TwinStickExampleMap.TwinStickExampleMap:PersistentLevel' has LevelScriptBlueprint '/Game/TwinStickCPP/Maps/TwinStickExampleMap.TwinStickExampleMap:PersistentLevel.TwinStickExampleMap' with GeneratedClass '/Game/TwinStickCPP/Maps/TwinStickExampleMap.TwinStickExampleMap_C' with ClassGeneratedBy '/Game/TwinStickCPP/Maps/TwinStickExampleMap.TwinStickExampleMap:PersistentLevel.TwinStickExampleMap'
[2019.05.30-14.06.04:284][206]LogSlate: Updating window title bar state: overlay mode, drag disabled, window buttons hidden, title bar hidden
[2019.05.30-14.06.04:287][206]LogUObjectHash: Compacting FUObjectHashTables data took   1.47ms
[2019.05.30-14.06.04:328][208]LogPlayLevel: Display: Destroying online subsystem :Context_9
[2019.05.30-14.06.05:130][256]LogSlate: FSceneViewport::OnFocusLost() reason 0
[2019.05.30-14.06.05:212][261]LogTemp: Repeating last play command: 选中的视口
[2019.05.30-14.06.05:220][261]LogBlueprintUserMessages: Early PlayInEditor Detection: Level '/Game/TwinStickCPP/Maps/TwinStickExampleMap.TwinStickExampleMap:PersistentLevel' has LevelScriptBlueprint '/Game/TwinStickCPP/Maps/TwinStickExampleMap.TwinStickExampleMap:PersistentLevel.TwinStickExampleMap' with GeneratedClass '/Game/TwinStickCPP/Maps/TwinStickExampleMap.TwinStickExampleMap_C' with ClassGeneratedBy '/Game/TwinStickCPP/Maps/TwinStickExampleMap.TwinStickExampleMap:PersistentLevel.TwinStickExampleMap'
[2019.05.30-14.06.05:220][261]LogPlayLevel: PlayLevel: No blueprints needed recompiling
[2019.05.30-14.06.05:220][261]PIE: New page: PIE会话: TwinStickExampleMap (2019年5月31日 上午6:06:05)
[2019.05.30-14.06.05:220][261]LogPlayLevel: Creating play world package: /Game/TwinStickCPP/Maps/UEDPIE_0_TwinStickExampleMap
[2019.05.30-14.06.05:236][261]LogPlayLevel: PIE: StaticDuplicateObject took: (0.015116s)
[2019.05.30-14.06.05:236][261]LogAIModule: Creating AISystem for world TwinStickExampleMap
[2019.05.30-14.06.05:237][261]LogPlayLevel: PIE: World Init took: (0.001037s)
[2019.05.30-14.06.05:237][261]LogPlayLevel: PIE: Created PIE world by copying editor world from /Game/TwinStickCPP/Maps/TwinStickExampleMap.TwinStickExampleMap to /Game/TwinStickCPP/Maps/UEDPIE_0_TwinStickExampleMap.TwinStickExampleMap (0.016593s)
[2019.05.30-14.06.05:259][261]LogUObjectHash: Compacting FUObjectHashTables data took   1.18ms
[2019.05.30-14.06.05:266][261]LogInit: XAudio2 using 'Speakers/Headphones (Realtek(R) Audio)' : 2 channels at 48 kHz using 32 bits per sample (channel mask 0x3)
[2019.05.30-14.06.05:358][261]LogInit: FAudioDevice initialized.
[2019.05.30-14.06.05:395][261]LogLoad: Game class is 'program3053GameMode'
[2019.05.30-14.06.05:397][261]LogWorld: Bringing World /Game/TwinStickCPP/Maps/UEDPIE_0_TwinStickExampleMap.TwinStickExampleMap up for play (max tick rate 60) at 2019.05.30-22.06.05
[2019.05.30-14.06.05:398][261]LogWorld: Bringing up level for play took: 0.001492
[2019.05.30-14.06.05:411][261]PIE: /Game/TwinStickCPP/Maps/UEDPIE_0_TwinStickExampleMap的‘在编辑器中播放’的起始时间-0.374
[2019.05.30-14.06.05:412][261]LogBlueprintUserMessages: Late PlayInEditor Detection: Level '/Game/TwinStickCPP/Maps/TwinStickExampleMap.TwinStickExampleMap:PersistentLevel' has LevelScriptBlueprint '/Game/TwinStickCPP/Maps/TwinStickExampleMap.TwinStickExampleMap:PersistentLevel.TwinStickExampleMap' with GeneratedClass '/Game/TwinStickCPP/Maps/TwinStickExampleMap.TwinStickExampleMap_C' with ClassGeneratedBy '/Game/TwinStickCPP/Maps/TwinStickExampleMap.TwinStickExampleMap:PersistentLevel.TwinStickExampleMap'
[2019.05.30-14.06.09:682][516]LogBlueprintUserMessages: Early EndPlayMap Detection: Level '/Game/TwinStickCPP/Maps/TwinStickExampleMap.TwinStickExampleMap:PersistentLevel' has LevelScriptBlueprint '/Game/TwinStickCPP/Maps/TwinStickExampleMap.TwinStickExampleMap:PersistentLevel.TwinStickExampleMap' with GeneratedClass '/Game/TwinStickCPP/Maps/TwinStickExampleMap.TwinStickExampleMap_C' with ClassGeneratedBy '/Game/TwinStickCPP/Maps/TwinStickExampleMap.TwinStickExampleMap:PersistentLevel.TwinStickExampleMap'
[2019.05.30-14.06.09:682][516]LogSlate: Updating window title bar state: overlay mode, drag disabled, window buttons hidden, title bar hidden
[2019.05.30-14.06.09:718][516]LogPlayLevel: Display: Shutting down PIE online subsystems
[2019.05.30-14.06.09:718][516]LogBlueprintUserMessages: Late EndPlayMap Detection: Level '/Game/TwinStickCPP/Maps/TwinStickExampleMap.TwinStickExampleMap:PersistentLevel' has LevelScriptBlueprint '/Game/TwinStickCPP/Maps/TwinStickExampleMap.TwinStickExampleMap:PersistentLevel.TwinStickExampleMap' with GeneratedClass '/Game/TwinStickCPP/Maps/TwinStickExampleMap.TwinStickExampleMap_C' with ClassGeneratedBy '/Game/TwinStickCPP/Maps/TwinStickExampleMap.TwinStickExampleMap:PersistentLevel.TwinStickExampleMap'
[2019.05.30-14.06.09:744][516]LogSlate: Updating window title bar state: overlay mode, drag disabled, window buttons hidden, title bar hidden
[2019.05.30-14.06.09:746][516]LogUObjectHash: Compacting FUObjectHashTables data took   0.90ms
[2019.05.30-14.06.09:783][518]LogPlayLevel: Display: Destroying online subsystem :Context_10
[2019.05.30-14.06.11:887][644]LogEditorViewport: Clicking on Actor (LMB): StaticMeshActor (Floor)
[2019.05.30-14.06.13:528][731]Cmd: DELETE
[2019.05.30-14.06.13:529][731]Cmd: ACTOR DELETE
[2019.05.30-14.06.13:603][731]LogEditorActor: Deleted Actor: StaticMeshActor
[2019.05.30-14.06.13:627][731]LogUObjectHash: Compacting FUObjectHashTables data took   0.57ms
[2019.05.30-14.06.13:627][731]LogEditorActor: Deleted 1 Actors (0.080 secs)
[2019.05.30-14.06.17:560][962]Cmd: TRANSACTION UNDO
[2019.05.30-14.06.17:560][962]LogEditorTransaction: Undo 删除Actor
[2019.05.30-14.06.17:715][962]LogSlate: Took 0.000322 seconds to synchronously load lazily loaded font '../../../Engine/Content/Slate/Fonts/Roboto-Light.ttf' (167K)
[2019.05.30-14.06.19:185][ 50]LogEditorViewport: Clicking on Actor (LMB): 1_C (4)
[2019.05.30-14.06.20:346][111]Cmd: DELETE
[2019.05.30-14.06.20:346][111]Cmd: ACTOR DELETE
[2019.05.30-14.06.20:348][111]LogEditorActor: Deleted Actor: 1_C
[2019.05.30-14.06.20:369][111]LogUObjectHash: Compacting FUObjectHashTables data took   0.69ms
[2019.05.30-14.06.20:370][111]LogEditorActor: Deleted 1 Actors (0.024 secs)
[2019.05.30-14.06.21:938][204]LogSlate: FSceneViewport::OnFocusLost() reason 0
[2019.05.30-14.06.22:516][238]Cmd: DELETE
[2019.05.30-14.06.22:517][238]Cmd: ACTOR DELETE
[2019.05.30-14.06.22:518][238]LogEditorActor: Deleted Actor: 1_C
[2019.05.30-14.06.22:539][238]LogUObjectHash: Compacting FUObjectHashTables data took   0.54ms
[2019.05.30-14.06.22:540][238]LogEditorActor: Deleted 1 Actors (0.023 secs)
[2019.05.30-14.06.23:698][307]Cmd: DELETE
[2019.05.30-14.06.23:698][307]Cmd: ACTOR DELETE
[2019.05.30-14.06.23:700][307]LogEditorActor: Deleted Actor: 1_C
[2019.05.30-14.06.23:722][307]LogUObjectHash: Compacting FUObjectHashTables data took   0.57ms
[2019.05.30-14.06.23:722][307]LogEditorActor: Deleted 1 Actors (0.023 secs)
[2019.05.30-14.06.24:319][342]Cmd: DELETE
[2019.05.30-14.06.24:319][342]Cmd: ACTOR DELETE
[2019.05.30-14.06.24:322][342]LogEditorActor: Deleted Actor: 1_C
[2019.05.30-14.06.24:344][342]LogUObjectHash: Compacting FUObjectHashTables data took   0.59ms
[2019.05.30-14.06.24:344][342]LogEditorActor: Deleted 1 Actors (0.025 secs)
[2019.05.30-14.06.25:116][387]Cmd: DELETE
[2019.05.30-14.06.25:116][387]Cmd: ACTOR DELETE
[2019.05.30-14.06.25:117][387]LogEditorActor: Deleted Actor: HP_C
[2019.05.30-14.06.25:139][387]LogUObjectHash: Compacting FUObjectHashTables data took   0.56ms
[2019.05.30-14.06.25:139][387]LogEditorActor: Deleted 1 Actors (0.024 secs)
[2019.05.30-14.06.25:851][429]Cmd: DELETE
[2019.05.30-14.06.25:851][429]Cmd: ACTOR DELETE
[2019.05.30-14.06.25:856][429]LogEditorActor: Deleted Actor: HP_C
[2019.05.30-14.06.25:878][429]LogUObjectHash: Compacting FUObjectHashTables data took   0.54ms
[2019.05.30-14.06.25:879][429]LogEditorActor: Deleted 1 Actors (0.027 secs)
[2019.05.30-14.06.32:067][793]LogSlate: FSceneViewport::OnFocusLost() reason 0
[2019.05.30-14.06.32:979][845]LogEditorViewport: Clicking on Actor (LMB): StaticMeshActor (Floor)
[2019.05.30-14.06.33:396][868]LogEditorViewport: Clicking on Actor (LMB): StaticMeshActor (Floor)
[2019.05.30-14.06.33:916][899]LogEditorViewport: Clicking on Actor (LMB): ObjectActor (ObjectActor1)
[2019.05.30-14.06.35:650][  1]Cmd: DELETE
[2019.05.30-14.06.35:650][  1]Cmd: ACTOR DELETE
[2019.05.30-14.06.35:652][  1]LogEditorActor: Deleted Actor: ObjectActor
[2019.05.30-14.06.35:676][  1]LogUObjectHash: Compacting FUObjectHashTables data took   1.28ms
[2019.05.30-14.06.35:677][  1]LogEditorActor: Deleted 1 Actors (0.026 secs)
[2019.05.30-14.06.36:452][ 48]LogEditorViewport: Clicking on Actor (LMB): StaticMeshActor (Floor)
[2019.05.30-14.06.43:743][483]LogSlate: FSceneViewport::OnFocusLost() reason 0
[2019.05.30-14.06.44:035][486]Cmd: OBJ SAVEPACKAGE PACKAGE="/Game/TwinStickCPP/Maps/TwinStickExampleMap" FILE="../../../program3053/Content/TwinStickCPP/Maps/TwinStickExampleMap.umap" SILENT=true AUTOSAVING=false KEEPDIRTY=false
[2019.05.30-14.06.44:057][486]LogUObjectHash: Compacting FUObjectHashTables data took   0.53ms
[2019.05.30-14.06.45:414][486]LogSavePackage: Moving '../../../program3053/Saved/TwinStickExampleMap0F717C6F4D52D2F6B2CA3F8F63982E0C.tmp' to '../../../program3053/Content/TwinStickCPP/Maps/TwinStickExampleMap.umap'
[2019.05.30-14.06.45:536][486]Cmd: OBJ SAVEPACKAGE PACKAGE="/Game/TwinStickCPP/Maps/TwinStickExampleMap_BuiltData" FILE="../../../program3053/Content/TwinStickCPP/Maps/TwinStickExampleMap_BuiltData.uasset" SILENT=true
[2019.05.30-14.06.45:685][486]LogSavePackage: Moving '../../../program3053/Saved/TwinStickExampleMap_BuiltData99E25C6F433DC31EC6D087874BB4CE9C.tmp' to '../../../program3053/Content/TwinStickCPP/Maps/TwinStickExampleMap_BuiltData.uasset'
