Log file open, 06/10/19 18:43:39
LogWindows: Failed to load 'aqProf.dll' (GetLastError=126)
LogWindows: File 'aqProf.dll' does not exist
LogWindows: Failed to load 'VtuneApi.dll' (GetLastError=126)
LogWindows: File 'VtuneApi.dll' does not exist
LogWindows: Failed to load 'VtuneApi32e.dll' (GetLastError=126)
LogWindows: File 'VtuneApi32e.dll' does not exist
LogConsoleResponse: Display: Failed to find resolution value strings in scalability ini. Falling back to default.
LogInit: Display: Running engine for game: program3053
LogPakFile: Registered encryption key '00000000000000000000000000000000': 0 pak files mounted, 0 remain pending
LogPlatformFile: Not using cached read wrapper
LogTaskGraph: Started task graph with 5 named threads and 35 total threads with 3 sets of task threads.
LogStats: Stats thread started at 0.394831
LogD3D11RHI: Loaded GFSDK_Aftermath_Lib.x64.dll
LogWindows: Failed to load '../../../Engine/Binaries/ThirdParty/libsndfile/Win64/libsndfile-1.dll' (GetLastError=126)
LogWindows: File '../../../Engine/Binaries/ThirdParty/libsndfile/Win64/libsndfile-1.dll' does not exist
LogAudioMixer: Display: Failed to load Sound File dll
LogAudioEditor: Display: LibSoundFile failed to load. Importing audio will not work correctly.
LogICUInternationalization: ICU TimeZone Detection - Raw Offset: +8:00, Platform Override: ''
LogPluginManager: Mounting plugin Paper2D
LogPluginManager: Mounting plugin AISupport
LogPluginManager: Mounting plugin LightPropagationVolume
LogPluginManager: Mounting plugin ActorLayerUtilities
LogPluginManager: Mounting plugin AnimationSharing
LogPluginManager: Mounting plugin CLionSourceCodeAccess
LogPluginManager: Mounting plugin CodeLiteSourceCodeAccess
LogPluginManager: Mounting plugin GitSourceControl
LogPluginManager: Mounting plugin KDevelopSourceCodeAccess
LogPluginManager: Mounting plugin NullSourceCodeAccess
LogPluginManager: Mounting plugin PerforceSourceControl
LogPluginManager: Mounting plugin SubversionSourceControl
LogPluginManager: Mounting plugin UObjectPlugin
LogPluginManager: Mounting plugin VisualStudioCodeSourceCodeAccess
LogPluginManager: Mounting plugin VisualStudioSourceCodeAccess
LogPluginManager: Mounting plugin XCodeSourceCodeAccess
LogPluginManager: Mounting plugin AssetManagerEditor
LogPluginManager: Mounting plugin CryptoKeys
LogPluginManager: Mounting plugin DataValidation
LogPluginManager: Mounting plugin FacialAnimation
LogPluginManager: Mounting plugin GameplayTagsEditor
LogPluginManager: Mounting plugin MacGraphicsSwitching
LogPluginManager: Mounting plugin MaterialAnalyzer
LogPluginManager: Mounting plugin MobileLauncherProfileWizard
LogPluginManager: Mounting plugin PluginBrowser
LogPluginManager: Mounting plugin SpeedTreeImporter
LogPluginManager: Mounting plugin DatasmithContent
LogPluginManager: Mounting plugin VariantManagerContent
LogPluginManager: Mounting plugin AlembicImporter
LogPluginManager: Mounting plugin AppleImageUtils
LogPluginManager: Mounting plugin AppleVision
LogPluginManager: Mounting plugin BackChannel
LogPluginManager: Mounting plugin CharacterAI
LogPluginManager: Mounting plugin GeometryCache
LogPluginManager: Mounting plugin HTML5Networking
LogPluginManager: Mounting plugin ProxyLODPlugin
LogPluginManager: Mounting plugin SkeletalReduction
LogPluginManager: Mounting plugin MagicLeap
LogPluginManager: Mounting plugin MagicLeapMedia
LogPluginManager: Mounting plugin AndroidMedia
LogPluginManager: Mounting plugin AvfMedia
LogPluginManager: Mounting plugin ImgMedia
LogPluginManager: Mounting plugin LinearTimecode
LogPluginManager: Mounting plugin MediaCompositing
LogPluginManager: Mounting plugin MediaPlayerEditor
LogPluginManager: Mounting plugin WebMMedia
LogPluginManager: Mounting plugin WmfMedia
LogPluginManager: Mounting plugin TcpMessaging
LogPluginManager: Mounting plugin UdpMessaging
LogPluginManager: Mounting plugin ActorSequence
LogPluginManager: Mounting plugin LevelSequenceEditor
LogPluginManager: Mounting plugin MatineeToLevelSequence
LogPluginManager: Mounting plugin NetcodeUnitTest
LogPluginManager: Mounting plugin NUTUnrealEngine4
LogPluginManager: Mounting plugin OnlineSubsystemGooglePlay
LogPluginManager: Mounting plugin OnlineSubsystemIOS
LogPluginManager: Mounting plugin OnlineSubsystem
LogPluginManager: Mounting plugin OnlineSubsystemNull
LogPluginManager: Mounting plugin OnlineSubsystemUtils
LogPluginManager: Mounting plugin LauncherChunkInstaller
LogPluginManager: Mounting plugin AndroidDeviceProfileSelector
LogPluginManager: Mounting plugin AndroidMoviePlayer
LogPluginManager: Mounting plugin AndroidPermission
LogPluginManager: Mounting plugin AppleMoviePlayer
LogPluginManager: Mounting plugin ArchVisCharacter
LogPluginManager: Mounting plugin AudioCapture
LogPluginManager: Mounting plugin CableComponent
LogPluginManager: Mounting plugin CustomMeshComponent
LogPluginManager: Mounting plugin EditableMesh
LogPluginManager: Mounting plugin ExampleDeviceProfileSelector
LogPluginManager: Mounting plugin Firebase
LogPluginManager: Mounting plugin GoogleCloudMessaging
LogPluginManager: Mounting plugin IOSDeviceProfileSelector
LogPluginManager: Mounting plugin LinuxDeviceProfileSelector
LogPluginManager: Mounting plugin LocationServicesBPLibrary
LogPluginManager: Mounting plugin MobilePatchingUtils
LogPluginManager: Mounting plugin OculusVR
LogPluginManager: Mounting plugin PhysXVehicles
LogPluginManager: Mounting plugin ProceduralMeshComponent
LogPluginManager: Mounting plugin RuntimePhysXCooking
LogPluginManager: Mounting plugin SignificanceManager
LogPluginManager: Mounting plugin SteamVR
LogPluginManager: Mounting plugin WebMMoviePlayer
LogPluginManager: Mounting plugin WindowsMoviePlayer
LogInit: Warning: Incompatible or missing module: program3053
Running D:/My_program/UE_4.22/Engine/Binaries/DotNET/UnrealBuildTool.exe Development Win64 -Project="D:/profile/3053/program3053/program3053.uproject" -TargetType=Editor -Progress -NoHotReloadFromIDE
Using 'git status' to determine working set for adaptive non-unity build (D:\profile\3053).
Creating makefile for program3053Editor (no existing makefile)
@progress push 5%
Parsing headers for program3053Editor
  Running UnrealHeaderTool "D:\profile\3053\program3053\program3053.uproject" "D:\profile\3053\program3053\Intermediate\Build\Win64\program3053Editor\Development\program3053Editor.uhtmanifest" -LogCmds="loginit warning, logexit warning, logdatabase error" -Unattended -WarningsAsErrors -installed
Reflection code generated for program3053Editor in 38.2611845 seconds
@progress pop
Using Visual Studio 2017 14.16.27023 toolchain (C:\Program Files (x86)\Microsoft Visual Studio\2017\Enterprise\VC\Tools\MSVC\14.16.27023) and Windows 10.0.17763.0 SDK (C:\Program Files (x86)\Windows Kits\10).
Building 24 actions with 12 processes...
  @progress 'Compiling C++ source code...' 0%
  @progress 'Compiling C++ source code...' 4%
  [1/24] SharedPCH.Engine.cpp
  @progress 'Compiling C++ source code...' 8%
  [2/24] ObjectActor.cpp
  @progress 'Compiling C++ source code...' 12%
  [3/24] program3053Projectile.cpp
  @progress 'Compiling C++ source code...' 17%
  [4/24] program3053.cpp
  @progress 'Compiling C++ source code...' 21%
  [5/24] MyActor.cpp
  @progress 'Compiling C++ source code...' 25%
  [6/24] ActorHP.cpp
  @progress 'Compiling C++ source code...' 29%
  [7/24] program3053GameMode.cpp
  @progress 'Compiling C++ source code...' 33%
  [8/24] MyPlayerController.cpp
  @progress 'Compiling C++ source code...' 38%
  [9/24] ActorHP.gen.cpp
  @progress 'Compiling C++ source code...' 42%
  [10/24] MyPlayerController.gen.cpp
  @progress 'Compiling C++ source code...' 46%
  [11/24] ObjectActor.gen.cpp
  @progress 'Compiling C++ source code...' 50%
  [12/24] program3053Controller.cpp
  @progress 'Compiling C++ source code...' 54%
  [13/24] program3053.init.gen.cpp
  @progress 'Compiling C++ source code...' 58%
  [14/24] program3053Controller.gen.cpp
  @progress 'Compiling C++ source code...' 62%
  [15/24] Weapon.cpp
  @progress 'Compiling C++ source code...' 67%
  [16/24] MyActor.gen.cpp
  @progress 'Compiling C++ source code...' 71%
  [17/24] Weapon.gen.cpp
  @progress 'Compiling C++ source code...' 75%
  [18/24] program3053Projectile.gen.cpp
  @progress 'Compiling C++ source code...' 79%
  [19/24] program3053GameMode.gen.cpp
  @progress 'Compiling C++ source code...' 83%
  [20/24] program3053Pawn.gen.cpp
  @progress 'Compiling C++ source code...' 88%
  [21/24] program3053Pawn.cpp
  @progress 'Compiling C++ source code...' 92%
  [22/24] UE4Editor-program3053.lib
    ???ڴ????? D:\profile\3053\program3053\Intermediate\Build\Win64\UE4Editor\Development\program3053\UE4Editor-program3053.lib ?Ͷ??? D:\profile\3053\program3053\Intermediate\Build\Win64\UE4Editor\Development\program3053\UE4Editor-program3053.exp
  @progress 'Compiling C++ source code...' 96%
  [23/24] UE4Editor-program3053.dll
    ???ڴ????? D:\profile\3053\program3053\Intermediate\Build\Win64\UE4Editor\Development\program3053\UE4Editor-program3053.suppressed.lib ?Ͷ??? D:\profile\3053\program3053\Intermediate\Build\Win64\UE4Editor\Development\program3053\UE4Editor-program3053.suppressed.exp
  @progress 'Compiling C++ source code...' 100%
  [24/24] program3053Editor.target
Total time in Parallel executor: 49.37 seconds
Total execution time: 90.30 seconds
LogInit: Using libcurl 7.55.1-DEV
LogInit:  - built for x86_64-pc-win32
LogInit:  - supports SSL with OpenSSL/1.1.1
LogInit:  - supports HTTP deflate (compression) using libz 1.2.8
LogInit:  - other features:
LogInit:      CURL_VERSION_SSL
LogInit:      CURL_VERSION_LIBZ
LogInit:      CURL_VERSION_IPV6
LogInit:      CURL_VERSION_ASYNCHDNS
LogInit:      CURL_VERSION_LARGEFILE
LogInit:      CURL_VERSION_IDN
LogInit:  CurlRequestOptions (configurable via config and command line):
LogInit:  - bVerifyPeer = true  - Libcurl will verify peer certificate
LogInit:  - bUseHttpProxy = false  - Libcurl will NOT use HTTP proxy
LogInit:  - bDontReuseConnections = false  - Libcurl will reuse connections
LogInit:  - MaxHostConnections = 16  - Libcurl will limit the number of connections to a host
LogInit:  - LocalHostAddr = Default
LogInit:  - BufferSize = 65536
LogInit: WinSock: version 1.1 (2.2), MaxSocks=32767, MaxUdp=65467
LogInit: Build: ++UE4+Release-4.22-CL-5660361
LogInit: Engine Version: 4.22.0-5660361+++UE4+Release-4.22
LogInit: Compatible Engine Version: 4.22.0-5660361+++UE4+Release-4.22
LogInit: Net CL: 5660361
LogInit: OS: Windows 10 (Release 1803) (), CPU: Intel(R) Core(TM) i7-8750H CPU @ 2.20GHz, GPU: Intel(R) UHD Graphics 630
LogInit: Compiled (64-bit): Mar 31 2019 02:05:09
LogInit: Compiled with Visual C++: 19.16.27025.01
LogInit: Build Configuration: Development
LogInit: Branch Name: ++UE4+Release-4.22
LogInit: Command Line: 
LogInit: Base Directory: D:/My_program/UE_4.22/Engine/Binaries/Win64/
LogInit: Installed Engine Build: 1
LogDevObjectVersion: Number of dev versions registered: 23
LogDevObjectVersion:   Dev-Blueprints (B0D832E4-1F89-4F0D-ACCF-7EB736FD4AA2): 10
LogDevObjectVersion:   Dev-Build (E1C64328-A22C-4D53-A36C-8E866417BD8C): 0
LogDevObjectVersion:   Dev-Core (375EC13C-06E4-48FB-B500-84F0262A717E): 3
LogDevObjectVersion:   Dev-Editor (E4B068ED-F494-42E9-A231-DA0B2E46BB41): 30
LogDevObjectVersion:   Dev-Framework (CFFC743F-43B0-4480-9391-14DF171D2073): 35
LogDevObjectVersion:   Dev-Mobile (B02B49B5-BB20-44E9-A304-32B752E40360): 2
LogDevObjectVersion:   Dev-Networking (A4E4105C-59A1-49B5-A7C5-40C4547EDFEE): 0
LogDevObjectVersion:   Dev-Online (39C831C9-5AE6-47DC-9A44-9C173E1C8E7C): 0
LogDevObjectVersion:   Dev-Physics (78F01B33-EBEA-4F98-B9B4-84EACCB95AA2): 0
LogDevObjectVersion:   Dev-Platform (6631380F-2D4D-43E0-8009-CF276956A95A): 0
LogDevObjectVersion:   Dev-Rendering (12F88B9F-8875-4AFC-A67C-D90C383ABD29): 28
LogDevObjectVersion:   Dev-Sequencer (7B5AE74C-D270-4C10-A958-57980B212A5A): 11
LogDevObjectVersion:   Dev-VR (D7296918-1DD6-4BDD-9DE2-64A83CC13884): 2
LogDevObjectVersion:   Dev-LoadTimes (C2A15278-BFE7-4AFE-6C17-90FF531DF755): 1
LogDevObjectVersion:   Private-Geometry (6EACA3D4-40EC-4CC1-B786-8BED09428FC5): 3
LogDevObjectVersion:   Dev-AnimPhys (29E575DD-E0A3-4627-9D10-D276232CDCEA): 17
LogDevObjectVersion:   Dev-Anim (AF43A65D-7FD3-4947-9873-3E8ED9C1BB05): 2
LogDevObjectVersion:   Dev-ReflectionCapture (6B266CEC-1EC7-4B8F-A30B-E4D90942FC07): 1
LogDevObjectVersion:   Dev-Automation (0DF73D61-A23F-47EA-B727-89E90C41499A): 1
LogDevObjectVersion:   FortniteMain (601D1886-AC64-4F84-AA16-D3DE0DEAC7D6): 25
LogDevObjectVersion:   Dev-Enterprise (9DFFBCD6-494F-0158-E221-12823C92A888): 6
LogDevObjectVersion:   Dev-Niagara (F2AED0AC-9AFE-416F-8664-AA7FFA26D6FC): 1
LogDevObjectVersion:   Dev-Destruction (174F1F0B-B4C6-45A5-B13F-2EE8D0FB917D): 2
LogInit: Presizing for max 16777216 objects, including 0 objects not considered by GC, pre-allocating 0 bytes for permanent pool.
LogInit: Object subsystem initialized
LogConfig: Setting CVar [[con.DebugEarlyDefault:1]]
LogConfig: Setting CVar [[r.setres:1280x720]]
[2019.06.10-10.45.16:623][  0]LogConfig: Setting CVar [[r.VSync:0]]
[2019.06.10-10.45.16:623][  0]LogConfig: Setting CVar [[r.RHICmdBypass:0]]
[2019.06.10-10.45.16:623][  0]LogConfig: Applying CVar settings from Section [/Script/Engine.RendererSettings] File [D:/profile/3053/program3053/Saved/Config/Windows/Engine.ini]
[2019.06.10-10.45.16:623][  0]LogConfig: Setting CVar [[r.GPUCrashDebugging:0]]
[2019.06.10-10.45.16:623][  0]LogConfig: Applying CVar settings from Section [/Script/Engine.RendererOverrideSettings] File [D:/profile/3053/program3053/Saved/Config/Windows/Engine.ini]
[2019.06.10-10.45.16:623][  0]LogConfig: Applying CVar settings from Section [/Script/Engine.StreamingSettings] File [D:/profile/3053/program3053/Saved/Config/Windows/Engine.ini]
[2019.06.10-10.45.16:623][  0]LogConfig: Setting CVar [[s.MinBulkDataSizeForAsyncLoading:131072]]
[2019.06.10-10.45.16:623][  0]LogConfig: Setting CVar [[s.AsyncLoadingThreadEnabled:0]]
[2019.06.10-10.45.16:623][  0]LogConfig: Setting CVar [[s.EventDrivenLoaderEnabled:1]]
[2019.06.10-10.45.16:624][  0]LogConfig: Setting CVar [[s.WarnIfTimeLimitExceeded:0]]
[2019.06.10-10.45.16:624][  0]LogConfig: Setting CVar [[s.TimeLimitExceededMultiplier:1.5]]
[2019.06.10-10.45.16:624][  0]LogConfig: Setting CVar [[s.TimeLimitExceededMinTime:0.005]]
[2019.06.10-10.45.16:624][  0]LogConfig: Setting CVar [[s.UseBackgroundLevelStreaming:1]]
[2019.06.10-10.45.16:624][  0]LogConfig: Setting CVar [[s.PriorityAsyncLoadingExtraTime:15.0]]
[2019.06.10-10.45.16:624][  0]LogConfig: Setting CVar [[s.LevelStreamingActorsUpdateTimeLimit:5.0]]
[2019.06.10-10.45.16:624][  0]LogConfig: Setting CVar [[s.PriorityLevelStreamingActorsUpdateExtraTime:5.0]]
[2019.06.10-10.45.16:624][  0]LogConfig: Setting CVar [[s.LevelStreamingComponentsRegistrationGranularity:10]]
[2019.06.10-10.45.16:624][  0]LogConfig: Setting CVar [[s.UnregisterComponentsTimeLimit:1.0]]
[2019.06.10-10.45.16:624][  0]LogConfig: Setting CVar [[s.LevelStreamingComponentsUnregistrationGranularity:5]]
[2019.06.10-10.45.16:624][  0]LogConfig: Applying CVar settings from Section [/Script/Engine.GarbageCollectionSettings] File [D:/profile/3053/program3053/Saved/Config/Windows/Engine.ini]
[2019.06.10-10.45.16:624][  0]LogConfig: Setting CVar [[gc.MaxObjectsNotConsideredByGC:1]]
[2019.06.10-10.45.16:624][  0]LogConfig: Setting CVar [[gc.SizeOfPermanentObjectPool:0]]
[2019.06.10-10.45.16:624][  0]LogConfig: Setting CVar [[gc.FlushStreamingOnGC:0]]
[2019.06.10-10.45.16:624][  0]LogConfig: Setting CVar [[gc.NumRetriesBeforeForcingGC:10]]
[2019.06.10-10.45.16:624][  0]LogConfig: Setting CVar [[gc.AllowParallelGC:1]]
[2019.06.10-10.45.16:624][  0]LogConfig: Setting CVar [[gc.TimeBetweenPurgingPendingKillObjects:61.1]]
[2019.06.10-10.45.16:624][  0]LogConfig: Setting CVar [[gc.MaxObjectsInEditor:16777216]]
[2019.06.10-10.45.16:624][  0]LogConfig: Setting CVar [[gc.IncrementalBeginDestroyEnabled:1]]
[2019.06.10-10.45.16:624][  0]LogConfig: Setting CVar [[gc.CreateGCClusters:1]]
[2019.06.10-10.45.16:624][  0]LogConfig: Setting CVar [[gc.MinGCClusterSize:5]]
[2019.06.10-10.45.16:624][  0]LogConfig: Setting CVar [[gc.ActorClusteringEnabled:0]]
[2019.06.10-10.45.16:624][  0]LogConfig: Setting CVar [[gc.BlueprintClusteringEnabled:0]]
[2019.06.10-10.45.16:624][  0]LogConfig: Setting CVar [[gc.UseDisregardForGCOnDedicatedServers:0]]
[2019.06.10-10.45.16:624][  0]LogConfig: Applying CVar settings from Section [/Script/Engine.NetworkSettings] File [D:/profile/3053/program3053/Saved/Config/Windows/Engine.ini]
[2019.06.10-10.45.16:624][  0]LogConfig: Applying CVar settings from Section [/Script/UnrealEd.CookerSettings] File [D:/profile/3053/program3053/Saved/Config/Windows/Engine.ini]
[2019.06.10-10.45.16:626][  0]LogConfig: Applying CVar settings from Section [ViewDistanceQuality@3] File [D:/profile/3053/program3053/Saved/Config/Windows/Scalability.ini]
[2019.06.10-10.45.16:626][  0]LogConfig: Setting CVar [[r.SkeletalMeshLODBias:0]]
[2019.06.10-10.45.16:626][  0]LogConfig: Setting CVar [[r.ViewDistanceScale:1.0]]
[2019.06.10-10.45.16:626][  0]LogConfig: Applying CVar settings from Section [AntiAliasingQuality@3] File [D:/profile/3053/program3053/Saved/Config/Windows/Scalability.ini]
[2019.06.10-10.45.16:626][  0]LogConfig: Setting CVar [[r.PostProcessAAQuality:4]]
[2019.06.10-10.45.16:626][  0]LogConfig: Applying CVar settings from Section [ShadowQuality@3] File [D:/profile/3053/program3053/Saved/Config/Windows/Scalability.ini]
[2019.06.10-10.45.16:626][  0]LogConfig: Setting CVar [[r.LightFunctionQuality:1]]
[2019.06.10-10.45.16:626][  0]LogConfig: Setting CVar [[r.ShadowQuality:5]]
[2019.06.10-10.45.16:626][  0]LogConfig: Setting CVar [[r.Shadow.CSM.MaxCascades:10]]
[2019.06.10-10.45.16:626][  0]LogConfig: Setting CVar [[r.Shadow.MaxResolution:2048]]
[2019.06.10-10.45.16:626][  0]LogConfig: Setting CVar [[r.Shadow.MaxCSMResolution:2048]]
[2019.06.10-10.45.16:626][  0]LogConfig: Setting CVar [[r.Shadow.RadiusThreshold:0.01]]
[2019.06.10-10.45.16:626][  0]LogConfig: Setting CVar [[r.Shadow.DistanceScale:1.0]]
[2019.06.10-10.45.16:626][  0]LogConfig: Setting CVar [[r.Shadow.CSM.TransitionScale:1.0]]
[2019.06.10-10.45.16:626][  0]LogConfig: Setting CVar [[r.Shadow.PreShadowResolutionFactor:1.0]]
[2019.06.10-10.45.16:626][  0]LogConfig: Setting CVar [[r.DistanceFieldShadowing:1]]
[2019.06.10-10.45.16:626][  0]LogConfig: Setting CVar [[r.DistanceFieldAO:1]]
[2019.06.10-10.45.16:626][  0]LogConfig: Setting CVar [[r.AOQuality:2]]
[2019.06.10-10.45.16:626][  0]LogConfig: Setting CVar [[r.VolumetricFog:1]]
[2019.06.10-10.45.16:626][  0]LogConfig: Setting CVar [[r.VolumetricFog.GridPixelSize:8]]
[2019.06.10-10.45.16:626][  0]LogConfig: Setting CVar [[r.VolumetricFog.GridSizeZ:128]]
[2019.06.10-10.45.16:626][  0]LogConfig: Setting CVar [[r.VolumetricFog.HistoryMissSupersampleCount:4]]
[2019.06.10-10.45.16:626][  0]LogConfig: Setting CVar [[r.LightMaxDrawDistanceScale:1]]
[2019.06.10-10.45.16:626][  0]LogConfig: Setting CVar [[r.CapsuleShadows:1]]
[2019.06.10-10.45.16:626][  0]LogConfig: Applying CVar settings from Section [PostProcessQuality@3] File [D:/profile/3053/program3053/Saved/Config/Windows/Scalability.ini]
[2019.06.10-10.45.16:626][  0]LogConfig: Setting CVar [[r.MotionBlurQuality:4]]
[2019.06.10-10.45.16:626][  0]LogConfig: Setting CVar [[r.AmbientOcclusionMipLevelFactor:0.4]]
[2019.06.10-10.45.16:626][  0]LogConfig: Setting CVar [[r.AmbientOcclusionMaxQuality:100]]
[2019.06.10-10.45.16:626][  0]LogConfig: Setting CVar [[r.AmbientOcclusionLevels:-1]]
[2019.06.10-10.45.16:626][  0]LogConfig: Setting CVar [[r.AmbientOcclusionRadiusScale:1.0]]
[2019.06.10-10.45.16:626][  0]LogConfig: Setting CVar [[r.DepthOfFieldQuality:2]]
[2019.06.10-10.45.16:626][  0]LogConfig: Setting CVar [[r.RenderTargetPoolMin:400]]
[2019.06.10-10.45.16:626][  0]LogConfig: Setting CVar [[r.LensFlareQuality:2]]
[2019.06.10-10.45.16:626][  0]LogConfig: Setting CVar [[r.SceneColorFringeQuality:1]]
[2019.06.10-10.45.16:626][  0]LogConfig: Setting CVar [[r.EyeAdaptationQuality:2]]
[2019.06.10-10.45.16:626][  0]LogConfig: Setting CVar [[r.BloomQuality:5]]
[2019.06.10-10.45.16:626][  0]LogConfig: Setting CVar [[r.FastBlurThreshold:100]]
[2019.06.10-10.45.16:626][  0]LogConfig: Setting CVar [[r.Upscale.Quality:3]]
[2019.06.10-10.45.16:626][  0]LogConfig: Setting CVar [[r.Tonemapper.GrainQuantization:1]]
[2019.06.10-10.45.16:626][  0]LogConfig: Setting CVar [[r.LightShaftQuality:1]]
[2019.06.10-10.45.16:626][  0]LogConfig: Setting CVar [[r.Filter.SizeScale:1]]
[2019.06.10-10.45.16:626][  0]LogConfig: Setting CVar [[r.Tonemapper.Quality:5]]
[2019.06.10-10.45.16:626][  0]LogConfig: Setting CVar [[r.DOF.Gather.AccumulatorQuality:1        ; higher gathering accumulator quality]]
[2019.06.10-10.45.16:626][  0]LogConfig: Setting CVar [[r.DOF.Gather.PostfilterMethod:1          ; Median3x3 postfilering method]]
[2019.06.10-10.45.16:626][  0]LogConfig: Setting CVar [[r.DOF.Gather.EnableBokehSettings:0       ; no bokeh simulation when gathering]]
[2019.06.10-10.45.16:626][  0]LogConfig: Setting CVar [[r.DOF.Gather.RingCount:4                 ; medium number of samples when gathering]]
[2019.06.10-10.45.16:626][  0]LogConfig: Setting CVar [[r.DOF.Scatter.ForegroundCompositing:1    ; additive foreground scattering]]
[2019.06.10-10.45.16:626][  0]LogConfig: Setting CVar [[r.DOF.Scatter.BackgroundCompositing:2    ; additive background scattering]]
[2019.06.10-10.45.16:626][  0]LogConfig: Setting CVar [[r.DOF.Scatter.EnableBokehSettings:1      ; bokeh simulation when scattering]]
[2019.06.10-10.45.16:626][  0]LogConfig: Setting CVar [[r.DOF.Scatter.MaxSpriteRatio:0.1         ; only a maximum of 10% of scattered bokeh]]
[2019.06.10-10.45.16:626][  0]LogConfig: Setting CVar [[r.DOF.Recombine.Quality:1                ; cheap slight out of focus]]
[2019.06.10-10.45.16:626][  0]LogConfig: Setting CVar [[r.DOF.Recombine.EnableBokehSettings:0    ; no bokeh simulation on slight out of focus]]
[2019.06.10-10.45.16:626][  0]LogConfig: Setting CVar [[r.DOF.TemporalAAQuality:1                ; more stable temporal accumulation]]
[2019.06.10-10.45.16:626][  0]LogConfig: Setting CVar [[r.DOF.Kernel.MaxForegroundRadius:0.025]]
[2019.06.10-10.45.16:626][  0]LogConfig: Setting CVar [[r.DOF.Kernel.MaxBackgroundRadius:0.025]]
[2019.06.10-10.45.16:626][  0]LogConfig: Applying CVar settings from Section [TextureQuality@3] File [D:/profile/3053/program3053/Saved/Config/Windows/Scalability.ini]
[2019.06.10-10.45.16:626][  0]LogConfig: Setting CVar [[r.Streaming.MipBias:0]]
[2019.06.10-10.45.16:626][  0]LogConfig: Setting CVar [[r.Streaming.AmortizeCPUToGPUCopy:0]]
[2019.06.10-10.45.16:626][  0]LogConfig: Setting CVar [[r.Streaming.MaxNumTexturesToStreamPerFrame:0]]
[2019.06.10-10.45.16:626][  0]LogConfig: Setting CVar [[r.Streaming.Boost:1]]
[2019.06.10-10.45.16:626][  0]LogConfig: Setting CVar [[r.MaxAnisotropy:8]]
[2019.06.10-10.45.16:626][  0]LogConfig: Setting CVar [[r.Streaming.LimitPoolSizeToVRAM:0]]
[2019.06.10-10.45.16:626][  0]LogConfig: Setting CVar [[r.Streaming.PoolSize:1000]]
[2019.06.10-10.45.16:626][  0]LogConfig: Setting CVar [[r.Streaming.MaxEffectiveScreenSize:0]]
[2019.06.10-10.45.16:626][  0]LogConfig: Applying CVar settings from Section [EffectsQuality@3] File [D:/profile/3053/program3053/Saved/Config/Windows/Scalability.ini]
[2019.06.10-10.45.16:626][  0]LogConfig: Setting CVar [[r.TranslucencyLightingVolumeDim:64]]
[2019.06.10-10.45.16:626][  0]LogConfig: Setting CVar [[r.RefractionQuality:2]]
[2019.06.10-10.45.16:626][  0]LogConfig: Setting CVar [[r.SSR.Quality:3]]
[2019.06.10-10.45.16:626][  0]LogConfig: Setting CVar [[r.SceneColorFormat:4]]
[2019.06.10-10.45.16:626][  0]LogConfig: Setting CVar [[r.DetailMode:2]]
[2019.06.10-10.45.16:626][  0]LogConfig: Setting CVar [[r.TranslucencyVolumeBlur:1]]
[2019.06.10-10.45.16:626][  0]LogConfig: Setting CVar [[r.MaterialQualityLevel:1 ; High quality]]
[2019.06.10-10.45.16:626][  0]LogConfig: Setting CVar [[r.SSS.Scale:1]]
[2019.06.10-10.45.16:626][  0]LogConfig: Setting CVar [[r.SSS.SampleSet:2]]
[2019.06.10-10.45.16:626][  0]LogConfig: Setting CVar [[r.SSS.Quality:1]]
[2019.06.10-10.45.16:626][  0]LogConfig: Setting CVar [[r.SSS.HalfRes:1]]
[2019.06.10-10.45.16:626][  0]LogConfig: Setting CVar [[r.EmitterSpawnRateScale:1.0]]
[2019.06.10-10.45.16:626][  0]LogConfig: Setting CVar [[r.ParticleLightQuality:2]]
[2019.06.10-10.45.16:626][  0]LogConfig: Applying CVar settings from Section [FoliageQuality@3] File [D:/profile/3053/program3053/Saved/Config/Windows/Scalability.ini]
[2019.06.10-10.45.16:626][  0]LogConfig: Setting CVar [[foliage.DensityScale:1.0]]
[2019.06.10-10.45.16:626][  0]LogConfig: Setting CVar [[grass.DensityScale:1.0]]
[2019.06.10-10.45.16:627][  0]LogInit: Selected Device Profile: [Windows]
[2019.06.10-10.45.16:627][  0]LogInit: Applying CVar settings loaded from the selected device profile: [Windows]
[2019.06.10-10.45.16:639][  0]LogHAL: Display: Platform has ~ 8 GB [8442679296 / 8589934592 / 8], which maps to Default [LargestMinGB=32, LargerMinGB=12, DefaultMinGB=8, SmallerMinGB=6, SmallestMinGB=0)
[2019.06.10-10.45.16:639][  0]LogConfig: Setting CVar [[r.Vulkan.UseRealUBs:0		; Required until we fix HLR fall-out]]
[2019.06.10-10.45.16:639][  0]LogInit: Going up to parent DeviceProfile []
[2019.06.10-10.45.16:639][  0]LogConfig: Applying CVar settings from Section [ViewDistanceQuality@3] File [D:/profile/3053/program3053/Saved/Config/Windows/Scalability.ini]
[2019.06.10-10.45.16:639][  0]LogConfig: Setting CVar [[r.SkeletalMeshLODBias:0]]
[2019.06.10-10.45.16:639][  0]LogConfig: Setting CVar [[r.ViewDistanceScale:1.0]]
[2019.06.10-10.45.16:639][  0]LogConfig: Applying CVar settings from Section [AntiAliasingQuality@3] File [D:/profile/3053/program3053/Saved/Config/Windows/Scalability.ini]
[2019.06.10-10.45.16:639][  0]LogConfig: Setting CVar [[r.PostProcessAAQuality:4]]
[2019.06.10-10.45.16:639][  0]LogConfig: Applying CVar settings from Section [ShadowQuality@3] File [D:/profile/3053/program3053/Saved/Config/Windows/Scalability.ini]
[2019.06.10-10.45.16:639][  0]LogConfig: Setting CVar [[r.LightFunctionQuality:1]]
[2019.06.10-10.45.16:639][  0]LogConfig: Setting CVar [[r.ShadowQuality:5]]
[2019.06.10-10.45.16:639][  0]LogConfig: Setting CVar [[r.Shadow.CSM.MaxCascades:10]]
[2019.06.10-10.45.16:639][  0]LogConfig: Setting CVar [[r.Shadow.MaxResolution:2048]]
[2019.06.10-10.45.16:639][  0]LogConfig: Setting CVar [[r.Shadow.MaxCSMResolution:2048]]
[2019.06.10-10.45.16:639][  0]LogConfig: Setting CVar [[r.Shadow.RadiusThreshold:0.01]]
[2019.06.10-10.45.16:639][  0]LogConfig: Setting CVar [[r.Shadow.DistanceScale:1.0]]
[2019.06.10-10.45.16:639][  0]LogConfig: Setting CVar [[r.Shadow.CSM.TransitionScale:1.0]]
[2019.06.10-10.45.16:639][  0]LogConfig: Setting CVar [[r.Shadow.PreShadowResolutionFactor:1.0]]
[2019.06.10-10.45.16:639][  0]LogConfig: Setting CVar [[r.DistanceFieldShadowing:1]]
[2019.06.10-10.45.16:639][  0]LogConfig: Setting CVar [[r.DistanceFieldAO:1]]
[2019.06.10-10.45.16:639][  0]LogConfig: Setting CVar [[r.AOQuality:2]]
[2019.06.10-10.45.16:639][  0]LogConfig: Setting CVar [[r.VolumetricFog:1]]
[2019.06.10-10.45.16:639][  0]LogConfig: Setting CVar [[r.VolumetricFog.GridPixelSize:8]]
[2019.06.10-10.45.16:639][  0]LogConfig: Setting CVar [[r.VolumetricFog.GridSizeZ:128]]
[2019.06.10-10.45.16:639][  0]LogConfig: Setting CVar [[r.VolumetricFog.HistoryMissSupersampleCount:4]]
[2019.06.10-10.45.16:639][  0]LogConfig: Setting CVar [[r.LightMaxDrawDistanceScale:1]]
[2019.06.10-10.45.16:639][  0]LogConfig: Setting CVar [[r.CapsuleShadows:1]]
[2019.06.10-10.45.16:639][  0]LogConfig: Applying CVar settings from Section [PostProcessQuality@3] File [D:/profile/3053/program3053/Saved/Config/Windows/Scalability.ini]
[2019.06.10-10.45.16:639][  0]LogConfig: Setting CVar [[r.MotionBlurQuality:4]]
[2019.06.10-10.45.16:639][  0]LogConfig: Setting CVar [[r.AmbientOcclusionMipLevelFactor:0.4]]
[2019.06.10-10.45.16:639][  0]LogConfig: Setting CVar [[r.AmbientOcclusionMaxQuality:100]]
[2019.06.10-10.45.16:639][  0]LogConfig: Setting CVar [[r.AmbientOcclusionLevels:-1]]
[2019.06.10-10.45.16:639][  0]LogConfig: Setting CVar [[r.AmbientOcclusionRadiusScale:1.0]]
[2019.06.10-10.45.16:639][  0]LogConfig: Setting CVar [[r.DepthOfFieldQuality:2]]
[2019.06.10-10.45.16:639][  0]LogConfig: Setting CVar [[r.RenderTargetPoolMin:400]]
[2019.06.10-10.45.16:639][  0]LogConfig: Setting CVar [[r.LensFlareQuality:2]]
[2019.06.10-10.45.16:639][  0]LogConfig: Setting CVar [[r.SceneColorFringeQuality:1]]
[2019.06.10-10.45.16:639][  0]LogConfig: Setting CVar [[r.EyeAdaptationQuality:2]]
[2019.06.10-10.45.16:639][  0]LogConfig: Setting CVar [[r.BloomQuality:5]]
[2019.06.10-10.45.16:639][  0]LogConfig: Setting CVar [[r.FastBlurThreshold:100]]
[2019.06.10-10.45.16:639][  0]LogConfig: Setting CVar [[r.Upscale.Quality:3]]
[2019.06.10-10.45.16:639][  0]LogConfig: Setting CVar [[r.Tonemapper.GrainQuantization:1]]
[2019.06.10-10.45.16:639][  0]LogConfig: Setting CVar [[r.LightShaftQuality:1]]
[2019.06.10-10.45.16:639][  0]LogConfig: Setting CVar [[r.Filter.SizeScale:1]]
[2019.06.10-10.45.16:639][  0]LogConfig: Setting CVar [[r.Tonemapper.Quality:5]]
[2019.06.10-10.45.16:639][  0]LogConfig: Setting CVar [[r.DOF.Gather.AccumulatorQuality:1        ; higher gathering accumulator quality]]
[2019.06.10-10.45.16:640][  0]LogConfig: Setting CVar [[r.DOF.Gather.PostfilterMethod:1          ; Median3x3 postfilering method]]
[2019.06.10-10.45.16:640][  0]LogConfig: Setting CVar [[r.DOF.Gather.EnableBokehSettings:0       ; no bokeh simulation when gathering]]
[2019.06.10-10.45.16:640][  0]LogConfig: Setting CVar [[r.DOF.Gather.RingCount:4                 ; medium number of samples when gathering]]
[2019.06.10-10.45.16:640][  0]LogConfig: Setting CVar [[r.DOF.Scatter.ForegroundCompositing:1    ; additive foreground scattering]]
[2019.06.10-10.45.16:640][  0]LogConfig: Setting CVar [[r.DOF.Scatter.BackgroundCompositing:2    ; additive background scattering]]
[2019.06.10-10.45.16:640][  0]LogConfig: Setting CVar [[r.DOF.Scatter.EnableBokehSettings:1      ; bokeh simulation when scattering]]
[2019.06.10-10.45.16:640][  0]LogConfig: Setting CVar [[r.DOF.Scatter.MaxSpriteRatio:0.1         ; only a maximum of 10% of scattered bokeh]]
[2019.06.10-10.45.16:640][  0]LogConfig: Setting CVar [[r.DOF.Recombine.Quality:1                ; cheap slight out of focus]]
[2019.06.10-10.45.16:640][  0]LogConfig: Setting CVar [[r.DOF.Recombine.EnableBokehSettings:0    ; no bokeh simulation on slight out of focus]]
[2019.06.10-10.45.16:640][  0]LogConfig: Setting CVar [[r.DOF.TemporalAAQuality:1                ; more stable temporal accumulation]]
[2019.06.10-10.45.16:640][  0]LogConfig: Setting CVar [[r.DOF.Kernel.MaxForegroundRadius:0.025]]
[2019.06.10-10.45.16:640][  0]LogConfig: Setting CVar [[r.DOF.Kernel.MaxBackgroundRadius:0.025]]
[2019.06.10-10.45.16:640][  0]LogConfig: Applying CVar settings from Section [TextureQuality@3] File [D:/profile/3053/program3053/Saved/Config/Windows/Scalability.ini]
[2019.06.10-10.45.16:640][  0]LogConfig: Setting CVar [[r.Streaming.MipBias:0]]
[2019.06.10-10.45.16:640][  0]LogConfig: Setting CVar [[r.Streaming.AmortizeCPUToGPUCopy:0]]
[2019.06.10-10.45.16:640][  0]LogConfig: Setting CVar [[r.Streaming.MaxNumTexturesToStreamPerFrame:0]]
[2019.06.10-10.45.16:640][  0]LogConfig: Setting CVar [[r.Streaming.Boost:1]]
[2019.06.10-10.45.16:640][  0]LogConfig: Setting CVar [[r.MaxAnisotropy:8]]
[2019.06.10-10.45.16:640][  0]LogConfig: Setting CVar [[r.Streaming.LimitPoolSizeToVRAM:0]]
[2019.06.10-10.45.16:640][  0]LogConfig: Setting CVar [[r.Streaming.PoolSize:1000]]
[2019.06.10-10.45.16:640][  0]LogConfig: Setting CVar [[r.Streaming.MaxEffectiveScreenSize:0]]
[2019.06.10-10.45.16:640][  0]LogConfig: Applying CVar settings from Section [EffectsQuality@3] File [D:/profile/3053/program3053/Saved/Config/Windows/Scalability.ini]
[2019.06.10-10.45.16:640][  0]LogConfig: Setting CVar [[r.TranslucencyLightingVolumeDim:64]]
[2019.06.10-10.45.16:640][  0]LogConfig: Setting CVar [[r.RefractionQuality:2]]
[2019.06.10-10.45.16:640][  0]LogConfig: Setting CVar [[r.SSR.Quality:3]]
[2019.06.10-10.45.16:640][  0]LogConfig: Setting CVar [[r.SceneColorFormat:4]]
[2019.06.10-10.45.16:640][  0]LogConfig: Setting CVar [[r.DetailMode:2]]
[2019.06.10-10.45.16:640][  0]LogConfig: Setting CVar [[r.TranslucencyVolumeBlur:1]]
[2019.06.10-10.45.16:640][  0]LogConfig: Setting CVar [[r.MaterialQualityLevel:1 ; High quality]]
[2019.06.10-10.45.16:640][  0]LogConfig: Setting CVar [[r.SSS.Scale:1]]
[2019.06.10-10.45.16:640][  0]LogConfig: Setting CVar [[r.SSS.SampleSet:2]]
[2019.06.10-10.45.16:640][  0]LogConfig: Setting CVar [[r.SSS.Quality:1]]
[2019.06.10-10.45.16:640][  0]LogConfig: Setting CVar [[r.SSS.HalfRes:1]]
[2019.06.10-10.45.16:640][  0]LogConfig: Setting CVar [[r.EmitterSpawnRateScale:1.0]]
[2019.06.10-10.45.16:640][  0]LogConfig: Setting CVar [[r.ParticleLightQuality:2]]
[2019.06.10-10.45.16:640][  0]LogConfig: Applying CVar settings from Section [FoliageQuality@3] File [D:/profile/3053/program3053/Saved/Config/Windows/Scalability.ini]
[2019.06.10-10.45.16:640][  0]LogConfig: Setting CVar [[foliage.DensityScale:1.0]]
[2019.06.10-10.45.16:640][  0]LogConfig: Setting CVar [[grass.DensityScale:1.0]]
[2019.06.10-10.45.16:640][  0]LogConfig: Applying CVar settings from Section [Startup] File [../../../Engine/Config/ConsoleVariables.ini]
[2019.06.10-10.45.16:640][  0]LogConfig: Setting CVar [[net.UseAdaptiveNetUpdateFrequency:0]]
[2019.06.10-10.45.16:640][  0]LogConfig: Setting CVar [[p.chaos.AllowCreatePhysxBodies:1]]
[2019.06.10-10.45.16:640][  0]LogConfig: Applying CVar settings from Section [ConsoleVariables] File [D:/profile/3053/program3053/Saved/Config/Windows/Engine.ini]
[2019.06.10-10.45.16:640][  0]LogInit: Computer: DESKTOP-DKCFGT9
[2019.06.10-10.45.16:640][  0]LogInit: User: 97219
[2019.06.10-10.45.16:640][  0]LogInit: CPU Page size=4096, Cores=6
[2019.06.10-10.45.16:640][  0]LogInit: High frequency timer resolution =2.156249 MHz
[2019.06.10-10.45.16:640][  0]LogMemory: Memory total: Physical=7.9GB (8GB approx)
[2019.06.10-10.45.16:640][  0]LogMemory: Platform Memory Stats for Windows
[2019.06.10-10.45.16:640][  0]LogMemory: Process Physical Memory: 101.38 MB used, 101.38 MB peak
[2019.06.10-10.45.16:640][  0]LogMemory: Process Virtual Memory: 93.83 MB used, 93.83 MB peak
[2019.06.10-10.45.16:640][  0]LogMemory: Physical Memory: 4007.28 MB used,  4044.29 MB free, 8051.57 MB total
[2019.06.10-10.45.16:640][  0]LogMemory: Virtual Memory: 4715.22 MB used,  134213016.00 MB free, 134217728.00 MB total
[2019.06.10-10.45.16:659][  0]LogInit: Using OS detected language (zh-CN).
[2019.06.10-10.45.16:659][  0]LogInit: Using OS detected locale (zh-CN).
[2019.06.10-10.45.16:659][  0]LogTextLocalizationResource: LocRes '../../../Engine/Content/Localization/Editor/zh-Hans-CN/Editor.locres' could not be opened for reading!
[2019.06.10-10.45.16:659][  0]LogTextLocalizationResource: LocRes '../../../Engine/Content/Localization/EditorTutorials/zh-Hans-CN/EditorTutorials.locres' could not be opened for reading!
[2019.06.10-10.45.16:660][  0]LogTextLocalizationResource: LocRes '../../../Engine/Content/Localization/Keywords/zh-Hans-CN/Keywords.locres' could not be opened for reading!
[2019.06.10-10.45.16:660][  0]LogTextLocalizationResource: LocRes '../../../Engine/Content/Localization/Category/zh-Hans-CN/Category.locres' could not be opened for reading!
[2019.06.10-10.45.16:660][  0]LogTextLocalizationResource: LocRes '../../../Engine/Content/Localization/ToolTips/zh-Hans-CN/ToolTips.locres' could not be opened for reading!
[2019.06.10-10.45.16:660][  0]LogTextLocalizationResource: LocRes '../../../Engine/Content/Localization/PropertyNames/zh-Hans-CN/PropertyNames.locres' could not be opened for reading!
[2019.06.10-10.45.16:660][  0]LogTextLocalizationResource: LocRes '../../../Engine/Content/Localization/Engine/zh-Hans-CN/Engine.locres' could not be opened for reading!
[2019.06.10-10.45.16:660][  0]LogTextLocalizationResource: LocRes '../../../Engine/Plugins/Online/Android/OnlineSubsystemGooglePlay/Content/Localization/OnlineSubsystemGooglePlay/zh-Hans-CN/OnlineSubsystemGooglePlay.locres' could not be opened for reading!
[2019.06.10-10.45.16:660][  0]LogTextLocalizationResource: LocRes '../../../Engine/Plugins/Online/IOS/OnlineSubsystemIOS/Content/Localization/OnlineSubsystemIOS/zh-Hans-CN/OnlineSubsystemIOS.locres' could not be opened for reading!
[2019.06.10-10.45.16:660][  0]LogTextLocalizationResource: LocRes '../../../Engine/Plugins/Online/OnlineSubsystem/Content/Localization/OnlineSubsystem/zh-Hans-CN/OnlineSubsystem.locres' could not be opened for reading!
[2019.06.10-10.45.16:660][  0]LogTextLocalizationResource: LocRes '../../../Engine/Plugins/Online/OnlineSubsystemUtils/Content/Localization/OnlineSubsystemUtils/zh-Hans-CN/OnlineSubsystemUtils.locres' could not be opened for reading!
[2019.06.10-10.45.16:696][  0]LogTextLocalizationResource: LocRes '../../../Engine/Plugins/Online/Android/OnlineSubsystemGooglePlay/Content/Localization/OnlineSubsystemGooglePlay/zh-CN/OnlineSubsystemGooglePlay.locres' could not be opened for reading!
[2019.06.10-10.45.16:696][  0]LogTextLocalizationResource: LocRes '../../../Engine/Plugins/Online/IOS/OnlineSubsystemIOS/Content/Localization/OnlineSubsystemIOS/zh-CN/OnlineSubsystemIOS.locres' could not be opened for reading!
[2019.06.10-10.45.16:696][  0]LogTextLocalizationResource: LocRes '../../../Engine/Plugins/Online/OnlineSubsystem/Content/Localization/OnlineSubsystem/zh-CN/OnlineSubsystem.locres' could not be opened for reading!
[2019.06.10-10.45.16:696][  0]LogTextLocalizationResource: LocRes '../../../Engine/Plugins/Online/OnlineSubsystemUtils/Content/Localization/OnlineSubsystemUtils/zh-CN/OnlineSubsystemUtils.locres' could not be opened for reading!
[2019.06.10-10.45.16:696][  0]LogTextLocalizationResource: LocRes '../../../Engine/Content/Localization/Editor/zh-Hans/Editor.locres' could not be opened for reading!
[2019.06.10-10.45.16:696][  0]LogTextLocalizationResource: LocRes '../../../Engine/Content/Localization/EditorTutorials/zh-Hans/EditorTutorials.locres' could not be opened for reading!
[2019.06.10-10.45.16:696][  0]LogTextLocalizationResource: LocRes '../../../Engine/Content/Localization/Keywords/zh-Hans/Keywords.locres' could not be opened for reading!
[2019.06.10-10.45.16:696][  0]LogTextLocalizationResource: LocRes '../../../Engine/Content/Localization/Category/zh-Hans/Category.locres' could not be opened for reading!
[2019.06.10-10.45.16:696][  0]LogTextLocalizationResource: LocRes '../../../Engine/Content/Localization/ToolTips/zh-Hans/ToolTips.locres' could not be opened for reading!
[2019.06.10-10.45.16:696][  0]LogTextLocalizationResource: LocRes '../../../Engine/Content/Localization/PropertyNames/zh-Hans/PropertyNames.locres' could not be opened for reading!
[2019.06.10-10.45.16:696][  0]LogTextLocalizationResource: LocRes '../../../Engine/Content/Localization/Engine/zh-Hans/Engine.locres' could not be opened for reading!
[2019.06.10-10.45.16:697][  0]LogTextLocalizationResource: LocRes '../../../Engine/Content/Localization/Editor/zh/Editor.locres' could not be opened for reading!
[2019.06.10-10.45.16:697][  0]LogTextLocalizationResource: LocRes '../../../Engine/Content/Localization/EditorTutorials/zh/EditorTutorials.locres' could not be opened for reading!
[2019.06.10-10.45.16:697][  0]LogTextLocalizationResource: LocRes '../../../Engine/Content/Localization/Keywords/zh/Keywords.locres' could not be opened for reading!
[2019.06.10-10.45.16:697][  0]LogTextLocalizationResource: LocRes '../../../Engine/Content/Localization/Category/zh/Category.locres' could not be opened for reading!
[2019.06.10-10.45.16:697][  0]LogTextLocalizationResource: LocRes '../../../Engine/Content/Localization/ToolTips/zh/ToolTips.locres' could not be opened for reading!
[2019.06.10-10.45.16:697][  0]LogTextLocalizationResource: LocRes '../../../Engine/Content/Localization/PropertyNames/zh/PropertyNames.locres' could not be opened for reading!
[2019.06.10-10.45.16:697][  0]LogTextLocalizationResource: LocRes '../../../Engine/Content/Localization/Engine/zh/Engine.locres' could not be opened for reading!
[2019.06.10-10.45.16:697][  0]LogTextLocalizationResource: LocRes '../../../Engine/Plugins/Online/Android/OnlineSubsystemGooglePlay/Content/Localization/OnlineSubsystemGooglePlay/zh/OnlineSubsystemGooglePlay.locres' could not be opened for reading!
[2019.06.10-10.45.16:697][  0]LogTextLocalizationResource: LocRes '../../../Engine/Plugins/Online/IOS/OnlineSubsystemIOS/Content/Localization/OnlineSubsystemIOS/zh/OnlineSubsystemIOS.locres' could not be opened for reading!
[2019.06.10-10.45.16:697][  0]LogTextLocalizationResource: LocRes '../../../Engine/Plugins/Online/OnlineSubsystem/Content/Localization/OnlineSubsystem/zh/OnlineSubsystem.locres' could not be opened for reading!
[2019.06.10-10.45.16:697][  0]LogTextLocalizationResource: LocRes '../../../Engine/Plugins/Online/OnlineSubsystemUtils/Content/Localization/OnlineSubsystemUtils/zh/OnlineSubsystemUtils.locres' could not be opened for reading!
[2019.06.10-10.45.16:718][  0]LogInit: Setting process to per monitor DPI aware
[2019.06.10-10.45.16:738][  0]LogSlate: New Slate User Created.  User Index 0, Is Virtual User: 0
[2019.06.10-10.45.16:738][  0]LogSlate: Slate User Registered.  User Index 0, Is Virtual User: 0
[2019.06.10-10.45.16:886][  0]LogHMD: Failed to initialize OpenVR with code 110
[2019.06.10-10.45.16:886][  0]LogD3D11RHI: D3D11 adapters:
[2019.06.10-10.45.17:937][  0]LogD3D11RHI:    0. 'NVIDIA GeForce GTX 1050' (Feature Level 11_0)
[2019.06.10-10.45.17:937][  0]LogD3D11RHI:       4019/0/4025 MB DedicatedVideo/DedicatedSystem/SharedSystem, Outputs:1, VendorId:0x10de
[2019.06.10-10.45.17:953][  0]LogD3D11RHI:    1. 'Intel(R) UHD Graphics 630' (Feature Level 11_0)
[2019.06.10-10.45.17:953][  0]LogD3D11RHI:       128/0/4025 MB DedicatedVideo/DedicatedSystem/SharedSystem, Outputs:0, VendorId:0x8086
[2019.06.10-10.45.17:954][  0]LogD3D11RHI:    2. 'Microsoft Basic Render Driver' (Feature Level 11_0)
[2019.06.10-10.45.17:954][  0]LogD3D11RHI:       0/0/4025 MB DedicatedVideo/DedicatedSystem/SharedSystem, Outputs:0, VendorId:0x1414
[2019.06.10-10.45.17:954][  0]LogD3D11RHI: Chosen D3D11 Adapter: 0
[2019.06.10-10.45.17:978][  0]LogD3D11RHI: Creating new Direct3DDevice
[2019.06.10-10.45.17:979][  0]LogD3D11RHI:     GPU DeviceId: 0x1c8d (for the marketing name, search the web for "GPU Device Id")
[2019.06.10-10.45.17:979][  0]LogWindows: EnumDisplayDevices:
[2019.06.10-10.45.17:979][  0]LogWindows:    0. 'Intel(R) UHD Graphics 630' (P:1 D:1)
[2019.06.10-10.45.17:979][  0]LogWindows:    1. 'Intel(R) UHD Graphics 630' (P:0 D:0)
[2019.06.10-10.45.17:979][  0]LogWindows:    2. 'Intel(R) UHD Graphics 630' (P:0 D:0)
[2019.06.10-10.45.17:979][  0]LogWindows:    3. 'NVIDIA GeForce GTX 1050' (P:0 D:0)
[2019.06.10-10.45.17:980][  0]LogWindows: DebugString: PrimaryIsNotTheChoosenAdapter PrimaryIsNotTheChoosenAdapter PrimaryIsNotTheChoosenAdapter 
[2019.06.10-10.45.17:980][  0]LogD3D11RHI:     Adapter Name: NVIDIA GeForce GTX 1050
[2019.06.10-10.45.17:980][  0]LogD3D11RHI:   Driver Version: 398.36 (internal:24.21.13.9836, unified:398.36)
[2019.06.10-10.45.17:980][  0]LogD3D11RHI:      Driver Date: 6-24-2018
[2019.06.10-10.45.17:980][  0]LogRHI: Texture pool is 2813 MB (70% of 4019 MB)
[2019.06.10-10.45.18:014][  0]LogD3D11RHI: Async texture creation enabled
[2019.06.10-10.45.18:016][  0]LogRendererCore: FGlobalReadBuffer::InitRHI
[2019.06.10-10.45.18:017][  0]LogRendererCore: FGlobalReadBuffer::InitRHI
[2019.06.10-10.45.18:017][  0]LogRendererCore: FGlobalReadBuffer::InitRHI
[2019.06.10-10.45.18:030][  0]LogD3D11RHI: GPU Timing Frequency: 1000.000000 (Debug: 2 2)
[2019.06.10-10.45.18:250][  0]LogTemp: Display: Module 'AllDesktopTargetPlatform' loaded TargetPlatform 'AllDesktop'
[2019.06.10-10.45.18:260][  0]LogTemp: Display: Module 'MacClientTargetPlatform' loaded TargetPlatform 'MacClient'
[2019.06.10-10.45.18:271][  0]LogTemp: Display: Module 'MacNoEditorTargetPlatform' loaded TargetPlatform 'MacNoEditor'
[2019.06.10-10.45.18:281][  0]LogTemp: Display: Module 'MacServerTargetPlatform' loaded TargetPlatform 'MacServer'
[2019.06.10-10.45.18:291][  0]LogTemp: Display: Module 'MacTargetPlatform' loaded TargetPlatform 'Mac'
[2019.06.10-10.45.18:302][  0]LogTemp: Display: Module 'WindowsClientTargetPlatform' loaded TargetPlatform 'WindowsClient'
[2019.06.10-10.45.18:313][  0]LogTemp: Display: Module 'WindowsNoEditorTargetPlatform' loaded TargetPlatform 'WindowsNoEditor'
[2019.06.10-10.45.18:323][  0]LogTemp: Display: Module 'WindowsServerTargetPlatform' loaded TargetPlatform 'WindowsServer'
[2019.06.10-10.45.18:327][  0]LogTemp: Display: Module 'WindowsTargetPlatform' loaded TargetPlatform 'Windows'
[2019.06.10-10.45.18:391][  0]LogTemp: Display: Module 'AndroidTargetPlatform' loaded TargetPlatform 'Android'
[2019.06.10-10.45.18:391][  0]LogTemp: Display: Module 'AndroidTargetPlatform' loaded TargetPlatform 'Android_ASTC'
[2019.06.10-10.45.18:391][  0]LogTemp: Display: Module 'AndroidTargetPlatform' loaded TargetPlatform 'Android_ATC'
[2019.06.10-10.45.18:391][  0]LogTemp: Display: Module 'AndroidTargetPlatform' loaded TargetPlatform 'Android_DXT'
[2019.06.10-10.45.18:391][  0]LogTemp: Display: Module 'AndroidTargetPlatform' loaded TargetPlatform 'Android_ETC1'
[2019.06.10-10.45.18:391][  0]LogTemp: Display: Module 'AndroidTargetPlatform' loaded TargetPlatform 'Android_ETC1a'
[2019.06.10-10.45.18:391][  0]LogTemp: Display: Module 'AndroidTargetPlatform' loaded TargetPlatform 'Android_ETC2'
[2019.06.10-10.45.18:391][  0]LogTemp: Display: Module 'AndroidTargetPlatform' loaded TargetPlatform 'Android_PVRTC'
[2019.06.10-10.45.18:391][  0]LogTemp: Display: Module 'AndroidTargetPlatform' loaded TargetPlatform 'AndroidClient'
[2019.06.10-10.45.18:391][  0]LogTemp: Display: Module 'AndroidTargetPlatform' loaded TargetPlatform 'Android_ASTCClient'
[2019.06.10-10.45.18:391][  0]LogTemp: Display: Module 'AndroidTargetPlatform' loaded TargetPlatform 'Android_ATCClient'
[2019.06.10-10.45.18:392][  0]LogTemp: Display: Module 'AndroidTargetPlatform' loaded TargetPlatform 'Android_DXTClient'
[2019.06.10-10.45.18:392][  0]LogTemp: Display: Module 'AndroidTargetPlatform' loaded TargetPlatform 'Android_ETC1Client'
[2019.06.10-10.45.18:392][  0]LogTemp: Display: Module 'AndroidTargetPlatform' loaded TargetPlatform 'Android_ETC1aClient'
[2019.06.10-10.45.18:392][  0]LogTemp: Display: Module 'AndroidTargetPlatform' loaded TargetPlatform 'Android_ETC2Client'
[2019.06.10-10.45.18:392][  0]LogTemp: Display: Module 'AndroidTargetPlatform' loaded TargetPlatform 'Android_PVRTCClient'
[2019.06.10-10.45.18:392][  0]LogTemp: Display: Module 'AndroidTargetPlatform' loaded TargetPlatform 'Android_Multi'
[2019.06.10-10.45.18:392][  0]LogTemp: Display: Module 'AndroidTargetPlatform' loaded TargetPlatform 'Android_MultiClient'
[2019.06.10-10.45.18:393][  0]LogTemp: Display: Module 'HTML5TargetPlatform' loaded TargetPlatform 'HTML5'
[2019.06.10-10.45.18:435][  0]LogTemp: Display: Module 'IOSTargetPlatform' loaded TargetPlatform 'IOSClient'
[2019.06.10-10.45.18:435][  0]LogTemp: Display: Module 'IOSTargetPlatform' loaded TargetPlatform 'IOS'
[2019.06.10-10.45.18:453][  0]LogTemp: Display: Module 'TVOSTargetPlatform' loaded TargetPlatform 'TVOSClient'
[2019.06.10-10.45.18:453][  0]LogTemp: Display: Module 'TVOSTargetPlatform' loaded TargetPlatform 'TVOS'
[2019.06.10-10.45.18:463][  0]LogTemp: Display: Module 'LinuxClientTargetPlatform' loaded TargetPlatform 'LinuxClient'
[2019.06.10-10.45.18:473][  0]LogTemp: Display: Module 'LinuxNoEditorTargetPlatform' loaded TargetPlatform 'LinuxNoEditor'
[2019.06.10-10.45.18:482][  0]LogTemp: Display: Module 'LinuxServerTargetPlatform' loaded TargetPlatform 'LinuxServer'
[2019.06.10-10.45.18:492][  0]LogTemp: Display: Module 'LinuxTargetPlatform' loaded TargetPlatform 'Linux'
[2019.06.10-10.45.18:528][  0]LogTemp: Display: Module 'LuminTargetPlatform' loaded TargetPlatform 'Lumin'
[2019.06.10-10.45.18:528][  0]LogTemp: Display: Module 'LuminTargetPlatform' loaded TargetPlatform 'LuminClient'
[2019.06.10-10.45.18:528][  0]LogTargetPlatformManager: Display: Building Assets For Windows
[2019.06.10-10.45.18:534][  0]LogAudioDebug: Display: Lib vorbis DLL was dynamically loaded.
[2019.06.10-10.45.18:564][  0]LogShaderCompilers: Guid format shader working directory is 6 characters bigger than the processId version (../../../../../profile/3053/program3053/Intermediate/Shaders/WorkingDirectory/13572/).
[2019.06.10-10.45.18:564][  0]LogShaderCompilers: Cleaned the shader compiler working directory 'C:/Users/97219/AppData/Local/Temp/UnrealShaderWorkingDir/FFB7B6D24BA208E7B1F2D3969D7458F9/'.
[2019.06.10-10.45.18:565][  0]LogXGEController: Cleaning working directory: C:/Users/97219/AppData/Local/Temp/UnrealXGEWorkingDir/
[2019.06.10-10.45.18:565][  0]LogXGEController: Cannot use XGE Controller as Incredibuild is not installed on this machine.
[2019.06.10-10.45.18:565][  0]LogShaderCompilers: Cannot use XGE Shader Compiler as Incredibuild is not installed on this machine.
[2019.06.10-10.45.18:565][  0]LogShaderCompilers: Display: Using Local Shader Compiler.
[2019.06.10-10.45.19:027][  0]LogDerivedDataCache: Display: Max Cache Size: 512 MB
[2019.06.10-10.45.19:077][  0]LogDerivedDataCache: Loaded boot cache 0.05s 71MB C:/Users/97219/AppData/Local/UnrealEngine/4.22/DerivedDataCache/Boot.ddc.
[2019.06.10-10.45.19:077][  0]LogDerivedDataCache: Display: Loaded Boot cache: C:/Users/97219/AppData/Local/UnrealEngine/4.22/DerivedDataCache/Boot.ddc
[2019.06.10-10.45.19:077][  0]LogDerivedDataCache: FDerivedDataBackendGraph:  Pak pak cache file ../../../../../profile/3053/program3053/DerivedDataCache/DDC.ddp not found, will not use a pak cache.
[2019.06.10-10.45.19:077][  0]LogDerivedDataCache: Unable to find inner node Pak for hierarchical cache Hierarchy.
[2019.06.10-10.45.19:077][  0]LogDerivedDataCache: FDerivedDataBackendGraph:  CompressedPak pak cache file ../../../../../profile/3053/program3053/DerivedDataCache/Compressed.ddp not found, will not use a pak cache.
[2019.06.10-10.45.19:077][  0]LogDerivedDataCache: Unable to find inner node CompressedPak for hierarchical cache Hierarchy.
[2019.06.10-10.45.19:088][  0]LogDerivedDataCache: Display: Pak cache opened for reading ../../../Engine/DerivedDataCache/Compressed.ddp.
[2019.06.10-10.45.19:088][  0]LogDerivedDataCache: FDerivedDataBackendGraph:  EnterprisePak pak cache file ../../../Enterprise/DerivedDataCache/Compressed.ddp not found, will not use a pak cache.
[2019.06.10-10.45.19:088][  0]LogDerivedDataCache: Unable to find inner node EnterprisePak for hierarchical cache Hierarchy.
[2019.06.10-10.45.19:099][  0]LogDerivedDataCache: Using Local data cache path C:/Users/97219/AppData/Local/UnrealEngine/Common/DerivedDataCache: Writable
[2019.06.10-10.45.19:099][  0]LogDerivedDataCache: Shared data cache path not found in *engine.ini, will not use an Shared cache.
[2019.06.10-10.45.19:099][  0]LogDerivedDataCache: Unable to find inner node Shared for hierarchical cache Hierarchy.
[2019.06.10-10.45.19:118][  0]LogMaterial: Verifying Global Shaders for PCD3D_SM5
[2019.06.10-10.45.19:119][  0]LogSlate: Using FreeType 2.6.0
[2019.06.10-10.45.19:120][  0]LogSlate: SlateFontServices - WITH_FREETYPE: 1, WITH_HARFBUZZ: 1
[2019.06.10-10.45.19:192][  0]LogAssetRegistry: FAssetRegistry took 0.0313 seconds to start up
[2019.06.10-10.45.33:149][  0]LogInit: Selected Device Profile: [Windows]
[2019.06.10-10.45.37:400][  0]LogMeshReduction: Using QuadricMeshReduction for automatic static mesh reduction
[2019.06.10-10.45.37:400][  0]LogMeshReduction: Using SimplygonMeshReduction for automatic skeletal mesh reduction
[2019.06.10-10.45.37:400][  0]LogMeshReduction: Using ProxyLODMeshReduction for automatic mesh merging
[2019.06.10-10.45.37:400][  0]LogMeshReduction: No distributed automatic mesh merging module available
[2019.06.10-10.45.37:400][  0]LogMeshMerging: No distributed automatic mesh merging module available
[2019.06.10-10.45.39:273][  0]LogNetVersion: program3053 1.0.0, NetCL: 5660361, EngineNetVer: 10, GameNetVer: 0 (Checksum: 2992420275)
[2019.06.10-10.45.47:526][  0]LogPackageLocalizationCache: Processed 10 localized package path(s) for 4 prioritized culture(s) in 0.189630 seconds
[2019.06.10-10.45.47:557][  0]LogUObjectArray: 42205 objects as part of root set at end of initial load.
[2019.06.10-10.45.47:557][  0]LogUObjectAllocator: 7325032 out of 0 bytes used by permanent object pool.
[2019.06.10-10.45.47:557][  0]LogUObjectArray: CloseDisregardForGC: 0/0 objects in disregard for GC pool
[2019.06.10-10.46.11:474][  0]LogTcpMessaging: Initializing TcpMessaging bridge
[2019.06.10-10.46.11:608][  0]LogUdpMessaging: Initializing bridge on interface 0.0.0.0:0 to multicast group 230.0.0.1:6666.
[2019.06.10-10.46.14:568][  0]SourceControl: 源码控制已禁用
[2019.06.10-10.46.14:605][  0]SourceControl: 源码控制已禁用
[2019.06.10-10.46.15:056][  0]SourceControl: 源码控制已禁用
[2019.06.10-10.46.15:175][  0]SourceControl: 源码控制已禁用
[2019.06.10-10.46.18:684][  0]LogAndroidPermission: UAndroidPermissionCallbackProxy::GetInstance
[2019.06.10-10.46.19:920][  0]LogOcInput: OculusInput pre-init called
[2019.06.10-10.46.24:599][  0]LogEngine: Initializing Engine...
[2019.06.10-10.46.24:698][  0]LogHMD: Failed to initialize OpenVR with code 110
[2019.06.10-10.46.24:715][  0]LogStats: UGameplayTagsManager::InitializeManager -  0.004 s
[2019.06.10-10.46.24:992][  0]LogInit: Initializing FReadOnlyCVARCache
[2019.06.10-10.46.26:567][  0]LogAIModule: Creating AISystem for world Untitled
[2019.06.10-10.46.27:081][  0]LogInit: XAudio2 using 'Speakers/Headphones (Realtek(R) Audio)' : 2 channels at 48 kHz using 32 bits per sample (channel mask 0x3)
[2019.06.10-10.46.27:827][  0]LogInit: FAudioDevice initialized.
[2019.06.10-10.46.27:876][  0]LogNetVersion: Set ProjectVersion to 1.0.0.0. Version Checksum will be recalculated on next use.
[2019.06.10-10.46.27:962][  0]LogDerivedDataCache: Saved boot cache 0.09s 71MB C:/Users/97219/AppData/Local/UnrealEngine/4.22/DerivedDataCache/Boot.ddc.
[2019.06.10-10.46.27:976][  0]LogInit: Texture streaming: Enabled
[2019.06.10-10.46.29:721][  0]LogEngineSessionManager: EngineSessionManager initialized
[2019.06.10-10.46.30:555][  0]LogWindowsTextInputMethodSystem: Display: IME system now activated using TSF (微软拼音).
[2019.06.10-10.46.31:102][  0]LogInit: Transaction tracking system initialized
[2019.06.10-10.46.33:011][  0]BlueprintLog: New page: 编辑器加载
[2019.06.10-10.46.39:160][  0]LocalizationService: 本地化服务已禁用
[2019.06.10-10.46.40:631][  0]LogLinker: Warning: Asset '../../../../../profile/3053/program3053/Content/TwinStickCPP/TwinStickOverview.uasset' has been saved with empty engine version. The asset will be loaded but may be incompatible.
[2019.06.10-10.46.43:386][  0]LogCook: Display: Max memory allowance for cook 16384mb min free memory 0mb
[2019.06.10-10.46.43:387][  0]LogCook: Display: Mobile HDR setting 1
[2019.06.10-10.46.51:576][  0]SourceControl: 源码控制已禁用
[2019.06.10-10.46.51:676][  0]Cmd: MAP LOAD FILE="../../../../../profile/3053/program3053/Content/TwinStickCPP/Maps/MainMenu.umap" TEMPLATE=0 SHOWPROGRESS=1 FEATURELEVEL=3
[2019.06.10-10.46.51:707][  0]LightingResults: New page: 光照构建
[2019.06.10-10.46.52:601][  0]MapCheck: New page: 地图检测
[2019.06.10-10.46.52:601][  0]LightingResults: New page: 光照构建
[2019.06.10-10.46.54:366][  0]LogUObjectHash: Compacting FUObjectHashTables data took   2.64ms
[2019.06.10-10.46.59:597][  0]LogTexture: Display: 正在编译纹理：PolyArtMaskBaseTex（AutoDXT、512X512）
[2019.06.10-10.46.59:597][  0]LogTexture: Display: 正在编译纹理：MaskTex（AutoDXT、512X512）
[2019.06.10-10.46.59:597][  0]LogTexture: Display: 正在编译纹理：ddddd（AutoDXT、1920X1080）
[2019.06.10-10.46.59:597][  0]LogAnimationCompression: Building Anim DDC data for AnimSequence /Game/ModularRPGHeroesPolyart/Animations/BowStance/WalkRight_BowAnim.WalkRight_BowAnim
[2019.06.10-10.46.59:598][  0]LogAnimationCompression: Recompressing (AnimSequence /Game/ModularRPGHeroesPolyart/Animations/BowStance/WalkRight_BowAnim.WalkRight_BowAnim) using current/default (AnimCompress_BitwiseCompressOnly_0) bFirstRecompressUsingCurrentOrDefault(1) bTryAlternateCompressor(0) IsCompressedDataValid(0)
[2019.06.10-10.46.59:618][  0]LogAnimationCompression: Building Anim DDC data for AnimSequence /Game/ModularRPGHeroesPolyart/Animations/BowStance/WalkLeft_BowAnim.WalkLeft_BowAnim
[2019.06.10-10.46.59:618][  0]LogAnimationCompression: Recompressing (AnimSequence /Game/ModularRPGHeroesPolyart/Animations/BowStance/WalkLeft_BowAnim.WalkLeft_BowAnim) using current/default (AnimCompress_BitwiseCompressOnly_0) bFirstRecompressUsingCurrentOrDefault(1) bTryAlternateCompressor(0) IsCompressedDataValid(0)
[2019.06.10-10.46.59:619][  0]LogAnimationCompression: Building Anim DDC data for AnimSequence /Game/ModularRPGHeroesPolyart/Animations/BowStance/RunBack_BowAnim.RunBack_BowAnim
[2019.06.10-10.46.59:619][  0]LogAnimationCompression: Recompressing (AnimSequence /Game/ModularRPGHeroesPolyart/Animations/BowStance/RunBack_BowAnim.RunBack_BowAnim) using current/default (AnimCompress_BitwiseCompressOnly_0) bFirstRecompressUsingCurrentOrDefault(1) bTryAlternateCompressor(0) IsCompressedDataValid(0)
[2019.06.10-10.46.59:619][  0]LogAnimationCompression: Building Anim DDC data for AnimSequence /Game/ModularRPGHeroesPolyart/Animations/BowStance/Run_BowAnim.Run_BowAnim
[2019.06.10-10.46.59:620][  0]LogAnimationCompression: Recompressing (AnimSequence /Game/ModularRPGHeroesPolyart/Animations/BowStance/Run_BowAnim.Run_BowAnim) using current/default (AnimCompress_BitwiseCompressOnly_0) bFirstRecompressUsingCurrentOrDefault(1) bTryAlternateCompressor(0) IsCompressedDataValid(0)
[2019.06.10-10.46.59:620][  0]LogAnimationCompression: Building Anim DDC data for AnimSequence /Game/ModularRPGHeroesPolyart/Animations/BowStance/Idle_BowAnim.Idle_BowAnim
[2019.06.10-10.46.59:620][  0]LogAnimationCompression: Recompressing (AnimSequence /Game/ModularRPGHeroesPolyart/Animations/BowStance/Idle_BowAnim.Idle_BowAnim) using current/default (AnimCompress_BitwiseCompressOnly_0) bFirstRecompressUsingCurrentOrDefault(1) bTryAlternateCompressor(0) IsCompressedDataValid(0)
[2019.06.10-10.47.00:085][  0]LogStaticMesh: 正在构建静态网格体 Sword03SM……
[2019.06.10-10.47.00:189][  0]LogStaticMesh: Built static mesh [0.10s] /Game/ModularRPGHeroesPolyart/Meshes/Weapons/Sword03SM.Sword03SM
[2019.06.10-10.47.00:466][  0]LogStaticMesh: 正在构建静态网格体 Wand01SM……
[2019.06.10-10.47.00:495][  0]LogStaticMesh: Built static mesh [0.03s] /Game/ModularRPGHeroesPolyart/Meshes/Weapons/Wand01SM.Wand01SM
[2019.06.10-10.47.00:504][  0]LogStaticMesh: 正在构建静态网格体 Sword04SM……
[2019.06.10-10.47.00:533][  0]LogStaticMesh: Built static mesh [0.03s] /Game/ModularRPGHeroesPolyart/Meshes/Weapons/Sword04SM.Sword04SM
[2019.06.10-10.47.00:538][  0]LogStaticMesh: 正在构建静态网格体 Bow02SM……
[2019.06.10-10.47.00:548][  0]LogStaticMesh: Built static mesh [0.01s] /Game/ModularRPGHeroesPolyart/Meshes/Weapons/Bow02SM.Bow02SM
[2019.06.10-10.47.00:550][  0]LogSkeletalMesh: Building Skeletal Mesh WizardSK...
[2019.06.10-10.47.00:596][  0]LogSkeletalMesh: Built Skeletal Mesh [0.05s] /Game/ModularRPGHeroesPolyart/Meshes/OneMeshCharacters/WizardSK.WizardSK
[2019.06.10-10.47.00:617][  0]LogSkeletalMesh: Building Skeletal Mesh DarkKnightSK...
[2019.06.10-10.47.00:622][  0]LogSkeletalMesh: Built Skeletal Mesh [0.01s] /Game/ModularRPGHeroesPolyart/Meshes/OneMeshCharacters/DarkKnightSK.DarkKnightSK
[2019.06.10-10.47.00:623][  0]LogAudioDerivedData: Display: 正在构建压缩的音频格式OGG波形选择音效...
[2019.06.10-10.47.01:100][  0]LogAudioDerivedData: Display: Updated SoundWave->RawPCMDataSize from 0 to 50746 while cooking SoundWave /Game/TwinStickCPP/UI/选择音效.选择音效.
[2019.06.10-10.47.01:100][  0]LogAudioDerivedData: Display: 正在构建压缩的音频格式OGG波形点击音效...
[2019.06.10-10.47.01:114][  0]LogAudioDerivedData: Display: Updated SoundWave->RawPCMDataSize from 0 to 50746 while cooking SoundWave /Game/TwinStickCPP/UI/点击音效.点击音效.
[2019.06.10-10.47.01:114][  0]LogAudioDerivedData: Display: 正在构建压缩的音频格式OGG波形启动音效...
[2019.06.10-10.47.01:146][  0]LogAudioDerivedData: Display: Updated SoundWave->RawPCMDataSize from 0 to 296024 while cooking SoundWave /Game/TwinStickCPP/UI/启动音效.启动音效.
[2019.06.10-10.47.01:147][  0]LogAudioDerivedData: Display: 正在构建压缩的音频格式OGG波形bgm...
[2019.06.10-10.47.01:777][  0]LogAudioDerivedData: Display: Updated SoundWave->RawPCMDataSize from 0 to 7560192 while cooking SoundWave /Game/TwinStickCPP/UI/bgm.bgm.
[2019.06.10-10.47.01:780][  0]LogMaterial: Display: Missing cached shader map for material PolyartMaskTintMat, compiling. 
[2019.06.10-10.47.02:492][  0]LogShaderCompilers: Display: Shaders left to compile 69
[2019.06.10-10.47.02:492][  0]LogShaderCompilers: Display: Shaders left to compile 59
[2019.06.10-10.47.02:492][  0]LogShaderCompilers: Display: Shaders left to compile 49
[2019.06.10-10.47.02:492][  0]LogShaderCompilers: Display: Shaders left to compile 39
[2019.06.10-10.47.02:492][  0]LogShaderCompilers: Display: Shaders left to compile 29
[2019.06.10-10.47.02:492][  0]LogShaderCompilers: Display: Shaders left to compile 19
[2019.06.10-10.47.02:493][  0]LogShaderCompilers: Display: Shaders left to compile 9
[2019.06.10-10.47.02:493][  0]LogAnimationCompression: Building Anim DDC data for AnimSequence /Game/ModularRPGHeroesPolyart/Animations/MagicWandStance/VictoryMaintain_MagicWandAnim.VictoryMaintain_MagicWandAnim
[2019.06.10-10.47.02:493][  0]LogAnimationCompression: Recompressing (AnimSequence /Game/ModularRPGHeroesPolyart/Animations/MagicWandStance/VictoryMaintain_MagicWandAnim.VictoryMaintain_MagicWandAnim) using current/default (AnimCompress_BitwiseCompressOnly_0) bFirstRecompressUsingCurrentOrDefault(1) bTryAlternateCompressor(0) IsCompressedDataValid(0)
[2019.06.10-10.47.02:497][  0]LogAnimationCompression: Building Anim DDC data for AnimSequence /Game/ModularRPGHeroesPolyart/Animations/DoubleSwordStance/VictoryMaintain_DoubleSwordAnim.VictoryMaintain_DoubleSwordAnim
[2019.06.10-10.47.02:498][  0]LogAnimationCompression: Recompressing (AnimSequence /Game/ModularRPGHeroesPolyart/Animations/DoubleSwordStance/VictoryMaintain_DoubleSwordAnim.VictoryMaintain_DoubleSwordAnim) using current/default (AnimCompress_BitwiseCompressOnly_0) bFirstRecompressUsingCurrentOrDefault(1) bTryAlternateCompressor(0) IsCompressedDataValid(0)
[2019.06.10-10.47.02:500][  0]LogAnimationCompression: Building Anim DDC data for AnimSequence /Game/ModularRPGHeroesPolyart/Animations/BowStance/VictoryMaintain_BowAnim.VictoryMaintain_BowAnim
[2019.06.10-10.47.02:500][  0]LogAnimationCompression: Recompressing (AnimSequence /Game/ModularRPGHeroesPolyart/Animations/BowStance/VictoryMaintain_BowAnim.VictoryMaintain_BowAnim) using current/default (AnimCompress_BitwiseCompressOnly_0) bFirstRecompressUsingCurrentOrDefault(1) bTryAlternateCompressor(0) IsCompressedDataValid(0)
[2019.06.10-10.47.02:695][  0]LogAIModule: Creating AISystem for world MainMenu
[2019.06.10-10.47.05:440][  0]LogEditorServer: Finished looking for orphan Actors (0.000 secs)
[2019.06.10-10.47.06:411][  0]LogUObjectHash: Compacting FUObjectHashTables data took   3.34ms
[2019.06.10-10.47.06:518][  0]Cmd: MAP CHECKDEP NOCLEARLOG
[2019.06.10-10.47.06:671][  0]MapCheck: 地图检测完成：0个错误，0 个警告，用时110.518毫秒完成。
[2019.06.10-10.47.06:672][  0]LogFileHelpers: Loading map 'MainMenu' took 15.053
[2019.06.10-10.47.14:216][  0]LogSlate: Updating window title bar state: overlay mode, drag disabled, window buttons hidden, title bar hidden
[2019.06.10-10.47.14:258][  0]LogSlate: Updating window title bar state: overlay mode, drag disabled, window buttons hidden, title bar hidden
[2019.06.10-10.47.14:270][  0]LogSlate: Updating window title bar state: overlay mode, drag disabled, window buttons hidden, title bar hidden
[2019.06.10-10.47.14:278][  0]LogSlate: Updating window title bar state: overlay mode, drag disabled, window buttons hidden, title bar hidden
[2019.06.10-10.47.14:986][  0]LogCollectionManager: Loaded 0 collections in 0.000728 seconds
[2019.06.10-10.47.15:576][  0]LogFileCache: Scanning file cache for directory 'D:/profile/3053/program3053/Saved/Collections/' took 0.01s
[2019.06.10-10.47.15:576][  0]LogFileCache: Scanning file cache for directory 'D:/profile/3053/program3053/Content/Developers/97219/Collections/' took 0.00s
[2019.06.10-10.47.15:576][  0]LogFileCache: Scanning file cache for directory 'D:/profile/3053/program3053/Content/Collections/' took 0.01s
[2019.06.10-10.47.15:576][  0]LogCollectionManager: Rebuilt the GUID cache for 0 collections in 0.000000 seconds
[2019.06.10-10.47.15:666][  0]LogContentBrowser: Native class hierarchy populated in 0.0858 seconds. Added 2741 classes and 661 folders.
[2019.06.10-10.47.16:172][  0]LogContentBrowser: Native class hierarchy updated for 'WidgetCarousel' in 0.0005 seconds. Added 0 classes and 0 folders.
[2019.06.10-10.47.16:462][  0]LogPakFile: Registered encryption key '00000000000000000000000000000000': 0 pak files mounted, 0 remain pending
[2019.06.10-10.47.16:592][  0]LogPakFile: Registered encryption key '00000000000000000000000000000000': 0 pak files mounted, 0 remain pending
[2019.06.10-10.47.16:619][  0]LogPakFile: Registered encryption key '00000000000000000000000000000000': 0 pak files mounted, 0 remain pending
[2019.06.10-10.47.16:712][  0]LogPakFile: Registered encryption key '00000000000000000000000000000000': 0 pak files mounted, 0 remain pending
[2019.06.10-10.47.16:732][  0]LogPakFile: Registered encryption key '00000000000000000000000000000000': 0 pak files mounted, 0 remain pending
[2019.06.10-10.47.16:845][  0]LogPakFile: Registered encryption key '00000000000000000000000000000000': 0 pak files mounted, 0 remain pending
[2019.06.10-10.47.16:858][  0]LogPakFile: Registered encryption key '00000000000000000000000000000000': 0 pak files mounted, 0 remain pending
[2019.06.10-10.47.16:925][  0]LogPakFile: Registered encryption key '00000000000000000000000000000000': 0 pak files mounted, 0 remain pending
[2019.06.10-10.47.17:210][  0]LogPakFile: Registered encryption key '00000000000000000000000000000000': 0 pak files mounted, 0 remain pending
[2019.06.10-10.47.17:419][  0]LogPakFile: Registered encryption key '00000000000000000000000000000000': 0 pak files mounted, 0 remain pending
[2019.06.10-10.47.17:431][  0]LogPakFile: Registered encryption key '00000000000000000000000000000000': 0 pak files mounted, 0 remain pending
[2019.06.10-10.47.17:442][  0]LogPakFile: Registered encryption key '00000000000000000000000000000000': 0 pak files mounted, 0 remain pending
[2019.06.10-10.47.17:456][  0]LogPakFile: Registered encryption key '00000000000000000000000000000000': 0 pak files mounted, 0 remain pending
[2019.06.10-10.47.17:468][  0]LogPakFile: Registered encryption key '00000000000000000000000000000000': 0 pak files mounted, 0 remain pending
[2019.06.10-10.47.17:535][  0]LogPakFile: Registered encryption key '00000000000000000000000000000000': 0 pak files mounted, 0 remain pending
[2019.06.10-10.47.17:547][  0]LogPakFile: Registered encryption key '00000000000000000000000000000000': 0 pak files mounted, 0 remain pending
[2019.06.10-10.47.17:578][  0]LogPakFile: Registered encryption key '00000000000000000000000000000000': 0 pak files mounted, 0 remain pending
[2019.06.10-10.47.17:585][  0]LogPakFile: Registered encryption key '00000000000000000000000000000000': 0 pak files mounted, 0 remain pending
[2019.06.10-10.47.17:590][  0]LogPakFile: Registered encryption key '00000000000000000000000000000000': 0 pak files mounted, 0 remain pending
[2019.06.10-10.47.17:597][  0]LogPakFile: Registered encryption key '00000000000000000000000000000000': 0 pak files mounted, 0 remain pending
[2019.06.10-10.47.17:605][  0]LogPakFile: Registered encryption key '00000000000000000000000000000000': 0 pak files mounted, 0 remain pending
[2019.06.10-10.47.17:622][  0]LogPakFile: Registered encryption key '00000000000000000000000000000000': 0 pak files mounted, 0 remain pending
[2019.06.10-10.47.17:651][  0]LogPakFile: Registered encryption key '00000000000000000000000000000000': 0 pak files mounted, 0 remain pending
[2019.06.10-10.47.17:659][  0]LogPakFile: Registered encryption key '00000000000000000000000000000000': 0 pak files mounted, 0 remain pending
[2019.06.10-10.47.17:667][  0]LogPakFile: Registered encryption key '00000000000000000000000000000000': 0 pak files mounted, 0 remain pending
[2019.06.10-10.47.17:717][  0]LogPakFile: Registered encryption key '00000000000000000000000000000000': 0 pak files mounted, 0 remain pending
[2019.06.10-10.47.22:183][  0]LogContentBrowser: Native class hierarchy updated for 'AddContentDialog' in 0.0004 seconds. Added 0 classes and 0 folders.
[2019.06.10-10.47.22:292][  0]LogContentBrowser: Native class hierarchy updated for 'SceneOutliner' in 0.0003 seconds. Added 1 classes and 2 folders.
[2019.06.10-10.47.27:981][  0]LogSlate: Took 0.060246 seconds to synchronously load lazily loaded font '../../../Engine/Content/Slate/Fonts/Roboto-Regular.ttf' (155K)
[2019.06.10-10.47.28:148][  0]LogSlate: Took 0.086125 seconds to synchronously load lazily loaded font '../../../Engine/Content/Slate/Fonts/DroidSansFallback.ttf' (3848K)
[2019.06.10-10.47.28:514][  0]LogSlate: Took 0.017529 seconds to synchronously load lazily loaded font '../../../Engine/Content/Slate/Fonts/Roboto-Bold.ttf' (160K)
[2019.06.10-10.47.28:549][  0]LogSlate: Took 0.018516 seconds to synchronously load lazily loaded font '../../../Engine/Content/Editor/Slate/Fonts/FontAwesome.ttf' (139K)
[2019.06.10-10.47.30:834][  0]LogRenderer: Reallocating scene render targets to support 1160x464 Format 10 NumSamples 1 (Frame:1).
[2019.06.10-10.47.32:952][  0]LogSlate: Warning: Legacy localized fallback font '../../../Engine/Content/Slate/Fonts/DroidSansFallback.ttf' was requested. Font: '/Engine/EngineFonts/Faces/RobotoRegular.RobotoRegular', Character: '光 (U+5149)'
Legacy localized fallback fonts were deprecated in 4.22 and will be removed in a future version!
Please update your composite fonts to use localized sub-font families: https://docs.unrealengine.com/en-US/Engine/UMG/UserGuide/Fonts/Overview
[2019.06.10-10.47.34:218][  0]LogContentBrowser: Native class hierarchy updated for 'HierarchicalLODOutliner' in 0.0003 seconds. Added 0 classes and 0 folders.
[2019.06.10-10.47.34:219][  0]LogLoad: (Engine Initialization) Total time: 237.07 seconds
[2019.06.10-10.47.34:219][  0]LogLoad: (Engine Initialization) Total Blueprint compile time: 0.00 seconds
[2019.06.10-10.47.35:247][  0]LogContentStreaming: Texture pool size now 1000 MB
[2019.06.10-10.47.36:280][  0]LogSlate: Took 0.021357 seconds to synchronously load lazily loaded font '../../../Engine/Content/Slate/Fonts/Roboto-Light.ttf' (167K)
[2019.06.10-10.47.37:032][  2]LogAssetRegistry: Asset discovery search completed in 137.8626 seconds
[2019.06.10-10.47.37:033][  2]LogCollectionManager: Rebuilt the object cache for 0 collections in 0.000000 seconds (found 0 objects)
[2019.06.10-10.47.37:033][  2]LogCollectionManager: Fixed up redirectors for 0 collections in 0.000068 seconds (updated 0 objects)
[2019.06.10-10.47.37:208][  2]LogSlate: Took 0.000236 seconds to synchronously load lazily loaded font '../../../Engine/Content/Slate/Fonts/Roboto-Light.ttf' (167K)
[2019.06.10-10.48.13:330][165]LogSlate: FSceneViewport::OnFocusLost() reason 0
[2019.06.10-10.48.13:397][169]LogTemp: Repeating last play command: 选中的视口
[2019.06.10-10.48.13:468][169]LogBlueprintUserMessages: Early PlayInEditor Detection: Level '/Game/TwinStickCPP/Maps/MainMenu.MainMenu:PersistentLevel' has LevelScriptBlueprint '/Game/TwinStickCPP/Maps/MainMenu.MainMenu:PersistentLevel.MainMenu' with GeneratedClass '/Game/TwinStickCPP/Maps/MainMenu.MainMenu_C' with ClassGeneratedBy '/Game/TwinStickCPP/Maps/MainMenu.MainMenu:PersistentLevel.MainMenu'
[2019.06.10-10.48.13:496][169]LogPlayLevel: PlayLevel: No blueprints needed recompiling
[2019.06.10-10.48.13:516][169]PIE: New page: PIE会话: MainMenu (2019年6月11日 上午2:48:13)
[2019.06.10-10.48.13:732][169]LogPlayLevel: Creating play world package: /Game/TwinStickCPP/Maps/UEDPIE_0_MainMenu
[2019.06.10-10.48.14:010][169]LogPlayLevel: PIE: StaticDuplicateObject took: (0.277538s)
[2019.06.10-10.48.14:036][169]LogAIModule: Creating AISystem for world MainMenu
[2019.06.10-10.48.14:047][169]LogPlayLevel: PIE: World Init took: (0.036891s)
[2019.06.10-10.48.14:047][169]LogPlayLevel: PIE: Created PIE world by copying editor world from /Game/TwinStickCPP/Maps/MainMenu.MainMenu to /Game/TwinStickCPP/Maps/UEDPIE_0_MainMenu.MainMenu (0.314880s)
[2019.06.10-10.48.14:074][169]LogUObjectHash: Compacting FUObjectHashTables data took   1.05ms
[2019.06.10-10.48.14:091][169]LogInit: XAudio2 using 'Speakers/Headphones (Realtek(R) Audio)' : 2 channels at 48 kHz using 32 bits per sample (channel mask 0x3)
[2019.06.10-10.48.14:161][169]LogInit: FAudioDevice initialized.
[2019.06.10-10.48.14:305][169]LogLoad: Game class is 'BlueprintClassGameMode_C'
[2019.06.10-10.48.14:483][169]LogWorld: Bringing World /Game/TwinStickCPP/Maps/UEDPIE_0_MainMenu.MainMenu up for play (max tick rate 60) at 2019.06.10-18.48.14
[2019.06.10-10.48.14:485][169]LogWorld: Bringing up level for play took: 0.004275
[2019.06.10-10.48.14:760][169]LogContentBrowser: Native class hierarchy updated for 'MovieSceneCapture' in 0.0004 seconds. Added 20 classes and 0 folders.
[2019.06.10-10.48.15:264][169]PIE: /Game/TwinStickCPP/Maps/UEDPIE_0_MainMenu的‘在编辑器中播放’的起始时间2.203
[2019.06.10-10.48.15:264][169]LogBlueprintUserMessages: Late PlayInEditor Detection: Level '/Game/TwinStickCPP/Maps/MainMenu.MainMenu:PersistentLevel' has LevelScriptBlueprint '/Game/TwinStickCPP/Maps/MainMenu.MainMenu:PersistentLevel.MainMenu' with GeneratedClass '/Game/TwinStickCPP/Maps/MainMenu.MainMenu_C' with ClassGeneratedBy '/Game/TwinStickCPP/Maps/MainMenu.MainMenu:PersistentLevel.MainMenu'
[2019.06.10-10.48.17:551][284]LogNet: Browse: /Game/TwinStickCPP/Maps/TwinStickExampleMap
[2019.06.10-10.48.17:551][284]LogLoad: LoadMap: /Game/TwinStickCPP/Maps/TwinStickExampleMap
[2019.06.10-10.48.17:838][284]LogUObjectHash: Compacting FUObjectHashTables data took   1.36ms
[2019.06.10-10.48.18:989][284]LogAudioDerivedData: Display: 正在构建压缩的音频格式OGG波形DR_L_-_跑跑卡丁车华夏主题__DR_L_Bootleg_...
[2019.06.10-10.48.20:362][284]LogAudioDerivedData: Display: Updated SoundWave->RawPCMDataSize from 0 to 15278368 while cooking SoundWave /Game/TwinStickCPP/UI/DR_L_-_跑跑卡丁车华夏主题__DR_L_Bootleg_.DR_L_-_跑跑卡丁车华夏主题__DR_L_Bootleg_.
[2019.06.10-10.48.20:406][284]LogAIModule: Creating AISystem for world TwinStickExampleMap
[2019.06.10-10.48.20:517][284]LogLoad: Game class is 'BlueprintClassGameMode_C'
[2019.06.10-10.48.20:605][284]LogWorld: Bringing World /Game/TwinStickCPP/Maps/UEDPIE_0_TwinStickExampleMap.TwinStickExampleMap up for play (max tick rate 60) at 2019.06.10-18.48.20
[2019.06.10-10.48.20:605][284]LogWorld: Bringing up level for play took: 0.086629
[2019.06.10-10.48.20:625][284]LogLoad: Took 3.073454 seconds to LoadMap(/Game/TwinStickCPP/Maps/TwinStickExampleMap)
[2019.06.10-10.48.36:390][131]LogSlate: FSceneViewport::OnFocusLost() reason 0
[2019.06.10-10.48.36:502][135]LogBlueprintUserMessages: Early EndPlayMap Detection: Level '/Game/TwinStickCPP/Maps/MainMenu.MainMenu:PersistentLevel' has LevelScriptBlueprint '/Game/TwinStickCPP/Maps/MainMenu.MainMenu:PersistentLevel.MainMenu' with GeneratedClass '/Game/TwinStickCPP/Maps/MainMenu.MainMenu_C' with ClassGeneratedBy '/Game/TwinStickCPP/Maps/MainMenu.MainMenu:PersistentLevel.MainMenu'
[2019.06.10-10.48.36:560][135]LogSlate: Updating window title bar state: overlay mode, drag disabled, window buttons hidden, title bar hidden
[2019.06.10-10.48.36:606][135]LogPlayLevel: Display: Shutting down PIE online subsystems
[2019.06.10-10.48.36:607][135]LogBlueprintUserMessages: Late EndPlayMap Detection: Level '/Game/TwinStickCPP/Maps/MainMenu.MainMenu:PersistentLevel' has LevelScriptBlueprint '/Game/TwinStickCPP/Maps/MainMenu.MainMenu:PersistentLevel.MainMenu' with GeneratedClass '/Game/TwinStickCPP/Maps/MainMenu.MainMenu_C' with ClassGeneratedBy '/Game/TwinStickCPP/Maps/MainMenu.MainMenu:PersistentLevel.MainMenu'
[2019.06.10-10.48.36:643][135]LogSlate: Updating window title bar state: overlay mode, drag disabled, window buttons hidden, title bar hidden
[2019.06.10-10.48.36:720][135]LogUObjectHash: Compacting FUObjectHashTables data took   1.94ms
[2019.06.10-10.48.36:730][136]LogPlayLevel: Display: Destroying online subsystem :Context_1
[2019.06.10-10.49.08:680][ 35]LogTemp: Repeating last play command: 选中的视口
[2019.06.10-10.49.08:695][ 35]LogBlueprintUserMessages: Early PlayInEditor Detection: Level '/Game/TwinStickCPP/Maps/MainMenu.MainMenu:PersistentLevel' has LevelScriptBlueprint '/Game/TwinStickCPP/Maps/MainMenu.MainMenu:PersistentLevel.MainMenu' with GeneratedClass '/Game/TwinStickCPP/Maps/MainMenu.MainMenu_C' with ClassGeneratedBy '/Game/TwinStickCPP/Maps/MainMenu.MainMenu:PersistentLevel.MainMenu'
[2019.06.10-10.49.08:695][ 35]LogPlayLevel: PlayLevel: No blueprints needed recompiling
[2019.06.10-10.49.08:695][ 35]PIE: New page: PIE会话: MainMenu (2019年6月11日 上午2:49:08)
[2019.06.10-10.49.08:696][ 35]LogPlayLevel: Creating play world package: /Game/TwinStickCPP/Maps/UEDPIE_0_MainMenu
[2019.06.10-10.49.08:699][ 35]LogPlayLevel: PIE: StaticDuplicateObject took: (0.002500s)
[2019.06.10-10.49.08:699][ 35]LogAIModule: Creating AISystem for world MainMenu
[2019.06.10-10.49.08:728][ 35]LogPlayLevel: PIE: World Init took: (0.028857s)
[2019.06.10-10.49.08:728][ 35]LogPlayLevel: PIE: Created PIE world by copying editor world from /Game/TwinStickCPP/Maps/MainMenu.MainMenu to /Game/TwinStickCPP/Maps/UEDPIE_0_MainMenu.MainMenu (0.032148s)
[2019.06.10-10.49.08:753][ 35]LogUObjectHash: Compacting FUObjectHashTables data took   0.95ms
[2019.06.10-10.49.08:755][ 35]LogInit: XAudio2 using 'Speakers/Headphones (Realtek(R) Audio)' : 2 channels at 48 kHz using 32 bits per sample (channel mask 0x3)
[2019.06.10-10.49.08:824][ 35]LogInit: FAudioDevice initialized.
[2019.06.10-10.49.08:896][ 35]LogSlate: Updating window title bar state: overlay mode, drag disabled, window buttons hidden, title bar hidden
[2019.06.10-10.49.08:988][ 35]LogLoad: Game class is 'BlueprintClassGameMode_C'
[2019.06.10-10.49.08:991][ 35]LogWorld: Bringing World /Game/TwinStickCPP/Maps/UEDPIE_0_MainMenu.MainMenu up for play (max tick rate 60) at 2019.06.10-18.49.08
[2019.06.10-10.49.08:992][ 35]LogWorld: Bringing up level for play took: 0.002412
[2019.06.10-10.49.09:004][ 35]LogGameMode: FindPlayerStart: PATHS NOT DEFINED or NO PLAYERSTART with positive rating
[2019.06.10-10.49.09:039][ 35]PIE: /Game/TwinStickCPP/Maps/UEDPIE_0_MainMenu的‘在编辑器中播放’的起始时间-0.022
[2019.06.10-10.49.09:039][ 35]LogBlueprintUserMessages: Late PlayInEditor Detection: Level '/Game/TwinStickCPP/Maps/MainMenu.MainMenu:PersistentLevel' has LevelScriptBlueprint '/Game/TwinStickCPP/Maps/MainMenu.MainMenu:PersistentLevel.MainMenu' with GeneratedClass '/Game/TwinStickCPP/Maps/MainMenu.MainMenu_C' with ClassGeneratedBy '/Game/TwinStickCPP/Maps/MainMenu.MainMenu:PersistentLevel.MainMenu'
[2019.06.10-10.49.09:048][ 36]LogRenderer: Reallocating scene render targets to support 1160x544 Format 10 NumSamples 1 (Frame:1).
[2019.06.10-10.49.14:989][391]LogNet: Browse: /Game/TwinStickCPP/Maps/TwinStickExampleMap
[2019.06.10-10.49.14:989][391]LogLoad: LoadMap: /Game/TwinStickCPP/Maps/TwinStickExampleMap
[2019.06.10-10.49.15:018][391]LogUObjectHash: Compacting FUObjectHashTables data took   1.40ms
[2019.06.10-10.49.15:038][391]LogAIModule: Creating AISystem for world TwinStickExampleMap
[2019.06.10-10.49.15:038][391]LogLoad: Game class is 'BlueprintClassGameMode_C'
[2019.06.10-10.49.15:093][391]LogWorld: Bringing World /Game/TwinStickCPP/Maps/UEDPIE_0_TwinStickExampleMap.TwinStickExampleMap up for play (max tick rate 60) at 2019.06.10-18.49.15
[2019.06.10-10.49.15:094][391]LogWorld: Bringing up level for play took: 0.054857
[2019.06.10-10.49.15:095][391]LogLoad: Took 0.105741 seconds to LoadMap(/Game/TwinStickCPP/Maps/TwinStickExampleMap)
[2019.06.10-10.49.28:826][213]LogSlate: FSceneViewport::OnFocusLost() reason 0
[2019.06.10-10.49.28:978][219]LogSlate: Window 'program3053 游戏预览 Standalone (64-bit/PCD3D_SM5)' being destroyed
[2019.06.10-10.49.29:045][219]LogBlueprintUserMessages: Early EndPlayMap Detection: Level '/Game/TwinStickCPP/Maps/MainMenu.MainMenu:PersistentLevel' has LevelScriptBlueprint '/Game/TwinStickCPP/Maps/MainMenu.MainMenu:PersistentLevel.MainMenu' with GeneratedClass '/Game/TwinStickCPP/Maps/MainMenu.MainMenu_C' with ClassGeneratedBy '/Game/TwinStickCPP/Maps/MainMenu.MainMenu:PersistentLevel.MainMenu'
[2019.06.10-10.49.29:075][219]LogPlayLevel: Display: Shutting down PIE online subsystems
[2019.06.10-10.49.29:076][219]LogBlueprintUserMessages: Late EndPlayMap Detection: Level '/Game/TwinStickCPP/Maps/MainMenu.MainMenu:PersistentLevel' has LevelScriptBlueprint '/Game/TwinStickCPP/Maps/MainMenu.MainMenu:PersistentLevel.MainMenu' with GeneratedClass '/Game/TwinStickCPP/Maps/MainMenu.MainMenu_C' with ClassGeneratedBy '/Game/TwinStickCPP/Maps/MainMenu.MainMenu:PersistentLevel.MainMenu'
[2019.06.10-10.49.29:108][219]LogUObjectHash: Compacting FUObjectHashTables data took   2.65ms
[2019.06.10-10.49.29:116][220]LogPlayLevel: Display: Destroying online subsystem :Context_2
[2019.06.10-10.49.44:867][165]LogTemp: Repeating last play command: 选中的视口
[2019.06.10-10.49.44:882][165]LogBlueprintUserMessages: Early PlayInEditor Detection: Level '/Game/TwinStickCPP/Maps/MainMenu.MainMenu:PersistentLevel' has LevelScriptBlueprint '/Game/TwinStickCPP/Maps/MainMenu.MainMenu:PersistentLevel.MainMenu' with GeneratedClass '/Game/TwinStickCPP/Maps/MainMenu.MainMenu_C' with ClassGeneratedBy '/Game/TwinStickCPP/Maps/MainMenu.MainMenu:PersistentLevel.MainMenu'
[2019.06.10-10.49.44:882][165]LogPlayLevel: PlayLevel: No blueprints needed recompiling
[2019.06.10-10.49.44:882][165]PIE: New page: PIE会话: MainMenu (2019年6月11日 上午2:49:44)
[2019.06.10-10.49.44:882][165]LogPlayLevel: Creating play world package: /Game/TwinStickCPP/Maps/UEDPIE_0_MainMenu
[2019.06.10-10.49.44:884][165]LogPlayLevel: PIE: StaticDuplicateObject took: (0.002048s)
[2019.06.10-10.49.44:886][165]LogAIModule: Creating AISystem for world MainMenu
[2019.06.10-10.49.44:886][165]LogPlayLevel: PIE: World Init took: (0.000536s)
[2019.06.10-10.49.44:886][165]LogPlayLevel: PIE: Created PIE world by copying editor world from /Game/TwinStickCPP/Maps/MainMenu.MainMenu to /Game/TwinStickCPP/Maps/UEDPIE_0_MainMenu.MainMenu (0.002688s)
[2019.06.10-10.49.44:910][165]LogUObjectHash: Compacting FUObjectHashTables data took   0.94ms
[2019.06.10-10.49.44:912][165]LogInit: XAudio2 using 'Speakers/Headphones (Realtek(R) Audio)' : 2 channels at 48 kHz using 32 bits per sample (channel mask 0x3)
[2019.06.10-10.49.44:983][165]LogInit: FAudioDevice initialized.
[2019.06.10-10.49.44:994][165]LogSlate: Updating window title bar state: overlay mode, drag disabled, window buttons hidden, title bar hidden
[2019.06.10-10.49.45:023][165]LogLoad: Game class is 'BlueprintClassGameMode_C'
[2019.06.10-10.49.45:026][165]LogWorld: Bringing World /Game/TwinStickCPP/Maps/UEDPIE_0_MainMenu.MainMenu up for play (max tick rate 60) at 2019.06.10-18.49.45
[2019.06.10-10.49.45:026][165]LogWorld: Bringing up level for play took: 0.002137
[2019.06.10-10.49.45:039][165]LogGameMode: FindPlayerStart: PATHS NOT DEFINED or NO PLAYERSTART with positive rating
[2019.06.10-10.49.45:042][165]PIE: /Game/TwinStickCPP/Maps/UEDPIE_0_MainMenu的‘在编辑器中播放’的起始时间-0.019
[2019.06.10-10.49.45:042][165]LogBlueprintUserMessages: Late PlayInEditor Detection: Level '/Game/TwinStickCPP/Maps/MainMenu.MainMenu:PersistentLevel' has LevelScriptBlueprint '/Game/TwinStickCPP/Maps/MainMenu.MainMenu:PersistentLevel.MainMenu' with GeneratedClass '/Game/TwinStickCPP/Maps/MainMenu.MainMenu_C' with ClassGeneratedBy '/Game/TwinStickCPP/Maps/MainMenu.MainMenu:PersistentLevel.MainMenu'
[2019.06.10-10.49.47:814][330]LogSlate: Updating window title bar state: overlay mode, drag disabled, window buttons hidden, title bar hidden
[2019.06.10-10.49.47:814][330]LogBlueprintUserMessages: Early EndPlayMap Detection: Level '/Game/TwinStickCPP/Maps/MainMenu.MainMenu:PersistentLevel' has LevelScriptBlueprint '/Game/TwinStickCPP/Maps/MainMenu.MainMenu:PersistentLevel.MainMenu' with GeneratedClass '/Game/TwinStickCPP/Maps/MainMenu.MainMenu_C' with ClassGeneratedBy '/Game/TwinStickCPP/Maps/MainMenu.MainMenu:PersistentLevel.MainMenu'
[2019.06.10-10.49.47:828][330]LogSlate: Window 'program3053 游戏预览 Standalone (64-bit/PCD3D_SM5)' being destroyed
[2019.06.10-10.49.47:865][330]LogPlayLevel: Display: Shutting down PIE online subsystems
[2019.06.10-10.49.47:866][330]LogBlueprintUserMessages: Late EndPlayMap Detection: Level '/Game/TwinStickCPP/Maps/MainMenu.MainMenu:PersistentLevel' has LevelScriptBlueprint '/Game/TwinStickCPP/Maps/MainMenu.MainMenu:PersistentLevel.MainMenu' with GeneratedClass '/Game/TwinStickCPP/Maps/MainMenu.MainMenu_C' with ClassGeneratedBy '/Game/TwinStickCPP/Maps/MainMenu.MainMenu:PersistentLevel.MainMenu'
[2019.06.10-10.49.47:897][330]LogUObjectHash: Compacting FUObjectHashTables data took   0.99ms
[2019.06.10-10.49.47:922][332]LogPlayLevel: Display: Destroying online subsystem :Context_3
[2019.06.10-10.49.49:022][398]LogTemp: Repeating last play command: 选中的视口
[2019.06.10-10.49.49:038][398]LogBlueprintUserMessages: Early PlayInEditor Detection: Level '/Game/TwinStickCPP/Maps/MainMenu.MainMenu:PersistentLevel' has LevelScriptBlueprint '/Game/TwinStickCPP/Maps/MainMenu.MainMenu:PersistentLevel.MainMenu' with GeneratedClass '/Game/TwinStickCPP/Maps/MainMenu.MainMenu_C' with ClassGeneratedBy '/Game/TwinStickCPP/Maps/MainMenu.MainMenu:PersistentLevel.MainMenu'
[2019.06.10-10.49.49:038][398]LogPlayLevel: PlayLevel: No blueprints needed recompiling
[2019.06.10-10.49.49:038][398]PIE: New page: PIE会话: MainMenu (2019年6月11日 上午2:49:49)
[2019.06.10-10.49.49:038][398]LogPlayLevel: Creating play world package: /Game/TwinStickCPP/Maps/UEDPIE_0_MainMenu
[2019.06.10-10.49.49:041][398]LogPlayLevel: PIE: StaticDuplicateObject took: (0.002324s)
[2019.06.10-10.49.49:041][398]LogAIModule: Creating AISystem for world MainMenu
[2019.06.10-10.49.49:041][398]LogPlayLevel: PIE: World Init took: (0.000569s)
[2019.06.10-10.49.49:041][398]LogPlayLevel: PIE: Created PIE world by copying editor world from /Game/TwinStickCPP/Maps/MainMenu.MainMenu to /Game/TwinStickCPP/Maps/UEDPIE_0_MainMenu.MainMenu (0.003019s)
[2019.06.10-10.49.49:068][398]LogUObjectHash: Compacting FUObjectHashTables data took   0.95ms
[2019.06.10-10.49.49:069][398]LogInit: XAudio2 using 'Speakers/Headphones (Realtek(R) Audio)' : 2 channels at 48 kHz using 32 bits per sample (channel mask 0x3)
[2019.06.10-10.49.49:156][398]LogInit: FAudioDevice initialized.
[2019.06.10-10.49.49:165][398]LogSlate: Updating window title bar state: overlay mode, drag disabled, window buttons hidden, title bar hidden
[2019.06.10-10.49.49:197][398]LogLoad: Game class is 'BlueprintClassGameMode_C'
[2019.06.10-10.49.49:199][398]LogWorld: Bringing World /Game/TwinStickCPP/Maps/UEDPIE_0_MainMenu.MainMenu up for play (max tick rate 60) at 2019.06.10-18.49.49
[2019.06.10-10.49.49:200][398]LogWorld: Bringing up level for play took: 0.002021
[2019.06.10-10.49.49:212][398]LogGameMode: FindPlayerStart: PATHS NOT DEFINED or NO PLAYERSTART with positive rating
[2019.06.10-10.49.49:215][398]PIE: /Game/TwinStickCPP/Maps/UEDPIE_0_MainMenu的‘在编辑器中播放’的起始时间0.154
[2019.06.10-10.49.49:215][398]LogBlueprintUserMessages: Late PlayInEditor Detection: Level '/Game/TwinStickCPP/Maps/MainMenu.MainMenu:PersistentLevel' has LevelScriptBlueprint '/Game/TwinStickCPP/Maps/MainMenu.MainMenu:PersistentLevel.MainMenu' with GeneratedClass '/Game/TwinStickCPP/Maps/MainMenu.MainMenu_C' with ClassGeneratedBy '/Game/TwinStickCPP/Maps/MainMenu.MainMenu:PersistentLevel.MainMenu'
[2019.06.10-10.49.51:162][514]LogNet: Browse: /Game/TwinStickCPP/Maps/TwinStickExampleMap
[2019.06.10-10.49.51:162][514]LogLoad: LoadMap: /Game/TwinStickCPP/Maps/TwinStickExampleMap
[2019.06.10-10.49.51:189][514]LogUObjectHash: Compacting FUObjectHashTables data took   1.24ms
[2019.06.10-10.49.51:207][514]LogAIModule: Creating AISystem for world TwinStickExampleMap
[2019.06.10-10.49.51:207][514]LogLoad: Game class is 'BlueprintClassGameMode_C'
[2019.06.10-10.49.51:271][514]LogWorld: Bringing World /Game/TwinStickCPP/Maps/UEDPIE_0_TwinStickExampleMap.TwinStickExampleMap up for play (max tick rate 60) at 2019.06.10-18.49.51
[2019.06.10-10.49.51:271][514]LogWorld: Bringing up level for play took: 0.062874
[2019.06.10-10.49.51:273][514]LogLoad: Took 0.111568 seconds to LoadMap(/Game/TwinStickCPP/Maps/TwinStickExampleMap)
[2019.06.10-10.50.21:630][573]LogWindows: Error: === Critical error: ===
[2019.06.10-10.50.21:630][573]LogWindows: Error: 
[2019.06.10-10.50.21:630][573]LogWindows: Error: Fatal error!
[2019.06.10-10.50.21:630][573]LogWindows: Error: 
[2019.06.10-10.50.21:630][573]LogWindows: Error: Unhandled Exception: EXCEPTION_ACCESS_VIOLATION reading address 0x00000170
[2019.06.10-10.50.21:630][573]LogWindows: Error: 
[2019.06.10-10.50.21:630][573]LogWindows: Error: [Callstack] 0x00007ffe0e0244f9 UE4Editor-program3053.dll!Aprogram3053Controller::Tick() [d:\profile\3053\program3053\source\program3053\program3053controller.cpp:28]
[2019.06.10-10.50.21:630][573]LogWindows: Error: [Callstack] 0x00007ffe24c6e8a6 UE4Editor-Engine.dll!UnknownFunction []
[2019.06.10-10.50.21:630][573]LogWindows: Error: [Callstack] 0x00007ffe2405aced UE4Editor-Engine.dll!UnknownFunction []
[2019.06.10-10.50.21:630][573]LogWindows: Error: [Callstack] 0x00007ffe250129ac UE4Editor-Engine.dll!UnknownFunction []
[2019.06.10-10.50.21:630][573]LogWindows: Error: [Callstack] 0x00007ffe42a622d8 UE4Editor-Core.dll!UnknownFunction []
[2019.06.10-10.50.21:630][573]LogWindows: Error: [Callstack] 0x00007ffe42a62563 UE4Editor-Core.dll!UnknownFunction []
[2019.06.10-10.50.21:630][573]LogWindows: Error: [Callstack] 0x00007ffe42a72309 UE4Editor-Core.dll!UnknownFunction []
[2019.06.10-10.50.21:630][573]LogWindows: Error: [Callstack] 0x00007ffe2505b0d3 UE4Editor-Engine.dll!UnknownFunction []
[2019.06.10-10.50.21:630][573]LogWindows: Error: [Callstack] 0x00007ffe25067362 UE4Editor-Engine.dll!UnknownFunction []
[2019.06.10-10.50.21:630][573]LogWindows: Error: [Callstack] 0x00007ffe24889b5f UE4Editor-Engine.dll!UnknownFunction []
[2019.06.10-10.50.21:630][573]LogWindows: Error: [Callstack] 0x00007ffe24893d38 UE4Editor-Engine.dll!UnknownFunction []
[2019.06.10-10.50.21:630][573]LogWindows: Error: [Callstack] 0x00007ffe271b02c7 UE4Editor-UnrealEd.dll!UnknownFunction []
[2019.06.10-10.50.21:630][573]LogWindows: Error: [Callstack] 0x00007ffe279cc3d6 UE4Editor-UnrealEd.dll!UnknownFunction []
[2019.06.10-10.50.21:630][573]LogWindows: Error: [Callstack] 0x00007ff6b81b6bb1 UE4Editor.exe!UnknownFunction []
[2019.06.10-10.50.21:630][573]LogWindows: Error: [Callstack] 0x00007ff6b81c554c UE4Editor.exe!UnknownFunction []
[2019.06.10-10.50.21:630][573]LogWindows: Error: [Callstack] 0x00007ff6b81c55ca UE4Editor.exe!UnknownFunction []
[2019.06.10-10.50.21:630][573]LogWindows: Error: [Callstack] 0x00007ff6b81d315c UE4Editor.exe!UnknownFunction []
[2019.06.10-10.50.21:630][573]LogWindows: Error: [Callstack] 0x00007ff6b81d5b7e UE4Editor.exe!UnknownFunction []
[2019.06.10-10.50.21:630][573]LogWindows: Error: [Callstack] 0x00007ffe75f04034 KERNEL32.DLL!UnknownFunction []
[2019.06.10-10.50.21:630][573]LogWindows: Error: [Callstack] 0x00007ffe78a03691 ntdll.dll!UnknownFunction []
[2019.06.10-10.50.21:630][573]LogWindows: Error: 
[2019.06.10-10.50.21:738][573]LogExit: Executing StaticShutdownAfterError
[2019.06.10-10.50.22:792][573]LogWindows: FPlatformMisc::RequestExit(1)
[2019.06.10-10.50.22:881][573]Log file closed, 06/10/19 18:50:22
