Log file open, 06/11/19 21:21:47
LogWindows: Failed to load 'aqProf.dll' (GetLastError=126)
LogWindows: File 'aqProf.dll' does not exist
LogWindows: Failed to load 'VtuneApi.dll' (GetLastError=126)
LogWindows: File 'VtuneApi.dll' does not exist
LogWindows: Failed to load 'VtuneApi32e.dll' (GetLastError=126)
LogWindows: File 'VtuneApi32e.dll' does not exist
LogConsoleResponse: Display: Failed to find resolution value strings in scalability ini. Falling back to default.
LogInit: Display: Running engine for game: program3053
LogPakFile: Registered encryption key '00000000000000000000000000000000': 0 pak files mounted, 0 remain pending
LogPlatformFile: Not using cached read wrapper
LogTaskGraph: Started task graph with 5 named threads and 23 total threads with 3 sets of task threads.
LogStats: Stats thread started at 0.396058
LogD3D11RHI: Loaded GFSDK_Aftermath_Lib.x64.dll
LogICUInternationalization: ICU TimeZone Detection - Raw Offset: +8:00, Platform Override: ''
LogPluginManager: Mounting plugin Paper2D
LogPluginManager: Mounting plugin AISupport
LogPluginManager: Mounting plugin LightPropagationVolume
LogPluginManager: Mounting plugin ActorLayerUtilities
LogPluginManager: Mounting plugin AnimationSharing
LogPluginManager: Mounting plugin CLionSourceCodeAccess
LogPluginManager: Mounting plugin CodeLiteSourceCodeAccess
LogPluginManager: Mounting plugin GitSourceControl
LogPluginManager: Mounting plugin KDevelopSourceCodeAccess
LogPluginManager: Mounting plugin NullSourceCodeAccess
LogPluginManager: Mounting plugin PerforceSourceControl
LogPluginManager: Mounting plugin SubversionSourceControl
LogPluginManager: Mounting plugin UObjectPlugin
LogPluginManager: Mounting plugin VisualStudioCodeSourceCodeAccess
LogPluginManager: Mounting plugin VisualStudioSourceCodeAccess
LogPluginManager: Mounting plugin XCodeSourceCodeAccess
LogPluginManager: Mounting plugin AssetManagerEditor
LogPluginManager: Mounting plugin CryptoKeys
LogPluginManager: Mounting plugin DataValidation
LogPluginManager: Mounting plugin FacialAnimation
LogPluginManager: Mounting plugin GameplayTagsEditor
LogPluginManager: Mounting plugin MacGraphicsSwitching
LogPluginManager: Mounting plugin MaterialAnalyzer
LogPluginManager: Mounting plugin MobileLauncherProfileWizard
LogPluginManager: Mounting plugin PluginBrowser
LogPluginManager: Mounting plugin SpeedTreeImporter
LogPluginManager: Mounting plugin DatasmithContent
LogPluginManager: Mounting plugin VariantManagerContent
LogPluginManager: Mounting plugin AlembicImporter
LogPluginManager: Mounting plugin AppleImageUtils
LogPluginManager: Mounting plugin AppleVision
LogPluginManager: Mounting plugin BackChannel
LogPluginManager: Mounting plugin CharacterAI
LogPluginManager: Mounting plugin GeometryCache
LogPluginManager: Mounting plugin HTML5Networking
LogPluginManager: Mounting plugin ProxyLODPlugin
LogPluginManager: Mounting plugin SkeletalReduction
LogPluginManager: Mounting plugin MagicLeap
LogPluginManager: Mounting plugin MagicLeapMedia
LogPluginManager: Mounting plugin AndroidMedia
LogPluginManager: Mounting plugin AvfMedia
LogPluginManager: Mounting plugin ImgMedia
LogPluginManager: Mounting plugin LinearTimecode
LogPluginManager: Mounting plugin MediaCompositing
LogPluginManager: Mounting plugin MediaPlayerEditor
LogPluginManager: Mounting plugin WebMMedia
LogPluginManager: Mounting plugin WmfMedia
LogPluginManager: Mounting plugin TcpMessaging
LogPluginManager: Mounting plugin UdpMessaging
LogPluginManager: Mounting plugin ActorSequence
LogPluginManager: Mounting plugin LevelSequenceEditor
LogPluginManager: Mounting plugin MatineeToLevelSequence
LogPluginManager: Mounting plugin NetcodeUnitTest
LogPluginManager: Mounting plugin NUTUnrealEngine4
LogPluginManager: Mounting plugin OnlineSubsystemGooglePlay
LogPluginManager: Mounting plugin OnlineSubsystemIOS
LogPluginManager: Mounting plugin OnlineSubsystem
LogPluginManager: Mounting plugin OnlineSubsystemNull
LogPluginManager: Mounting plugin OnlineSubsystemUtils
LogPluginManager: Mounting plugin LauncherChunkInstaller
LogPluginManager: Mounting plugin AndroidDeviceProfileSelector
LogPluginManager: Mounting plugin AndroidMoviePlayer
LogPluginManager: Mounting plugin AndroidPermission
LogPluginManager: Mounting plugin AppleMoviePlayer
LogPluginManager: Mounting plugin ArchVisCharacter
LogPluginManager: Mounting plugin AudioCapture
LogPluginManager: Mounting plugin CableComponent
LogPluginManager: Mounting plugin CustomMeshComponent
LogPluginManager: Mounting plugin EditableMesh
LogPluginManager: Mounting plugin ExampleDeviceProfileSelector
LogPluginManager: Mounting plugin Firebase
LogPluginManager: Mounting plugin GoogleCloudMessaging
LogPluginManager: Mounting plugin IOSDeviceProfileSelector
LogPluginManager: Mounting plugin LinuxDeviceProfileSelector
LogPluginManager: Mounting plugin LocationServicesBPLibrary
LogPluginManager: Mounting plugin MobilePatchingUtils
LogPluginManager: Mounting plugin OculusVR
LogPluginManager: Mounting plugin PhysXVehicles
LogPluginManager: Mounting plugin ProceduralMeshComponent
LogPluginManager: Mounting plugin RuntimePhysXCooking
LogPluginManager: Mounting plugin SignificanceManager
LogPluginManager: Mounting plugin SteamVR
LogPluginManager: Mounting plugin WebMMoviePlayer
LogPluginManager: Mounting plugin WindowsMoviePlayer
LogInit: Using libcurl 7.55.1-DEV
LogInit:  - built for x86_64-pc-win32
LogInit:  - supports SSL with OpenSSL/1.1.1
LogInit:  - supports HTTP deflate (compression) using libz 1.2.8
LogInit:  - other features:
LogInit:      CURL_VERSION_SSL
LogInit:      CURL_VERSION_LIBZ
LogInit:      CURL_VERSION_IPV6
LogInit:      CURL_VERSION_ASYNCHDNS
LogInit:      CURL_VERSION_LARGEFILE
LogInit:      CURL_VERSION_IDN
LogInit:  CurlRequestOptions (configurable via config and command line):
LogInit:  - bVerifyPeer = true  - Libcurl will verify peer certificate
LogInit:  - bUseHttpProxy = false  - Libcurl will NOT use HTTP proxy
LogInit:  - bDontReuseConnections = false  - Libcurl will reuse connections
LogInit:  - MaxHostConnections = 16  - Libcurl will limit the number of connections to a host
LogInit:  - LocalHostAddr = Default
LogInit:  - BufferSize = 65536
LogInit: WinSock: version 1.1 (2.2), MaxSocks=32767, MaxUdp=65467
LogInit: Build: ++UE4+Release-4.22-CL-6574378
LogInit: Engine Version: 4.22.2-6574378+++UE4+Release-4.22
LogInit: Compatible Engine Version: 4.22.0-5660361+++UE4+Release-4.22
LogInit: Net CL: 5660361
LogInit: OS: Windows 10 (Release 1803) (), CPU: Intel(R) Core(TM) i5-8300H CPU @ 2.30GHz, GPU: Intel(R) UHD Graphics 630
LogInit: Compiled (64-bit): May 20 2019 09:54:56
LogInit: Compiled with Visual C++: 19.16.27025.01
LogInit: Build Configuration: Development
LogInit: Branch Name: ++UE4+Release-4.22
LogInit: Command Line:  -skipcompile
LogInit: Base Directory: D:/Epic/UE_4.22/Engine/Binaries/Win64/
LogInit: Installed Engine Build: 1
LogDevObjectVersion: Number of dev versions registered: 23
LogDevObjectVersion:   Dev-Blueprints (B0D832E4-1F89-4F0D-ACCF-7EB736FD4AA2): 10
LogDevObjectVersion:   Dev-Build (E1C64328-A22C-4D53-A36C-8E866417BD8C): 0
LogDevObjectVersion:   Dev-Core (375EC13C-06E4-48FB-B500-84F0262A717E): 3
LogDevObjectVersion:   Dev-Editor (E4B068ED-F494-42E9-A231-DA0B2E46BB41): 30
LogDevObjectVersion:   Dev-Framework (CFFC743F-43B0-4480-9391-14DF171D2073): 35
LogDevObjectVersion:   Dev-Mobile (B02B49B5-BB20-44E9-A304-32B752E40360): 2
LogDevObjectVersion:   Dev-Networking (A4E4105C-59A1-49B5-A7C5-40C4547EDFEE): 0
LogDevObjectVersion:   Dev-Online (39C831C9-5AE6-47DC-9A44-9C173E1C8E7C): 0
LogDevObjectVersion:   Dev-Physics (78F01B33-EBEA-4F98-B9B4-84EACCB95AA2): 0
LogDevObjectVersion:   Dev-Platform (6631380F-2D4D-43E0-8009-CF276956A95A): 0
LogDevObjectVersion:   Dev-Rendering (12F88B9F-8875-4AFC-A67C-D90C383ABD29): 28
LogDevObjectVersion:   Dev-Sequencer (7B5AE74C-D270-4C10-A958-57980B212A5A): 11
LogDevObjectVersion:   Dev-VR (D7296918-1DD6-4BDD-9DE2-64A83CC13884): 2
LogDevObjectVersion:   Dev-LoadTimes (C2A15278-BFE7-4AFE-6C17-90FF531DF755): 1
LogDevObjectVersion:   Private-Geometry (6EACA3D4-40EC-4CC1-B786-8BED09428FC5): 3
LogDevObjectVersion:   Dev-AnimPhys (29E575DD-E0A3-4627-9D10-D276232CDCEA): 17
LogDevObjectVersion:   Dev-Anim (AF43A65D-7FD3-4947-9873-3E8ED9C1BB05): 2
LogDevObjectVersion:   Dev-ReflectionCapture (6B266CEC-1EC7-4B8F-A30B-E4D90942FC07): 1
LogDevObjectVersion:   Dev-Automation (0DF73D61-A23F-47EA-B727-89E90C41499A): 1
LogDevObjectVersion:   FortniteMain (601D1886-AC64-4F84-AA16-D3DE0DEAC7D6): 25
LogDevObjectVersion:   Dev-Enterprise (9DFFBCD6-494F-0158-E221-12823C92A888): 6
LogDevObjectVersion:   Dev-Niagara (F2AED0AC-9AFE-416F-8664-AA7FFA26D6FC): 1
LogDevObjectVersion:   Dev-Destruction (174F1F0B-B4C6-45A5-B13F-2EE8D0FB917D): 2
LogInit: Presizing for max 16777216 objects, including 0 objects not considered by GC, pre-allocating 0 bytes for permanent pool.
LogInit: Object subsystem initialized
LogConfig: Setting CVar [[con.DebugEarlyDefault:1]]
LogConfig: Setting CVar [[r.setres:1280x720]]
[2019.06.11-13.21.48:078][  0]LogConfig: Setting CVar [[r.VSync:0]]
[2019.06.11-13.21.48:078][  0]LogConfig: Setting CVar [[r.RHICmdBypass:0]]
[2019.06.11-13.21.48:078][  0]LogConfig: Applying CVar settings from Section [/Script/Engine.RendererSettings] File [../../../program3053_UE/program3053/Saved/Config/Windows/Engine.ini]
[2019.06.11-13.21.48:078][  0]LogConfig: Setting CVar [[r.GPUCrashDebugging:0]]
[2019.06.11-13.21.48:078][  0]LogConfig: Applying CVar settings from Section [/Script/Engine.RendererOverrideSettings] File [../../../program3053_UE/program3053/Saved/Config/Windows/Engine.ini]
[2019.06.11-13.21.48:078][  0]LogConfig: Applying CVar settings from Section [/Script/Engine.StreamingSettings] File [../../../program3053_UE/program3053/Saved/Config/Windows/Engine.ini]
[2019.06.11-13.21.48:079][  0]LogConfig: Setting CVar [[s.MinBulkDataSizeForAsyncLoading:131072]]
[2019.06.11-13.21.48:079][  0]LogConfig: Setting CVar [[s.AsyncLoadingThreadEnabled:0]]
[2019.06.11-13.21.48:079][  0]LogConfig: Setting CVar [[s.EventDrivenLoaderEnabled:1]]
[2019.06.11-13.21.48:079][  0]LogConfig: Setting CVar [[s.WarnIfTimeLimitExceeded:0]]
[2019.06.11-13.21.48:079][  0]LogConfig: Setting CVar [[s.TimeLimitExceededMultiplier:1.5]]
[2019.06.11-13.21.48:079][  0]LogConfig: Setting CVar [[s.TimeLimitExceededMinTime:0.005]]
[2019.06.11-13.21.48:079][  0]LogConfig: Setting CVar [[s.UseBackgroundLevelStreaming:1]]
[2019.06.11-13.21.48:079][  0]LogConfig: Setting CVar [[s.PriorityAsyncLoadingExtraTime:15.0]]
[2019.06.11-13.21.48:079][  0]LogConfig: Setting CVar [[s.LevelStreamingActorsUpdateTimeLimit:5.0]]
[2019.06.11-13.21.48:079][  0]LogConfig: Setting CVar [[s.PriorityLevelStreamingActorsUpdateExtraTime:5.0]]
[2019.06.11-13.21.48:079][  0]LogConfig: Setting CVar [[s.LevelStreamingComponentsRegistrationGranularity:10]]
[2019.06.11-13.21.48:079][  0]LogConfig: Setting CVar [[s.UnregisterComponentsTimeLimit:1.0]]
[2019.06.11-13.21.48:079][  0]LogConfig: Setting CVar [[s.LevelStreamingComponentsUnregistrationGranularity:5]]
[2019.06.11-13.21.48:079][  0]LogConfig: Applying CVar settings from Section [/Script/Engine.GarbageCollectionSettings] File [../../../program3053_UE/program3053/Saved/Config/Windows/Engine.ini]
[2019.06.11-13.21.48:079][  0]LogConfig: Setting CVar [[gc.MaxObjectsNotConsideredByGC:1]]
[2019.06.11-13.21.48:079][  0]LogConfig: Setting CVar [[gc.SizeOfPermanentObjectPool:0]]
[2019.06.11-13.21.48:080][  0]LogConfig: Setting CVar [[gc.FlushStreamingOnGC:0]]
[2019.06.11-13.21.48:080][  0]LogConfig: Setting CVar [[gc.NumRetriesBeforeForcingGC:10]]
[2019.06.11-13.21.48:080][  0]LogConfig: Setting CVar [[gc.AllowParallelGC:1]]
[2019.06.11-13.21.48:080][  0]LogConfig: Setting CVar [[gc.TimeBetweenPurgingPendingKillObjects:61.1]]
[2019.06.11-13.21.48:080][  0]LogConfig: Setting CVar [[gc.MaxObjectsInEditor:16777216]]
[2019.06.11-13.21.48:080][  0]LogConfig: Setting CVar [[gc.IncrementalBeginDestroyEnabled:1]]
[2019.06.11-13.21.48:080][  0]LogConfig: Setting CVar [[gc.CreateGCClusters:1]]
[2019.06.11-13.21.48:080][  0]LogConfig: Setting CVar [[gc.MinGCClusterSize:5]]
[2019.06.11-13.21.48:080][  0]LogConfig: Setting CVar [[gc.ActorClusteringEnabled:0]]
[2019.06.11-13.21.48:080][  0]LogConfig: Setting CVar [[gc.BlueprintClusteringEnabled:0]]
[2019.06.11-13.21.48:080][  0]LogConfig: Setting CVar [[gc.UseDisregardForGCOnDedicatedServers:0]]
[2019.06.11-13.21.48:080][  0]LogConfig: Applying CVar settings from Section [/Script/Engine.NetworkSettings] File [../../../program3053_UE/program3053/Saved/Config/Windows/Engine.ini]
[2019.06.11-13.21.48:080][  0]LogConfig: Applying CVar settings from Section [/Script/UnrealEd.CookerSettings] File [../../../program3053_UE/program3053/Saved/Config/Windows/Engine.ini]
[2019.06.11-13.21.48:088][  0]LogConfig: Applying CVar settings from Section [ViewDistanceQuality@3] File [../../../program3053_UE/program3053/Saved/Config/Windows/Scalability.ini]
[2019.06.11-13.21.48:088][  0]LogConfig: Setting CVar [[r.SkeletalMeshLODBias:0]]
[2019.06.11-13.21.48:088][  0]LogConfig: Setting CVar [[r.ViewDistanceScale:1.0]]
[2019.06.11-13.21.48:088][  0]LogConfig: Applying CVar settings from Section [AntiAliasingQuality@3] File [../../../program3053_UE/program3053/Saved/Config/Windows/Scalability.ini]
[2019.06.11-13.21.48:088][  0]LogConfig: Setting CVar [[r.PostProcessAAQuality:4]]
[2019.06.11-13.21.48:088][  0]LogConfig: Applying CVar settings from Section [ShadowQuality@3] File [../../../program3053_UE/program3053/Saved/Config/Windows/Scalability.ini]
[2019.06.11-13.21.48:088][  0]LogConfig: Setting CVar [[r.LightFunctionQuality:1]]
[2019.06.11-13.21.48:088][  0]LogConfig: Setting CVar [[r.ShadowQuality:5]]
[2019.06.11-13.21.48:088][  0]LogConfig: Setting CVar [[r.Shadow.CSM.MaxCascades:10]]
[2019.06.11-13.21.48:088][  0]LogConfig: Setting CVar [[r.Shadow.MaxResolution:2048]]
[2019.06.11-13.21.48:088][  0]LogConfig: Setting CVar [[r.Shadow.MaxCSMResolution:2048]]
[2019.06.11-13.21.48:089][  0]LogConfig: Setting CVar [[r.Shadow.RadiusThreshold:0.01]]
[2019.06.11-13.21.48:089][  0]LogConfig: Setting CVar [[r.Shadow.DistanceScale:1.0]]
[2019.06.11-13.21.48:089][  0]LogConfig: Setting CVar [[r.Shadow.CSM.TransitionScale:1.0]]
[2019.06.11-13.21.48:089][  0]LogConfig: Setting CVar [[r.Shadow.PreShadowResolutionFactor:1.0]]
[2019.06.11-13.21.48:089][  0]LogConfig: Setting CVar [[r.DistanceFieldShadowing:1]]
[2019.06.11-13.21.48:089][  0]LogConfig: Setting CVar [[r.DistanceFieldAO:1]]
[2019.06.11-13.21.48:089][  0]LogConfig: Setting CVar [[r.AOQuality:2]]
[2019.06.11-13.21.48:089][  0]LogConfig: Setting CVar [[r.VolumetricFog:1]]
[2019.06.11-13.21.48:089][  0]LogConfig: Setting CVar [[r.VolumetricFog.GridPixelSize:8]]
[2019.06.11-13.21.48:089][  0]LogConfig: Setting CVar [[r.VolumetricFog.GridSizeZ:128]]
[2019.06.11-13.21.48:089][  0]LogConfig: Setting CVar [[r.VolumetricFog.HistoryMissSupersampleCount:4]]
[2019.06.11-13.21.48:089][  0]LogConfig: Setting CVar [[r.LightMaxDrawDistanceScale:1]]
[2019.06.11-13.21.48:089][  0]LogConfig: Setting CVar [[r.CapsuleShadows:1]]
[2019.06.11-13.21.48:089][  0]LogConfig: Applying CVar settings from Section [PostProcessQuality@3] File [../../../program3053_UE/program3053/Saved/Config/Windows/Scalability.ini]
[2019.06.11-13.21.48:089][  0]LogConfig: Setting CVar [[r.MotionBlurQuality:4]]
[2019.06.11-13.21.48:090][  0]LogConfig: Setting CVar [[r.AmbientOcclusionMipLevelFactor:0.4]]
[2019.06.11-13.21.48:090][  0]LogConfig: Setting CVar [[r.AmbientOcclusionMaxQuality:100]]
[2019.06.11-13.21.48:090][  0]LogConfig: Setting CVar [[r.AmbientOcclusionLevels:-1]]
[2019.06.11-13.21.48:090][  0]LogConfig: Setting CVar [[r.AmbientOcclusionRadiusScale:1.0]]
[2019.06.11-13.21.48:090][  0]LogConfig: Setting CVar [[r.DepthOfFieldQuality:2]]
[2019.06.11-13.21.48:090][  0]LogConfig: Setting CVar [[r.RenderTargetPoolMin:400]]
[2019.06.11-13.21.48:090][  0]LogConfig: Setting CVar [[r.LensFlareQuality:2]]
[2019.06.11-13.21.48:090][  0]LogConfig: Setting CVar [[r.SceneColorFringeQuality:1]]
[2019.06.11-13.21.48:090][  0]LogConfig: Setting CVar [[r.EyeAdaptationQuality:2]]
[2019.06.11-13.21.48:090][  0]LogConfig: Setting CVar [[r.BloomQuality:5]]
[2019.06.11-13.21.48:090][  0]LogConfig: Setting CVar [[r.FastBlurThreshold:100]]
[2019.06.11-13.21.48:090][  0]LogConfig: Setting CVar [[r.Upscale.Quality:3]]
[2019.06.11-13.21.48:090][  0]LogConfig: Setting CVar [[r.Tonemapper.GrainQuantization:1]]
[2019.06.11-13.21.48:090][  0]LogConfig: Setting CVar [[r.LightShaftQuality:1]]
[2019.06.11-13.21.48:090][  0]LogConfig: Setting CVar [[r.Filter.SizeScale:1]]
[2019.06.11-13.21.48:090][  0]LogConfig: Setting CVar [[r.Tonemapper.Quality:5]]
[2019.06.11-13.21.48:090][  0]LogConfig: Setting CVar [[r.DOF.Gather.AccumulatorQuality:1        ; higher gathering accumulator quality]]
[2019.06.11-13.21.48:091][  0]LogConfig: Setting CVar [[r.DOF.Gather.PostfilterMethod:1          ; Median3x3 postfilering method]]
[2019.06.11-13.21.48:091][  0]LogConfig: Setting CVar [[r.DOF.Gather.EnableBokehSettings:0       ; no bokeh simulation when gathering]]
[2019.06.11-13.21.48:091][  0]LogConfig: Setting CVar [[r.DOF.Gather.RingCount:4                 ; medium number of samples when gathering]]
[2019.06.11-13.21.48:091][  0]LogConfig: Setting CVar [[r.DOF.Scatter.ForegroundCompositing:1    ; additive foreground scattering]]
[2019.06.11-13.21.48:091][  0]LogConfig: Setting CVar [[r.DOF.Scatter.BackgroundCompositing:2    ; additive background scattering]]
[2019.06.11-13.21.48:091][  0]LogConfig: Setting CVar [[r.DOF.Scatter.EnableBokehSettings:1      ; bokeh simulation when scattering]]
[2019.06.11-13.21.48:091][  0]LogConfig: Setting CVar [[r.DOF.Scatter.MaxSpriteRatio:0.1         ; only a maximum of 10% of scattered bokeh]]
[2019.06.11-13.21.48:091][  0]LogConfig: Setting CVar [[r.DOF.Recombine.Quality:1                ; cheap slight out of focus]]
[2019.06.11-13.21.48:091][  0]LogConfig: Setting CVar [[r.DOF.Recombine.EnableBokehSettings:0    ; no bokeh simulation on slight out of focus]]
[2019.06.11-13.21.48:091][  0]LogConfig: Setting CVar [[r.DOF.TemporalAAQuality:1                ; more stable temporal accumulation]]
[2019.06.11-13.21.48:091][  0]LogConfig: Setting CVar [[r.DOF.Kernel.MaxForegroundRadius:0.025]]
[2019.06.11-13.21.48:091][  0]LogConfig: Setting CVar [[r.DOF.Kernel.MaxBackgroundRadius:0.025]]
[2019.06.11-13.21.48:091][  0]LogConfig: Applying CVar settings from Section [TextureQuality@3] File [../../../program3053_UE/program3053/Saved/Config/Windows/Scalability.ini]
[2019.06.11-13.21.48:091][  0]LogConfig: Setting CVar [[r.Streaming.MipBias:0]]
[2019.06.11-13.21.48:091][  0]LogConfig: Setting CVar [[r.Streaming.AmortizeCPUToGPUCopy:0]]
[2019.06.11-13.21.48:091][  0]LogConfig: Setting CVar [[r.Streaming.MaxNumTexturesToStreamPerFrame:0]]
[2019.06.11-13.21.48:092][  0]LogConfig: Setting CVar [[r.Streaming.Boost:1]]
[2019.06.11-13.21.48:092][  0]LogConfig: Setting CVar [[r.MaxAnisotropy:8]]
[2019.06.11-13.21.48:092][  0]LogConfig: Setting CVar [[r.Streaming.LimitPoolSizeToVRAM:0]]
[2019.06.11-13.21.48:092][  0]LogConfig: Setting CVar [[r.Streaming.PoolSize:1000]]
[2019.06.11-13.21.48:092][  0]LogConfig: Setting CVar [[r.Streaming.MaxEffectiveScreenSize:0]]
[2019.06.11-13.21.48:092][  0]LogConfig: Applying CVar settings from Section [EffectsQuality@3] File [../../../program3053_UE/program3053/Saved/Config/Windows/Scalability.ini]
[2019.06.11-13.21.48:092][  0]LogConfig: Setting CVar [[r.TranslucencyLightingVolumeDim:64]]
[2019.06.11-13.21.48:092][  0]LogConfig: Setting CVar [[r.RefractionQuality:2]]
[2019.06.11-13.21.48:092][  0]LogConfig: Setting CVar [[r.SSR.Quality:3]]
[2019.06.11-13.21.48:092][  0]LogConfig: Setting CVar [[r.SceneColorFormat:4]]
[2019.06.11-13.21.48:092][  0]LogConfig: Setting CVar [[r.DetailMode:2]]
[2019.06.11-13.21.48:092][  0]LogConfig: Setting CVar [[r.TranslucencyVolumeBlur:1]]
[2019.06.11-13.21.48:092][  0]LogConfig: Setting CVar [[r.MaterialQualityLevel:1 ; High quality]]
[2019.06.11-13.21.48:092][  0]LogConfig: Setting CVar [[r.SSS.Scale:1]]
[2019.06.11-13.21.48:092][  0]LogConfig: Setting CVar [[r.SSS.SampleSet:2]]
[2019.06.11-13.21.48:092][  0]LogConfig: Setting CVar [[r.SSS.Quality:1]]
[2019.06.11-13.21.48:092][  0]LogConfig: Setting CVar [[r.SSS.HalfRes:1]]
[2019.06.11-13.21.48:092][  0]LogConfig: Setting CVar [[r.EmitterSpawnRateScale:1.0]]
[2019.06.11-13.21.48:092][  0]LogConfig: Setting CVar [[r.ParticleLightQuality:2]]
[2019.06.11-13.21.48:092][  0]LogConfig: Applying CVar settings from Section [FoliageQuality@3] File [../../../program3053_UE/program3053/Saved/Config/Windows/Scalability.ini]
[2019.06.11-13.21.48:092][  0]LogConfig: Setting CVar [[foliage.DensityScale:1.0]]
[2019.06.11-13.21.48:092][  0]LogConfig: Setting CVar [[grass.DensityScale:1.0]]
[2019.06.11-13.21.48:093][  0]LogInit: Selected Device Profile: [Windows]
[2019.06.11-13.21.48:093][  0]LogInit: Applying CVar settings loaded from the selected device profile: [Windows]
[2019.06.11-13.21.48:101][  0]LogHAL: Display: Platform has ~ 8 GB [8443830272 / 8589934592 / 8], which maps to Default [LargestMinGB=32, LargerMinGB=12, DefaultMinGB=8, SmallerMinGB=6, SmallestMinGB=0)
[2019.06.11-13.21.48:101][  0]LogConfig: Setting CVar [[r.Vulkan.UseRealUBs:0		; Required until we fix HLR fall-out]]
[2019.06.11-13.21.48:101][  0]LogInit: Going up to parent DeviceProfile []
[2019.06.11-13.21.48:101][  0]LogConfig: Applying CVar settings from Section [ViewDistanceQuality@3] File [../../../program3053_UE/program3053/Saved/Config/Windows/Scalability.ini]
[2019.06.11-13.21.48:101][  0]LogConfig: Setting CVar [[r.SkeletalMeshLODBias:0]]
[2019.06.11-13.21.48:101][  0]LogConfig: Setting CVar [[r.ViewDistanceScale:1.0]]
[2019.06.11-13.21.48:101][  0]LogConfig: Applying CVar settings from Section [AntiAliasingQuality@3] File [../../../program3053_UE/program3053/Saved/Config/Windows/Scalability.ini]
[2019.06.11-13.21.48:101][  0]LogConfig: Setting CVar [[r.PostProcessAAQuality:4]]
[2019.06.11-13.21.48:101][  0]LogConfig: Applying CVar settings from Section [ShadowQuality@3] File [../../../program3053_UE/program3053/Saved/Config/Windows/Scalability.ini]
[2019.06.11-13.21.48:101][  0]LogConfig: Setting CVar [[r.LightFunctionQuality:1]]
[2019.06.11-13.21.48:101][  0]LogConfig: Setting CVar [[r.ShadowQuality:5]]
[2019.06.11-13.21.48:101][  0]LogConfig: Setting CVar [[r.Shadow.CSM.MaxCascades:10]]
[2019.06.11-13.21.48:101][  0]LogConfig: Setting CVar [[r.Shadow.MaxResolution:2048]]
[2019.06.11-13.21.48:101][  0]LogConfig: Setting CVar [[r.Shadow.MaxCSMResolution:2048]]
[2019.06.11-13.21.48:101][  0]LogConfig: Setting CVar [[r.Shadow.RadiusThreshold:0.01]]
[2019.06.11-13.21.48:102][  0]LogConfig: Setting CVar [[r.Shadow.DistanceScale:1.0]]
[2019.06.11-13.21.48:102][  0]LogConfig: Setting CVar [[r.Shadow.CSM.TransitionScale:1.0]]
[2019.06.11-13.21.48:102][  0]LogConfig: Setting CVar [[r.Shadow.PreShadowResolutionFactor:1.0]]
[2019.06.11-13.21.48:102][  0]LogConfig: Setting CVar [[r.DistanceFieldShadowing:1]]
[2019.06.11-13.21.48:102][  0]LogConfig: Setting CVar [[r.DistanceFieldAO:1]]
[2019.06.11-13.21.48:102][  0]LogConfig: Setting CVar [[r.AOQuality:2]]
[2019.06.11-13.21.48:102][  0]LogConfig: Setting CVar [[r.VolumetricFog:1]]
[2019.06.11-13.21.48:102][  0]LogConfig: Setting CVar [[r.VolumetricFog.GridPixelSize:8]]
[2019.06.11-13.21.48:102][  0]LogConfig: Setting CVar [[r.VolumetricFog.GridSizeZ:128]]
[2019.06.11-13.21.48:102][  0]LogConfig: Setting CVar [[r.VolumetricFog.HistoryMissSupersampleCount:4]]
[2019.06.11-13.21.48:102][  0]LogConfig: Setting CVar [[r.LightMaxDrawDistanceScale:1]]
[2019.06.11-13.21.48:102][  0]LogConfig: Setting CVar [[r.CapsuleShadows:1]]
[2019.06.11-13.21.48:102][  0]LogConfig: Applying CVar settings from Section [PostProcessQuality@3] File [../../../program3053_UE/program3053/Saved/Config/Windows/Scalability.ini]
[2019.06.11-13.21.48:102][  0]LogConfig: Setting CVar [[r.MotionBlurQuality:4]]
[2019.06.11-13.21.48:102][  0]LogConfig: Setting CVar [[r.AmbientOcclusionMipLevelFactor:0.4]]
[2019.06.11-13.21.48:102][  0]LogConfig: Setting CVar [[r.AmbientOcclusionMaxQuality:100]]
[2019.06.11-13.21.48:103][  0]LogConfig: Setting CVar [[r.AmbientOcclusionLevels:-1]]
[2019.06.11-13.21.48:103][  0]LogConfig: Setting CVar [[r.AmbientOcclusionRadiusScale:1.0]]
[2019.06.11-13.21.48:103][  0]LogConfig: Setting CVar [[r.DepthOfFieldQuality:2]]
[2019.06.11-13.21.48:103][  0]LogConfig: Setting CVar [[r.RenderTargetPoolMin:400]]
[2019.06.11-13.21.48:103][  0]LogConfig: Setting CVar [[r.LensFlareQuality:2]]
[2019.06.11-13.21.48:103][  0]LogConfig: Setting CVar [[r.SceneColorFringeQuality:1]]
[2019.06.11-13.21.48:103][  0]LogConfig: Setting CVar [[r.EyeAdaptationQuality:2]]
[2019.06.11-13.21.48:103][  0]LogConfig: Setting CVar [[r.BloomQuality:5]]
[2019.06.11-13.21.48:103][  0]LogConfig: Setting CVar [[r.FastBlurThreshold:100]]
[2019.06.11-13.21.48:103][  0]LogConfig: Setting CVar [[r.Upscale.Quality:3]]
[2019.06.11-13.21.48:103][  0]LogConfig: Setting CVar [[r.Tonemapper.GrainQuantization:1]]
[2019.06.11-13.21.48:103][  0]LogConfig: Setting CVar [[r.LightShaftQuality:1]]
[2019.06.11-13.21.48:103][  0]LogConfig: Setting CVar [[r.Filter.SizeScale:1]]
[2019.06.11-13.21.48:103][  0]LogConfig: Setting CVar [[r.Tonemapper.Quality:5]]
[2019.06.11-13.21.48:103][  0]LogConfig: Setting CVar [[r.DOF.Gather.AccumulatorQuality:1        ; higher gathering accumulator quality]]
[2019.06.11-13.21.48:103][  0]LogConfig: Setting CVar [[r.DOF.Gather.PostfilterMethod:1          ; Median3x3 postfilering method]]
[2019.06.11-13.21.48:103][  0]LogConfig: Setting CVar [[r.DOF.Gather.EnableBokehSettings:0       ; no bokeh simulation when gathering]]
[2019.06.11-13.21.48:104][  0]LogConfig: Setting CVar [[r.DOF.Gather.RingCount:4                 ; medium number of samples when gathering]]
[2019.06.11-13.21.48:104][  0]LogConfig: Setting CVar [[r.DOF.Scatter.ForegroundCompositing:1    ; additive foreground scattering]]
[2019.06.11-13.21.48:104][  0]LogConfig: Setting CVar [[r.DOF.Scatter.BackgroundCompositing:2    ; additive background scattering]]
[2019.06.11-13.21.48:104][  0]LogConfig: Setting CVar [[r.DOF.Scatter.EnableBokehSettings:1      ; bokeh simulation when scattering]]
[2019.06.11-13.21.48:104][  0]LogConfig: Setting CVar [[r.DOF.Scatter.MaxSpriteRatio:0.1         ; only a maximum of 10% of scattered bokeh]]
[2019.06.11-13.21.48:104][  0]LogConfig: Setting CVar [[r.DOF.Recombine.Quality:1                ; cheap slight out of focus]]
[2019.06.11-13.21.48:104][  0]LogConfig: Setting CVar [[r.DOF.Recombine.EnableBokehSettings:0    ; no bokeh simulation on slight out of focus]]
[2019.06.11-13.21.48:104][  0]LogConfig: Setting CVar [[r.DOF.TemporalAAQuality:1                ; more stable temporal accumulation]]
[2019.06.11-13.21.48:104][  0]LogConfig: Setting CVar [[r.DOF.Kernel.MaxForegroundRadius:0.025]]
[2019.06.11-13.21.48:104][  0]LogConfig: Setting CVar [[r.DOF.Kernel.MaxBackgroundRadius:0.025]]
[2019.06.11-13.21.48:104][  0]LogConfig: Applying CVar settings from Section [TextureQuality@3] File [../../../program3053_UE/program3053/Saved/Config/Windows/Scalability.ini]
[2019.06.11-13.21.48:104][  0]LogConfig: Setting CVar [[r.Streaming.MipBias:0]]
[2019.06.11-13.21.48:104][  0]LogConfig: Setting CVar [[r.Streaming.AmortizeCPUToGPUCopy:0]]
[2019.06.11-13.21.48:104][  0]LogConfig: Setting CVar [[r.Streaming.MaxNumTexturesToStreamPerFrame:0]]
[2019.06.11-13.21.48:104][  0]LogConfig: Setting CVar [[r.Streaming.Boost:1]]
[2019.06.11-13.21.48:104][  0]LogConfig: Setting CVar [[r.MaxAnisotropy:8]]
[2019.06.11-13.21.48:104][  0]LogConfig: Setting CVar [[r.Streaming.LimitPoolSizeToVRAM:0]]
[2019.06.11-13.21.48:104][  0]LogConfig: Setting CVar [[r.Streaming.PoolSize:1000]]
[2019.06.11-13.21.48:104][  0]LogConfig: Setting CVar [[r.Streaming.MaxEffectiveScreenSize:0]]
[2019.06.11-13.21.48:104][  0]LogConfig: Applying CVar settings from Section [EffectsQuality@3] File [../../../program3053_UE/program3053/Saved/Config/Windows/Scalability.ini]
[2019.06.11-13.21.48:104][  0]LogConfig: Setting CVar [[r.TranslucencyLightingVolumeDim:64]]
[2019.06.11-13.21.48:104][  0]LogConfig: Setting CVar [[r.RefractionQuality:2]]
[2019.06.11-13.21.48:104][  0]LogConfig: Setting CVar [[r.SSR.Quality:3]]
[2019.06.11-13.21.48:105][  0]LogConfig: Setting CVar [[r.SceneColorFormat:4]]
[2019.06.11-13.21.48:105][  0]LogConfig: Setting CVar [[r.DetailMode:2]]
[2019.06.11-13.21.48:105][  0]LogConfig: Setting CVar [[r.TranslucencyVolumeBlur:1]]
[2019.06.11-13.21.48:105][  0]LogConfig: Setting CVar [[r.MaterialQualityLevel:1 ; High quality]]
[2019.06.11-13.21.48:105][  0]LogConfig: Setting CVar [[r.SSS.Scale:1]]
[2019.06.11-13.21.48:105][  0]LogConfig: Setting CVar [[r.SSS.SampleSet:2]]
[2019.06.11-13.21.48:105][  0]LogConfig: Setting CVar [[r.SSS.Quality:1]]
[2019.06.11-13.21.48:105][  0]LogConfig: Setting CVar [[r.SSS.HalfRes:1]]
[2019.06.11-13.21.48:105][  0]LogConfig: Setting CVar [[r.EmitterSpawnRateScale:1.0]]
[2019.06.11-13.21.48:105][  0]LogConfig: Setting CVar [[r.ParticleLightQuality:2]]
[2019.06.11-13.21.48:105][  0]LogConfig: Applying CVar settings from Section [FoliageQuality@3] File [../../../program3053_UE/program3053/Saved/Config/Windows/Scalability.ini]
[2019.06.11-13.21.48:105][  0]LogConfig: Setting CVar [[foliage.DensityScale:1.0]]
[2019.06.11-13.21.48:105][  0]LogConfig: Setting CVar [[grass.DensityScale:1.0]]
[2019.06.11-13.21.48:105][  0]LogConfig: Applying CVar settings from Section [Startup] File [../../../Engine/Config/ConsoleVariables.ini]
[2019.06.11-13.21.48:105][  0]LogConfig: Setting CVar [[net.UseAdaptiveNetUpdateFrequency:0]]
[2019.06.11-13.21.48:105][  0]LogConfig: Setting CVar [[p.chaos.AllowCreatePhysxBodies:1]]
[2019.06.11-13.21.48:105][  0]LogConfig: Applying CVar settings from Section [ConsoleVariables] File [../../../program3053_UE/program3053/Saved/Config/Windows/Engine.ini]
[2019.06.11-13.21.48:106][  0]LogInit: Computer: DESKTOP-JAV4KFL
[2019.06.11-13.21.48:106][  0]LogInit: User: 王传坤
[2019.06.11-13.21.48:106][  0]LogInit: CPU Page size=4096, Cores=4
[2019.06.11-13.21.48:106][  0]LogInit: High frequency timer resolution =2.249998 MHz
[2019.06.11-13.21.48:106][  0]LogMemory: Memory total: Physical=7.9GB (8GB approx)
[2019.06.11-13.21.48:106][  0]LogMemory: Platform Memory Stats for Windows
[2019.06.11-13.21.48:106][  0]LogMemory: Process Physical Memory: 97.52 MB used, 97.52 MB peak
[2019.06.11-13.21.48:106][  0]LogMemory: Process Virtual Memory: 93.00 MB used, 93.00 MB peak
[2019.06.11-13.21.48:106][  0]LogMemory: Physical Memory: 5418.12 MB used,  2634.55 MB free, 8052.66 MB total
[2019.06.11-13.21.48:106][  0]LogMemory: Virtual Memory: 4662.88 MB used,  134213064.00 MB free, 134217728.00 MB total
[2019.06.11-13.21.48:237][  0]LogInit: Using OS detected language (zh-CN).
[2019.06.11-13.21.48:237][  0]LogInit: Using OS detected locale (zh-CN).
[2019.06.11-13.21.48:238][  0]LogTextLocalizationResource: LocRes '../../../Engine/Content/Localization/Editor/zh-Hans-CN/Editor.locres' could not be opened for reading!
[2019.06.11-13.21.48:238][  0]LogTextLocalizationResource: LocRes '../../../Engine/Content/Localization/EditorTutorials/zh-Hans-CN/EditorTutorials.locres' could not be opened for reading!
[2019.06.11-13.21.48:238][  0]LogTextLocalizationResource: LocRes '../../../Engine/Content/Localization/Keywords/zh-Hans-CN/Keywords.locres' could not be opened for reading!
[2019.06.11-13.21.48:239][  0]LogTextLocalizationResource: LocRes '../../../Engine/Content/Localization/Category/zh-Hans-CN/Category.locres' could not be opened for reading!
[2019.06.11-13.21.48:239][  0]LogTextLocalizationResource: LocRes '../../../Engine/Content/Localization/ToolTips/zh-Hans-CN/ToolTips.locres' could not be opened for reading!
[2019.06.11-13.21.48:239][  0]LogTextLocalizationResource: LocRes '../../../Engine/Content/Localization/PropertyNames/zh-Hans-CN/PropertyNames.locres' could not be opened for reading!
[2019.06.11-13.21.48:239][  0]LogTextLocalizationResource: LocRes '../../../Engine/Content/Localization/Engine/zh-Hans-CN/Engine.locres' could not be opened for reading!
[2019.06.11-13.21.48:239][  0]LogTextLocalizationResource: LocRes '../../../Engine/Plugins/Online/Android/OnlineSubsystemGooglePlay/Content/Localization/OnlineSubsystemGooglePlay/zh-Hans-CN/OnlineSubsystemGooglePlay.locres' could not be opened for reading!
[2019.06.11-13.21.48:240][  0]LogTextLocalizationResource: LocRes '../../../Engine/Plugins/Online/IOS/OnlineSubsystemIOS/Content/Localization/OnlineSubsystemIOS/zh-Hans-CN/OnlineSubsystemIOS.locres' could not be opened for reading!
[2019.06.11-13.21.48:240][  0]LogTextLocalizationResource: LocRes '../../../Engine/Plugins/Online/OnlineSubsystem/Content/Localization/OnlineSubsystem/zh-Hans-CN/OnlineSubsystem.locres' could not be opened for reading!
[2019.06.11-13.21.48:240][  0]LogTextLocalizationResource: LocRes '../../../Engine/Plugins/Online/OnlineSubsystemUtils/Content/Localization/OnlineSubsystemUtils/zh-Hans-CN/OnlineSubsystemUtils.locres' could not be opened for reading!
[2019.06.11-13.21.48:278][  0]LogTextLocalizationResource: LocRes '../../../Engine/Plugins/Online/Android/OnlineSubsystemGooglePlay/Content/Localization/OnlineSubsystemGooglePlay/zh-CN/OnlineSubsystemGooglePlay.locres' could not be opened for reading!
[2019.06.11-13.21.48:278][  0]LogTextLocalizationResource: LocRes '../../../Engine/Plugins/Online/IOS/OnlineSubsystemIOS/Content/Localization/OnlineSubsystemIOS/zh-CN/OnlineSubsystemIOS.locres' could not be opened for reading!
[2019.06.11-13.21.48:278][  0]LogTextLocalizationResource: LocRes '../../../Engine/Plugins/Online/OnlineSubsystem/Content/Localization/OnlineSubsystem/zh-CN/OnlineSubsystem.locres' could not be opened for reading!
[2019.06.11-13.21.48:279][  0]LogTextLocalizationResource: LocRes '../../../Engine/Plugins/Online/OnlineSubsystemUtils/Content/Localization/OnlineSubsystemUtils/zh-CN/OnlineSubsystemUtils.locres' could not be opened for reading!
[2019.06.11-13.21.48:279][  0]LogTextLocalizationResource: LocRes '../../../Engine/Content/Localization/Editor/zh-Hans/Editor.locres' could not be opened for reading!
[2019.06.11-13.21.48:279][  0]LogTextLocalizationResource: LocRes '../../../Engine/Content/Localization/EditorTutorials/zh-Hans/EditorTutorials.locres' could not be opened for reading!
[2019.06.11-13.21.48:279][  0]LogTextLocalizationResource: LocRes '../../../Engine/Content/Localization/Keywords/zh-Hans/Keywords.locres' could not be opened for reading!
[2019.06.11-13.21.48:279][  0]LogTextLocalizationResource: LocRes '../../../Engine/Content/Localization/Category/zh-Hans/Category.locres' could not be opened for reading!
[2019.06.11-13.21.48:280][  0]LogTextLocalizationResource: LocRes '../../../Engine/Content/Localization/ToolTips/zh-Hans/ToolTips.locres' could not be opened for reading!
[2019.06.11-13.21.48:280][  0]LogTextLocalizationResource: LocRes '../../../Engine/Content/Localization/PropertyNames/zh-Hans/PropertyNames.locres' could not be opened for reading!
[2019.06.11-13.21.48:280][  0]LogTextLocalizationResource: LocRes '../../../Engine/Content/Localization/Engine/zh-Hans/Engine.locres' could not be opened for reading!
[2019.06.11-13.21.48:281][  0]LogTextLocalizationResource: LocRes '../../../Engine/Content/Localization/Editor/zh/Editor.locres' could not be opened for reading!
[2019.06.11-13.21.48:281][  0]LogTextLocalizationResource: LocRes '../../../Engine/Content/Localization/EditorTutorials/zh/EditorTutorials.locres' could not be opened for reading!
[2019.06.11-13.21.48:282][  0]LogTextLocalizationResource: LocRes '../../../Engine/Content/Localization/Keywords/zh/Keywords.locres' could not be opened for reading!
[2019.06.11-13.21.48:282][  0]LogTextLocalizationResource: LocRes '../../../Engine/Content/Localization/Category/zh/Category.locres' could not be opened for reading!
[2019.06.11-13.21.48:282][  0]LogTextLocalizationResource: LocRes '../../../Engine/Content/Localization/ToolTips/zh/ToolTips.locres' could not be opened for reading!
[2019.06.11-13.21.48:282][  0]LogTextLocalizationResource: LocRes '../../../Engine/Content/Localization/PropertyNames/zh/PropertyNames.locres' could not be opened for reading!
[2019.06.11-13.21.48:283][  0]LogTextLocalizationResource: LocRes '../../../Engine/Content/Localization/Engine/zh/Engine.locres' could not be opened for reading!
[2019.06.11-13.21.48:283][  0]LogTextLocalizationResource: LocRes '../../../Engine/Plugins/Online/Android/OnlineSubsystemGooglePlay/Content/Localization/OnlineSubsystemGooglePlay/zh/OnlineSubsystemGooglePlay.locres' could not be opened for reading!
[2019.06.11-13.21.48:283][  0]LogTextLocalizationResource: LocRes '../../../Engine/Plugins/Online/IOS/OnlineSubsystemIOS/Content/Localization/OnlineSubsystemIOS/zh/OnlineSubsystemIOS.locres' could not be opened for reading!
[2019.06.11-13.21.48:283][  0]LogTextLocalizationResource: LocRes '../../../Engine/Plugins/Online/OnlineSubsystem/Content/Localization/OnlineSubsystem/zh/OnlineSubsystem.locres' could not be opened for reading!
[2019.06.11-13.21.48:283][  0]LogTextLocalizationResource: LocRes '../../../Engine/Plugins/Online/OnlineSubsystemUtils/Content/Localization/OnlineSubsystemUtils/zh/OnlineSubsystemUtils.locres' could not be opened for reading!
[2019.06.11-13.21.48:305][  0]LogInit: Setting process to per monitor DPI aware
[2019.06.11-13.21.48:352][  0]LogSlate: New Slate User Created.  User Index 0, Is Virtual User: 0
[2019.06.11-13.21.48:352][  0]LogSlate: Slate User Registered.  User Index 0, Is Virtual User: 0
[2019.06.11-13.21.48:635][  0]LogHMD: Failed to initialize OpenVR with code 110
[2019.06.11-13.21.48:635][  0]LogD3D11RHI: D3D11 adapters:
[2019.06.11-13.21.49:111][  0]LogD3D11RHI:    0. 'NVIDIA GeForce GTX 1050 Ti' (Feature Level 11_0)
[2019.06.11-13.21.49:112][  0]LogD3D11RHI:       4018/0/4026 MB DedicatedVideo/DedicatedSystem/SharedSystem, Outputs:1, VendorId:0x10de
[2019.06.11-13.21.49:143][  0]LogD3D11RHI:    1. 'Intel(R) UHD Graphics 630' (Feature Level 11_0)
[2019.06.11-13.21.49:143][  0]LogD3D11RHI:       128/0/4026 MB DedicatedVideo/DedicatedSystem/SharedSystem, Outputs:0, VendorId:0x8086
[2019.06.11-13.21.49:148][  0]LogD3D11RHI:    2. 'Microsoft Basic Render Driver' (Feature Level 11_0)
[2019.06.11-13.21.49:149][  0]LogD3D11RHI:       0/0/4026 MB DedicatedVideo/DedicatedSystem/SharedSystem, Outputs:0, VendorId:0x1414
[2019.06.11-13.21.49:149][  0]LogD3D11RHI: Chosen D3D11 Adapter: 0
[2019.06.11-13.21.49:182][  0]LogD3D11RHI: Creating new Direct3DDevice
[2019.06.11-13.21.49:183][  0]LogD3D11RHI:     GPU DeviceId: 0x1c8c (for the marketing name, search the web for "GPU Device Id")
[2019.06.11-13.21.49:183][  0]LogWindows: EnumDisplayDevices:
[2019.06.11-13.21.49:183][  0]LogWindows:    0. 'Intel(R) UHD Graphics 630' (P:1 D:1)
[2019.06.11-13.21.49:183][  0]LogWindows:    1. 'Intel(R) UHD Graphics 630' (P:0 D:0)
[2019.06.11-13.21.49:184][  0]LogWindows:    2. 'Intel(R) UHD Graphics 630' (P:0 D:0)
[2019.06.11-13.21.49:184][  0]LogWindows:    3. 'NVIDIA GeForce GTX 1050 Ti' (P:0 D:0)
[2019.06.11-13.21.49:185][  0]LogWindows: DebugString: PrimaryIsNotTheChoosenAdapter PrimaryIsNotTheChoosenAdapter PrimaryIsNotTheChoosenAdapter 
[2019.06.11-13.21.49:185][  0]LogD3D11RHI:     Adapter Name: NVIDIA GeForce GTX 1050 Ti
[2019.06.11-13.21.49:185][  0]LogD3D11RHI:   Driver Version: 398.36 (internal:24.21.13.9836, unified:398.36)
[2019.06.11-13.21.49:185][  0]LogD3D11RHI:      Driver Date: 6-24-2018
[2019.06.11-13.21.49:185][  0]LogRHI: Texture pool is 2812 MB (70% of 4018 MB)
[2019.06.11-13.21.49:227][  0]LogD3D11RHI: Async texture creation enabled
[2019.06.11-13.21.49:231][  0]LogRendererCore: FGlobalReadBuffer::InitRHI
[2019.06.11-13.21.49:231][  0]LogRendererCore: FGlobalReadBuffer::InitRHI
[2019.06.11-13.21.49:231][  0]LogRendererCore: FGlobalReadBuffer::InitRHI
[2019.06.11-13.21.49:245][  0]LogD3D11RHI: GPU Timing Frequency: 1000.000000 (Debug: 2 2)
[2019.06.11-13.21.49:546][  0]LogTemp: Display: Module 'AllDesktopTargetPlatform' loaded TargetPlatform 'AllDesktop'
[2019.06.11-13.21.49:562][  0]LogTemp: Display: Module 'MacClientTargetPlatform' loaded TargetPlatform 'MacClient'
[2019.06.11-13.21.49:576][  0]LogTemp: Display: Module 'MacNoEditorTargetPlatform' loaded TargetPlatform 'MacNoEditor'
[2019.06.11-13.21.49:591][  0]LogTemp: Display: Module 'MacServerTargetPlatform' loaded TargetPlatform 'MacServer'
[2019.06.11-13.21.49:606][  0]LogTemp: Display: Module 'MacTargetPlatform' loaded TargetPlatform 'Mac'
[2019.06.11-13.21.49:621][  0]LogTemp: Display: Module 'WindowsClientTargetPlatform' loaded TargetPlatform 'WindowsClient'
[2019.06.11-13.21.49:635][  0]LogTemp: Display: Module 'WindowsNoEditorTargetPlatform' loaded TargetPlatform 'WindowsNoEditor'
[2019.06.11-13.21.49:652][  0]LogTemp: Display: Module 'WindowsServerTargetPlatform' loaded TargetPlatform 'WindowsServer'
[2019.06.11-13.21.49:660][  0]LogTemp: Display: Module 'WindowsTargetPlatform' loaded TargetPlatform 'Windows'
[2019.06.11-13.21.49:741][  0]LogTemp: Display: Module 'AndroidTargetPlatform' loaded TargetPlatform 'Android'
[2019.06.11-13.21.49:741][  0]LogTemp: Display: Module 'AndroidTargetPlatform' loaded TargetPlatform 'Android_ASTC'
[2019.06.11-13.21.49:742][  0]LogTemp: Display: Module 'AndroidTargetPlatform' loaded TargetPlatform 'Android_ATC'
[2019.06.11-13.21.49:742][  0]LogTemp: Display: Module 'AndroidTargetPlatform' loaded TargetPlatform 'Android_DXT'
[2019.06.11-13.21.49:742][  0]LogTemp: Display: Module 'AndroidTargetPlatform' loaded TargetPlatform 'Android_ETC1'
[2019.06.11-13.21.49:742][  0]LogTemp: Display: Module 'AndroidTargetPlatform' loaded TargetPlatform 'Android_ETC1a'
[2019.06.11-13.21.49:742][  0]LogTemp: Display: Module 'AndroidTargetPlatform' loaded TargetPlatform 'Android_ETC2'
[2019.06.11-13.21.49:742][  0]LogTemp: Display: Module 'AndroidTargetPlatform' loaded TargetPlatform 'Android_PVRTC'
[2019.06.11-13.21.49:742][  0]LogTemp: Display: Module 'AndroidTargetPlatform' loaded TargetPlatform 'AndroidClient'
[2019.06.11-13.21.49:742][  0]LogTemp: Display: Module 'AndroidTargetPlatform' loaded TargetPlatform 'Android_ASTCClient'
[2019.06.11-13.21.49:742][  0]LogTemp: Display: Module 'AndroidTargetPlatform' loaded TargetPlatform 'Android_ATCClient'
[2019.06.11-13.21.49:742][  0]LogTemp: Display: Module 'AndroidTargetPlatform' loaded TargetPlatform 'Android_DXTClient'
[2019.06.11-13.21.49:742][  0]LogTemp: Display: Module 'AndroidTargetPlatform' loaded TargetPlatform 'Android_ETC1Client'
[2019.06.11-13.21.49:742][  0]LogTemp: Display: Module 'AndroidTargetPlatform' loaded TargetPlatform 'Android_ETC1aClient'
[2019.06.11-13.21.49:742][  0]LogTemp: Display: Module 'AndroidTargetPlatform' loaded TargetPlatform 'Android_ETC2Client'
[2019.06.11-13.21.49:742][  0]LogTemp: Display: Module 'AndroidTargetPlatform' loaded TargetPlatform 'Android_PVRTCClient'
[2019.06.11-13.21.49:742][  0]LogTemp: Display: Module 'AndroidTargetPlatform' loaded TargetPlatform 'Android_Multi'
[2019.06.11-13.21.49:743][  0]LogTemp: Display: Module 'AndroidTargetPlatform' loaded TargetPlatform 'Android_MultiClient'
[2019.06.11-13.21.49:747][  0]LogTemp: Display: Module 'HTML5TargetPlatform' loaded TargetPlatform 'HTML5'
[2019.06.11-13.21.49:808][  0]LogTemp: Display: Module 'IOSTargetPlatform' loaded TargetPlatform 'IOSClient'
[2019.06.11-13.21.49:808][  0]LogTemp: Display: Module 'IOSTargetPlatform' loaded TargetPlatform 'IOS'
[2019.06.11-13.21.49:832][  0]LogTemp: Display: Module 'TVOSTargetPlatform' loaded TargetPlatform 'TVOSClient'
[2019.06.11-13.21.49:832][  0]LogTemp: Display: Module 'TVOSTargetPlatform' loaded TargetPlatform 'TVOS'
[2019.06.11-13.21.49:847][  0]LogTemp: Display: Module 'LinuxClientTargetPlatform' loaded TargetPlatform 'LinuxClient'
[2019.06.11-13.21.49:861][  0]LogTemp: Display: Module 'LinuxNoEditorTargetPlatform' loaded TargetPlatform 'LinuxNoEditor'
[2019.06.11-13.21.49:875][  0]LogTemp: Display: Module 'LinuxServerTargetPlatform' loaded TargetPlatform 'LinuxServer'
[2019.06.11-13.21.49:889][  0]LogTemp: Display: Module 'LinuxTargetPlatform' loaded TargetPlatform 'Linux'
[2019.06.11-13.21.49:932][  0]LogTemp: Display: Module 'LuminTargetPlatform' loaded TargetPlatform 'Lumin'
[2019.06.11-13.21.49:932][  0]LogTemp: Display: Module 'LuminTargetPlatform' loaded TargetPlatform 'LuminClient'
[2019.06.11-13.21.49:932][  0]LogTargetPlatformManager: Display: Building Assets For Windows
[2019.06.11-13.21.49:947][  0]LogAudioDebug: Display: Lib vorbis DLL was dynamically loaded.
[2019.06.11-13.21.50:030][  0]LogShaderCompilers: Guid format shader working directory is 8 characters bigger than the processId version (../../../program3053_UE/program3053/Intermediate/Shaders/WorkingDirectory/13756/).
[2019.06.11-13.21.50:031][  0]LogShaderCompilers: Cleaned the shader compiler working directory 'C:/Users/王传坤/AppData/Local/Temp/UnrealShaderWorkingDir/6B527A1C4F9E1A5CF977A0B13B016A3A/'.
[2019.06.11-13.21.50:033][  0]LogXGEController: Cleaning working directory: C:/Users/王传坤/AppData/Local/Temp/UnrealXGEWorkingDir/
[2019.06.11-13.21.50:033][  0]LogXGEController: Cannot use XGE Controller as Incredibuild is not installed on this machine.
[2019.06.11-13.21.50:034][  0]LogShaderCompilers: Cannot use XGE Shader Compiler as Incredibuild is not installed on this machine.
[2019.06.11-13.21.50:034][  0]LogShaderCompilers: Display: Using Local Shader Compiler.
[2019.06.11-13.21.50:551][  0]LogDerivedDataCache: Display: Max Cache Size: 512 MB
[2019.06.11-13.21.50:605][  0]LogDerivedDataCache: Loaded boot cache 0.05s 71MB C:/Users/王传坤/AppData/Local/UnrealEngine/4.22/DerivedDataCache/Boot.ddc.
[2019.06.11-13.21.50:605][  0]LogDerivedDataCache: Display: Loaded Boot cache: C:/Users/王传坤/AppData/Local/UnrealEngine/4.22/DerivedDataCache/Boot.ddc
[2019.06.11-13.21.50:605][  0]LogDerivedDataCache: FDerivedDataBackendGraph:  Pak pak cache file ../../../program3053_UE/program3053/DerivedDataCache/DDC.ddp not found, will not use a pak cache.
[2019.06.11-13.21.50:605][  0]LogDerivedDataCache: Unable to find inner node Pak for hierarchical cache Hierarchy.
[2019.06.11-13.21.50:605][  0]LogDerivedDataCache: FDerivedDataBackendGraph:  CompressedPak pak cache file ../../../program3053_UE/program3053/DerivedDataCache/Compressed.ddp not found, will not use a pak cache.
[2019.06.11-13.21.50:606][  0]LogDerivedDataCache: Unable to find inner node CompressedPak for hierarchical cache Hierarchy.
[2019.06.11-13.21.50:617][  0]LogDerivedDataCache: Display: Pak cache opened for reading ../../../Engine/DerivedDataCache/Compressed.ddp.
[2019.06.11-13.21.50:617][  0]LogDerivedDataCache: FDerivedDataBackendGraph:  EnterprisePak pak cache file ../../../Enterprise/DerivedDataCache/Compressed.ddp not found, will not use a pak cache.
[2019.06.11-13.21.50:617][  0]LogDerivedDataCache: Unable to find inner node EnterprisePak for hierarchical cache Hierarchy.
[2019.06.11-13.21.50:635][  0]LogDerivedDataCache: Using Local data cache path C:/Users/王传坤/AppData/Local/UnrealEngine/Common/DerivedDataCache: Writable
[2019.06.11-13.21.50:635][  0]LogDerivedDataCache: Shared data cache path not found in *engine.ini, will not use an Shared cache.
[2019.06.11-13.21.50:635][  0]LogDerivedDataCache: Unable to find inner node Shared for hierarchical cache Hierarchy.
[2019.06.11-13.21.50:654][  0]LogMaterial: Verifying Global Shaders for PCD3D_SM5
[2019.06.11-13.21.50:655][  0]LogSlate: Using FreeType 2.6.0
[2019.06.11-13.21.50:656][  0]LogSlate: SlateFontServices - WITH_FREETYPE: 1, WITH_HARFBUZZ: 1
[2019.06.11-13.21.50:748][  0]LogAssetRegistry: FAssetRegistry took 0.0351 seconds to start up
[2019.06.11-13.21.51:069][  0]LogInit: Selected Device Profile: [Windows]
[2019.06.11-13.21.51:222][  0]LogMeshReduction: Using QuadricMeshReduction for automatic static mesh reduction
[2019.06.11-13.21.51:222][  0]LogMeshReduction: Using SimplygonMeshReduction for automatic skeletal mesh reduction
[2019.06.11-13.21.51:222][  0]LogMeshReduction: Using ProxyLODMeshReduction for automatic mesh merging
[2019.06.11-13.21.51:222][  0]LogMeshReduction: No distributed automatic mesh merging module available
[2019.06.11-13.21.51:222][  0]LogMeshMerging: No distributed automatic mesh merging module available
[2019.06.11-13.21.51:237][  0]LogNetVersion: program3053 1.0.0, NetCL: 5660361, EngineNetVer: 10, GameNetVer: 0 (Checksum: 2992420275)
[2019.06.11-13.21.51:769][  0]LogPackageLocalizationCache: Processed 10 localized package path(s) for 4 prioritized culture(s) in 0.153590 seconds
[2019.06.11-13.21.51:775][  0]LogUObjectArray: 42205 objects as part of root set at end of initial load.
[2019.06.11-13.21.51:776][  0]LogUObjectAllocator: 7325032 out of 0 bytes used by permanent object pool.
[2019.06.11-13.21.51:776][  0]LogUObjectArray: CloseDisregardForGC: 0/0 objects in disregard for GC pool
[2019.06.11-13.21.52:809][  0]LogTcpMessaging: Initializing TcpMessaging bridge
[2019.06.11-13.21.52:827][  0]LogUdpMessaging: Initializing bridge on interface 0.0.0.0:0 to multicast group 230.0.0.1:6666.
[2019.06.11-13.21.53:025][  0]SourceControl: 源码控制已禁用
[2019.06.11-13.21.53:025][  0]SourceControl: 源码控制已禁用
[2019.06.11-13.21.53:030][  0]SourceControl: 源码控制已禁用
[2019.06.11-13.21.53:037][  0]SourceControl: 源码控制已禁用
[2019.06.11-13.21.53:254][  0]LogAndroidPermission: UAndroidPermissionCallbackProxy::GetInstance
[2019.06.11-13.21.53:400][  0]LogOcInput: OculusInput pre-init called
[2019.06.11-13.21.54:137][  0]LogEngine: Initializing Engine...
[2019.06.11-13.21.54:139][  0]LogHMD: Failed to initialize OpenVR with code 110
[2019.06.11-13.21.54:140][  0]LogStats: UGameplayTagsManager::InitializeManager -  0.000 s
[2019.06.11-13.21.54:335][  0]LogInit: Initializing FReadOnlyCVARCache
[2019.06.11-13.21.54:350][  0]LogAIModule: Creating AISystem for world Untitled
[2019.06.11-13.21.54:385][  0]LogInit: XAudio2 using 'Speakers/Headphones (Realtek(R) Audio)' : 2 channels at 48 kHz using 32 bits per sample (channel mask 0x3)
[2019.06.11-13.21.54:482][  0]LogInit: FAudioDevice initialized.
[2019.06.11-13.21.54:483][  0]LogNetVersion: Set ProjectVersion to 1.0.0.0. Version Checksum will be recalculated on next use.
[2019.06.11-13.21.54:569][  0]LogDerivedDataCache: Saved boot cache 0.09s 71MB C:/Users/王传坤/AppData/Local/UnrealEngine/4.22/DerivedDataCache/Boot.ddc.
[2019.06.11-13.21.54:569][  0]LogInit: Texture streaming: Enabled
[2019.06.11-13.21.54:605][  0]LogEngineSessionManager: EngineSessionManager initialized
[2019.06.11-13.21.54:626][  0]LogInit: Transaction tracking system initialized
[2019.06.11-13.21.54:663][  0]BlueprintLog: New page: 编辑器加载
[2019.06.11-13.21.54:799][  0]LocalizationService: 本地化服务已禁用
[2019.06.11-13.21.54:947][  0]LogLinker: Warning: 无法找到文件 '/Game/TwinStickBP/TwinStickOverview'
[2019.06.11-13.21.54:948][  0]LogLinker: Warning: 无法找到文件 '/Game/TwinStickBP/TwinStickOverview'
[2019.06.11-13.21.54:948][  0]LogUObjectGlobals: Warning: 寻找对象 'Class /Game/TwinStickBP/TwinStickOverview.TwinStickOverview_C’ 失败
[2019.06.11-13.21.55:142][  0]LogCook: Display: Max memory allowance for cook 16384mb min free memory 0mb
[2019.06.11-13.21.55:142][  0]LogCook: Display: Mobile HDR setting 1
[2019.06.11-13.21.55:436][  0]SourceControl: 源码控制已禁用
[2019.06.11-13.21.55:436][  0]Cmd: MAP LOAD FILE="../../../program3053_UE/program3053/Content/TwinStickCPP/Maps/MainMenu.umap" TEMPLATE=0 SHOWPROGRESS=1 FEATURELEVEL=3
[2019.06.11-13.21.55:437][  0]LightingResults: New page: 光照构建
[2019.06.11-13.21.55:440][  0]MapCheck: New page: 地图检测
[2019.06.11-13.21.55:440][  0]LightingResults: New page: 光照构建
[2019.06.11-13.21.55:463][  0]LogUObjectHash: Compacting FUObjectHashTables data took   1.47ms
[2019.06.11-13.21.55:636][  0]LogAIModule: Creating AISystem for world MainMenu
[2019.06.11-13.21.55:655][  0]LogEditorServer: Finished looking for orphan Actors (0.001 secs)
[2019.06.11-13.21.55:680][  0]LogUObjectHash: Compacting FUObjectHashTables data took   1.73ms
[2019.06.11-13.21.55:680][  0]Cmd: MAP CHECKDEP NOCLEARLOG
[2019.06.11-13.21.55:680][  0]MapCheck: 地图检测完成：0个错误，0 个警告，用时0.244毫秒完成。
[2019.06.11-13.21.55:680][  0]LogFileHelpers: Loading map 'MainMenu' took 0.244
[2019.06.11-13.21.55:858][  0]LogSlate: Updating window title bar state: overlay mode, drag disabled, window buttons hidden, title bar hidden
[2019.06.11-13.21.55:865][  0]LogSlate: Updating window title bar state: overlay mode, drag disabled, window buttons hidden, title bar hidden
[2019.06.11-13.21.55:871][  0]LogSlate: Updating window title bar state: overlay mode, drag disabled, window buttons hidden, title bar hidden
[2019.06.11-13.21.55:878][  0]LogSlate: Updating window title bar state: overlay mode, drag disabled, window buttons hidden, title bar hidden
[2019.06.11-13.21.55:885][  0]LogCollectionManager: Loaded 0 collections in 0.001181 seconds
[2019.06.11-13.21.55:930][  0]LogFileCache: Scanning file cache for directory 'D:/Epic/UE_4.22/program3053_UE/program3053/Saved/Collections/' took 0.01s
[2019.06.11-13.21.55:930][  0]LogFileCache: Scanning file cache for directory 'D:/Epic/UE_4.22/program3053_UE/program3053/Content/Developers/王传坤/Collections/' took 0.01s
[2019.06.11-13.21.55:930][  0]LogFileCache: Scanning file cache for directory 'D:/Epic/UE_4.22/program3053_UE/program3053/Content/Collections/' took 0.01s
[2019.06.11-13.21.55:930][  0]LogCollectionManager: Rebuilt the GUID cache for 0 collections in 0.000000 seconds
[2019.06.11-13.21.55:938][  0]LogContentBrowser: Native class hierarchy populated in 0.0082 seconds. Added 2743 classes and 661 folders.
[2019.06.11-13.21.55:943][  0]LogContentBrowser: Native class hierarchy updated for 'WidgetCarousel' in 0.0003 seconds. Added 0 classes and 0 folders.
[2019.06.11-13.21.55:945][  0]LogPakFile: Registered encryption key '00000000000000000000000000000000': 0 pak files mounted, 0 remain pending
[2019.06.11-13.21.55:946][  0]LogPakFile: Registered encryption key '00000000000000000000000000000000': 0 pak files mounted, 0 remain pending
[2019.06.11-13.21.55:947][  0]LogPakFile: Registered encryption key '00000000000000000000000000000000': 0 pak files mounted, 0 remain pending
[2019.06.11-13.21.55:948][  0]LogPakFile: Registered encryption key '00000000000000000000000000000000': 0 pak files mounted, 0 remain pending
[2019.06.11-13.21.55:949][  0]LogPakFile: Registered encryption key '00000000000000000000000000000000': 0 pak files mounted, 0 remain pending
[2019.06.11-13.21.55:950][  0]LogPakFile: Registered encryption key '00000000000000000000000000000000': 0 pak files mounted, 0 remain pending
[2019.06.11-13.21.55:950][  0]LogPakFile: Registered encryption key '00000000000000000000000000000000': 0 pak files mounted, 0 remain pending
[2019.06.11-13.21.55:951][  0]LogPakFile: Registered encryption key '00000000000000000000000000000000': 0 pak files mounted, 0 remain pending
[2019.06.11-13.21.55:952][  0]LogPakFile: Registered encryption key '00000000000000000000000000000000': 0 pak files mounted, 0 remain pending
[2019.06.11-13.21.55:953][  0]LogPakFile: Registered encryption key '00000000000000000000000000000000': 0 pak files mounted, 0 remain pending
[2019.06.11-13.21.55:953][  0]LogPakFile: Registered encryption key '00000000000000000000000000000000': 0 pak files mounted, 0 remain pending
[2019.06.11-13.21.55:954][  0]LogPakFile: Registered encryption key '00000000000000000000000000000000': 0 pak files mounted, 0 remain pending
[2019.06.11-13.21.55:955][  0]LogPakFile: Registered encryption key '00000000000000000000000000000000': 0 pak files mounted, 0 remain pending
[2019.06.11-13.21.55:956][  0]LogPakFile: Registered encryption key '00000000000000000000000000000000': 0 pak files mounted, 0 remain pending
[2019.06.11-13.21.55:956][  0]LogPakFile: Registered encryption key '00000000000000000000000000000000': 0 pak files mounted, 0 remain pending
[2019.06.11-13.21.55:957][  0]LogPakFile: Registered encryption key '00000000000000000000000000000000': 0 pak files mounted, 0 remain pending
[2019.06.11-13.21.55:958][  0]LogPakFile: Registered encryption key '00000000000000000000000000000000': 0 pak files mounted, 0 remain pending
[2019.06.11-13.21.55:958][  0]LogPakFile: Registered encryption key '00000000000000000000000000000000': 0 pak files mounted, 0 remain pending
[2019.06.11-13.21.55:959][  0]LogPakFile: Registered encryption key '00000000000000000000000000000000': 0 pak files mounted, 0 remain pending
[2019.06.11-13.21.55:960][  0]LogPakFile: Registered encryption key '00000000000000000000000000000000': 0 pak files mounted, 0 remain pending
[2019.06.11-13.21.55:960][  0]LogPakFile: Registered encryption key '00000000000000000000000000000000': 0 pak files mounted, 0 remain pending
[2019.06.11-13.21.55:961][  0]LogPakFile: Registered encryption key '00000000000000000000000000000000': 0 pak files mounted, 0 remain pending
[2019.06.11-13.21.55:962][  0]LogPakFile: Registered encryption key '00000000000000000000000000000000': 0 pak files mounted, 0 remain pending
[2019.06.11-13.21.55:963][  0]LogPakFile: Registered encryption key '00000000000000000000000000000000': 0 pak files mounted, 0 remain pending
[2019.06.11-13.21.55:963][  0]LogPakFile: Registered encryption key '00000000000000000000000000000000': 0 pak files mounted, 0 remain pending
[2019.06.11-13.21.55:964][  0]LogPakFile: Registered encryption key '00000000000000000000000000000000': 0 pak files mounted, 0 remain pending
[2019.06.11-13.21.56:003][  0]LogContentBrowser: Native class hierarchy updated for 'AddContentDialog' in 0.0005 seconds. Added 0 classes and 0 folders.
[2019.06.11-13.21.56:011][  0]LogContentBrowser: Native class hierarchy updated for 'SceneOutliner' in 0.0005 seconds. Added 1 classes and 2 folders.
[2019.06.11-13.21.56:076][  0]LogSlate: Took 0.000294 seconds to synchronously load lazily loaded font '../../../Engine/Content/Slate/Fonts/Roboto-Regular.ttf' (155K)
[2019.06.11-13.21.56:081][  0]LogSlate: Took 0.003204 seconds to synchronously load lazily loaded font '../../../Engine/Content/Slate/Fonts/DroidSansFallback.ttf' (3848K)
[2019.06.11-13.21.56:082][  0]LogSlate: Took 0.000316 seconds to synchronously load lazily loaded font '../../../Engine/Content/Slate/Fonts/Roboto-Bold.ttf' (160K)
[2019.06.11-13.21.56:088][  0]LogSlate: Took 0.000191 seconds to synchronously load lazily loaded font '../../../Engine/Content/Editor/Slate/Fonts/FontAwesome.ttf' (139K)
[2019.06.11-13.21.56:155][  0]LogRenderer: Reallocating scene render targets to support 964x404 Format 10 NumSamples 1 (Frame:1).
[2019.06.11-13.21.56:185][  0]LogSlate: Warning: Legacy localized fallback font '../../../Engine/Content/Slate/Fonts/DroidSansFallback.ttf' was requested. Font: '/Engine/EngineFonts/Faces/RobotoRegular.RobotoRegular', Character: '光 (U+5149)'
Legacy localized fallback fonts were deprecated in 4.22 and will be removed in a future version!
Please update your composite fonts to use localized sub-font families: https://docs.unrealengine.com/en-US/Engine/UMG/UserGuide/Fonts/Overview
[2019.06.11-13.21.56:308][  0]LogContentBrowser: Native class hierarchy updated for 'HierarchicalLODOutliner' in 0.0004 seconds. Added 0 classes and 0 folders.
[2019.06.11-13.21.56:308][  0]LogLoad: (Engine Initialization) Total time: 10.52 seconds
[2019.06.11-13.21.56:309][  0]LogLoad: (Engine Initialization) Total Blueprint compile time: 0.00 seconds
[2019.06.11-13.21.56:334][  0]LogWindowsTextInputMethodSystem: Display: IME system now activated using TSF (搜狗拼音输入法).
[2019.06.11-13.21.56:368][  0]LogAssetRegistry: Asset discovery search completed in 5.6448 seconds
[2019.06.11-13.21.56:369][  0]LogCollectionManager: Rebuilt the object cache for 0 collections in 0.000000 seconds (found 0 objects)
[2019.06.11-13.21.56:370][  0]LogCollectionManager: Fixed up redirectors for 0 collections in 0.000126 seconds (updated 0 objects)
[2019.06.11-13.21.56:371][  0]LogContentStreaming: Texture pool size now 1000 MB
[2019.06.11-13.21.56:397][  0]LogSlate: Took 0.000185 seconds to synchronously load lazily loaded font '../../../Engine/Content/Slate/Fonts/Roboto-Light.ttf' (167K)
[2019.06.11-13.22.41:138][683]LogSlate: FSceneViewport::OnFocusLost() reason 0
[2019.06.11-13.22.46:263][987]LogSlate: Took 0.000561 seconds to synchronously load lazily loaded font '../../../Engine/Content/Slate/Fonts/Roboto-Light.ttf' (167K)
[2019.06.11-13.22.46:331][987]LogSlate: Took 0.000304 seconds to synchronously load lazily loaded font '../../../Engine/Content/Slate/Fonts/Roboto-BoldCondensed.ttf' (158K)
[2019.06.11-13.22.53:121][337]Candidate modules for hot reload:
[2019.06.11-13.22.53:121][337]  program3053
[2019.06.11-13.22.53:121][337]Launching UnrealBuildTool... [D:/Epic/UE_4.22/Engine/Binaries/DotNET/UnrealBuildTool.exe  -ModuleWithSuffix=program3053,5846 Win64 Development -TargetType=Editor -Project="D:/Epic/UE_4.22/program3053_UE/program3053/program3053.uproject" "D:/Epic/UE_4.22/program3053_UE/program3053/program3053.uproject"  -IgnoreJunk]
[2019.06.11-13.23.22:601][337]CompilerResultsLog: New page: 编译- 2019年6月12日 上午5:23:22
[2019.06.11-13.23.22:602][337]CompilerResultsLog: Creating makefile for program3053Editor (ini files are newer than makefile)
[2019.06.11-13.23.22:602][337]CompilerResultsLog: Parsing headers for program3053Editor
[2019.06.11-13.23.22:602][337]CompilerResultsLog:   Running UnrealHeaderTool "D:\Epic\UE_4.22\program3053_UE\program3053\program3053.uproject" "D:\Epic\UE_4.22\program3053_UE\program3053\Intermediate\Build\Win64\program3053Editor\Development\program3053Editor.uhtmanifest" -LogCmds="loginit warning, logexit warning, logdatabase error" -Unattended -WarningsAsErrors -installed
[2019.06.11-13.23.22:602][337]CompilerResultsLog: Reflection code generated for program3053Editor in 5.8748767 seconds
[2019.06.11-13.23.22:602][337]CompilerResultsLog: Failed to delete file 'D:\Epic\UE_4.22\program3053_UE\program3053\Binaries\Win64\UE4Editor-program3053.pdb'
[2019.06.11-13.23.22:602][337]CompilerResultsLog:     Exception: ??·????D:\Epic\UE_4.22\program3053_UE\program3053\Binaries\Win64\UE4Editor-program3053.pdb???ķ??ʱ??ܾ???
[2019.06.11-13.23.22:602][337]CompilerResultsLog: Attempting to retry...
[2019.06.11-13.23.22:602][337]CompilerResultsLog: Failed to delete file 'D:\Epic\UE_4.22\program3053_UE\program3053\Binaries\Win64\UE4Editor-program3053.pdb'
[2019.06.11-13.23.22:602][337]CompilerResultsLog:     Exception: ??·????D:\Epic\UE_4.22\program3053_UE\program3053\Binaries\Win64\UE4Editor-program3053.pdb???ķ??ʱ??ܾ???
[2019.06.11-13.23.22:602][337]CompilerResultsLog: Attempting to retry...
[2019.06.11-13.23.22:602][337]CompilerResultsLog: Failed to delete file 'D:\Epic\UE_4.22\program3053_UE\program3053\Binaries\Win64\UE4Editor-program3053.pdb'
[2019.06.11-13.23.22:602][337]CompilerResultsLog:     Exception: ??·????D:\Epic\UE_4.22\program3053_UE\program3053\Binaries\Win64\UE4Editor-program3053.pdb???ķ??ʱ??ܾ???
[2019.06.11-13.23.22:602][337]CompilerResultsLog: ERROR: Exhausted all retries!
[2019.06.11-13.23.22:603][337]CompilerResultsLog: Using Visual Studio 2017 14.16.27023 toolchain (D:\vs\annnn\annnn\vs\VC\Tools\MSVC\14.16.27023) and Windows 10.0.17763.0 SDK (C:\Program Files (x86)\Windows Kits\10).
[2019.06.11-13.23.22:603][337]CompilerResultsLog: Building 6 actions with 8 processes...
[2019.06.11-13.23.22:603][337]CompilerResultsLog:   [1/6] ActorHPMiddle.cpp
[2019.06.11-13.23.22:603][337]CompilerResultsLog:   [2/6] program3053.init.gen.cpp
[2019.06.11-13.23.22:603][337]CompilerResultsLog:   [3/6] ActorHPMiddle.gen.cpp
[2019.06.11-13.23.22:603][337]CompilerResultsLog:   [4/6] UE4Editor-program3053-5846.lib
[2019.06.11-13.23.22:603][337]CompilerResultsLog:     ???ڴ????? D:\Epic\UE_4.22\program3053_UE\program3053\Intermediate\Build\Win64\UE4Editor\Development\program3053\UE4Editor-program3053-5846.lib ?Ͷ??? D:\Epic\UE_4.22\program3053_UE\program3053\Intermediate\Build\Win64\UE4Editor\Development\program3053\UE4Editor-program3053-5846.exp
[2019.06.11-13.23.22:603][337]CompilerResultsLog:   [5/6] UE4Editor-program3053-5846.dll
[2019.06.11-13.23.22:603][337]CompilerResultsLog:     ???ڴ????? D:\Epic\UE_4.22\program3053_UE\program3053\Intermediate\Build\Win64\UE4Editor\Development\program3053\UE4Editor-program3053-5846.suppressed.lib ?Ͷ??? D:\Epic\UE_4.22\program3053_UE\program3053\Intermediate\Build\Win64\UE4Editor\Development\program3053\UE4Editor-program3053-5846.suppressed.exp
[2019.06.11-13.23.22:603][337]CompilerResultsLog:   [6/6] program3053Editor.target
[2019.06.11-13.23.22:603][337]CompilerResultsLog: Total time in Parallel executor: 19.37 seconds
[2019.06.11-13.23.22:603][337]CompilerResultsLog: Total execution time: 29.40 seconds
[2019.06.11-13.23.22:603][337]LogMainFrame: MainFrame: Module compiling took 29.486 seconds
[2019.06.11-13.23.22:626][337]LogUObjectHash: Compacting FUObjectHashTables data took   0.61ms
[2019.06.11-13.23.22:637][337]LogClass: Could not find existing class ActorHPMiddle in package /Script/program3053 for HotReload, assuming new class
[2019.06.11-13.23.22:653][337]LogContentBrowser: Native class hierarchy updated for 'program3053' in 0.0005 seconds. Added 12 classes and 2 folders.
[2019.06.11-13.23.22:655][337]Display: HotReload successful (1 functions remapped  0 scriptstructs remapped)
[2019.06.11-13.23.22:777][337]LogUObjectHash: Compacting FUObjectHashTables data took   1.08ms
[2019.06.11-13.23.22:788][337]LogContentBrowser: Native class hierarchy populated in 0.0073 seconds. Added 2745 classes and 663 folders.
[2019.06.11-13.23.22:788][337]Display: HotReload took 29.7s.
[2019.06.11-13.23.22:790][337]Warning: HotReload operation took 29.7s.
[2019.06.11-13.23.29:583][337]LogSlate: Window '添加C++类' being destroyed
[2019.06.11-13.23.29:611][337]LogHotReload: New module detected: UE4Editor-program3053-5846.dll
[2019.06.11-13.23.29:661][338]LogHotReload: Starting Hot-Reload from IDE
[2019.06.11-13.23.29:704][338]LogUObjectHash: Compacting FUObjectHashTables data took   0.58ms
[2019.06.11-13.23.29:707][338]LogContentBrowser: Native class hierarchy updated for 'program3053' in 0.0004 seconds. Added 12 classes and 2 folders.
[2019.06.11-13.23.29:709][338]Display: HotReload successful (0 functions remapped  0 scriptstructs remapped)
[2019.06.11-13.23.29:729][338]LogUObjectHash: Compacting FUObjectHashTables data took   0.53ms
[2019.06.11-13.23.29:739][338]LogContentBrowser: Native class hierarchy populated in 0.0074 seconds. Added 2745 classes and 663 folders.
[2019.06.11-13.23.29:742][338]Display: HotReload took  0.1s.
[2019.06.11-13.23.56:514][418]LogUnrealEdMisc: Warning: Heartbeat event firing too frequently (26.764 sec). This should never happen. Something is wrong with the timer delegate!
[2019.06.11-13.24.58:036][443]Candidate modules for hot reload:
[2019.06.11-13.24.58:037][443]  program3053
[2019.06.11-13.24.58:037][443]Launching UnrealBuildTool... [D:/Epic/UE_4.22/Engine/Binaries/DotNET/UnrealBuildTool.exe  -ModuleWithSuffix=program3053,3621 Win64 Development -TargetType=Editor -Project="D:/Epic/UE_4.22/program3053_UE/program3053/program3053.uproject" "D:/Epic/UE_4.22/program3053_UE/program3053/program3053.uproject"  -IgnoreJunk]
[2019.06.11-13.25.11:460][443]CompilerResultsLog: New page: 编译- 2019年6月12日 上午5:25:11
[2019.06.11-13.25.11:460][443]CompilerResultsLog: Invalidating makefile for program3053Editor (source file added)
[2019.06.11-13.25.11:461][443]CompilerResultsLog: Parsing headers for program3053Editor
[2019.06.11-13.25.11:461][443]CompilerResultsLog:   Running UnrealHeaderTool "D:\Epic\UE_4.22\program3053_UE\program3053\program3053.uproject" "D:\Epic\UE_4.22\program3053_UE\program3053\Intermediate\Build\Win64\program3053Editor\Development\program3053Editor.uhtmanifest" -LogCmds="loginit warning, logexit warning, logdatabase error" -Unattended -WarningsAsErrors -installed
[2019.06.11-13.25.11:461][443]CompilerResultsLog: Reflection code generated for program3053Editor in 6.2939593 seconds
[2019.06.11-13.25.11:462][443]CompilerResultsLog: Failed to delete file 'D:\Epic\UE_4.22\program3053_UE\program3053\Binaries\Win64\UE4Editor-program3053.pdb'
[2019.06.11-13.25.11:462][443]CompilerResultsLog:     Exception: ??·????D:\Epic\UE_4.22\program3053_UE\program3053\Binaries\Win64\UE4Editor-program3053.pdb???ķ??ʱ??ܾ???
[2019.06.11-13.25.11:462][443]CompilerResultsLog: Attempting to retry...
[2019.06.11-13.25.11:462][443]CompilerResultsLog: Failed to delete file 'D:\Epic\UE_4.22\program3053_UE\program3053\Binaries\Win64\UE4Editor-program3053.pdb'
[2019.06.11-13.25.11:462][443]CompilerResultsLog:     Exception: ??·????D:\Epic\UE_4.22\program3053_UE\program3053\Binaries\Win64\UE4Editor-program3053.pdb???ķ??ʱ??ܾ???
[2019.06.11-13.25.11:462][443]CompilerResultsLog: Attempting to retry...
[2019.06.11-13.25.11:462][443]CompilerResultsLog: Failed to delete file 'D:\Epic\UE_4.22\program3053_UE\program3053\Binaries\Win64\UE4Editor-program3053.pdb'
[2019.06.11-13.25.11:463][443]CompilerResultsLog:     Exception: ??·????D:\Epic\UE_4.22\program3053_UE\program3053\Binaries\Win64\UE4Editor-program3053.pdb???ķ??ʱ??ܾ???
[2019.06.11-13.25.11:463][443]CompilerResultsLog: ERROR: Exhausted all retries!
[2019.06.11-13.25.11:463][443]CompilerResultsLog: Using Visual Studio 2017 14.16.27023 toolchain (D:\vs\annnn\annnn\vs\VC\Tools\MSVC\14.16.27023) and Windows 10.0.17763.0 SDK (C:\Program Files (x86)\Windows Kits\10).
[2019.06.11-13.25.11:464][443]CompilerResultsLog: Building 6 actions with 8 processes...
[2019.06.11-13.25.11:464][443]CompilerResultsLog:   [1/6] ActorHPLarge.cpp
[2019.06.11-13.25.11:464][443]CompilerResultsLog:   [2/6] program3053.init.gen.cpp
[2019.06.11-13.25.11:464][443]CompilerResultsLog:   [3/6] ActorHPLarge.gen.cpp
[2019.06.11-13.25.11:464][443]CompilerResultsLog:   [4/6] UE4Editor-program3053-3621.lib
[2019.06.11-13.25.11:464][443]CompilerResultsLog:     ???ڴ????? D:\Epic\UE_4.22\program3053_UE\program3053\Intermediate\Build\Win64\UE4Editor\Development\program3053\UE4Editor-program3053-3621.lib ?Ͷ??? D:\Epic\UE_4.22\program3053_UE\program3053\Intermediate\Build\Win64\UE4Editor\Development\program3053\UE4Editor-program3053-3621.exp
[2019.06.11-13.25.11:464][443]CompilerResultsLog:   [5/6] UE4Editor-program3053-3621.dll
[2019.06.11-13.25.11:464][443]CompilerResultsLog:     ???ڴ????? D:\Epic\UE_4.22\program3053_UE\program3053\Intermediate\Build\Win64\UE4Editor\Development\program3053\UE4Editor-program3053-3621.suppressed.lib ?Ͷ??? D:\Epic\UE_4.22\program3053_UE\program3053\Intermediate\Build\Win64\UE4Editor\Development\program3053\UE4Editor-program3053-3621.suppressed.exp
[2019.06.11-13.25.11:464][443]CompilerResultsLog:   [6/6] program3053Editor.target
[2019.06.11-13.25.11:464][443]CompilerResultsLog: Total time in Parallel executor: 2.55 seconds
[2019.06.11-13.25.11:464][443]CompilerResultsLog: Total execution time: 13.35 seconds
[2019.06.11-13.25.11:465][443]LogMainFrame: MainFrame: Module compiling took 13.431 seconds
[2019.06.11-13.25.11:486][443]LogUObjectHash: Compacting FUObjectHashTables data took   0.73ms
[2019.06.11-13.25.11:498][443]LogClass: Could not find existing class ActorHPLarge in package /Script/program3053 for HotReload, assuming new class
[2019.06.11-13.25.11:520][443]LogContentBrowser: Native class hierarchy updated for 'program3053' in 0.0005 seconds. Added 13 classes and 2 folders.
[2019.06.11-13.25.11:524][443]Display: HotReload successful (1 functions remapped  0 scriptstructs remapped)
[2019.06.11-13.25.11:575][443]LogUObjectHash: Compacting FUObjectHashTables data took   1.16ms
[2019.06.11-13.25.11:587][443]LogContentBrowser: Native class hierarchy populated in 0.0090 seconds. Added 2746 classes and 663 folders.
[2019.06.11-13.25.11:587][443]Display: HotReload took 13.6s.
[2019.06.11-13.25.11:589][443]Warning: HotReload operation took 13.6s.
[2019.06.11-13.25.11:964][443]LogSlate: Window '添加C++类' being destroyed
[2019.06.11-13.25.12:019][444]LogHotReload: New module detected: UE4Editor-program3053-3621.dll
[2019.06.11-13.25.12:053][445]LogHotReload: Starting Hot-Reload from IDE
[2019.06.11-13.25.12:108][445]LogUObjectHash: Compacting FUObjectHashTables data took   0.66ms
[2019.06.11-13.25.12:112][445]LogContentBrowser: Native class hierarchy updated for 'program3053' in 0.0005 seconds. Added 13 classes and 2 folders.
[2019.06.11-13.25.12:116][445]Display: HotReload successful (0 functions remapped  0 scriptstructs remapped)
[2019.06.11-13.25.12:138][445]LogUObjectHash: Compacting FUObjectHashTables data took   0.74ms
[2019.06.11-13.25.12:152][445]LogContentBrowser: Native class hierarchy populated in 0.0080 seconds. Added 2746 classes and 663 folders.
[2019.06.11-13.25.12:154][445]Display: HotReload took  0.1s.
[2019.06.11-13.26.21:394][329]Candidate modules for hot reload:
[2019.06.11-13.26.21:394][329]  program3053
[2019.06.11-13.26.21:395][329]Launching UnrealBuildTool... [D:/Epic/UE_4.22/Engine/Binaries/DotNET/UnrealBuildTool.exe  -ModuleWithSuffix=program3053,9669 Win64 Development -TargetType=Editor -Project="D:/Epic/UE_4.22/program3053_UE/program3053/program3053.uproject" "D:/Epic/UE_4.22/program3053_UE/program3053/program3053.uproject"  -IgnoreJunk]
[2019.06.11-13.26.34:915][329]CompilerResultsLog: New page: 编译- 2019年6月12日 上午5:26:34
[2019.06.11-13.26.34:915][329]CompilerResultsLog: Invalidating makefile for program3053Editor (source file added)
[2019.06.11-13.26.34:915][329]CompilerResultsLog: Parsing headers for program3053Editor
[2019.06.11-13.26.34:916][329]CompilerResultsLog:   Running UnrealHeaderTool "D:\Epic\UE_4.22\program3053_UE\program3053\program3053.uproject" "D:\Epic\UE_4.22\program3053_UE\program3053\Intermediate\Build\Win64\program3053Editor\Development\program3053Editor.uhtmanifest" -LogCmds="loginit warning, logexit warning, logdatabase error" -Unattended -WarningsAsErrors -installed
[2019.06.11-13.26.34:916][329]CompilerResultsLog: Reflection code generated for program3053Editor in 6.5753085 seconds
[2019.06.11-13.26.34:916][329]CompilerResultsLog: Failed to delete file 'D:\Epic\UE_4.22\program3053_UE\program3053\Binaries\Win64\UE4Editor-program3053.pdb'
[2019.06.11-13.26.34:916][329]CompilerResultsLog:     Exception: ??·????D:\Epic\UE_4.22\program3053_UE\program3053\Binaries\Win64\UE4Editor-program3053.pdb???ķ??ʱ??ܾ???
[2019.06.11-13.26.34:916][329]CompilerResultsLog: Attempting to retry...
[2019.06.11-13.26.34:916][329]CompilerResultsLog: Failed to delete file 'D:\Epic\UE_4.22\program3053_UE\program3053\Binaries\Win64\UE4Editor-program3053.pdb'
[2019.06.11-13.26.34:916][329]CompilerResultsLog:     Exception: ??·????D:\Epic\UE_4.22\program3053_UE\program3053\Binaries\Win64\UE4Editor-program3053.pdb???ķ??ʱ??ܾ???
[2019.06.11-13.26.34:916][329]CompilerResultsLog: Attempting to retry...
[2019.06.11-13.26.34:916][329]CompilerResultsLog: Failed to delete file 'D:\Epic\UE_4.22\program3053_UE\program3053\Binaries\Win64\UE4Editor-program3053.pdb'
[2019.06.11-13.26.34:916][329]CompilerResultsLog:     Exception: ??·????D:\Epic\UE_4.22\program3053_UE\program3053\Binaries\Win64\UE4Editor-program3053.pdb???ķ??ʱ??ܾ???
[2019.06.11-13.26.34:916][329]CompilerResultsLog: ERROR: Exhausted all retries!
[2019.06.11-13.26.34:916][329]CompilerResultsLog: Using Visual Studio 2017 14.16.27023 toolchain (D:\vs\annnn\annnn\vs\VC\Tools\MSVC\14.16.27023) and Windows 10.0.17763.0 SDK (C:\Program Files (x86)\Windows Kits\10).
[2019.06.11-13.26.34:917][329]CompilerResultsLog: Building 6 actions with 8 processes...
[2019.06.11-13.26.34:917][329]CompilerResultsLog:   [1/6] ObjectActorLittle.cpp
[2019.06.11-13.26.34:917][329]CompilerResultsLog:   [2/6] program3053.init.gen.cpp
[2019.06.11-13.26.34:917][329]CompilerResultsLog:   [3/6] ObjectActorLittle.gen.cpp
[2019.06.11-13.26.34:917][329]CompilerResultsLog:   [4/6] UE4Editor-program3053-9669.lib
[2019.06.11-13.26.34:917][329]CompilerResultsLog:     ???ڴ????? D:\Epic\UE_4.22\program3053_UE\program3053\Intermediate\Build\Win64\UE4Editor\Development\program3053\UE4Editor-program3053-9669.lib ?Ͷ??? D:\Epic\UE_4.22\program3053_UE\program3053\Intermediate\Build\Win64\UE4Editor\Development\program3053\UE4Editor-program3053-9669.exp
[2019.06.11-13.26.34:917][329]CompilerResultsLog:   [5/6] UE4Editor-program3053-9669.dll
[2019.06.11-13.26.34:917][329]CompilerResultsLog:     ???ڴ????? D:\Epic\UE_4.22\program3053_UE\program3053\Intermediate\Build\Win64\UE4Editor\Development\program3053\UE4Editor-program3053-9669.suppressed.lib ?Ͷ??? D:\Epic\UE_4.22\program3053_UE\program3053\Intermediate\Build\Win64\UE4Editor\Development\program3053\UE4Editor-program3053-9669.suppressed.exp
[2019.06.11-13.26.34:917][329]CompilerResultsLog:   [6/6] program3053Editor.target
[2019.06.11-13.26.34:917][329]CompilerResultsLog: Total time in Parallel executor: 2.67 seconds
[2019.06.11-13.26.34:917][329]CompilerResultsLog: Total execution time: 13.45 seconds
[2019.06.11-13.26.34:917][329]LogMainFrame: MainFrame: Module compiling took 13.527 seconds
[2019.06.11-13.26.34:942][329]LogUObjectHash: Compacting FUObjectHashTables data took   0.77ms
[2019.06.11-13.26.34:962][329]LogClass: Could not find existing class ObjectActorLittle in package /Script/program3053 for HotReload, assuming new class
[2019.06.11-13.26.34:981][329]LogContentBrowser: Native class hierarchy updated for 'program3053' in 0.0005 seconds. Added 14 classes and 2 folders.
[2019.06.11-13.26.34:984][329]Display: HotReload successful (1 functions remapped  0 scriptstructs remapped)
[2019.06.11-13.26.35:034][329]LogUObjectHash: Compacting FUObjectHashTables data took   1.69ms
[2019.06.11-13.26.35:047][329]LogContentBrowser: Native class hierarchy populated in 0.0091 seconds. Added 2747 classes and 663 folders.
[2019.06.11-13.26.35:047][329]Display: HotReload took 13.7s.
[2019.06.11-13.26.35:048][329]Warning: HotReload operation took 13.7s.
[2019.06.11-13.26.35:453][329]LogSlate: Window '添加C++类' being destroyed
[2019.06.11-13.26.35:467][329]LogHotReload: New module detected: UE4Editor-program3053-9669.dll
[2019.06.11-13.26.35:518][330]LogHotReload: Starting Hot-Reload from IDE
[2019.06.11-13.26.35:569][330]LogUObjectHash: Compacting FUObjectHashTables data took   0.67ms
[2019.06.11-13.26.35:574][330]LogContentBrowser: Native class hierarchy updated for 'program3053' in 0.0005 seconds. Added 14 classes and 2 folders.
[2019.06.11-13.26.35:577][330]Display: HotReload successful (0 functions remapped  0 scriptstructs remapped)
[2019.06.11-13.26.35:600][330]LogUObjectHash: Compacting FUObjectHashTables data took   0.58ms
[2019.06.11-13.26.35:612][330]LogContentBrowser: Native class hierarchy populated in 0.0078 seconds. Added 2747 classes and 663 folders.
[2019.06.11-13.26.35:614][330]Display: HotReload took  0.1s.
[2019.06.11-13.26.47:773][853]Candidate modules for hot reload:
[2019.06.11-13.26.47:773][853]  program3053
[2019.06.11-13.26.47:773][853]Launching UnrealBuildTool... [D:/Epic/UE_4.22/Engine/Binaries/DotNET/UnrealBuildTool.exe  -ModuleWithSuffix=program3053,1914 Win64 Development -TargetType=Editor -Project="D:/Epic/UE_4.22/program3053_UE/program3053/program3053.uproject" "D:/Epic/UE_4.22/program3053_UE/program3053/program3053.uproject"  -IgnoreJunk]
[2019.06.11-13.27.01:949][853]CompilerResultsLog: New page: 编译- 2019年6月12日 上午5:27:01
[2019.06.11-13.27.01:949][853]CompilerResultsLog: Invalidating makefile for program3053Editor (source file added)
[2019.06.11-13.27.01:949][853]CompilerResultsLog: Parsing headers for program3053Editor
[2019.06.11-13.27.01:949][853]CompilerResultsLog:   Running UnrealHeaderTool "D:\Epic\UE_4.22\program3053_UE\program3053\program3053.uproject" "D:\Epic\UE_4.22\program3053_UE\program3053\Intermediate\Build\Win64\program3053Editor\Development\program3053Editor.uhtmanifest" -LogCmds="loginit warning, logexit warning, logdatabase error" -Unattended -WarningsAsErrors -installed
[2019.06.11-13.27.01:950][853]CompilerResultsLog: Reflection code generated for program3053Editor in 7.0384342 seconds
[2019.06.11-13.27.01:950][853]CompilerResultsLog: Failed to delete file 'D:\Epic\UE_4.22\program3053_UE\program3053\Binaries\Win64\UE4Editor-program3053.pdb'
[2019.06.11-13.27.01:950][853]CompilerResultsLog:     Exception: ??·????D:\Epic\UE_4.22\program3053_UE\program3053\Binaries\Win64\UE4Editor-program3053.pdb???ķ??ʱ??ܾ???
[2019.06.11-13.27.01:950][853]CompilerResultsLog: Attempting to retry...
[2019.06.11-13.27.01:950][853]CompilerResultsLog: Failed to delete file 'D:\Epic\UE_4.22\program3053_UE\program3053\Binaries\Win64\UE4Editor-program3053.pdb'
[2019.06.11-13.27.01:950][853]CompilerResultsLog:     Exception: ??·????D:\Epic\UE_4.22\program3053_UE\program3053\Binaries\Win64\UE4Editor-program3053.pdb???ķ??ʱ??ܾ???
[2019.06.11-13.27.01:950][853]CompilerResultsLog: Attempting to retry...
[2019.06.11-13.27.01:950][853]CompilerResultsLog: Failed to delete file 'D:\Epic\UE_4.22\program3053_UE\program3053\Binaries\Win64\UE4Editor-program3053.pdb'
[2019.06.11-13.27.01:950][853]CompilerResultsLog:     Exception: ??·????D:\Epic\UE_4.22\program3053_UE\program3053\Binaries\Win64\UE4Editor-program3053.pdb???ķ??ʱ??ܾ???
[2019.06.11-13.27.01:950][853]CompilerResultsLog: ERROR: Exhausted all retries!
[2019.06.11-13.27.01:950][853]CompilerResultsLog: Using Visual Studio 2017 14.16.27023 toolchain (D:\vs\annnn\annnn\vs\VC\Tools\MSVC\14.16.27023) and Windows 10.0.17763.0 SDK (C:\Program Files (x86)\Windows Kits\10).
[2019.06.11-13.27.01:950][853]CompilerResultsLog: Building 6 actions with 8 processes...
[2019.06.11-13.27.01:951][853]CompilerResultsLog:   [1/6] program3053.init.gen.cpp
[2019.06.11-13.27.01:952][853]CompilerResultsLog:   [2/6] ObjectActorMiddle.cpp
[2019.06.11-13.27.01:952][853]CompilerResultsLog:   [3/6] ObjectActorMiddle.gen.cpp
[2019.06.11-13.27.01:952][853]CompilerResultsLog:   [4/6] UE4Editor-program3053-1914.lib
[2019.06.11-13.27.01:952][853]CompilerResultsLog:     ???ڴ????? D:\Epic\UE_4.22\program3053_UE\program3053\Intermediate\Build\Win64\UE4Editor\Development\program3053\UE4Editor-program3053-1914.lib ?Ͷ??? D:\Epic\UE_4.22\program3053_UE\program3053\Intermediate\Build\Win64\UE4Editor\Development\program3053\UE4Editor-program3053-1914.exp
[2019.06.11-13.27.01:952][853]CompilerResultsLog:   [5/6] UE4Editor-program3053-1914.dll
[2019.06.11-13.27.01:953][853]CompilerResultsLog:     ???ڴ????? D:\Epic\UE_4.22\program3053_UE\program3053\Intermediate\Build\Win64\UE4Editor\Development\program3053\UE4Editor-program3053-1914.suppressed.lib ?Ͷ??? D:\Epic\UE_4.22\program3053_UE\program3053\Intermediate\Build\Win64\UE4Editor\Development\program3053\UE4Editor-program3053-1914.suppressed.exp
[2019.06.11-13.27.01:953][853]CompilerResultsLog:   [6/6] program3053Editor.target
[2019.06.11-13.27.01:953][853]CompilerResultsLog: Total time in Parallel executor: 2.57 seconds
[2019.06.11-13.27.01:953][853]CompilerResultsLog: Total execution time: 14.11 seconds
[2019.06.11-13.27.01:953][853]LogMainFrame: MainFrame: Module compiling took 14.183 seconds
[2019.06.11-13.27.01:975][853]LogUObjectHash: Compacting FUObjectHashTables data took   0.77ms
[2019.06.11-13.27.01:996][853]LogClass: Could not find existing class ObjectActorMiddle in package /Script/program3053 for HotReload, assuming new class
[2019.06.11-13.27.02:012][853]LogContentBrowser: Native class hierarchy updated for 'program3053' in 0.0005 seconds. Added 15 classes and 2 folders.
[2019.06.11-13.27.02:015][853]Display: HotReload successful (1 functions remapped  0 scriptstructs remapped)
[2019.06.11-13.27.02:063][853]LogUObjectHash: Compacting FUObjectHashTables data took   1.07ms
[2019.06.11-13.27.02:075][853]LogContentBrowser: Native class hierarchy populated in 0.0081 seconds. Added 2748 classes and 663 folders.
[2019.06.11-13.27.02:075][853]Display: HotReload took 14.4s.
[2019.06.11-13.27.02:077][853]Warning: HotReload operation took 14.4s.
[2019.06.11-13.27.03:012][853]LogSlate: Window '添加C++类' being destroyed
[2019.06.11-13.27.03:029][853]LogHotReload: New module detected: UE4Editor-program3053-1914.dll
[2019.06.11-13.27.03:073][854]LogHotReload: Starting Hot-Reload from IDE
[2019.06.11-13.27.03:118][854]LogUObjectHash: Compacting FUObjectHashTables data took   0.50ms
[2019.06.11-13.27.03:122][854]LogContentBrowser: Native class hierarchy updated for 'program3053' in 0.0004 seconds. Added 15 classes and 2 folders.
[2019.06.11-13.27.03:125][854]Display: HotReload successful (0 functions remapped  0 scriptstructs remapped)
[2019.06.11-13.27.03:149][854]LogUObjectHash: Compacting FUObjectHashTables data took   0.81ms
[2019.06.11-13.27.03:173][854]LogContentBrowser: Native class hierarchy populated in 0.0139 seconds. Added 2748 classes and 663 folders.
[2019.06.11-13.27.03:179][854]Display: HotReload took  0.1s.
[2019.06.11-13.27.16:087][410]Candidate modules for hot reload:
[2019.06.11-13.27.16:087][410]  program3053
[2019.06.11-13.27.16:088][410]Launching UnrealBuildTool... [D:/Epic/UE_4.22/Engine/Binaries/DotNET/UnrealBuildTool.exe  -ModuleWithSuffix=program3053,1023 Win64 Development -TargetType=Editor -Project="D:/Epic/UE_4.22/program3053_UE/program3053/program3053.uproject" "D:/Epic/UE_4.22/program3053_UE/program3053/program3053.uproject"  -IgnoreJunk]
[2019.06.11-13.27.33:029][410]CompilerResultsLog: New page: 编译- 2019年6月12日 上午5:27:33
[2019.06.11-13.27.33:029][410]CompilerResultsLog: Invalidating makefile for program3053Editor (source file added)
[2019.06.11-13.27.33:030][410]CompilerResultsLog: Parsing headers for program3053Editor
[2019.06.11-13.27.33:030][410]CompilerResultsLog:   Running UnrealHeaderTool "D:\Epic\UE_4.22\program3053_UE\program3053\program3053.uproject" "D:\Epic\UE_4.22\program3053_UE\program3053\Intermediate\Build\Win64\program3053Editor\Development\program3053Editor.uhtmanifest" -LogCmds="loginit warning, logexit warning, logdatabase error" -Unattended -WarningsAsErrors -installed
[2019.06.11-13.27.33:030][410]CompilerResultsLog: Reflection code generated for program3053Editor in 7.0079075 seconds
[2019.06.11-13.27.33:030][410]CompilerResultsLog: Failed to delete file 'D:\Epic\UE_4.22\program3053_UE\program3053\Binaries\Win64\UE4Editor-program3053.pdb'
[2019.06.11-13.27.33:030][410]CompilerResultsLog:     Exception: ??·????D:\Epic\UE_4.22\program3053_UE\program3053\Binaries\Win64\UE4Editor-program3053.pdb???ķ??ʱ??ܾ???
[2019.06.11-13.27.33:030][410]CompilerResultsLog: Attempting to retry...
[2019.06.11-13.27.33:030][410]CompilerResultsLog: Failed to delete file 'D:\Epic\UE_4.22\program3053_UE\program3053\Binaries\Win64\UE4Editor-program3053.pdb'
[2019.06.11-13.27.33:030][410]CompilerResultsLog:     Exception: ??·????D:\Epic\UE_4.22\program3053_UE\program3053\Binaries\Win64\UE4Editor-program3053.pdb???ķ??ʱ??ܾ???
[2019.06.11-13.27.33:030][410]CompilerResultsLog: Attempting to retry...
[2019.06.11-13.27.33:031][410]CompilerResultsLog: Failed to delete file 'D:\Epic\UE_4.22\program3053_UE\program3053\Binaries\Win64\UE4Editor-program3053.pdb'
[2019.06.11-13.27.33:031][410]CompilerResultsLog:     Exception: ??·????D:\Epic\UE_4.22\program3053_UE\program3053\Binaries\Win64\UE4Editor-program3053.pdb???ķ??ʱ??ܾ???
[2019.06.11-13.27.33:031][410]CompilerResultsLog: ERROR: Exhausted all retries!
[2019.06.11-13.27.33:032][410]CompilerResultsLog: Using Visual Studio 2017 14.16.27023 toolchain (D:\vs\annnn\annnn\vs\VC\Tools\MSVC\14.16.27023) and Windows 10.0.17763.0 SDK (C:\Program Files (x86)\Windows Kits\10).
[2019.06.11-13.27.33:032][410]CompilerResultsLog: Building 6 actions with 8 processes...
[2019.06.11-13.27.33:032][410]CompilerResultsLog:   [1/6] program3053.init.gen.cpp
[2019.06.11-13.27.33:032][410]CompilerResultsLog:   [2/6] ObjectActorLarge.cpp
[2019.06.11-13.27.33:032][410]CompilerResultsLog:   [3/6] ObjectActorLarge.gen.cpp
[2019.06.11-13.27.33:032][410]CompilerResultsLog:   [4/6] UE4Editor-program3053-1023.lib
[2019.06.11-13.27.33:032][410]CompilerResultsLog:     ???ڴ????? D:\Epic\UE_4.22\program3053_UE\program3053\Intermediate\Build\Win64\UE4Editor\Development\program3053\UE4Editor-program3053-1023.lib ?Ͷ??? D:\Epic\UE_4.22\program3053_UE\program3053\Intermediate\Build\Win64\UE4Editor\Development\program3053\UE4Editor-program3053-1023.exp
[2019.06.11-13.27.33:032][410]CompilerResultsLog:   [5/6] UE4Editor-program3053-1023.dll
[2019.06.11-13.27.33:032][410]CompilerResultsLog:     ???ڴ????? D:\Epic\UE_4.22\program3053_UE\program3053\Intermediate\Build\Win64\UE4Editor\Development\program3053\UE4Editor-program3053-1023.suppressed.lib ?Ͷ??? D:\Epic\UE_4.22\program3053_UE\program3053\Intermediate\Build\Win64\UE4Editor\Development\program3053\UE4Editor-program3053-1023.suppressed.exp
[2019.06.11-13.27.33:033][410]CompilerResultsLog:   [6/6] program3053Editor.target
[2019.06.11-13.27.33:033][410]CompilerResultsLog: Total time in Parallel executor: 5.32 seconds
[2019.06.11-13.27.33:033][410]CompilerResultsLog: Total execution time: 16.87 seconds
[2019.06.11-13.27.33:033][410]LogMainFrame: MainFrame: Module compiling took 16.949 seconds
[2019.06.11-13.27.33:054][410]LogUObjectHash: Compacting FUObjectHashTables data took   0.64ms
[2019.06.11-13.27.33:074][410]LogClass: Could not find existing class ObjectActorLarge in package /Script/program3053 for HotReload, assuming new class
[2019.06.11-13.27.33:092][410]LogContentBrowser: Native class hierarchy updated for 'program3053' in 0.0005 seconds. Added 16 classes and 2 folders.
[2019.06.11-13.27.33:096][410]Display: HotReload successful (1 functions remapped  0 scriptstructs remapped)
[2019.06.11-13.27.33:145][410]LogUObjectHash: Compacting FUObjectHashTables data took   1.71ms
[2019.06.11-13.27.33:159][410]LogContentBrowser: Native class hierarchy populated in 0.0080 seconds. Added 2749 classes and 663 folders.
[2019.06.11-13.27.33:159][410]Display: HotReload took 17.2s.
[2019.06.11-13.27.33:161][410]Warning: HotReload operation took 17.2s.
[2019.06.11-13.27.33:822][410]LogSlate: Window '添加C++类' being destroyed
[2019.06.11-13.27.33:879][411]LogHotReload: New module detected: UE4Editor-program3053-1023.dll
[2019.06.11-13.27.33:904][412]LogHotReload: Starting Hot-Reload from IDE
[2019.06.11-13.27.33:946][412]LogUObjectHash: Compacting FUObjectHashTables data took   0.59ms
[2019.06.11-13.27.33:950][412]LogContentBrowser: Native class hierarchy updated for 'program3053' in 0.0007 seconds. Added 16 classes and 2 folders.
[2019.06.11-13.27.33:953][412]Display: HotReload successful (0 functions remapped  0 scriptstructs remapped)
[2019.06.11-13.27.33:978][412]LogUObjectHash: Compacting FUObjectHashTables data took   0.69ms
[2019.06.11-13.27.33:990][412]LogContentBrowser: Native class hierarchy populated in 0.0082 seconds. Added 2749 classes and 663 folders.
[2019.06.11-13.27.33:993][412]Display: HotReload took  0.1s.
[2019.06.11-13.27.56:576][479]LogUnrealEdMisc: Warning: Heartbeat event firing too frequently (53.390 sec). This should never happen. Something is wrong with the timer delegate!
